<?xml version="1.0" encoding="UTF-8"?>
<coverage generated="1535053624506" clover="3.2.0">
  <project timestamp="1535053624506" name="All files">
    <metrics statements="634" coveredstatements="354" conditionals="199" coveredconditionals="85" methods="186" coveredmethods="104" elements="1019" coveredelements="543" complexity="0" loc="634" ncloc="634" packages="4" files="15" classes="15">
      <package name="server">
        <metrics statements="24" coveredstatements="14" conditionals="6" coveredconditionals="1" methods="4" coveredmethods="0"/>
        <file name="app.js" path="/Users/elyahove/wdir/red_tetris/src/server/app.js">
          <metrics statements="9" coveredstatements="9" conditionals="0" coveredconditionals="0" methods="1" coveredmethods="0"/>
          <line num="1" count="1" type="stmt"/>
          <line num="2" count="1" type="stmt"/>
          <line num="3" count="1" type="stmt"/>
          <line num="4" count="1" type="stmt"/>
          <line num="6" count="1" type="stmt"/>
          <line num="7" count="1" type="stmt"/>
          <line num="11" count="1" type="stmt"/>
          <line num="12" count="1" type="stmt"/>
          <line num="14" count="1" type="stmt"/>
        </file>
        <file name="index.js" path="/Users/elyahove/wdir/red_tetris/src/server/index.js">
          <metrics statements="10" coveredstatements="0" conditionals="4" coveredconditionals="0" methods="2" coveredmethods="0"/>
          <line num="3" count="0" type="stmt"/>
          <line num="4" count="0" type="stmt"/>
          <line num="6" count="0" type="stmt"/>
          <line num="7" count="0" type="stmt"/>
          <line num="8" count="0" type="stmt"/>
          <line num="10" count="0" type="cond" truecount="0" falsecount="2"/>
          <line num="12" count="0" type="cond" truecount="0" falsecount="2"/>
          <line num="13" count="0" type="stmt"/>
          <line num="16" count="0" type="stmt"/>
          <line num="18" count="0" type="stmt"/>
        </file>
        <file name="logger.js" path="/Users/elyahove/wdir/red_tetris/src/server/logger.js">
          <metrics statements="5" coveredstatements="5" conditionals="2" coveredconditionals="1" methods="1" coveredmethods="0"/>
          <line num="3" count="7" type="stmt"/>
          <line num="5" count="7" type="stmt"/>
          <line num="6" count="7" type="stmt"/>
          <line num="17" count="7" type="stmt"/>
          <line num="19" count="7" type="stmt"/>
        </file>
      </package>
      <package name="server.controllers">
        <metrics statements="248" coveredstatements="135" conditionals="88" coveredconditionals="44" methods="53" coveredmethods="32"/>
        <file name="GamesController.js" path="/Users/elyahove/wdir/red_tetris/src/server/controllers/GamesController.js">
          <metrics statements="14" coveredstatements="14" conditionals="5" coveredconditionals="5" methods="5" coveredmethods="4"/>
          <line num="3" count="5" type="stmt"/>
          <line num="4" count="5" type="stmt"/>
          <line num="5" count="5" type="stmt"/>
          <line num="9" count="5" type="stmt"/>
          <line num="10" count="5" type="stmt"/>
          <line num="14" count="9" type="cond" truecount="2" falsecount="0"/>
          <line num="15" count="9" type="stmt"/>
          <line num="16" count="9" type="stmt"/>
          <line num="17" count="9" type="stmt"/>
          <line num="21" count="3" type="stmt"/>
          <line num="25" count="2" type="stmt"/>
          <line num="26" count="2" type="cond" truecount="2" falsecount="0"/>
          <line num="27" count="1" type="stmt"/>
          <line num="32" count="5" type="stmt"/>
        </file>
        <file name="MainController.js" path="/Users/elyahove/wdir/red_tetris/src/server/controllers/MainController.js">
          <metrics statements="185" coveredstatements="73" conditionals="67" coveredconditionals="26" methods="32" coveredmethods="13"/>
          <line num="3" count="5" type="stmt"/>
          <line num="4" count="5" type="stmt"/>
          <line num="5" count="5" type="stmt"/>
          <line num="6" count="5" type="stmt"/>
          <line num="7" count="5" type="stmt"/>
          <line num="8" count="5" type="stmt"/>
          <line num="12" count="78" type="stmt"/>
          <line num="13" count="78" type="stmt"/>
          <line num="14" count="78" type="stmt"/>
          <line num="15" count="78" type="stmt"/>
          <line num="16" count="78" type="cond" truecount="2" falsecount="0"/>
          <line num="18" count="78" type="stmt"/>
          <line num="21" count="78" type="stmt"/>
          <line num="22" count="78" type="stmt"/>
          <line num="24" count="78" type="stmt"/>
          <line num="30" count="81" type="stmt"/>
          <line num="31" count="81" type="stmt"/>
          <line num="32" count="81" type="stmt"/>
          <line num="33" count="81" type="stmt"/>
          <line num="34" count="81" type="stmt"/>
          <line num="35" count="81" type="stmt"/>
          <line num="36" count="81" type="stmt"/>
          <line num="37" count="81" type="stmt"/>
          <line num="38" count="81" type="stmt"/>
          <line num="39" count="81" type="stmt"/>
          <line num="40" count="81" type="stmt"/>
          <line num="44" count="8" type="cond" truecount="4" falsecount="0"/>
          <line num="45" count="2" type="stmt"/>
          <line num="46" count="2" type="stmt"/>
          <line num="49" count="6" type="stmt"/>
          <line num="50" count="6" type="stmt"/>
          <line num="51" count="6" type="stmt"/>
          <line num="59" count="6" type="cond" truecount="4" falsecount="0"/>
          <line num="60" count="2" type="stmt"/>
          <line num="61" count="2" type="stmt"/>
          <line num="62" count="2" type="stmt"/>
          <line num="65" count="4" type="stmt"/>
          <line num="66" count="4" type="stmt"/>
          <line num="67" count="4" type="stmt"/>
          <line num="69" count="4" type="stmt"/>
          <line num="71" count="4" type="cond" truecount="2" falsecount="0"/>
          <line num="72" count="3" type="stmt"/>
          <line num="73" count="3" type="stmt"/>
          <line num="76" count="4" type="stmt"/>
          <line num="84" count="5" type="stmt"/>
          <line num="86" count="5" type="cond" truecount="2" falsecount="0"/>
          <line num="88" count="5" type="stmt"/>
          <line num="89" count="5" type="stmt"/>
          <line num="91" count="5" type="cond" truecount="4" falsecount="0"/>
          <line num="92" count="2" type="stmt"/>
          <line num="93" count="2" type="stmt"/>
          <line num="96" count="3" type="cond" truecount="1" falsecount="1"/>
          <line num="97" count="3" type="stmt"/>
          <line num="98" count="3" type="stmt"/>
          <line num="100" count="0" type="stmt"/>
          <line num="105" count="0" type="stmt"/>
          <line num="107" count="0" type="cond" truecount="0" falsecount="2"/>
          <line num="108" count="0" type="stmt"/>
          <line num="109" count="0" type="stmt"/>
          <line num="110" count="0" type="cond" truecount="0" falsecount="2"/>
          <line num="111" count="0" type="stmt"/>
          <line num="112" count="0" type="stmt"/>
          <line num="113" count="0" type="cond" truecount="0" falsecount="2"/>
          <line num="114" count="0" type="stmt"/>
          <line num="115" count="0" type="stmt"/>
          <line num="118" count="0" type="stmt"/>
          <line num="121" count="0" type="stmt"/>
          <line num="122" count="0" type="stmt"/>
          <line num="123" count="0" type="stmt"/>
          <line num="124" count="0" type="stmt"/>
          <line num="126" count="0" type="stmt"/>
          <line num="127" count="0" type="stmt"/>
          <line num="132" count="0" type="cond" truecount="0" falsecount="2"/>
          <line num="133" count="0" type="stmt"/>
          <line num="134" count="0" type="stmt"/>
          <line num="137" count="0" type="stmt"/>
          <line num="138" count="0" type="stmt"/>
          <line num="140" count="0" type="stmt"/>
          <line num="142" count="0" type="stmt"/>
          <line num="143" count="0" type="stmt"/>
          <line num="147" count="0" type="stmt"/>
          <line num="148" count="0" type="stmt"/>
          <line num="152" count="1140" type="stmt"/>
          <line num="153" count="1140" type="stmt"/>
          <line num="157" count="50" type="stmt"/>
          <line num="161" count="8" type="stmt"/>
          <line num="162" count="8" type="stmt"/>
          <line num="163" count="8" type="cond" truecount="2" falsecount="0"/>
          <line num="164" count="4" type="stmt"/>
          <line num="166" count="4" type="stmt"/>
          <line num="170" count="8" type="stmt"/>
          <line num="171" count="8" type="cond" truecount="2" falsecount="0"/>
          <line num="172" count="4" type="stmt"/>
          <line num="174" count="4" type="stmt"/>
          <line num="175" count="4" type="stmt"/>
          <line num="179" count="20" type="stmt"/>
          <line num="182" count="20" type="stmt"/>
          <line num="183" count="20" type="stmt"/>
          <line num="187" count="0" type="stmt"/>
          <line num="189" count="0" type="stmt"/>
          <line num="193" count="0" type="stmt"/>
          <line num="197" count="0" type="stmt"/>
          <line num="198" count="0" type="stmt"/>
          <line num="201" count="0" type="cond" truecount="0" falsecount="1"/>
          <line num="202" count="0" type="cond" truecount="0" falsecount="4"/>
          <line num="203" count="0" type="stmt"/>
          <line num="204" count="0" type="stmt"/>
          <line num="205" count="0" type="stmt"/>
          <line num="208" count="0" type="cond" truecount="0" falsecount="2"/>
          <line num="209" count="0" type="stmt"/>
          <line num="210" count="0" type="stmt"/>
          <line num="211" count="0" type="stmt"/>
          <line num="214" count="0" type="stmt"/>
          <line num="215" count="0" type="stmt"/>
          <line num="216" count="0" type="cond" truecount="0" falsecount="2"/>
          <line num="217" count="0" type="stmt"/>
          <line num="218" count="0" type="stmt"/>
          <line num="219" count="0" type="stmt"/>
          <line num="220" count="0" type="stmt"/>
          <line num="223" count="0" type="stmt"/>
          <line num="224" count="0" type="stmt"/>
          <line num="226" count="0" type="cond" truecount="0" falsecount="2"/>
          <line num="227" count="0" type="stmt"/>
          <line num="228" count="0" type="stmt"/>
          <line num="231" count="0" type="stmt"/>
          <line num="234" count="0" type="cond" truecount="0" falsecount="1"/>
          <line num="235" count="0" type="cond" truecount="0" falsecount="4"/>
          <line num="236" count="0" type="stmt"/>
          <line num="237" count="0" type="stmt"/>
          <line num="238" count="0" type="stmt"/>
          <line num="241" count="0" type="cond" truecount="0" falsecount="2"/>
          <line num="242" count="0" type="stmt"/>
          <line num="243" count="0" type="stmt"/>
          <line num="244" count="0" type="stmt"/>
          <line num="247" count="0" type="stmt"/>
          <line num="248" count="0" type="stmt"/>
          <line num="249" count="0" type="stmt"/>
          <line num="251" count="0" type="stmt"/>
          <line num="252" count="0" type="stmt"/>
          <line num="254" count="0" type="cond" truecount="0" falsecount="2"/>
          <line num="255" count="0" type="stmt"/>
          <line num="256" count="0" type="stmt"/>
          <line num="259" count="0" type="stmt"/>
          <line num="262" count="0" type="cond" truecount="0" falsecount="1"/>
          <line num="263" count="0" type="cond" truecount="0" falsecount="2"/>
          <line num="264" count="0" type="stmt"/>
          <line num="265" count="0" type="stmt"/>
          <line num="266" count="0" type="stmt"/>
          <line num="269" count="0" type="stmt"/>
          <line num="270" count="0" type="stmt"/>
          <line num="272" count="0" type="stmt"/>
          <line num="273" count="0" type="stmt"/>
          <line num="275" count="0" type="cond" truecount="0" falsecount="2"/>
          <line num="276" count="0" type="stmt"/>
          <line num="277" count="0" type="stmt"/>
          <line num="280" count="0" type="stmt"/>
          <line num="284" count="0" type="cond" truecount="0" falsecount="2"/>
          <line num="285" count="0" type="stmt"/>
          <line num="287" count="0" type="stmt"/>
          <line num="288" count="0" type="stmt"/>
          <line num="290" count="0" type="stmt"/>
          <line num="292" count="0" type="stmt"/>
          <line num="300" count="0" type="stmt"/>
          <line num="304" count="0" type="stmt"/>
          <line num="308" count="0" type="stmt"/>
          <line num="312" count="0" type="stmt"/>
          <line num="316" count="0" type="stmt"/>
          <line num="317" count="0" type="stmt"/>
          <line num="319" count="0" type="stmt"/>
          <line num="320" count="0" type="stmt"/>
          <line num="324" count="0" type="stmt"/>
          <line num="325" count="0" type="stmt"/>
          <line num="326" count="0" type="cond" truecount="0" falsecount="2"/>
          <line num="327" count="0" type="stmt"/>
          <line num="328" count="0" type="stmt"/>
          <line num="331" count="0" type="cond" truecount="0" falsecount="2"/>
          <line num="332" count="0" type="stmt"/>
          <line num="333" count="0" type="stmt"/>
          <line num="334" count="0" type="stmt"/>
          <line num="335" count="0" type="stmt"/>
          <line num="336" count="0" type="stmt"/>
          <line num="337" count="0" type="stmt"/>
          <line num="342" count="13" type="stmt"/>
          <line num="346" count="8" type="stmt"/>
          <line num="350" count="5" type="stmt"/>
        </file>
        <file name="RoomsController.js" path="/Users/elyahove/wdir/red_tetris/src/server/controllers/RoomsController.js">
          <metrics statements="37" coveredstatements="36" conditionals="12" coveredconditionals="11" methods="13" coveredmethods="12"/>
          <line num="3" count="5" type="stmt"/>
          <line num="4" count="5" type="stmt"/>
          <line num="5" count="5" type="stmt"/>
          <line num="6" count="5" type="stmt"/>
          <line num="9" count="5" type="stmt"/>
          <line num="16" count="5" type="stmt"/>
          <line num="17" count="5" type="stmt"/>
          <line num="18" count="5" type="stmt"/>
          <line num="19" count="5" type="stmt"/>
          <line num="20" count="0" type="stmt"/>
          <line num="25" count="25" type="stmt"/>
          <line num="26" count="25" type="stmt"/>
          <line num="27" count="25" type="stmt"/>
          <line num="28" count="25" type="stmt"/>
          <line num="32" count="3" type="stmt"/>
          <line num="33" count="3" type="cond" truecount="2" falsecount="0"/>
          <line num="34" count="2" type="stmt"/>
          <line num="35" count="2" type="stmt"/>
          <line num="40" count="6" type="stmt"/>
          <line num="44" count="1234" type="stmt"/>
          <line num="48" count="23" type="cond" truecount="4" falsecount="0"/>
          <line num="49" count="3" type="stmt"/>
          <line num="51" count="20" type="stmt"/>
          <line num="52" count="20" type="stmt"/>
          <line num="56" count="13" type="cond" truecount="4" falsecount="0"/>
          <line num="57" count="2" type="stmt"/>
          <line num="59" count="11" type="stmt"/>
          <line num="60" count="11" type="stmt"/>
          <line num="64" count="1" type="cond" truecount="1" falsecount="1"/>
          <line num="65" count="1" type="stmt"/>
          <line num="70" count="58" type="stmt"/>
          <line num="74" count="82" type="stmt"/>
          <line num="75" count="82" type="stmt"/>
          <line num="76" count="82" type="stmt"/>
          <line num="82" count="1" type="stmt"/>
          <line num="83" count="1" type="stmt"/>
          <line num="89" count="5" type="stmt"/>
        </file>
        <file name="ServerController.js" path="/Users/elyahove/wdir/red_tetris/src/server/controllers/ServerController.js">
          <metrics statements="12" coveredstatements="12" conditionals="4" coveredconditionals="2" methods="3" coveredmethods="3"/>
          <line num="4" count="1" type="stmt"/>
          <line num="5" count="1" type="stmt"/>
          <line num="6" count="1" type="stmt"/>
          <line num="10" count="1" type="stmt"/>
          <line num="11" count="1" type="stmt"/>
          <line num="12" count="1" type="stmt"/>
          <line num="16" count="3" type="stmt"/>
          <line num="17" count="3" type="cond" truecount="2" falsecount="2"/>
          <line num="18" count="3" type="stmt"/>
          <line num="21" count="3" type="stmt"/>
          <line num="23" count="3" type="stmt"/>
          <line num="27" count="1" type="stmt"/>
        </file>
      </package>
      <package name="server.models">
        <metrics statements="345" coveredstatements="188" conditionals="103" coveredconditionals="38" methods="122" coveredmethods="65"/>
        <file name="DefaultGameMode.js" path="/Users/elyahove/wdir/red_tetris/src/server/models/DefaultGameMode.js">
          <metrics statements="36" coveredstatements="33" conditionals="6" coveredconditionals="5" methods="20" coveredmethods="19"/>
          <line num="1" count="5" type="stmt"/>
          <line num="2" count="5" type="stmt"/>
          <line num="3" count="5" type="stmt"/>
          <line num="4" count="5" type="stmt"/>
          <line num="5" count="5" type="stmt"/>
          <line num="9" count="9" type="stmt"/>
          <line num="11" count="180" type="stmt"/>
          <line num="15" count="33" type="stmt"/>
          <line num="17" count="57" type="stmt"/>
          <line num="30" count="1" type="cond" truecount="2" falsecount="0"/>
          <line num="31" count="1" type="stmt"/>
          <line num="33" count="1" type="stmt"/>
          <line num="35" count="1" type="cond" truecount="1" falsecount="1"/>
          <line num="37" count="0" type="stmt"/>
          <line num="38" count="0" type="stmt"/>
          <line num="39" count="0" type="stmt"/>
          <line num="45" count="1" type="stmt"/>
          <line num="46" count="1" type="stmt"/>
          <line num="47" count="1" type="stmt"/>
          <line num="53" count="4" type="stmt"/>
          <line num="54" count="8" type="stmt"/>
          <line num="59" count="9" type="stmt"/>
          <line num="63" count="2" type="stmt"/>
          <line num="64" count="4" type="stmt"/>
          <line num="69" count="1" type="stmt"/>
          <line num="70" count="1" type="stmt"/>
          <line num="71" count="2" type="stmt"/>
          <line num="72" count="2" type="stmt"/>
          <line num="73" count="1" type="stmt"/>
          <line num="77" count="11" type="stmt"/>
          <line num="81" count="5" type="stmt"/>
          <line num="85" count="5" type="stmt"/>
          <line num="89" count="1" type="stmt"/>
          <line num="93" count="1" type="stmt"/>
          <line num="97" count="1" type="stmt"/>
          <line num="101" count="5" type="stmt"/>
        </file>
        <file name="Game.js" path="/Users/elyahove/wdir/red_tetris/src/server/models/Game.js">
          <metrics statements="101" coveredstatements="40" conditionals="20" coveredconditionals="3" methods="35" coveredmethods="9"/>
          <line num="1" count="5" type="stmt"/>
          <line num="2" count="5" type="stmt"/>
          <line num="3" count="5" type="stmt"/>
          <line num="4" count="5" type="stmt"/>
          <line num="5" count="5" type="stmt"/>
          <line num="6" count="5" type="stmt"/>
          <line num="7" count="5" type="stmt"/>
          <line num="10" count="5" type="stmt"/>
          <line num="27" count="21" type="stmt"/>
          <line num="29" count="21" type="stmt"/>
          <line num="31" count="21" type="stmt"/>
          <line num="32" count="21" type="stmt"/>
          <line num="33" count="21" type="stmt"/>
          <line num="34" count="21" type="stmt"/>
          <line num="35" count="21" type="cond" truecount="1" falsecount="1"/>
          <line num="36" count="0" type="stmt"/>
          <line num="38" count="21" type="stmt"/>
          <line num="39" count="21" type="stmt"/>
          <line num="40" count="21" type="stmt"/>
          <line num="43" count="21" type="stmt"/>
          <line num="47" count="0" type="stmt"/>
          <line num="51" count="0" type="stmt"/>
          <line num="55" count="0" type="cond" truecount="0" falsecount="2"/>
          <line num="59" count="0" type="stmt"/>
          <line num="60" count="0" type="stmt"/>
          <line num="61" count="0" type="stmt"/>
          <line num="63" count="0" type="stmt"/>
          <line num="64" count="0" type="stmt"/>
          <line num="69" count="0" type="stmt"/>
          <line num="70" count="0" type="stmt"/>
          <line num="71" count="0" type="stmt"/>
          <line num="72" count="0" type="stmt"/>
          <line num="73" count="0" type="stmt"/>
          <line num="74" count="0" type="stmt"/>
          <line num="75" count="0" type="stmt"/>
          <line num="82" count="0" type="stmt"/>
          <line num="83" count="0" type="stmt"/>
          <line num="88" count="0" type="cond" truecount="0" falsecount="2"/>
          <line num="89" count="0" type="stmt"/>
          <line num="91" count="0" type="stmt"/>
          <line num="92" count="0" type="cond" truecount="0" falsecount="2"/>
          <line num="93" count="0" type="stmt"/>
          <line num="96" count="0" type="stmt"/>
          <line num="105" count="9" type="cond" truecount="2" falsecount="0"/>
          <line num="106" count="7" type="stmt"/>
          <line num="107" count="9" type="stmt"/>
          <line num="111" count="4" type="stmt"/>
          <line num="117" count="4" type="stmt"/>
          <line num="123" count="10" type="stmt"/>
          <line num="124" count="10" type="stmt"/>
          <line num="130" count="0" type="stmt"/>
          <line num="131" count="0" type="stmt"/>
          <line num="135" count="0" type="stmt"/>
          <line num="136" count="0" type="stmt"/>
          <line num="140" count="0" type="stmt"/>
          <line num="141" count="0" type="stmt"/>
          <line num="145" count="0" type="stmt"/>
          <line num="146" count="0" type="stmt"/>
          <line num="150" count="0" type="cond" truecount="0" falsecount="4"/>
          <line num="151" count="0" type="stmt"/>
          <line num="152" count="0" type="stmt"/>
          <line num="153" count="0" type="cond" truecount="0" falsecount="2"/>
          <line num="154" count="0" type="stmt"/>
          <line num="158" count="0" type="stmt"/>
          <line num="162" count="33" type="stmt"/>
          <line num="174" count="33" type="stmt"/>
          <line num="175" count="33" type="stmt"/>
          <line num="176" count="33" type="stmt"/>
          <line num="177" count="33" type="stmt"/>
          <line num="178" count="33" type="stmt"/>
          <line num="179" count="33" type="stmt"/>
          <line num="180" count="33" type="stmt"/>
          <line num="181" count="33" type="stmt"/>
          <line num="182" count="33" type="stmt"/>
          <line num="186" count="0" type="stmt"/>
          <line num="187" count="0" type="stmt"/>
          <line num="188" count="0" type="stmt"/>
          <line num="189" count="0" type="stmt"/>
          <line num="190" count="0" type="stmt"/>
          <line num="191" count="0" type="stmt"/>
          <line num="192" count="0" type="stmt"/>
          <line num="193" count="0" type="stmt"/>
          <line num="194" count="0" type="stmt"/>
          <line num="195" count="0" type="stmt"/>
          <line num="199" count="12" type="stmt"/>
          <line num="203" count="0" type="stmt"/>
          <line num="207" count="0" type="stmt"/>
          <line num="213" count="0" type="stmt"/>
          <line num="214" count="0" type="stmt"/>
          <line num="215" count="0" type="cond" truecount="0" falsecount="2"/>
          <line num="217" count="0" type="stmt"/>
          <line num="223" count="0" type="stmt"/>
          <line num="227" count="33" type="stmt"/>
          <line num="231" count="0" type="stmt"/>
          <line num="244" count="9" type="stmt"/>
          <line num="248" count="0" type="stmt"/>
          <line num="249" count="0" type="stmt"/>
          <line num="250" count="0" type="stmt"/>
          <line num="251" count="0" type="stmt"/>
          <line num="252" count="0" type="stmt"/>
          <line num="257" count="5" type="stmt"/>
        </file>
        <file name="GameMode.js" path="/Users/elyahove/wdir/red_tetris/src/server/models/GameMode.js">
          <metrics statements="24" coveredstatements="24" conditionals="4" coveredconditionals="4" methods="8" coveredmethods="8"/>
          <line num="1" count="6" type="stmt"/>
          <line num="2" count="6" type="stmt"/>
          <line num="6" count="39" type="stmt"/>
          <line num="7" count="39" type="stmt"/>
          <line num="11" count="2" type="cond" truecount="2" falsecount="0"/>
          <line num="12" count="1" type="stmt"/>
          <line num="13" count="1" type="stmt"/>
          <line num="14" count="1" type="stmt"/>
          <line num="15" count="1" type="stmt"/>
          <line num="19" count="1" type="stmt"/>
          <line num="20" count="1" type="stmt"/>
          <line num="21" count="1" type="stmt"/>
          <line num="22" count="1" type="stmt"/>
          <line num="26" count="1" type="stmt"/>
          <line num="30" count="1" type="stmt"/>
          <line num="34" count="1" type="stmt"/>
          <line num="38" count="1" type="stmt"/>
          <line num="39" count="1" type="stmt"/>
          <line num="40" count="1" type="stmt"/>
          <line num="44" count="2" type="cond" truecount="2" falsecount="0"/>
          <line num="45" count="1" type="stmt"/>
          <line num="46" count="1" type="stmt"/>
          <line num="47" count="1" type="stmt"/>
          <line num="52" count="6" type="stmt"/>
        </file>
        <file name="Player.js" path="/Users/elyahove/wdir/red_tetris/src/server/models/Player.js">
          <metrics statements="104" coveredstatements="33" conditionals="47" coveredconditionals="7" methods="35" coveredmethods="11"/>
          <line num="2" count="6" type="stmt"/>
          <line num="3" count="6" type="stmt"/>
          <line num="4" count="6" type="stmt"/>
          <line num="5" count="6" type="stmt"/>
          <line num="6" count="6" type="stmt"/>
          <line num="7" count="6" type="stmt"/>
          <line num="9" count="6" type="stmt"/>
          <line num="18" count="59" type="stmt"/>
          <line num="19" count="59" type="stmt"/>
          <line num="20" count="59" type="stmt"/>
          <line num="21" count="59" type="cond" truecount="1" falsecount="1"/>
          <line num="22" count="59" type="stmt"/>
          <line num="30" count="59" type="stmt"/>
          <line num="34" count="9" type="stmt"/>
          <line num="35" count="9" type="stmt"/>
          <line num="39" count="3" type="stmt"/>
          <line num="43" count="4" type="stmt"/>
          <line num="48" count="4" type="stmt"/>
          <line num="49" count="4" type="stmt"/>
          <line num="50" count="4" type="stmt"/>
          <line num="54" count="0" type="stmt"/>
          <line num="55" count="0" type="stmt"/>
          <line num="59" count="4" type="stmt"/>
          <line num="63" count="4" type="stmt"/>
          <line num="64" count="4" type="stmt"/>
          <line num="68" count="0" type="cond" truecount="0" falsecount="2"/>
          <line num="69" count="0" type="stmt"/>
          <line num="71" count="0" type="stmt"/>
          <line num="73" count="0" type="cond" truecount="0" falsecount="2"/>
          <line num="74" count="0" type="stmt"/>
          <line num="77" count="0" type="cond" truecount="0" falsecount="2"/>
          <line num="83" count="0" type="cond" truecount="0" falsecount="4"/>
          <line num="84" count="0" type="stmt"/>
          <line num="85" count="0" type="stmt"/>
          <line num="86" count="0" type="cond" truecount="0" falsecount="2"/>
          <line num="87" count="0" type="stmt"/>
          <line num="89" count="0" type="stmt"/>
          <line num="92" count="0" type="stmt"/>
          <line num="95" count="0" type="stmt"/>
          <line num="96" count="0" type="stmt"/>
          <line num="98" count="0" type="stmt"/>
          <line num="99" count="0" type="stmt"/>
          <line num="103" count="0" type="cond" truecount="0" falsecount="2"/>
          <line num="104" count="0" type="stmt"/>
          <line num="106" count="0" type="stmt"/>
          <line num="108" count="0" type="stmt"/>
          <line num="110" count="0" type="cond" truecount="0" falsecount="2"/>
          <line num="111" count="0" type="stmt"/>
          <line num="113" count="0" type="stmt"/>
          <line num="114" count="0" type="stmt"/>
          <line num="115" count="0" type="stmt"/>
          <line num="119" count="0" type="cond" truecount="0" falsecount="2"/>
          <line num="120" count="0" type="stmt"/>
          <line num="122" count="0" type="stmt"/>
          <line num="124" count="0" type="stmt"/>
          <line num="125" count="0" type="cond" truecount="0" falsecount="2"/>
          <line num="126" count="0" type="stmt"/>
          <line num="128" count="0" type="stmt"/>
          <line num="132" count="0" type="stmt"/>
          <line num="136" count="0" type="stmt"/>
          <line num="138" count="0" type="stmt"/>
          <line num="139" count="0" type="cond" truecount="0" falsecount="2"/>
          <line num="140" count="0" type="stmt"/>
          <line num="141" count="0" type="stmt"/>
          <line num="144" count="0" type="stmt"/>
          <line num="148" count="0" type="stmt"/>
          <line num="149" count="0" type="stmt"/>
          <line num="154" count="0" type="stmt"/>
          <line num="156" count="0" type="stmt"/>
          <line num="157" count="0" type="cond" truecount="0" falsecount="2"/>
          <line num="158" count="0" type="cond" truecount="0" falsecount="2"/>
          <line num="159" count="0" type="stmt"/>
          <line num="163" count="0" type="stmt"/>
          <line num="164" count="0" type="stmt"/>
          <line num="165" count="0" type="stmt"/>
          <line num="166" count="0" type="cond" truecount="0" falsecount="2"/>
          <line num="173" count="0" type="cond" truecount="0" falsecount="2"/>
          <line num="174" count="0" type="stmt"/>
          <line num="179" count="0" type="stmt"/>
          <line num="180" count="0" type="stmt"/>
          <line num="181" count="0" type="stmt"/>
          <line num="186" count="0" type="stmt"/>
          <line num="194" count="0" type="stmt"/>
          <line num="198" count="0" type="stmt"/>
          <line num="202" count="0" type="cond" truecount="0" falsecount="3"/>
          <line num="206" count="0" type="stmt"/>
          <line num="210" count="0" type="stmt"/>
          <line num="214" count="0" type="stmt"/>
          <line num="218" count="4" type="cond" truecount="2" falsecount="0"/>
          <line num="226" count="4" type="cond" truecount="2" falsecount="0"/>
          <line num="234" count="11" type="cond" truecount="2" falsecount="0"/>
          <line num="242" count="4" type="stmt"/>
          <line num="246" count="0" type="stmt"/>
          <line num="247" count="0" type="cond" truecount="0" falsecount="2"/>
          <line num="254" count="2" type="stmt"/>
          <line num="255" count="2" type="stmt"/>
          <line num="256" count="20" type="stmt"/>
          <line num="258" count="2" type="stmt"/>
          <line num="259" count="2" type="stmt"/>
          <line num="263" count="0" type="stmt"/>
          <line num="264" count="0" type="cond" truecount="0" falsecount="2"/>
          <line num="271" count="0" type="stmt"/>
          <line num="272" count="0" type="cond" truecount="0" falsecount="2"/>
          <line num="279" count="6" type="stmt"/>
        </file>
        <file name="Room.js" path="/Users/elyahove/wdir/red_tetris/src/server/models/Room.js">
          <metrics statements="74" coveredstatements="52" conditionals="22" coveredconditionals="15" methods="21" coveredmethods="15"/>
          <line num="3" count="5" type="stmt"/>
          <line num="4" count="5" type="stmt"/>
          <line num="5" count="5" type="stmt"/>
          <line num="6" count="5" type="stmt"/>
          <line num="7" count="5" type="stmt"/>
          <line num="9" count="5" type="stmt"/>
          <line num="18" count="25" type="stmt"/>
          <line num="19" count="25" type="stmt"/>
          <line num="20" count="25" type="stmt"/>
          <line num="21" count="25" type="stmt"/>
          <line num="22" count="25" type="stmt"/>
          <line num="23" count="25" type="stmt"/>
          <line num="24" count="25" type="stmt"/>
          <line num="25" count="25" type="stmt"/>
          <line num="29" count="21" type="cond" truecount="2" falsecount="0"/>
          <line num="30" count="1" type="stmt"/>
          <line num="32" count="20" type="cond" truecount="1" falsecount="1"/>
          <line num="33" count="0" type="stmt"/>
          <line num="35" count="20" type="cond" truecount="2" falsecount="0"/>
          <line num="36" count="12" type="stmt"/>
          <line num="38" count="20" type="stmt"/>
          <line num="39" count="20" type="stmt"/>
          <line num="40" count="20" type="stmt"/>
          <line num="41" count="20" type="stmt"/>
          <line num="45" count="12" type="cond" truecount="2" falsecount="0"/>
          <line num="46" count="1" type="stmt"/>
          <line num="48" count="11" type="stmt"/>
          <line num="49" count="11" type="stmt"/>
          <line num="51" count="21" type="stmt"/>
          <line num="53" count="11" type="cond" truecount="2" falsecount="0"/>
          <line num="54" count="7" type="stmt"/>
          <line num="56" count="11" type="stmt"/>
          <line num="57" count="11" type="stmt"/>
          <line num="61" count="0" type="stmt"/>
          <line num="65" count="0" type="cond" truecount="0" falsecount="2"/>
          <line num="66" count="0" type="stmt"/>
          <line num="68" count="0" type="stmt"/>
          <line num="74" count="0" type="stmt"/>
          <line num="75" count="0" type="stmt"/>
          <line num="76" count="0" type="stmt"/>
          <line num="78" count="0" type="stmt"/>
          <line num="79" count="0" type="stmt"/>
          <line num="81" count="0" type="stmt"/>
          <line num="85" count="1" type="stmt"/>
          <line num="86" count="1" type="cond" truecount="3" falsecount="2"/>
          <line num="87" count="0" type="stmt"/>
          <line num="88" count="0" type="stmt"/>
          <line num="93" count="0" type="stmt"/>
          <line num="97" count="1268" type="stmt"/>
          <line num="101" count="742" type="stmt"/>
          <line num="107" count="0" type="stmt"/>
          <line num="109" count="0" type="stmt"/>
          <line num="115" count="31" type="stmt"/>
          <line num="119" count="20" type="stmt"/>
          <line num="124" count="20" type="stmt"/>
          <line num="125" count="20" type="stmt"/>
          <line num="126" count="20" type="stmt"/>
          <line num="130" count="11" type="stmt"/>
          <line num="131" count="11" type="stmt"/>
          <line num="132" count="11" type="stmt"/>
          <line num="133" count="11" type="stmt"/>
          <line num="137" count="0" type="stmt"/>
          <line num="139" count="0" type="stmt"/>
          <line num="140" count="0" type="stmt"/>
          <line num="141" count="0" type="stmt"/>
          <line num="142" count="0" type="stmt"/>
          <line num="146" count="32" type="stmt"/>
          <line num="147" count="32" type="stmt"/>
          <line num="151" count="12" type="stmt"/>
          <line num="152" count="12" type="stmt"/>
          <line num="153" count="12" type="stmt"/>
          <line num="157" count="0" type="cond" truecount="0" falsecount="2"/>
          <line num="161" count="25" type="stmt"/>
          <line num="165" count="5" type="stmt"/>
        </file>
        <file name="User.js" path="/Users/elyahove/wdir/red_tetris/src/server/models/User.js">
          <metrics statements="6" coveredstatements="6" conditionals="4" coveredconditionals="4" methods="3" coveredmethods="3"/>
          <line num="3" count="104" type="stmt"/>
          <line num="4" count="104" type="stmt"/>
          <line num="8" count="5" type="cond" truecount="2" falsecount="0"/>
          <line num="9" count="4" type="stmt"/>
          <line num="14" count="748" type="cond" truecount="2" falsecount="0"/>
          <line num="18" count="7" type="stmt"/>
        </file>
      </package>
      <package name="server.services">
        <metrics statements="17" coveredstatements="17" conditionals="2" coveredconditionals="2" methods="7" coveredmethods="7"/>
        <file name="PieceService.js" path="/Users/elyahove/wdir/red_tetris/src/server/services/PieceService.js">
          <metrics statements="6" coveredstatements="6" conditionals="0" coveredconditionals="0" methods="3" coveredmethods="3"/>
          <line num="1" count="6" type="stmt"/>
          <line num="2" count="6" type="stmt"/>
          <line num="3" count="6" type="stmt"/>
          <line num="11" count="1" type="stmt"/>
          <line num="15" count="8" type="stmt"/>
          <line num="20" count="6" type="stmt"/>
        </file>
        <file name="UserService.js" path="/Users/elyahove/wdir/red_tetris/src/server/services/UserService.js">
          <metrics statements="11" coveredstatements="11" conditionals="2" coveredconditionals="2" methods="4" coveredmethods="4"/>
          <line num="3" count="6" type="stmt"/>
          <line num="4" count="6" type="stmt"/>
          <line num="8" count="6" type="stmt"/>
          <line num="12" count="98" type="stmt"/>
          <line num="13" count="98" type="stmt"/>
          <line num="14" count="98" type="stmt"/>
          <line num="18" count="824" type="stmt"/>
          <line num="22" count="2" type="stmt"/>
          <line num="23" count="2" type="cond" truecount="2" falsecount="0"/>
          <line num="24" count="1" type="stmt"/>
          <line num="29" count="6" type="stmt"/>
        </file>
      </package>
    </metrics>
  </project>
</coverage>
