{"/Users/elyahove/wdir/red_tetris/src/server/app.js": {"path":"/Users/elyahove/wdir/red_tetris/src/server/app.js","statementMap":{"0":{"start":{"line":1,"column":11},"end":{"line":1,"column":24}},"1":{"start":{"line":2,"column":16},"end":{"line":2,"column":34}},"2":{"start":{"line":3,"column":12},"end":{"line":3,"column":21}},"3":{"start":{"line":4,"column":13},"end":{"line":4,"column":28}},"4":{"start":{"line":6,"column":23},"end":{"line":6,"column":56}},"5":{"start":{"line":7,"column":31},"end":{"line":9,"column":13}},"6":{"start":{"line":11,"column":0},"end":{"line":11,"column":40}},"7":{"start":{"line":12,"column":0},"end":{"line":12,"column":71}},"8":{"start":{"line":12,"column":25},"end":{"line":12,"column":69}},"9":{"start":{"line":14,"column":0},"end":{"line":14,"column":21}}},"fnMap":{"0":{"name":"(anonymous_0)","decl":{"start":{"line":12,"column":13},"end":{"line":12,"column":14}},"loc":{"start":{"line":12,"column":25},"end":{"line":12,"column":69}},"line":12}},"branchMap":{},"s":{"0":1,"1":1,"2":1,"3":1,"4":1,"5":1,"6":1,"7":1,"8":0,"9":1},"f":{"0":0},"b":{},"_coverageSchema":"332fd63041d2c1bcb487cc26dd0d5f7d97098a6c","hash":"8043e820428d080099e680c174d41a9ee468aed9"}
,"/Users/elyahove/wdir/red_tetris/src/server/index.js": {"path":"/Users/elyahove/wdir/red_tetris/src/server/index.js","statementMap":{"0":{"start":{"line":3,"column":13},"end":{"line":3,"column":0}},"1":{"start":{"line":4,"column":0},"end":{"line":null,"column":-1}},"2":{"start":{"line":6,"column":12},"end":{"line":6,"column":0}},"3":{"start":{"line":7,"column":15},"end":{"line":7,"column":0}},"4":{"start":{"line":8,"column":15},"end":{"line":8,"column":0}},"5":{"start":{"line":10,"column":13},"end":{"line":10,"column":0}},"6":{"start":{"line":12,"column":0},"end":{"line":14,"column":1}},"7":{"start":{"line":13,"column":4},"end":{"line":null,"column":-1}},"8":{"start":{"line":13,"column":24},"end":{"line":null,"column":-1}},"9":{"start":{"line":16,"column":0},"end":{"line":null,"column":-1}},"10":{"start":{"line":18,"column":0},"end":{"line":null,"column":-1}},"11":{"start":{"line":18,"column":17},"end":{"line":null,"column":-1}}},"fnMap":{"0":{"name":"(anonymous_1)","decl":{"start":{"line":13,"column":24},"end":{"line":null,"column":-1}},"loc":{"start":{"line":13,"column":24},"end":{"line":13,"column":4}}},"1":{"name":"(anonymous_2)","decl":{"start":{"line":18,"column":17},"end":{"line":null,"column":-1}},"loc":{"start":{"line":18,"column":17},"end":{"line":18,"column":0}}}},"branchMap":{"0":{"loc":{"start":{"line":10,"column":13},"end":{"line":10,"column":12}},"type":"binary-expr","locations":[{"start":{"line":10,"column":13},"end":{"line":10,"column":12}},{"start":{"line":10,"column":33},"end":{"line":10,"column":0}}]},"1":{"loc":{"start":{"line":12,"column":0},"end":{"line":14,"column":1}},"type":"if","locations":[{"start":{"line":12,"column":0},"end":{"line":14,"column":1}},{"start":{"line":12,"column":0},"end":{"line":14,"column":1}}]}},"s":{"0":0,"1":0,"2":0,"3":0,"4":0,"5":0,"6":0,"7":0,"8":0,"9":0,"10":0,"11":0},"f":{"0":0,"1":0},"b":{"0":[0,0],"1":[0,0]}}
,"/Users/elyahove/wdir/red_tetris/src/server/logger.js": {"path":"/Users/elyahove/wdir/red_tetris/src/server/logger.js","statementMap":{"0":{"start":{"line":3,"column":16},"end":{"line":3,"column":34}},"1":{"start":{"line":5,"column":17},"end":{"line":5,"column":54}},"2":{"start":{"line":5,"column":23},"end":{"line":5,"column":54}},"3":{"start":{"line":6,"column":15},"end":{"line":15,"column":2}},"4":{"start":{"line":17,"column":0},"end":{"line":17,"column":23}},"5":{"start":{"line":19,"column":0},"end":{"line":19,"column":24}}},"fnMap":{"0":{"name":"(anonymous_0)","decl":{"start":{"line":5,"column":17},"end":{"line":5,"column":18}},"loc":{"start":{"line":5,"column":23},"end":{"line":5,"column":54}},"line":5}},"branchMap":{"0":{"loc":{"start":{"line":9,"column":4},"end":{"line":13,"column":8}},"type":"binary-expr","locations":[{"start":{"line":9,"column":4},"end":{"line":9,"column":35}},{"start":{"line":10,"column":6},"end":{"line":13,"column":8}}],"line":9}},"s":{"0":7,"1":7,"2":0,"3":7,"4":7,"5":7},"f":{"0":0},"b":{"0":[7,0]},"_coverageSchema":"332fd63041d2c1bcb487cc26dd0d5f7d97098a6c","hash":"f644742a655a64bafc0321f060c3750083d881cd"}
,"/Users/elyahove/wdir/red_tetris/src/server/controllers/GamesController.js": {"path":"/Users/elyahove/wdir/red_tetris/src/server/controllers/GamesController.js","statementMap":{"0":{"start":{"line":3,"column":15},"end":{"line":3,"column":35}},"1":{"start":{"line":4,"column":15},"end":{"line":4,"column":32}},"2":{"start":{"line":5,"column":13},"end":{"line":5,"column":38}},"3":{"start":{"line":9,"column":4},"end":{"line":9,"column":20}},"4":{"start":{"line":10,"column":4},"end":{"line":10,"column":73}},"5":{"start":{"line":10,"column":22},"end":{"line":10,"column":65}},"6":{"start":{"line":14,"column":24},"end":{"line":14,"column":72}},"7":{"start":{"line":15,"column":4},"end":{"line":15,"column":45}},"8":{"start":{"line":16,"column":4},"end":{"line":16,"column":64}},"9":{"start":{"line":17,"column":4},"end":{"line":17,"column":26}},"10":{"start":{"line":21,"column":4},"end":{"line":21,"column":30}},"11":{"start":{"line":25,"column":4},"end":{"line":25,"column":45}},"12":{"start":{"line":26,"column":4},"end":{"line":28,"column":5}},"13":{"start":{"line":27,"column":6},"end":{"line":27,"column":32}},"14":{"start":{"line":32,"column":0},"end":{"line":32,"column":39}}},"fnMap":{"0":{"name":"(anonymous_0)","decl":{"start":{"line":8,"column":2},"end":{"line":8,"column":3}},"loc":{"start":{"line":8,"column":16},"end":{"line":11,"column":3}},"line":8},"1":{"name":"(anonymous_1)","decl":{"start":{"line":10,"column":16},"end":{"line":10,"column":17}},"loc":{"start":{"line":10,"column":22},"end":{"line":10,"column":65}},"line":10},"2":{"name":"(anonymous_2)","decl":{"start":{"line":13,"column":2},"end":{"line":13,"column":3}},"loc":{"start":{"line":13,"column":46},"end":{"line":18,"column":3}},"line":13},"3":{"name":"(anonymous_3)","decl":{"start":{"line":20,"column":2},"end":{"line":20,"column":3}},"loc":{"start":{"line":20,"column":22},"end":{"line":22,"column":3}},"line":20},"4":{"name":"(anonymous_4)","decl":{"start":{"line":24,"column":2},"end":{"line":24,"column":3}},"loc":{"start":{"line":24,"column":21},"end":{"line":29,"column":3}},"line":24}},"branchMap":{"0":{"loc":{"start":{"line":13,"column":26},"end":{"line":13,"column":44}},"type":"default-arg","locations":[{"start":{"line":13,"column":42},"end":{"line":13,"column":44}}],"line":13},"1":{"loc":{"start":{"line":14,"column":33},"end":{"line":14,"column":47}},"type":"binary-expr","locations":[{"start":{"line":14,"column":33},"end":{"line":14,"column":35}},{"start":{"line":14,"column":39},"end":{"line":14,"column":47}}],"line":14},"2":{"loc":{"start":{"line":26,"column":4},"end":{"line":28,"column":5}},"type":"if","locations":[{"start":{"line":26,"column":4},"end":{"line":28,"column":5}},{"start":{"line":26,"column":4},"end":{"line":28,"column":5}}],"line":26}},"s":{"0":5,"1":5,"2":5,"3":5,"4":5,"5":0,"6":9,"7":9,"8":9,"9":9,"10":3,"11":2,"12":2,"13":1,"14":5},"f":{"0":5,"1":0,"2":9,"3":3,"4":2},"b":{"0":[8],"1":[9,1],"2":[1,1]},"_coverageSchema":"332fd63041d2c1bcb487cc26dd0d5f7d97098a6c","hash":"6e595adb161465049a987428fcded7216501af88"}
,"/Users/elyahove/wdir/red_tetris/src/server/controllers/MainController.js": {"path":"/Users/elyahove/wdir/red_tetris/src/server/controllers/MainController.js","statementMap":{"0":{"start":{"line":3,"column":15},"end":{"line":3,"column":35}},"1":{"start":{"line":4,"column":15},"end":{"line":4,"column":55}},"2":{"start":{"line":5,"column":15},"end":{"line":5,"column":32}},"3":{"start":{"line":6,"column":24},"end":{"line":6,"column":52}},"4":{"start":{"line":7,"column":24},"end":{"line":7,"column":52}},"5":{"start":{"line":8,"column":20},"end":{"line":8,"column":54}},"6":{"start":{"line":12,"column":4},"end":{"line":12,"column":25}},"7":{"start":{"line":13,"column":4},"end":{"line":13,"column":24}},"8":{"start":{"line":14,"column":4},"end":{"line":14,"column":23}},"9":{"start":{"line":15,"column":4},"end":{"line":15,"column":23}},"10":{"start":{"line":16,"column":4},"end":{"line":16,"column":82}},"11":{"start":{"line":18,"column":4},"end":{"line":18,"column":30}},"12":{"start":{"line":21,"column":4},"end":{"line":21,"column":63}},"13":{"start":{"line":22,"column":4},"end":{"line":22,"column":67}},"14":{"start":{"line":24,"column":4},"end":{"line":26,"column":7}},"15":{"start":{"line":30,"column":4},"end":{"line":30,"column":63}},"16":{"start":{"line":31,"column":4},"end":{"line":31,"column":76}},"17":{"start":{"line":32,"column":4},"end":{"line":32,"column":72}},"18":{"start":{"line":33,"column":4},"end":{"line":33,"column":74}},"19":{"start":{"line":34,"column":4},"end":{"line":34,"column":93}},"20":{"start":{"line":35,"column":4},"end":{"line":35,"column":87}},"21":{"start":{"line":36,"column":4},"end":{"line":36,"column":81}},"22":{"start":{"line":37,"column":4},"end":{"line":37,"column":83}},"23":{"start":{"line":38,"column":4},"end":{"line":38,"column":87}},"24":{"start":{"line":39,"column":4},"end":{"line":39,"column":83}},"25":{"start":{"line":40,"column":4},"end":{"line":40,"column":74}},"26":{"start":{"line":44,"column":4},"end":{"line":47,"column":5}},"27":{"start":{"line":45,"column":6},"end":{"line":45,"column":84}},"28":{"start":{"line":46,"column":6},"end":{"line":46,"column":13}},"29":{"start":{"line":49,"column":19},"end":{"line":49,"column":47}},"30":{"start":{"line":50,"column":4},"end":{"line":50,"column":42}},"31":{"start":{"line":51,"column":4},"end":{"line":55,"column":6}},"32":{"start":{"line":59,"column":4},"end":{"line":63,"column":5}},"33":{"start":{"line":60,"column":6},"end":{"line":60,"column":99}},"34":{"start":{"line":61,"column":6},"end":{"line":61,"column":92}},"35":{"start":{"line":62,"column":6},"end":{"line":62,"column":14}},"36":{"start":{"line":65,"column":19},"end":{"line":65,"column":23}},"37":{"start":{"line":66,"column":19},"end":{"line":66,"column":53}},"38":{"start":{"line":67,"column":19},"end":{"line":67,"column":23}},"39":{"start":{"line":69,"column":4},"end":{"line":69,"column":45}},"40":{"start":{"line":71,"column":4},"end":{"line":74,"column":5}},"41":{"start":{"line":72,"column":6},"end":{"line":72,"column":23}},"42":{"start":{"line":73,"column":6},"end":{"line":73,"column":63}},"43":{"start":{"line":76,"column":4},"end":{"line":80,"column":6}},"44":{"start":{"line":84,"column":19},"end":{"line":84,"column":23}},"45":{"start":{"line":86,"column":4},"end":{"line":86,"column":38}},"46":{"start":{"line":88,"column":4},"end":{"line":88,"column":65}},"47":{"start":{"line":89,"column":4},"end":{"line":89,"column":49}},"48":{"start":{"line":91,"column":4},"end":{"line":94,"column":5}},"49":{"start":{"line":92,"column":6},"end":{"line":92,"column":68}},"50":{"start":{"line":93,"column":6},"end":{"line":93,"column":13}},"51":{"start":{"line":96,"column":4},"end":{"line":101,"column":5}},"52":{"start":{"line":97,"column":6},"end":{"line":97,"column":25}},"53":{"start":{"line":98,"column":6},"end":{"line":98,"column":39}},"54":{"start":{"line":100,"column":6},"end":{"line":100,"column":72}},"55":{"start":{"line":105,"column":4},"end":{"line":105,"column":69}},"56":{"start":{"line":107,"column":4},"end":{"line":119,"column":5}},"57":{"start":{"line":108,"column":6},"end":{"line":108,"column":91}},"58":{"start":{"line":109,"column":6},"end":{"line":109,"column":13}},"59":{"start":{"line":110,"column":11},"end":{"line":119,"column":5}},"60":{"start":{"line":111,"column":6},"end":{"line":111,"column":88}},"61":{"start":{"line":112,"column":6},"end":{"line":112,"column":13}},"62":{"start":{"line":113,"column":11},"end":{"line":119,"column":5}},"63":{"start":{"line":114,"column":6},"end":{"line":114,"column":25}},"64":{"start":{"line":115,"column":6},"end":{"line":117,"column":8}},"65":{"start":{"line":118,"column":6},"end":{"line":118,"column":13}},"66":{"start":{"line":121,"column":4},"end":{"line":128,"column":5}},"67":{"start":{"line":122,"column":6},"end":{"line":122,"column":66}},"68":{"start":{"line":123,"column":6},"end":{"line":123,"column":39}},"69":{"start":{"line":124,"column":6},"end":{"line":124,"column":32}},"70":{"start":{"line":126,"column":6},"end":{"line":126,"column":38}},"71":{"start":{"line":127,"column":6},"end":{"line":127,"column":60}},"72":{"start":{"line":132,"column":4},"end":{"line":135,"column":5}},"73":{"start":{"line":133,"column":6},"end":{"line":133,"column":65}},"74":{"start":{"line":134,"column":6},"end":{"line":134,"column":14}},"75":{"start":{"line":137,"column":17},"end":{"line":137,"column":57}},"76":{"start":{"line":138,"column":4},"end":{"line":138,"column":17}},"77":{"start":{"line":140,"column":4},"end":{"line":140,"column":30}},"78":{"start":{"line":142,"column":4},"end":{"line":142,"column":23}},"79":{"start":{"line":143,"column":4},"end":{"line":143,"column":23}},"80":{"start":{"line":147,"column":4},"end":{"line":147,"column":25}},"81":{"start":{"line":148,"column":4},"end":{"line":148,"column":49}},"82":{"start":{"line":152,"column":4},"end":{"line":152,"column":52}},"83":{"start":{"line":153,"column":4},"end":{"line":153,"column":56}},"84":{"start":{"line":157,"column":4},"end":{"line":157,"column":63}},"85":{"start":{"line":161,"column":4},"end":{"line":161,"column":20}},"86":{"start":{"line":162,"column":4},"end":{"line":162,"column":61}},"87":{"start":{"line":163,"column":4},"end":{"line":164,"column":14}},"88":{"start":{"line":164,"column":6},"end":{"line":164,"column":14}},"89":{"start":{"line":166,"column":4},"end":{"line":166,"column":61}},"90":{"start":{"line":170,"column":4},"end":{"line":170,"column":20}},"91":{"start":{"line":171,"column":4},"end":{"line":172,"column":14}},"92":{"start":{"line":172,"column":6},"end":{"line":172,"column":14}},"93":{"start":{"line":174,"column":4},"end":{"line":174,"column":66}},"94":{"start":{"line":175,"column":4},"end":{"line":175,"column":58}},"95":{"start":{"line":179,"column":4},"end":{"line":179,"column":20}},"96":{"start":{"line":182,"column":4},"end":{"line":182,"column":61}},"97":{"start":{"line":183,"column":4},"end":{"line":183,"column":61}},"98":{"start":{"line":187,"column":4},"end":{"line":187,"column":20}},"99":{"start":{"line":189,"column":4},"end":{"line":189,"column":59}},"100":{"start":{"line":193,"column":4},"end":{"line":193,"column":50}},"101":{"start":{"line":197,"column":4},"end":{"line":197,"column":50}},"102":{"start":{"line":198,"column":4},"end":{"line":198,"column":51}},"103":{"start":{"line":201,"column":41},"end":{"line":201,"column":45}},"104":{"start":{"line":202,"column":4},"end":{"line":206,"column":5}},"105":{"start":{"line":203,"column":6},"end":{"line":203,"column":70}},"106":{"start":{"line":204,"column":6},"end":{"line":204,"column":22}},"107":{"start":{"line":205,"column":6},"end":{"line":205,"column":14}},"108":{"start":{"line":208,"column":4},"end":{"line":212,"column":5}},"109":{"start":{"line":209,"column":6},"end":{"line":209,"column":57}},"110":{"start":{"line":210,"column":6},"end":{"line":210,"column":22}},"111":{"start":{"line":211,"column":6},"end":{"line":211,"column":14}},"112":{"start":{"line":214,"column":4},"end":{"line":214,"column":80}},"113":{"start":{"line":215,"column":17},"end":{"line":215,"column":57}},"114":{"start":{"line":216,"column":4},"end":{"line":221,"column":5}},"115":{"start":{"line":217,"column":6},"end":{"line":217,"column":58}},"116":{"start":{"line":218,"column":6},"end":{"line":218,"column":25}},"117":{"start":{"line":219,"column":6},"end":{"line":219,"column":22}},"118":{"start":{"line":220,"column":6},"end":{"line":220,"column":14}},"119":{"start":{"line":223,"column":19},"end":{"line":223,"column":46}},"120":{"start":{"line":224,"column":4},"end":{"line":224,"column":19}},"121":{"start":{"line":226,"column":4},"end":{"line":229,"column":5}},"122":{"start":{"line":227,"column":6},"end":{"line":227,"column":67}},"123":{"start":{"line":228,"column":6},"end":{"line":228,"column":22}},"124":{"start":{"line":231,"column":4},"end":{"line":231,"column":19}},"125":{"start":{"line":234,"column":43},"end":{"line":234,"column":47}},"126":{"start":{"line":235,"column":4},"end":{"line":239,"column":5}},"127":{"start":{"line":236,"column":6},"end":{"line":236,"column":72}},"128":{"start":{"line":237,"column":6},"end":{"line":237,"column":22}},"129":{"start":{"line":238,"column":6},"end":{"line":238,"column":14}},"130":{"start":{"line":241,"column":4},"end":{"line":245,"column":5}},"131":{"start":{"line":242,"column":6},"end":{"line":242,"column":56}},"132":{"start":{"line":243,"column":6},"end":{"line":243,"column":22}},"133":{"start":{"line":244,"column":6},"end":{"line":244,"column":14}},"134":{"start":{"line":247,"column":4},"end":{"line":247,"column":81}},"135":{"start":{"line":248,"column":17},"end":{"line":248,"column":57}},"136":{"start":{"line":249,"column":4},"end":{"line":249,"column":17}},"137":{"start":{"line":251,"column":19},"end":{"line":251,"column":46}},"138":{"start":{"line":252,"column":4},"end":{"line":252,"column":19}},"139":{"start":{"line":254,"column":4},"end":{"line":257,"column":5}},"140":{"start":{"line":255,"column":6},"end":{"line":255,"column":69}},"141":{"start":{"line":256,"column":6},"end":{"line":256,"column":22}},"142":{"start":{"line":259,"column":4},"end":{"line":259,"column":19}},"143":{"start":{"line":262,"column":41},"end":{"line":262,"column":45}},"144":{"start":{"line":263,"column":4},"end":{"line":267,"column":5}},"145":{"start":{"line":264,"column":6},"end":{"line":264,"column":57}},"146":{"start":{"line":265,"column":6},"end":{"line":265,"column":22}},"147":{"start":{"line":266,"column":6},"end":{"line":266,"column":14}},"148":{"start":{"line":269,"column":17},"end":{"line":269,"column":57}},"149":{"start":{"line":270,"column":4},"end":{"line":270,"column":17}},"150":{"start":{"line":272,"column":19},"end":{"line":272,"column":46}},"151":{"start":{"line":273,"column":4},"end":{"line":273,"column":19}},"152":{"start":{"line":275,"column":4},"end":{"line":278,"column":5}},"153":{"start":{"line":276,"column":6},"end":{"line":276,"column":59}},"154":{"start":{"line":277,"column":6},"end":{"line":277,"column":22}},"155":{"start":{"line":280,"column":4},"end":{"line":280,"column":19}},"156":{"start":{"line":284,"column":4},"end":{"line":285,"column":13}},"157":{"start":{"line":285,"column":6},"end":{"line":285,"column":13}},"158":{"start":{"line":287,"column":18},"end":{"line":287,"column":61}},"159":{"start":{"line":288,"column":15},"end":{"line":288,"column":45}},"160":{"start":{"line":290,"column":4},"end":{"line":290,"column":50}},"161":{"start":{"line":292,"column":4},"end":{"line":296,"column":7}},"162":{"start":{"line":300,"column":4},"end":{"line":300,"column":63}},"163":{"start":{"line":304,"column":4},"end":{"line":304,"column":73}},"164":{"start":{"line":308,"column":4},"end":{"line":308,"column":69}},"165":{"start":{"line":312,"column":4},"end":{"line":312,"column":69}},"166":{"start":{"line":316,"column":4},"end":{"line":316,"column":48}},"167":{"start":{"line":317,"column":4},"end":{"line":317,"column":35}},"168":{"start":{"line":319,"column":4},"end":{"line":319,"column":53}},"169":{"start":{"line":320,"column":4},"end":{"line":320,"column":23}},"170":{"start":{"line":324,"column":4},"end":{"line":324,"column":42}},"171":{"start":{"line":325,"column":4},"end":{"line":325,"column":69}},"172":{"start":{"line":326,"column":4},"end":{"line":329,"column":5}},"173":{"start":{"line":327,"column":6},"end":{"line":327,"column":64}},"174":{"start":{"line":328,"column":6},"end":{"line":328,"column":54}},"175":{"start":{"line":331,"column":4},"end":{"line":338,"column":5}},"176":{"start":{"line":332,"column":6},"end":{"line":332,"column":64}},"177":{"start":{"line":333,"column":19},"end":{"line":333,"column":59}},"178":{"start":{"line":334,"column":6},"end":{"line":334,"column":19}},"179":{"start":{"line":335,"column":21},"end":{"line":335,"column":48}},"180":{"start":{"line":336,"column":6},"end":{"line":336,"column":21}},"181":{"start":{"line":337,"column":6},"end":{"line":337,"column":26}},"182":{"start":{"line":342,"column":4},"end":{"line":342,"column":54}},"183":{"start":{"line":346,"column":4},"end":{"line":346,"column":52}},"184":{"start":{"line":350,"column":0},"end":{"line":350,"column":32}}},"fnMap":{"0":{"name":"(anonymous_0)","decl":{"start":{"line":11,"column":2},"end":{"line":11,"column":3}},"loc":{"start":{"line":11,"column":30},"end":{"line":27,"column":3}},"line":11},"1":{"name":"(anonymous_1)","decl":{"start":{"line":29,"column":2},"end":{"line":29,"column":3}},"loc":{"start":{"line":29,"column":23},"end":{"line":41,"column":3}},"line":29},"2":{"name":"(anonymous_2)","decl":{"start":{"line":43,"column":2},"end":{"line":43,"column":3}},"loc":{"start":{"line":43,"column":25},"end":{"line":56,"column":3}},"line":43},"3":{"name":"(anonymous_3)","decl":{"start":{"line":58,"column":2},"end":{"line":58,"column":3}},"loc":{"start":{"line":58,"column":29},"end":{"line":81,"column":3}},"line":58},"4":{"name":"(anonymous_4)","decl":{"start":{"line":83,"column":2},"end":{"line":83,"column":3}},"loc":{"start":{"line":83,"column":30},"end":{"line":102,"column":3}},"line":83},"5":{"name":"(anonymous_5)","decl":{"start":{"line":86,"column":28},"end":{"line":86,"column":29}},"loc":{"start":{"line":86,"column":34},"end":{"line":86,"column":36}},"line":86},"6":{"name":"(anonymous_6)","decl":{"start":{"line":104,"column":2},"end":{"line":104,"column":3}},"loc":{"start":{"line":104,"column":31},"end":{"line":129,"column":3}},"line":104},"7":{"name":"(anonymous_7)","decl":{"start":{"line":131,"column":2},"end":{"line":131,"column":3}},"loc":{"start":{"line":131,"column":16},"end":{"line":144,"column":3}},"line":131},"8":{"name":"(anonymous_8)","decl":{"start":{"line":146,"column":2},"end":{"line":146,"column":3}},"loc":{"start":{"line":146,"column":24},"end":{"line":149,"column":3}},"line":146},"9":{"name":"(anonymous_9)","decl":{"start":{"line":151,"column":2},"end":{"line":151,"column":3}},"loc":{"start":{"line":151,"column":23},"end":{"line":154,"column":3}},"line":151},"10":{"name":"(anonymous_10)","decl":{"start":{"line":156,"column":2},"end":{"line":156,"column":3}},"loc":{"start":{"line":156,"column":29},"end":{"line":158,"column":3}},"line":156},"11":{"name":"(anonymous_11)","decl":{"start":{"line":160,"column":2},"end":{"line":160,"column":3}},"loc":{"start":{"line":160,"column":22},"end":{"line":167,"column":3}},"line":160},"12":{"name":"(anonymous_12)","decl":{"start":{"line":169,"column":2},"end":{"line":169,"column":3}},"loc":{"start":{"line":169,"column":26},"end":{"line":176,"column":3}},"line":169},"13":{"name":"(anonymous_13)","decl":{"start":{"line":178,"column":2},"end":{"line":178,"column":3}},"loc":{"start":{"line":178,"column":22},"end":{"line":184,"column":3}},"line":178},"14":{"name":"(anonymous_14)","decl":{"start":{"line":186,"column":2},"end":{"line":186,"column":3}},"loc":{"start":{"line":186,"column":21},"end":{"line":190,"column":3}},"line":186},"15":{"name":"(anonymous_15)","decl":{"start":{"line":192,"column":2},"end":{"line":192,"column":3}},"loc":{"start":{"line":192,"column":19},"end":{"line":194,"column":3}},"line":192},"16":{"name":"(anonymous_16)","decl":{"start":{"line":196,"column":2},"end":{"line":196,"column":3}},"loc":{"start":{"line":196,"column":25},"end":{"line":199,"column":3}},"line":196},"17":{"name":"(anonymous_17)","decl":{"start":{"line":201,"column":2},"end":{"line":201,"column":3}},"loc":{"start":{"line":201,"column":47},"end":{"line":232,"column":3}},"line":201},"18":{"name":"(anonymous_18)","decl":{"start":{"line":201,"column":35},"end":{"line":201,"column":36}},"loc":{"start":{"line":201,"column":41},"end":{"line":201,"column":45}},"line":201},"19":{"name":"(anonymous_19)","decl":{"start":{"line":234,"column":2},"end":{"line":234,"column":3}},"loc":{"start":{"line":234,"column":49},"end":{"line":260,"column":3}},"line":234},"20":{"name":"(anonymous_20)","decl":{"start":{"line":234,"column":37},"end":{"line":234,"column":38}},"loc":{"start":{"line":234,"column":43},"end":{"line":234,"column":47}},"line":234},"21":{"name":"(anonymous_21)","decl":{"start":{"line":262,"column":2},"end":{"line":262,"column":3}},"loc":{"start":{"line":262,"column":47},"end":{"line":281,"column":3}},"line":262},"22":{"name":"(anonymous_22)","decl":{"start":{"line":262,"column":35},"end":{"line":262,"column":36}},"loc":{"start":{"line":262,"column":41},"end":{"line":262,"column":45}},"line":262},"23":{"name":"(anonymous_23)","decl":{"start":{"line":283,"column":2},"end":{"line":283,"column":3}},"loc":{"start":{"line":283,"column":33},"end":{"line":297,"column":3}},"line":283},"24":{"name":"(anonymous_24)","decl":{"start":{"line":299,"column":2},"end":{"line":299,"column":3}},"loc":{"start":{"line":299,"column":29},"end":{"line":301,"column":3}},"line":299},"25":{"name":"(anonymous_25)","decl":{"start":{"line":303,"column":2},"end":{"line":303,"column":3}},"loc":{"start":{"line":303,"column":38},"end":{"line":305,"column":3}},"line":303},"26":{"name":"(anonymous_26)","decl":{"start":{"line":307,"column":2},"end":{"line":307,"column":3}},"loc":{"start":{"line":307,"column":30},"end":{"line":309,"column":3}},"line":307},"27":{"name":"(anonymous_27)","decl":{"start":{"line":311,"column":2},"end":{"line":311,"column":3}},"loc":{"start":{"line":311,"column":30},"end":{"line":313,"column":3}},"line":311},"28":{"name":"(anonymous_28)","decl":{"start":{"line":315,"column":2},"end":{"line":315,"column":3}},"loc":{"start":{"line":315,"column":24},"end":{"line":321,"column":3}},"line":315},"29":{"name":"(anonymous_29)","decl":{"start":{"line":323,"column":2},"end":{"line":323,"column":3}},"loc":{"start":{"line":323,"column":17},"end":{"line":339,"column":3}},"line":323},"30":{"name":"(anonymous_30)","decl":{"start":{"line":341,"column":2},"end":{"line":341,"column":3}},"loc":{"start":{"line":341,"column":24},"end":{"line":343,"column":3}},"line":341},"31":{"name":"(anonymous_31)","decl":{"start":{"line":345,"column":2},"end":{"line":345,"column":3}},"loc":{"start":{"line":345,"column":22},"end":{"line":347,"column":3}},"line":345}},"branchMap":{"0":{"loc":{"start":{"line":16,"column":14},"end":{"line":16,"column":81}},"type":"cond-expr","locations":[{"start":{"line":16,"column":48},"end":{"line":16,"column":54}},{"start":{"line":16,"column":57},"end":{"line":16,"column":81}}],"line":16},"1":{"loc":{"start":{"line":44,"column":4},"end":{"line":47,"column":5}},"type":"if","locations":[{"start":{"line":44,"column":4},"end":{"line":47,"column":5}},{"start":{"line":44,"column":4},"end":{"line":47,"column":5}}],"line":44},"2":{"loc":{"start":{"line":44,"column":8},"end":{"line":44,"column":34}},"type":"binary-expr","locations":[{"start":{"line":44,"column":8},"end":{"line":44,"column":19}},{"start":{"line":44,"column":23},"end":{"line":44,"column":34}}],"line":44},"3":{"loc":{"start":{"line":52,"column":6},"end":{"line":54,"column":71}},"type":"cond-expr","locations":[{"start":{"line":53,"column":10},"end":{"line":53,"column":50}},{"start":{"line":54,"column":10},"end":{"line":54,"column":71}}],"line":52},"4":{"loc":{"start":{"line":59,"column":4},"end":{"line":63,"column":5}},"type":"if","locations":[{"start":{"line":59,"column":4},"end":{"line":63,"column":5}},{"start":{"line":59,"column":4},"end":{"line":63,"column":5}}],"line":59},"5":{"loc":{"start":{"line":59,"column":8},"end":{"line":59,"column":34}},"type":"binary-expr","locations":[{"start":{"line":59,"column":8},"end":{"line":59,"column":19}},{"start":{"line":59,"column":23},"end":{"line":59,"column":34}}],"line":59},"6":{"loc":{"start":{"line":71,"column":4},"end":{"line":74,"column":5}},"type":"if","locations":[{"start":{"line":71,"column":4},"end":{"line":74,"column":5}},{"start":{"line":71,"column":4},"end":{"line":74,"column":5}}],"line":71},"7":{"loc":{"start":{"line":77,"column":6},"end":{"line":79,"column":69}},"type":"cond-expr","locations":[{"start":{"line":78,"column":10},"end":{"line":78,"column":54}},{"start":{"line":79,"column":10},"end":{"line":79,"column":69}}],"line":77},"8":{"loc":{"start":{"line":86,"column":15},"end":{"line":86,"column":37}},"type":"binary-expr","locations":[{"start":{"line":86,"column":15},"end":{"line":86,"column":23}},{"start":{"line":86,"column":28},"end":{"line":86,"column":36}}],"line":86},"9":{"loc":{"start":{"line":91,"column":4},"end":{"line":94,"column":5}},"type":"if","locations":[{"start":{"line":91,"column":4},"end":{"line":94,"column":5}},{"start":{"line":91,"column":4},"end":{"line":94,"column":5}}],"line":91},"10":{"loc":{"start":{"line":91,"column":8},"end":{"line":91,"column":42}},"type":"binary-expr","locations":[{"start":{"line":91,"column":8},"end":{"line":91,"column":20}},{"start":{"line":91,"column":24},"end":{"line":91,"column":42}}],"line":91},"11":{"loc":{"start":{"line":96,"column":4},"end":{"line":101,"column":5}},"type":"if","locations":[{"start":{"line":96,"column":4},"end":{"line":101,"column":5}},{"start":{"line":96,"column":4},"end":{"line":101,"column":5}}],"line":96},"12":{"loc":{"start":{"line":107,"column":4},"end":{"line":119,"column":5}},"type":"if","locations":[{"start":{"line":107,"column":4},"end":{"line":119,"column":5}},{"start":{"line":107,"column":4},"end":{"line":119,"column":5}}],"line":107},"13":{"loc":{"start":{"line":110,"column":11},"end":{"line":119,"column":5}},"type":"if","locations":[{"start":{"line":110,"column":11},"end":{"line":119,"column":5}},{"start":{"line":110,"column":11},"end":{"line":119,"column":5}}],"line":110},"14":{"loc":{"start":{"line":113,"column":11},"end":{"line":119,"column":5}},"type":"if","locations":[{"start":{"line":113,"column":11},"end":{"line":119,"column":5}},{"start":{"line":113,"column":11},"end":{"line":119,"column":5}}],"line":113},"15":{"loc":{"start":{"line":132,"column":4},"end":{"line":135,"column":5}},"type":"if","locations":[{"start":{"line":132,"column":4},"end":{"line":135,"column":5}},{"start":{"line":132,"column":4},"end":{"line":135,"column":5}}],"line":132},"16":{"loc":{"start":{"line":163,"column":4},"end":{"line":164,"column":14}},"type":"if","locations":[{"start":{"line":163,"column":4},"end":{"line":164,"column":14}},{"start":{"line":163,"column":4},"end":{"line":164,"column":14}}],"line":163},"17":{"loc":{"start":{"line":171,"column":4},"end":{"line":172,"column":14}},"type":"if","locations":[{"start":{"line":171,"column":4},"end":{"line":172,"column":14}},{"start":{"line":171,"column":4},"end":{"line":172,"column":14}}],"line":171},"18":{"loc":{"start":{"line":201,"column":24},"end":{"line":201,"column":45}},"type":"default-arg","locations":[{"start":{"line":201,"column":35},"end":{"line":201,"column":45}}],"line":201},"19":{"loc":{"start":{"line":202,"column":4},"end":{"line":206,"column":5}},"type":"if","locations":[{"start":{"line":202,"column":4},"end":{"line":206,"column":5}},{"start":{"line":202,"column":4},"end":{"line":206,"column":5}}],"line":202},"20":{"loc":{"start":{"line":202,"column":8},"end":{"line":202,"column":77}},"type":"binary-expr","locations":[{"start":{"line":202,"column":8},"end":{"line":202,"column":32}},{"start":{"line":202,"column":36},"end":{"line":202,"column":77}}],"line":202},"21":{"loc":{"start":{"line":208,"column":4},"end":{"line":212,"column":5}},"type":"if","locations":[{"start":{"line":208,"column":4},"end":{"line":212,"column":5}},{"start":{"line":208,"column":4},"end":{"line":212,"column":5}}],"line":208},"22":{"loc":{"start":{"line":216,"column":4},"end":{"line":221,"column":5}},"type":"if","locations":[{"start":{"line":216,"column":4},"end":{"line":221,"column":5}},{"start":{"line":216,"column":4},"end":{"line":221,"column":5}}],"line":216},"23":{"loc":{"start":{"line":226,"column":4},"end":{"line":229,"column":5}},"type":"if","locations":[{"start":{"line":226,"column":4},"end":{"line":229,"column":5}},{"start":{"line":226,"column":4},"end":{"line":229,"column":5}}],"line":226},"24":{"loc":{"start":{"line":234,"column":26},"end":{"line":234,"column":47}},"type":"default-arg","locations":[{"start":{"line":234,"column":37},"end":{"line":234,"column":47}}],"line":234},"25":{"loc":{"start":{"line":235,"column":4},"end":{"line":239,"column":5}},"type":"if","locations":[{"start":{"line":235,"column":4},"end":{"line":239,"column":5}},{"start":{"line":235,"column":4},"end":{"line":239,"column":5}}],"line":235},"26":{"loc":{"start":{"line":235,"column":8},"end":{"line":235,"column":74}},"type":"binary-expr","locations":[{"start":{"line":235,"column":8},"end":{"line":235,"column":32}},{"start":{"line":235,"column":36},"end":{"line":235,"column":74}}],"line":235},"27":{"loc":{"start":{"line":241,"column":4},"end":{"line":245,"column":5}},"type":"if","locations":[{"start":{"line":241,"column":4},"end":{"line":245,"column":5}},{"start":{"line":241,"column":4},"end":{"line":245,"column":5}}],"line":241},"28":{"loc":{"start":{"line":254,"column":4},"end":{"line":257,"column":5}},"type":"if","locations":[{"start":{"line":254,"column":4},"end":{"line":257,"column":5}},{"start":{"line":254,"column":4},"end":{"line":257,"column":5}}],"line":254},"29":{"loc":{"start":{"line":262,"column":24},"end":{"line":262,"column":45}},"type":"default-arg","locations":[{"start":{"line":262,"column":35},"end":{"line":262,"column":45}}],"line":262},"30":{"loc":{"start":{"line":263,"column":4},"end":{"line":267,"column":5}},"type":"if","locations":[{"start":{"line":263,"column":4},"end":{"line":267,"column":5}},{"start":{"line":263,"column":4},"end":{"line":267,"column":5}}],"line":263},"31":{"loc":{"start":{"line":275,"column":4},"end":{"line":278,"column":5}},"type":"if","locations":[{"start":{"line":275,"column":4},"end":{"line":278,"column":5}},{"start":{"line":275,"column":4},"end":{"line":278,"column":5}}],"line":275},"32":{"loc":{"start":{"line":284,"column":4},"end":{"line":285,"column":13}},"type":"if","locations":[{"start":{"line":284,"column":4},"end":{"line":285,"column":13}},{"start":{"line":284,"column":4},"end":{"line":285,"column":13}}],"line":284},"33":{"loc":{"start":{"line":326,"column":4},"end":{"line":329,"column":5}},"type":"if","locations":[{"start":{"line":326,"column":4},"end":{"line":329,"column":5}},{"start":{"line":326,"column":4},"end":{"line":329,"column":5}}],"line":326},"34":{"loc":{"start":{"line":331,"column":4},"end":{"line":338,"column":5}},"type":"if","locations":[{"start":{"line":331,"column":4},"end":{"line":338,"column":5}},{"start":{"line":331,"column":4},"end":{"line":338,"column":5}}],"line":331}},"s":{"0":5,"1":5,"2":5,"3":5,"4":5,"5":5,"6":78,"7":78,"8":78,"9":78,"10":78,"11":78,"12":78,"13":78,"14":78,"15":81,"16":81,"17":81,"18":81,"19":81,"20":81,"21":81,"22":81,"23":81,"24":81,"25":81,"26":8,"27":2,"28":2,"29":6,"30":6,"31":6,"32":6,"33":2,"34":2,"35":2,"36":4,"37":4,"38":4,"39":4,"40":4,"41":3,"42":3,"43":4,"44":5,"45":5,"46":5,"47":5,"48":5,"49":2,"50":2,"51":3,"52":3,"53":3,"54":0,"55":0,"56":0,"57":0,"58":0,"59":0,"60":0,"61":0,"62":0,"63":0,"64":0,"65":0,"66":0,"67":0,"68":0,"69":0,"70":0,"71":0,"72":0,"73":0,"74":0,"75":0,"76":0,"77":0,"78":0,"79":0,"80":0,"81":0,"82":1140,"83":1140,"84":50,"85":8,"86":8,"87":8,"88":4,"89":4,"90":8,"91":8,"92":4,"93":4,"94":4,"95":20,"96":20,"97":20,"98":0,"99":0,"100":0,"101":0,"102":0,"103":0,"104":0,"105":0,"106":0,"107":0,"108":0,"109":0,"110":0,"111":0,"112":0,"113":0,"114":0,"115":0,"116":0,"117":0,"118":0,"119":0,"120":0,"121":0,"122":0,"123":0,"124":0,"125":0,"126":0,"127":0,"128":0,"129":0,"130":0,"131":0,"132":0,"133":0,"134":0,"135":0,"136":0,"137":0,"138":0,"139":0,"140":0,"141":0,"142":0,"143":0,"144":0,"145":0,"146":0,"147":0,"148":0,"149":0,"150":0,"151":0,"152":0,"153":0,"154":0,"155":0,"156":0,"157":0,"158":0,"159":0,"160":0,"161":0,"162":0,"163":0,"164":0,"165":0,"166":0,"167":0,"168":0,"169":0,"170":0,"171":0,"172":0,"173":0,"174":0,"175":0,"176":0,"177":0,"178":0,"179":0,"180":0,"181":0,"182":13,"183":8,"184":5},"f":{"0":78,"1":81,"2":8,"3":6,"4":5,"5":1,"6":0,"7":0,"8":0,"9":1140,"10":50,"11":8,"12":8,"13":20,"14":0,"15":0,"16":0,"17":0,"18":0,"19":0,"20":0,"21":0,"22":0,"23":0,"24":0,"25":0,"26":0,"27":0,"28":0,"29":0,"30":13,"31":8},"b":{"0":[3,75],"1":[2,6],"2":[8,7],"3":[6,0],"4":[2,4],"5":[6,5],"6":[3,1],"7":[3,1],"8":[5,1],"9":[2,3],"10":[5,4],"11":[3,0],"12":[0,0],"13":[0,0],"14":[0,0],"15":[0,0],"16":[4,4],"17":[4,4],"18":[0],"19":[0,0],"20":[0,0],"21":[0,0],"22":[0,0],"23":[0,0],"24":[0],"25":[0,0],"26":[0,0],"27":[0,0],"28":[0,0],"29":[0],"30":[0,0],"31":[0,0],"32":[0,0],"33":[0,0],"34":[0,0]},"_coverageSchema":"332fd63041d2c1bcb487cc26dd0d5f7d97098a6c","hash":"076dd8c05f3935f2fa4f8ea7c17c325c723f78aa"}
,"/Users/elyahove/wdir/red_tetris/src/server/controllers/RoomsController.js": {"path":"/Users/elyahove/wdir/red_tetris/src/server/controllers/RoomsController.js","statementMap":{"0":{"start":{"line":3,"column":15},"end":{"line":3,"column":35}},"1":{"start":{"line":4,"column":15},"end":{"line":4,"column":32}},"2":{"start":{"line":5,"column":25},"end":{"line":5,"column":42}},"3":{"start":{"line":6,"column":13},"end":{"line":6,"column":38}},"4":{"start":{"line":9,"column":17},"end":{"line":11,"column":1}},"5":{"start":{"line":16,"column":4},"end":{"line":16,"column":12}},"6":{"start":{"line":17,"column":4},"end":{"line":17,"column":29}},"7":{"start":{"line":18,"column":4},"end":{"line":18,"column":20}},"8":{"start":{"line":19,"column":4},"end":{"line":21,"column":13}},"9":{"start":{"line":20,"column":6},"end":{"line":20,"column":64}},"10":{"start":{"line":25,"column":20},"end":{"line":25,"column":81}},"11":{"start":{"line":26,"column":4},"end":{"line":26,"column":37}},"12":{"start":{"line":27,"column":4},"end":{"line":27,"column":34}},"13":{"start":{"line":28,"column":4},"end":{"line":28,"column":22}},"14":{"start":{"line":32,"column":4},"end":{"line":32,"column":43}},"15":{"start":{"line":33,"column":4},"end":{"line":36,"column":5}},"16":{"start":{"line":34,"column":6},"end":{"line":34,"column":32}},"17":{"start":{"line":35,"column":6},"end":{"line":35,"column":36}},"18":{"start":{"line":40,"column":4},"end":{"line":40,"column":30}},"19":{"start":{"line":44,"column":4},"end":{"line":44,"column":69}},"20":{"start":{"line":44,"column":49},"end":{"line":44,"column":67}},"21":{"start":{"line":48,"column":4},"end":{"line":49,"column":19}},"22":{"start":{"line":49,"column":6},"end":{"line":49,"column":19}},"23":{"start":{"line":51,"column":4},"end":{"line":51,"column":34}},"24":{"start":{"line":52,"column":4},"end":{"line":52,"column":16}},"25":{"start":{"line":56,"column":4},"end":{"line":57,"column":19}},"26":{"start":{"line":57,"column":6},"end":{"line":57,"column":19}},"27":{"start":{"line":59,"column":4},"end":{"line":59,"column":34}},"28":{"start":{"line":60,"column":4},"end":{"line":60,"column":16}},"29":{"start":{"line":64,"column":4},"end":{"line":66,"column":5}},"30":{"start":{"line":65,"column":6},"end":{"line":65,"column":50}},"31":{"start":{"line":70,"column":4},"end":{"line":70,"column":58}},"32":{"start":{"line":74,"column":4},"end":{"line":74,"column":49}},"33":{"start":{"line":75,"column":4},"end":{"line":75,"column":30}},"34":{"start":{"line":76,"column":4},"end":{"line":78,"column":9}},"35":{"start":{"line":82,"column":4},"end":{"line":82,"column":61}},"36":{"start":{"line":83,"column":4},"end":{"line":85,"column":9}},"37":{"start":{"line":89,"column":0},"end":{"line":89,"column":39}}},"fnMap":{"0":{"name":"(anonymous_0)","decl":{"start":{"line":15,"column":2},"end":{"line":15,"column":3}},"loc":{"start":{"line":15,"column":16},"end":{"line":22,"column":3}},"line":15},"1":{"name":"(anonymous_1)","decl":{"start":{"line":19,"column":36},"end":{"line":19,"column":37}},"loc":{"start":{"line":19,"column":42},"end":{"line":21,"column":5}},"line":19},"2":{"name":"(anonymous_2)","decl":{"start":{"line":24,"column":2},"end":{"line":24,"column":3}},"loc":{"start":{"line":24,"column":15},"end":{"line":29,"column":3}},"line":24},"3":{"name":"(anonymous_3)","decl":{"start":{"line":31,"column":2},"end":{"line":31,"column":3}},"loc":{"start":{"line":31,"column":21},"end":{"line":37,"column":3}},"line":31},"4":{"name":"(anonymous_4)","decl":{"start":{"line":39,"column":2},"end":{"line":39,"column":3}},"loc":{"start":{"line":39,"column":22},"end":{"line":41,"column":3}},"line":39},"5":{"name":"(anonymous_5)","decl":{"start":{"line":43,"column":2},"end":{"line":43,"column":3}},"loc":{"start":{"line":43,"column":13},"end":{"line":45,"column":3}},"line":43},"6":{"name":"(anonymous_6)","decl":{"start":{"line":44,"column":41},"end":{"line":44,"column":42}},"loc":{"start":{"line":44,"column":49},"end":{"line":44,"column":67}},"line":44},"7":{"name":"(anonymous_7)","decl":{"start":{"line":47,"column":2},"end":{"line":47,"column":3}},"loc":{"start":{"line":47,"column":25},"end":{"line":53,"column":3}},"line":47},"8":{"name":"(anonymous_8)","decl":{"start":{"line":55,"column":2},"end":{"line":55,"column":3}},"loc":{"start":{"line":55,"column":28},"end":{"line":61,"column":3}},"line":55},"9":{"name":"(anonymous_9)","decl":{"start":{"line":63,"column":2},"end":{"line":63,"column":3}},"loc":{"start":{"line":63,"column":35},"end":{"line":67,"column":3}},"line":63},"10":{"name":"(anonymous_10)","decl":{"start":{"line":69,"column":2},"end":{"line":69,"column":3}},"loc":{"start":{"line":69,"column":27},"end":{"line":71,"column":3}},"line":69},"11":{"name":"(anonymous_11)","decl":{"start":{"line":73,"column":2},"end":{"line":73,"column":3}},"loc":{"start":{"line":73,"column":31},"end":{"line":79,"column":3}},"line":73},"12":{"name":"(anonymous_12)","decl":{"start":{"line":81,"column":2},"end":{"line":81,"column":3}},"loc":{"start":{"line":81,"column":33},"end":{"line":86,"column":3}},"line":81}},"branchMap":{"0":{"loc":{"start":{"line":33,"column":4},"end":{"line":36,"column":5}},"type":"if","locations":[{"start":{"line":33,"column":4},"end":{"line":36,"column":5}},{"start":{"line":33,"column":4},"end":{"line":36,"column":5}}],"line":33},"1":{"loc":{"start":{"line":48,"column":4},"end":{"line":49,"column":19}},"type":"if","locations":[{"start":{"line":48,"column":4},"end":{"line":49,"column":19}},{"start":{"line":48,"column":4},"end":{"line":49,"column":19}}],"line":48},"2":{"loc":{"start":{"line":48,"column":8},"end":{"line":48,"column":65}},"type":"binary-expr","locations":[{"start":{"line":48,"column":8},"end":{"line":48,"column":27}},{"start":{"line":48,"column":31},"end":{"line":48,"column":65}}],"line":48},"3":{"loc":{"start":{"line":56,"column":4},"end":{"line":57,"column":19}},"type":"if","locations":[{"start":{"line":56,"column":4},"end":{"line":57,"column":19}},{"start":{"line":56,"column":4},"end":{"line":57,"column":19}}],"line":56},"4":{"loc":{"start":{"line":56,"column":8},"end":{"line":56,"column":68}},"type":"binary-expr","locations":[{"start":{"line":56,"column":8},"end":{"line":56,"column":27}},{"start":{"line":56,"column":31},"end":{"line":56,"column":68}}],"line":56},"5":{"loc":{"start":{"line":64,"column":4},"end":{"line":66,"column":5}},"type":"if","locations":[{"start":{"line":64,"column":4},"end":{"line":66,"column":5}},{"start":{"line":64,"column":4},"end":{"line":66,"column":5}}],"line":64}},"s":{"0":5,"1":5,"2":5,"3":5,"4":5,"5":5,"6":5,"7":5,"8":5,"9":0,"10":25,"11":25,"12":25,"13":25,"14":3,"15":3,"16":2,"17":2,"18":6,"19":142,"20":1234,"21":23,"22":3,"23":20,"24":20,"25":13,"26":2,"27":11,"28":11,"29":1,"30":1,"31":58,"32":82,"33":82,"34":82,"35":1,"36":1,"37":5},"f":{"0":5,"1":0,"2":25,"3":3,"4":6,"5":142,"6":1234,"7":23,"8":13,"9":1,"10":58,"11":82,"12":1},"b":{"0":[2,1],"1":[3,20],"2":[23,21],"3":[2,11],"4":[13,12],"5":[1,0]},"_coverageSchema":"332fd63041d2c1bcb487cc26dd0d5f7d97098a6c","hash":"cf9015292d7d97f20ff1362a9b4d6b103e49d9f1"}
,"/Users/elyahove/wdir/red_tetris/src/server/controllers/ServerController.js": {"path":"/Users/elyahove/wdir/red_tetris/src/server/controllers/ServerController.js","statementMap":{"0":{"start":{"line":4,"column":15},"end":{"line":4,"column":35}},"1":{"start":{"line":5,"column":23},"end":{"line":5,"column":53}},"2":{"start":{"line":6,"column":20},"end":{"line":6,"column":57}},"3":{"start":{"line":10,"column":4},"end":{"line":10,"column":43}},"4":{"start":{"line":11,"column":4},"end":{"line":11,"column":59}},"5":{"start":{"line":12,"column":4},"end":{"line":12,"column":42}},"6":{"start":{"line":16,"column":17},"end":{"line":16,"column":39}},"7":{"start":{"line":17,"column":4},"end":{"line":22,"column":5}},"8":{"start":{"line":18,"column":6},"end":{"line":20,"column":8}},"9":{"start":{"line":21,"column":6},"end":{"line":21,"column":36}},"10":{"start":{"line":23,"column":4},"end":{"line":23,"column":35}},"11":{"start":{"line":27,"column":0},"end":{"line":27,"column":56}},"12":{"start":{"line":27,"column":27},"end":{"line":27,"column":55}}},"fnMap":{"0":{"name":"(anonymous_0)","decl":{"start":{"line":9,"column":2},"end":{"line":9,"column":3}},"loc":{"start":{"line":9,"column":22},"end":{"line":13,"column":3}},"line":9},"1":{"name":"(anonymous_1)","decl":{"start":{"line":15,"column":2},"end":{"line":15,"column":3}},"loc":{"start":{"line":15,"column":23},"end":{"line":24,"column":3}},"line":15},"2":{"name":"(anonymous_2)","decl":{"start":{"line":27,"column":17},"end":{"line":27,"column":18}},"loc":{"start":{"line":27,"column":27},"end":{"line":27,"column":55}},"line":27}},"branchMap":{"0":{"loc":{"start":{"line":17,"column":4},"end":{"line":22,"column":5}},"type":"if","locations":[{"start":{"line":17,"column":4},"end":{"line":22,"column":5}},{"start":{"line":17,"column":4},"end":{"line":22,"column":5}}],"line":17},"1":{"loc":{"start":{"line":17,"column":8},"end":{"line":17,"column":43}},"type":"binary-expr","locations":[{"start":{"line":17,"column":8},"end":{"line":17,"column":11}},{"start":{"line":17,"column":15},"end":{"line":17,"column":43}}],"line":17}},"s":{"0":1,"1":1,"2":1,"3":1,"4":1,"5":1,"6":3,"7":3,"8":3,"9":3,"10":3,"11":1,"12":1},"f":{"0":1,"1":3,"2":1},"b":{"0":[3,0],"1":[3,0]},"_coverageSchema":"332fd63041d2c1bcb487cc26dd0d5f7d97098a6c","hash":"e29cfb29b34960fbb90a6db6066a88b930778a91"}
,"/Users/elyahove/wdir/red_tetris/src/server/models/DefaultGameMode.js": {"path":"/Users/elyahove/wdir/red_tetris/src/server/models/DefaultGameMode.js","statementMap":{"0":{"start":{"line":1,"column":17},"end":{"line":1,"column":38}},"1":{"start":{"line":2,"column":15},"end":{"line":2,"column":34}},"2":{"start":{"line":3,"column":19},"end":{"line":3,"column":54}},"3":{"start":{"line":4,"column":10},"end":{"line":4,"column":26}},"4":{"start":{"line":5,"column":15},"end":{"line":5,"column":35}},"5":{"start":{"line":9,"column":4},"end":{"line":12,"column":7}},"6":{"start":{"line":11,"column":8},"end":{"line":11,"column":60}},"7":{"start":{"line":15,"column":4},"end":{"line":15,"column":16}},"8":{"start":{"line":17,"column":4},"end":{"line":26,"column":9}},"9":{"start":{"line":17,"column":55},"end":{"line":26,"column":6}},"10":{"start":{"line":30,"column":4},"end":{"line":30,"column":70}},"11":{"start":{"line":31,"column":4},"end":{"line":31,"column":66}},"12":{"start":{"line":33,"column":16},"end":{"line":33,"column":26}},"13":{"start":{"line":35,"column":4},"end":{"line":41,"column":5}},"14":{"start":{"line":37,"column":6},"end":{"line":37,"column":65}},"15":{"start":{"line":38,"column":6},"end":{"line":40,"column":7}},"16":{"start":{"line":38,"column":66},"end":{"line":38,"column":84}},"17":{"start":{"line":39,"column":8},"end":{"line":39,"column":41}},"18":{"start":{"line":45,"column":4},"end":{"line":45,"column":73}},"19":{"start":{"line":46,"column":4},"end":{"line":46,"column":32}},"20":{"start":{"line":47,"column":4},"end":{"line":47,"column":33}},"21":{"start":{"line":53,"column":4},"end":{"line":55,"column":5}},"22":{"start":{"line":54,"column":6},"end":{"line":54,"column":66}},"23":{"start":{"line":59,"column":4},"end":{"line":59,"column":40}},"24":{"start":{"line":63,"column":4},"end":{"line":65,"column":5}},"25":{"start":{"line":64,"column":6},"end":{"line":64,"column":32}},"26":{"start":{"line":69,"column":4},"end":{"line":69,"column":66}},"27":{"start":{"line":70,"column":4},"end":{"line":72,"column":48}},"28":{"start":{"line":71,"column":26},"end":{"line":71,"column":51}},"29":{"start":{"line":72,"column":27},"end":{"line":72,"column":46}},"30":{"start":{"line":73,"column":4},"end":{"line":73,"column":43}},"31":{"start":{"line":77,"column":4},"end":{"line":77,"column":45}},"32":{"start":{"line":81,"column":4},"end":{"line":81,"column":45}},"33":{"start":{"line":85,"column":4},"end":{"line":85,"column":49}},"34":{"start":{"line":89,"column":4},"end":{"line":89,"column":39}},"35":{"start":{"line":93,"column":4},"end":{"line":93,"column":40}},"36":{"start":{"line":97,"column":4},"end":{"line":97,"column":45}},"37":{"start":{"line":101,"column":0},"end":{"line":101,"column":33}}},"fnMap":{"0":{"name":"(anonymous_0)","decl":{"start":{"line":8,"column":2},"end":{"line":8,"column":3}},"loc":{"start":{"line":8,"column":50},"end":{"line":13,"column":3}},"line":8},"1":{"name":"(anonymous_1)","decl":{"start":{"line":10,"column":11},"end":{"line":10,"column":12}},"loc":{"start":{"line":11,"column":8},"end":{"line":11,"column":60}},"line":11},"2":{"name":"(anonymous_2)","decl":{"start":{"line":14,"column":2},"end":{"line":14,"column":3}},"loc":{"start":{"line":14,"column":40},"end":{"line":27,"column":3}},"line":14},"3":{"name":"(anonymous_3)","decl":{"start":{"line":17,"column":43},"end":{"line":17,"column":44}},"loc":{"start":{"line":17,"column":55},"end":{"line":26,"column":6}},"line":17},"4":{"name":"(anonymous_4)","decl":{"start":{"line":29,"column":2},"end":{"line":29,"column":3}},"loc":{"start":{"line":29,"column":11},"end":{"line":42,"column":3}},"line":29},"5":{"name":"(anonymous_5)","decl":{"start":{"line":38,"column":55},"end":{"line":38,"column":56}},"loc":{"start":{"line":38,"column":66},"end":{"line":38,"column":84}},"line":38},"6":{"name":"(anonymous_6)","decl":{"start":{"line":44,"column":2},"end":{"line":44,"column":3}},"loc":{"start":{"line":44,"column":16},"end":{"line":48,"column":3}},"line":44},"7":{"name":"(anonymous_7)","decl":{"start":{"line":50,"column":2},"end":{"line":50,"column":3}},"loc":{"start":{"line":50,"column":16},"end":{"line":50,"column":18}},"line":50},"8":{"name":"(anonymous_8)","decl":{"start":{"line":52,"column":2},"end":{"line":52,"column":3}},"loc":{"start":{"line":52,"column":25},"end":{"line":56,"column":3}},"line":52},"9":{"name":"(anonymous_9)","decl":{"start":{"line":58,"column":2},"end":{"line":58,"column":3}},"loc":{"start":{"line":58,"column":21},"end":{"line":60,"column":3}},"line":58},"10":{"name":"(anonymous_10)","decl":{"start":{"line":62,"column":2},"end":{"line":62,"column":3}},"loc":{"start":{"line":62,"column":26},"end":{"line":66,"column":3}},"line":62},"11":{"name":"(anonymous_11)","decl":{"start":{"line":68,"column":2},"end":{"line":68,"column":3}},"loc":{"start":{"line":68,"column":31},"end":{"line":74,"column":3}},"line":68},"12":{"name":"(anonymous_12)","decl":{"start":{"line":71,"column":16},"end":{"line":71,"column":17}},"loc":{"start":{"line":71,"column":26},"end":{"line":71,"column":51}},"line":71},"13":{"name":"(anonymous_13)","decl":{"start":{"line":72,"column":17},"end":{"line":72,"column":18}},"loc":{"start":{"line":72,"column":27},"end":{"line":72,"column":46}},"line":72},"14":{"name":"(anonymous_14)","decl":{"start":{"line":76,"column":2},"end":{"line":76,"column":3}},"loc":{"start":{"line":76,"column":33},"end":{"line":78,"column":3}},"line":76},"15":{"name":"(anonymous_15)","decl":{"start":{"line":80,"column":2},"end":{"line":80,"column":3}},"loc":{"start":{"line":80,"column":33},"end":{"line":82,"column":3}},"line":80},"16":{"name":"(anonymous_16)","decl":{"start":{"line":84,"column":2},"end":{"line":84,"column":3}},"loc":{"start":{"line":84,"column":37},"end":{"line":86,"column":3}},"line":84},"17":{"name":"(anonymous_17)","decl":{"start":{"line":88,"column":2},"end":{"line":88,"column":3}},"loc":{"start":{"line":88,"column":27},"end":{"line":90,"column":3}},"line":88},"18":{"name":"(anonymous_18)","decl":{"start":{"line":92,"column":2},"end":{"line":92,"column":3}},"loc":{"start":{"line":92,"column":28},"end":{"line":94,"column":3}},"line":92},"19":{"name":"(anonymous_19)","decl":{"start":{"line":96,"column":2},"end":{"line":96,"column":3}},"loc":{"start":{"line":96,"column":33},"end":{"line":98,"column":3}},"line":96}},"branchMap":{"0":{"loc":{"start":{"line":8,"column":25},"end":{"line":8,"column":36}},"type":"default-arg","locations":[{"start":{"line":8,"column":34},"end":{"line":8,"column":36}}],"line":8},"1":{"loc":{"start":{"line":8,"column":38},"end":{"line":8,"column":48}},"type":"default-arg","locations":[{"start":{"line":8,"column":46},"end":{"line":8,"column":48}}],"line":8},"2":{"loc":{"start":{"line":30,"column":31},"end":{"line":30,"column":69}},"type":"binary-expr","locations":[{"start":{"line":30,"column":31},"end":{"line":30,"column":55}},{"start":{"line":30,"column":59},"end":{"line":30,"column":69}}],"line":30},"3":{"loc":{"start":{"line":35,"column":4},"end":{"line":41,"column":5}},"type":"if","locations":[{"start":{"line":35,"column":4},"end":{"line":41,"column":5}},{"start":{"line":35,"column":4},"end":{"line":41,"column":5}}],"line":35}},"s":{"0":5,"1":5,"2":5,"3":5,"4":5,"5":9,"6":180,"7":33,"8":33,"9":57,"10":1,"11":1,"12":1,"13":1,"14":0,"15":0,"16":0,"17":0,"18":1,"19":1,"20":1,"21":4,"22":8,"23":9,"24":2,"25":4,"26":1,"27":1,"28":2,"29":2,"30":1,"31":11,"32":5,"33":5,"34":1,"35":1,"36":1,"37":5},"f":{"0":9,"1":180,"2":33,"3":57,"4":1,"5":0,"6":1,"7":1,"8":4,"9":9,"10":2,"11":1,"12":2,"13":2,"14":11,"15":5,"16":5,"17":1,"18":1,"19":1},"b":{"0":[9],"1":[9],"2":[1,1],"3":[0,1]},"_coverageSchema":"332fd63041d2c1bcb487cc26dd0d5f7d97098a6c","hash":"739ea8b224d056079c1f34b809882bb68922489f"}
,"/Users/elyahove/wdir/red_tetris/src/server/models/Game.js": {"path":"/Users/elyahove/wdir/red_tetris/src/server/models/Game.js","statementMap":{"0":{"start":{"line":1,"column":15},"end":{"line":1,"column":35}},"1":{"start":{"line":2,"column":15},"end":{"line":2,"column":32}},"2":{"start":{"line":3,"column":25},"end":{"line":3,"column":42}},"3":{"start":{"line":4,"column":20},"end":{"line":4,"column":54}},"4":{"start":{"line":5,"column":21},"end":{"line":5,"column":56}},"5":{"start":{"line":6,"column":15},"end":{"line":6,"column":34}},"6":{"start":{"line":7,"column":24},"end":{"line":7,"column":52}},"7":{"start":{"line":10,"column":16},"end":{"line":23,"column":1}},"8":{"start":{"line":27,"column":4},"end":{"line":27,"column":12}},"9":{"start":{"line":29,"column":4},"end":{"line":29,"column":34}},"10":{"start":{"line":31,"column":4},"end":{"line":31,"column":17}},"11":{"start":{"line":32,"column":4},"end":{"line":32,"column":45}},"12":{"start":{"line":33,"column":4},"end":{"line":33,"column":27}},"13":{"start":{"line":34,"column":4},"end":{"line":34,"column":66}},"14":{"start":{"line":35,"column":4},"end":{"line":37,"column":5}},"15":{"start":{"line":36,"column":6},"end":{"line":36,"column":49}},"16":{"start":{"line":38,"column":4},"end":{"line":38,"column":25}},"17":{"start":{"line":39,"column":4},"end":{"line":39,"column":36}},"18":{"start":{"line":40,"column":4},"end":{"line":40,"column":50}},"19":{"start":{"line":43,"column":4},"end":{"line":43,"column":74}},"20":{"start":{"line":47,"column":4},"end":{"line":47,"column":26}},"21":{"start":{"line":51,"column":4},"end":{"line":51,"column":27}},"22":{"start":{"line":55,"column":4},"end":{"line":55,"column":62}},"23":{"start":{"line":59,"column":4},"end":{"line":65,"column":5}},"24":{"start":{"line":60,"column":6},"end":{"line":60,"column":28}},"25":{"start":{"line":61,"column":6},"end":{"line":61,"column":39}},"26":{"start":{"line":63,"column":6},"end":{"line":63,"column":29}},"27":{"start":{"line":64,"column":6},"end":{"line":64,"column":14}},"28":{"start":{"line":69,"column":4},"end":{"line":84,"column":5}},"29":{"start":{"line":70,"column":6},"end":{"line":70,"column":51}},"30":{"start":{"line":71,"column":6},"end":{"line":71,"column":29}},"31":{"start":{"line":72,"column":6},"end":{"line":72,"column":29}},"32":{"start":{"line":73,"column":6},"end":{"line":73,"column":15}},"33":{"start":{"line":74,"column":6},"end":{"line":74,"column":37}},"34":{"start":{"line":75,"column":6},"end":{"line":75,"column":21}},"35":{"start":{"line":82,"column":6},"end":{"line":82,"column":49}},"36":{"start":{"line":83,"column":6},"end":{"line":83,"column":14}},"37":{"start":{"line":88,"column":4},"end":{"line":89,"column":19}},"38":{"start":{"line":88,"column":42},"end":{"line":88,"column":64}},"39":{"start":{"line":89,"column":6},"end":{"line":89,"column":19}},"40":{"start":{"line":91,"column":29},"end":{"line":91,"column":82}},"41":{"start":{"line":91,"column":64},"end":{"line":91,"column":81}},"42":{"start":{"line":92,"column":4},"end":{"line":94,"column":5}},"43":{"start":{"line":93,"column":6},"end":{"line":93,"column":57}},"44":{"start":{"line":96,"column":4},"end":{"line":96,"column":41}},"45":{"start":{"line":105,"column":4},"end":{"line":106,"column":63}},"46":{"start":{"line":106,"column":6},"end":{"line":106,"column":63}},"47":{"start":{"line":107,"column":4},"end":{"line":107,"column":34}},"48":{"start":{"line":111,"column":4},"end":{"line":113,"column":7}},"49":{"start":{"line":117,"column":4},"end":{"line":119,"column":7}},"50":{"start":{"line":123,"column":4},"end":{"line":123,"column":65}},"51":{"start":{"line":124,"column":4},"end":{"line":126,"column":7}},"52":{"start":{"line":130,"column":4},"end":{"line":130,"column":71}},"53":{"start":{"line":131,"column":4},"end":{"line":131,"column":55}},"54":{"start":{"line":135,"column":4},"end":{"line":135,"column":54}},"55":{"start":{"line":136,"column":4},"end":{"line":136,"column":27}},"56":{"start":{"line":140,"column":4},"end":{"line":140,"column":58}},"57":{"start":{"line":141,"column":4},"end":{"line":141,"column":27}},"58":{"start":{"line":145,"column":4},"end":{"line":145,"column":54}},"59":{"start":{"line":146,"column":4},"end":{"line":146,"column":27}},"60":{"start":{"line":150,"column":4},"end":{"line":154,"column":24}},"61":{"start":{"line":151,"column":38},"end":{"line":151,"column":57}},"62":{"start":{"line":152,"column":6},"end":{"line":152,"column":24}},"63":{"start":{"line":153,"column":9},"end":{"line":154,"column":24}},"64":{"start":{"line":153,"column":42},"end":{"line":153,"column":62}},"65":{"start":{"line":154,"column":6},"end":{"line":154,"column":24}},"66":{"start":{"line":158,"column":4},"end":{"line":158,"column":37}},"67":{"start":{"line":162,"column":4},"end":{"line":172,"column":6}},"68":{"start":{"line":174,"column":4},"end":{"line":174,"column":80}},"69":{"start":{"line":175,"column":4},"end":{"line":175,"column":89}},"70":{"start":{"line":176,"column":4},"end":{"line":176,"column":80}},"71":{"start":{"line":177,"column":4},"end":{"line":177,"column":78}},"72":{"start":{"line":178,"column":4},"end":{"line":178,"column":90}},"73":{"start":{"line":179,"column":4},"end":{"line":179,"column":70}},"74":{"start":{"line":180,"column":4},"end":{"line":180,"column":68}},"75":{"start":{"line":181,"column":4},"end":{"line":181,"column":78}},"76":{"start":{"line":182,"column":4},"end":{"line":182,"column":78}},"77":{"start":{"line":186,"column":6},"end":{"line":186,"column":99}},"78":{"start":{"line":187,"column":6},"end":{"line":187,"column":108}},"79":{"start":{"line":188,"column":6},"end":{"line":188,"column":99}},"80":{"start":{"line":189,"column":6},"end":{"line":189,"column":97}},"81":{"start":{"line":190,"column":6},"end":{"line":190,"column":109}},"82":{"start":{"line":191,"column":6},"end":{"line":191,"column":89}},"83":{"start":{"line":192,"column":6},"end":{"line":192,"column":87}},"84":{"start":{"line":193,"column":6},"end":{"line":193,"column":97}},"85":{"start":{"line":194,"column":6},"end":{"line":194,"column":97}},"86":{"start":{"line":195,"column":6},"end":{"line":195,"column":39}},"87":{"start":{"line":199,"column":4},"end":{"line":199,"column":24}},"88":{"start":{"line":203,"column":4},"end":{"line":203,"column":65}},"89":{"start":{"line":203,"column":41},"end":{"line":203,"column":63}},"90":{"start":{"line":207,"column":4},"end":{"line":219,"column":6}},"91":{"start":{"line":213,"column":23},"end":{"line":213,"column":57}},"92":{"start":{"line":214,"column":10},"end":{"line":214,"column":64}},"93":{"start":{"line":215,"column":10},"end":{"line":215,"column":58}},"94":{"start":{"line":217,"column":29},"end":{"line":217,"column":47}},"95":{"start":{"line":223,"column":4},"end":{"line":223,"column":58}},"96":{"start":{"line":227,"column":4},"end":{"line":227,"column":27}},"97":{"start":{"line":231,"column":4},"end":{"line":240,"column":8}},"98":{"start":{"line":231,"column":54},"end":{"line":240,"column":6}},"99":{"start":{"line":244,"column":4},"end":{"line":244,"column":41}},"100":{"start":{"line":248,"column":4},"end":{"line":248,"column":24}},"101":{"start":{"line":249,"column":4},"end":{"line":249,"column":25}},"102":{"start":{"line":250,"column":4},"end":{"line":250,"column":27}},"103":{"start":{"line":251,"column":4},"end":{"line":251,"column":27}},"104":{"start":{"line":252,"column":4},"end":{"line":252,"column":43}},"105":{"start":{"line":257,"column":0},"end":{"line":257,"column":22}}},"fnMap":{"0":{"name":"(anonymous_0)","decl":{"start":{"line":26,"column":2},"end":{"line":26,"column":3}},"loc":{"start":{"line":26,"column":53},"end":{"line":44,"column":3}},"line":26},"1":{"name":"(anonymous_1)","decl":{"start":{"line":46,"column":2},"end":{"line":46,"column":3}},"loc":{"start":{"line":46,"column":15},"end":{"line":48,"column":3}},"line":46},"2":{"name":"(anonymous_2)","decl":{"start":{"line":50,"column":2},"end":{"line":50,"column":3}},"loc":{"start":{"line":50,"column":13},"end":{"line":52,"column":3}},"line":50},"3":{"name":"(anonymous_3)","decl":{"start":{"line":54,"column":2},"end":{"line":54,"column":3}},"loc":{"start":{"line":54,"column":31},"end":{"line":56,"column":3}},"line":54},"4":{"name":"(anonymous_4)","decl":{"start":{"line":58,"column":2},"end":{"line":58,"column":3}},"loc":{"start":{"line":58,"column":14},"end":{"line":66,"column":3}},"line":58},"5":{"name":"(anonymous_5)","decl":{"start":{"line":68,"column":2},"end":{"line":68,"column":3}},"loc":{"start":{"line":68,"column":15},"end":{"line":85,"column":3}},"line":68},"6":{"name":"(anonymous_6)","decl":{"start":{"line":87,"column":2},"end":{"line":87,"column":3}},"loc":{"start":{"line":87,"column":24},"end":{"line":98,"column":3}},"line":87},"7":{"name":"(anonymous_7)","decl":{"start":{"line":88,"column":32},"end":{"line":88,"column":33}},"loc":{"start":{"line":88,"column":42},"end":{"line":88,"column":64}},"line":88},"8":{"name":"(anonymous_8)","decl":{"start":{"line":91,"column":59},"end":{"line":91,"column":60}},"loc":{"start":{"line":91,"column":64},"end":{"line":91,"column":81}},"line":91},"9":{"name":"(anonymous_9)","decl":{"start":{"line":104,"column":2},"end":{"line":104,"column":3}},"loc":{"start":{"line":104,"column":21},"end":{"line":108,"column":3}},"line":104},"10":{"name":"(anonymous_10)","decl":{"start":{"line":110,"column":2},"end":{"line":110,"column":3}},"loc":{"start":{"line":110,"column":33},"end":{"line":114,"column":3}},"line":110},"11":{"name":"(anonymous_11)","decl":{"start":{"line":116,"column":2},"end":{"line":116,"column":3}},"loc":{"start":{"line":116,"column":37},"end":{"line":120,"column":3}},"line":116},"12":{"name":"(anonymous_12)","decl":{"start":{"line":122,"column":2},"end":{"line":122,"column":3}},"loc":{"start":{"line":122,"column":33},"end":{"line":127,"column":3}},"line":122},"13":{"name":"(anonymous_13)","decl":{"start":{"line":129,"column":2},"end":{"line":129,"column":3}},"loc":{"start":{"line":129,"column":31},"end":{"line":132,"column":3}},"line":129},"14":{"name":"(anonymous_14)","decl":{"start":{"line":134,"column":2},"end":{"line":134,"column":3}},"loc":{"start":{"line":134,"column":27},"end":{"line":137,"column":3}},"line":134},"15":{"name":"(anonymous_15)","decl":{"start":{"line":139,"column":2},"end":{"line":139,"column":3}},"loc":{"start":{"line":139,"column":33},"end":{"line":142,"column":3}},"line":139},"16":{"name":"(anonymous_16)","decl":{"start":{"line":144,"column":2},"end":{"line":144,"column":3}},"loc":{"start":{"line":144,"column":28},"end":{"line":147,"column":3}},"line":144},"17":{"name":"(anonymous_17)","decl":{"start":{"line":149,"column":2},"end":{"line":149,"column":3}},"loc":{"start":{"line":149,"column":20},"end":{"line":155,"column":3}},"line":149},"18":{"name":"(anonymous_18)","decl":{"start":{"line":151,"column":28},"end":{"line":151,"column":29}},"loc":{"start":{"line":151,"column":38},"end":{"line":151,"column":57}},"line":151},"19":{"name":"(anonymous_19)","decl":{"start":{"line":153,"column":32},"end":{"line":153,"column":33}},"loc":{"start":{"line":153,"column":42},"end":{"line":153,"column":62}},"line":153},"20":{"name":"(anonymous_20)","decl":{"start":{"line":157,"column":2},"end":{"line":157,"column":3}},"loc":{"start":{"line":157,"column":17},"end":{"line":159,"column":3}},"line":157},"21":{"name":"(anonymous_21)","decl":{"start":{"line":161,"column":2},"end":{"line":161,"column":3}},"loc":{"start":{"line":161,"column":36},"end":{"line":183,"column":3}},"line":161},"22":{"name":"(anonymous_22)","decl":{"start":{"line":185,"column":2},"end":{"line":185,"column":3}},"loc":{"start":{"line":185,"column":38},"end":{"line":196,"column":3}},"line":185},"23":{"name":"(anonymous_23)","decl":{"start":{"line":198,"column":2},"end":{"line":198,"column":3}},"loc":{"start":{"line":198,"column":15},"end":{"line":200,"column":3}},"line":198},"24":{"name":"(anonymous_24)","decl":{"start":{"line":202,"column":2},"end":{"line":202,"column":3}},"loc":{"start":{"line":202,"column":26},"end":{"line":204,"column":3}},"line":202},"25":{"name":"(anonymous_25)","decl":{"start":{"line":203,"column":29},"end":{"line":203,"column":30}},"loc":{"start":{"line":203,"column":41},"end":{"line":203,"column":63}},"line":203},"26":{"name":"(anonymous_26)","decl":{"start":{"line":206,"column":2},"end":{"line":206,"column":3}},"loc":{"start":{"line":206,"column":16},"end":{"line":220,"column":3}},"line":206},"27":{"name":"(anonymous_27)","decl":{"start":{"line":212,"column":13},"end":{"line":212,"column":14}},"loc":{"start":{"line":212,"column":23},"end":{"line":216,"column":9}},"line":212},"28":{"name":"(anonymous_28)","decl":{"start":{"line":217,"column":16},"end":{"line":217,"column":17}},"loc":{"start":{"line":217,"column":29},"end":{"line":217,"column":47}},"line":217},"29":{"name":"(anonymous_29)","decl":{"start":{"line":222,"column":2},"end":{"line":222,"column":3}},"loc":{"start":{"line":222,"column":20},"end":{"line":224,"column":3}},"line":222},"30":{"name":"(anonymous_30)","decl":{"start":{"line":226,"column":2},"end":{"line":226,"column":3}},"loc":{"start":{"line":226,"column":22},"end":{"line":228,"column":3}},"line":226},"31":{"name":"(anonymous_31)","decl":{"start":{"line":230,"column":2},"end":{"line":230,"column":3}},"loc":{"start":{"line":230,"column":40},"end":{"line":241,"column":3}},"line":230},"32":{"name":"(anonymous_32)","decl":{"start":{"line":231,"column":42},"end":{"line":231,"column":43}},"loc":{"start":{"line":231,"column":54},"end":{"line":240,"column":6}},"line":231},"33":{"name":"(anonymous_33)","decl":{"start":{"line":243,"column":2},"end":{"line":243,"column":3}},"loc":{"start":{"line":243,"column":31},"end":{"line":245,"column":3}},"line":243},"34":{"name":"(anonymous_34)","decl":{"start":{"line":247,"column":2},"end":{"line":247,"column":3}},"loc":{"start":{"line":247,"column":12},"end":{"line":253,"column":3}},"line":247}},"branchMap":{"0":{"loc":{"start":{"line":35,"column":4},"end":{"line":37,"column":5}},"type":"if","locations":[{"start":{"line":35,"column":4},"end":{"line":37,"column":5}},{"start":{"line":35,"column":4},"end":{"line":37,"column":5}}],"line":35},"1":{"loc":{"start":{"line":55,"column":11},"end":{"line":55,"column":61}},"type":"binary-expr","locations":[{"start":{"line":55,"column":11},"end":{"line":55,"column":26}},{"start":{"line":55,"column":30},"end":{"line":55,"column":61}}],"line":55},"2":{"loc":{"start":{"line":88,"column":4},"end":{"line":89,"column":19}},"type":"if","locations":[{"start":{"line":88,"column":4},"end":{"line":89,"column":19}},{"start":{"line":88,"column":4},"end":{"line":89,"column":19}}],"line":88},"3":{"loc":{"start":{"line":92,"column":4},"end":{"line":94,"column":5}},"type":"if","locations":[{"start":{"line":92,"column":4},"end":{"line":94,"column":5}},{"start":{"line":92,"column":4},"end":{"line":94,"column":5}}],"line":92},"4":{"loc":{"start":{"line":105,"column":4},"end":{"line":106,"column":63}},"type":"if","locations":[{"start":{"line":105,"column":4},"end":{"line":106,"column":63}},{"start":{"line":105,"column":4},"end":{"line":106,"column":63}}],"line":105},"5":{"loc":{"start":{"line":150,"column":4},"end":{"line":154,"column":24}},"type":"if","locations":[{"start":{"line":150,"column":4},"end":{"line":154,"column":24}},{"start":{"line":150,"column":4},"end":{"line":154,"column":24}}],"line":150},"6":{"loc":{"start":{"line":150,"column":8},"end":{"line":151,"column":70}},"type":"binary-expr","locations":[{"start":{"line":150,"column":8},"end":{"line":150,"column":28}},{"start":{"line":151,"column":8},"end":{"line":151,"column":70}}],"line":150},"7":{"loc":{"start":{"line":153,"column":9},"end":{"line":154,"column":24}},"type":"if","locations":[{"start":{"line":153,"column":9},"end":{"line":154,"column":24}},{"start":{"line":153,"column":9},"end":{"line":154,"column":24}}],"line":153},"8":{"loc":{"start":{"line":210,"column":16},"end":{"line":210,"column":53}},"type":"binary-expr","locations":[{"start":{"line":210,"column":16},"end":{"line":210,"column":31}},{"start":{"line":210,"column":35},"end":{"line":210,"column":53}}],"line":210},"9":{"loc":{"start":{"line":215,"column":17},"end":{"line":215,"column":57}},"type":"cond-expr","locations":[{"start":{"line":215,"column":24},"end":{"line":215,"column":50}},{"start":{"line":215,"column":53},"end":{"line":215,"column":57}}],"line":215}},"s":{"0":5,"1":5,"2":5,"3":5,"4":5,"5":5,"6":5,"7":5,"8":21,"9":21,"10":21,"11":21,"12":21,"13":21,"14":21,"15":0,"16":21,"17":21,"18":21,"19":21,"20":0,"21":0,"22":0,"23":0,"24":0,"25":0,"26":0,"27":0,"28":0,"29":0,"30":0,"31":0,"32":0,"33":0,"34":0,"35":0,"36":0,"37":0,"38":0,"39":0,"40":0,"41":0,"42":0,"43":0,"44":0,"45":9,"46":7,"47":9,"48":4,"49":4,"50":10,"51":10,"52":0,"53":0,"54":0,"55":0,"56":0,"57":0,"58":0,"59":0,"60":0,"61":0,"62":0,"63":0,"64":0,"65":0,"66":0,"67":33,"68":33,"69":33,"70":33,"71":33,"72":33,"73":33,"74":33,"75":33,"76":33,"77":0,"78":0,"79":0,"80":0,"81":0,"82":0,"83":0,"84":0,"85":0,"86":0,"87":12,"88":0,"89":0,"90":0,"91":0,"92":0,"93":0,"94":0,"95":0,"96":33,"97":0,"98":0,"99":9,"100":0,"101":0,"102":0,"103":0,"104":0,"105":5},"f":{"0":21,"1":0,"2":0,"3":0,"4":0,"5":0,"6":0,"7":0,"8":0,"9":9,"10":4,"11":4,"12":10,"13":0,"14":0,"15":0,"16":0,"17":0,"18":0,"19":0,"20":0,"21":33,"22":0,"23":12,"24":0,"25":0,"26":0,"27":0,"28":0,"29":0,"30":33,"31":0,"32":0,"33":9,"34":0},"b":{"0":[0,21],"1":[0,0],"2":[0,0],"3":[0,0],"4":[7,2],"5":[0,0],"6":[0,0],"7":[0,0],"8":[0,0],"9":[0,0]},"_coverageSchema":"332fd63041d2c1bcb487cc26dd0d5f7d97098a6c","hash":"24dc9cdac974674ef2c74198d1025ae7735d763d"}
,"/Users/elyahove/wdir/red_tetris/src/server/models/GameMode.js": {"path":"/Users/elyahove/wdir/red_tetris/src/server/models/GameMode.js","statementMap":{"0":{"start":{"line":1,"column":21},"end":{"line":1,"column":38}},"1":{"start":{"line":2,"column":15},"end":{"line":2,"column":35}},"2":{"start":{"line":6,"column":4},"end":{"line":6,"column":12}},"3":{"start":{"line":7,"column":4},"end":{"line":7,"column":21}},"4":{"start":{"line":11,"column":4},"end":{"line":12,"column":14}},"5":{"start":{"line":12,"column":6},"end":{"line":12,"column":14}},"6":{"start":{"line":13,"column":4},"end":{"line":13,"column":25}},"7":{"start":{"line":14,"column":4},"end":{"line":14,"column":23}},"8":{"start":{"line":15,"column":4},"end":{"line":15,"column":25}},"9":{"start":{"line":19,"column":4},"end":{"line":19,"column":27}},"10":{"start":{"line":20,"column":4},"end":{"line":20,"column":23}},"11":{"start":{"line":21,"column":4},"end":{"line":21,"column":21}},"12":{"start":{"line":22,"column":4},"end":{"line":22,"column":23}},"13":{"start":{"line":26,"column":4},"end":{"line":26,"column":48}},"14":{"start":{"line":30,"column":4},"end":{"line":30,"column":48}},"15":{"start":{"line":34,"column":4},"end":{"line":34,"column":48}},"16":{"start":{"line":38,"column":4},"end":{"line":38,"column":41}},"17":{"start":{"line":39,"column":4},"end":{"line":39,"column":71}},"18":{"start":{"line":40,"column":4},"end":{"line":40,"column":63}},"19":{"start":{"line":44,"column":4},"end":{"line":45,"column":14}},"20":{"start":{"line":45,"column":6},"end":{"line":45,"column":14}},"21":{"start":{"line":46,"column":4},"end":{"line":46,"column":43}},"22":{"start":{"line":47,"column":4},"end":{"line":47,"column":35}},"23":{"start":{"line":52,"column":0},"end":{"line":52,"column":26}}},"fnMap":{"0":{"name":"(anonymous_0)","decl":{"start":{"line":5,"column":2},"end":{"line":5,"column":3}},"loc":{"start":{"line":5,"column":20},"end":{"line":8,"column":3}},"line":5},"1":{"name":"(anonymous_1)","decl":{"start":{"line":10,"column":2},"end":{"line":10,"column":3}},"loc":{"start":{"line":10,"column":16},"end":{"line":16,"column":3}},"line":10},"2":{"name":"(anonymous_2)","decl":{"start":{"line":18,"column":2},"end":{"line":18,"column":3}},"loc":{"start":{"line":18,"column":11},"end":{"line":23,"column":3}},"line":18},"3":{"name":"(anonymous_3)","decl":{"start":{"line":25,"column":2},"end":{"line":25,"column":3}},"loc":{"start":{"line":25,"column":11},"end":{"line":27,"column":3}},"line":25},"4":{"name":"(anonymous_4)","decl":{"start":{"line":29,"column":2},"end":{"line":29,"column":3}},"loc":{"start":{"line":29,"column":16},"end":{"line":31,"column":3}},"line":29},"5":{"name":"(anonymous_5)","decl":{"start":{"line":33,"column":2},"end":{"line":33,"column":3}},"loc":{"start":{"line":33,"column":16},"end":{"line":35,"column":3}},"line":33},"6":{"name":"(anonymous_6)","decl":{"start":{"line":37,"column":2},"end":{"line":37,"column":3}},"loc":{"start":{"line":37,"column":18},"end":{"line":41,"column":3}},"line":37},"7":{"name":"(anonymous_7)","decl":{"start":{"line":43,"column":2},"end":{"line":43,"column":3}},"loc":{"start":{"line":43,"column":20},"end":{"line":48,"column":3}},"line":43}},"branchMap":{"0":{"loc":{"start":{"line":11,"column":4},"end":{"line":12,"column":14}},"type":"if","locations":[{"start":{"line":11,"column":4},"end":{"line":12,"column":14}},{"start":{"line":11,"column":4},"end":{"line":12,"column":14}}],"line":11},"1":{"loc":{"start":{"line":44,"column":4},"end":{"line":45,"column":14}},"type":"if","locations":[{"start":{"line":44,"column":4},"end":{"line":45,"column":14}},{"start":{"line":44,"column":4},"end":{"line":45,"column":14}}],"line":44}},"s":{"0":6,"1":6,"2":39,"3":39,"4":2,"5":1,"6":1,"7":1,"8":1,"9":1,"10":1,"11":1,"12":1,"13":1,"14":1,"15":1,"16":1,"17":1,"18":1,"19":2,"20":1,"21":1,"22":1,"23":6},"f":{"0":39,"1":2,"2":1,"3":1,"4":1,"5":1,"6":1,"7":2},"b":{"0":[1,1],"1":[1,1]},"_coverageSchema":"332fd63041d2c1bcb487cc26dd0d5f7d97098a6c","hash":"c863531e2cfd201d645a7dfaa12069d564ad80b3"}
,"/Users/elyahove/wdir/red_tetris/src/server/models/Player.js": {"path":"/Users/elyahove/wdir/red_tetris/src/server/models/Player.js","statementMap":{"0":{"start":{"line":2,"column":20},"end":{"line":2,"column":62}},"1":{"start":{"line":3,"column":18},"end":{"line":3,"column":51}},"2":{"start":{"line":4,"column":16},"end":{"line":4,"column":47}},"3":{"start":{"line":5,"column":19},"end":{"line":5,"column":54}},"4":{"start":{"line":6,"column":15},"end":{"line":6,"column":32}},"5":{"start":{"line":7,"column":15},"end":{"line":7,"column":35}},"6":{"start":{"line":9,"column":20},"end":{"line":14,"column":1}},"7":{"start":{"line":18,"column":4},"end":{"line":18,"column":17}},"8":{"start":{"line":19,"column":4},"end":{"line":19,"column":24}},"9":{"start":{"line":20,"column":4},"end":{"line":20,"column":43}},"10":{"start":{"line":21,"column":4},"end":{"line":21,"column":47}},"11":{"start":{"line":21,"column":41},"end":{"line":21,"column":45}},"12":{"start":{"line":22,"column":4},"end":{"line":22,"column":25}},"13":{"start":{"line":30,"column":4},"end":{"line":30,"column":29}},"14":{"start":{"line":34,"column":4},"end":{"line":34,"column":23}},"15":{"start":{"line":35,"column":4},"end":{"line":35,"column":25}},"16":{"start":{"line":39,"column":4},"end":{"line":39,"column":22}},"17":{"start":{"line":43,"column":4},"end":{"line":47,"column":6}},"18":{"start":{"line":48,"column":4},"end":{"line":48,"column":31}},"19":{"start":{"line":49,"column":4},"end":{"line":49,"column":32}},"20":{"start":{"line":50,"column":4},"end":{"line":50,"column":70}},"21":{"start":{"line":54,"column":4},"end":{"line":54,"column":37}},"22":{"start":{"line":55,"column":4},"end":{"line":55,"column":32}},"23":{"start":{"line":59,"column":4},"end":{"line":59,"column":29}},"24":{"start":{"line":63,"column":4},"end":{"line":63,"column":32}},"25":{"start":{"line":64,"column":4},"end":{"line":64,"column":29}},"26":{"start":{"line":68,"column":4},"end":{"line":69,"column":19}},"27":{"start":{"line":69,"column":6},"end":{"line":69,"column":19}},"28":{"start":{"line":71,"column":4},"end":{"line":71,"column":35}},"29":{"start":{"line":73,"column":4},"end":{"line":75,"column":5}},"30":{"start":{"line":74,"column":6},"end":{"line":74,"column":77}},"31":{"start":{"line":77,"column":4},"end":{"line":93,"column":5}},"32":{"start":{"line":83,"column":6},"end":{"line":91,"column":7}},"33":{"start":{"line":84,"column":8},"end":{"line":84,"column":33}},"34":{"start":{"line":85,"column":8},"end":{"line":85,"column":40}},"35":{"start":{"line":86,"column":8},"end":{"line":90,"column":9}},"36":{"start":{"line":87,"column":10},"end":{"line":87,"column":29}},"37":{"start":{"line":89,"column":10},"end":{"line":89,"column":22}},"38":{"start":{"line":92,"column":6},"end":{"line":92,"column":19}},"39":{"start":{"line":95,"column":4},"end":{"line":95,"column":47}},"40":{"start":{"line":96,"column":4},"end":{"line":96,"column":47}},"41":{"start":{"line":98,"column":4},"end":{"line":98,"column":32}},"42":{"start":{"line":99,"column":4},"end":{"line":99,"column":16}},"43":{"start":{"line":103,"column":4},"end":{"line":104,"column":19}},"44":{"start":{"line":104,"column":6},"end":{"line":104,"column":19}},"45":{"start":{"line":106,"column":4},"end":{"line":106,"column":35}},"46":{"start":{"line":108,"column":25},"end":{"line":108,"column":112}},"47":{"start":{"line":110,"column":4},"end":{"line":111,"column":19}},"48":{"start":{"line":111,"column":6},"end":{"line":111,"column":19}},"49":{"start":{"line":113,"column":4},"end":{"line":113,"column":69}},"50":{"start":{"line":114,"column":4},"end":{"line":114,"column":32}},"51":{"start":{"line":115,"column":4},"end":{"line":115,"column":16}},"52":{"start":{"line":119,"column":4},"end":{"line":120,"column":19}},"53":{"start":{"line":120,"column":6},"end":{"line":120,"column":19}},"54":{"start":{"line":122,"column":4},"end":{"line":122,"column":30}},"55":{"start":{"line":124,"column":22},"end":{"line":127,"column":10}},"56":{"start":{"line":125,"column":6},"end":{"line":126,"column":33}},"57":{"start":{"line":126,"column":8},"end":{"line":126,"column":33}},"58":{"start":{"line":128,"column":4},"end":{"line":128,"column":16}},"59":{"start":{"line":132,"column":4},"end":{"line":132,"column":52}},"60":{"start":{"line":136,"column":23},"end":{"line":136,"column":67}},"61":{"start":{"line":138,"column":4},"end":{"line":142,"column":5}},"62":{"start":{"line":139,"column":6},"end":{"line":140,"column":18}},"63":{"start":{"line":140,"column":8},"end
[...]
,"/Users/elyahove/wdir/red_tetris/src/server/models/Room.js": {"path":"/Users/elyahove/wdir/red_tetris/src/server/models/Room.js","statementMap":{"0":{"start":{"line":3,"column":20},"end":{"line":3,"column":54}},"1":{"start":{"line":4,"column":24},"end":{"line":4,"column":65}},"2":{"start":{"line":5,"column":25},"end":{"line":5,"column":42}},"3":{"start":{"line":6,"column":15},"end":{"line":6,"column":35}},"4":{"start":{"line":7,"column":15},"end":{"line":7,"column":32}},"5":{"start":{"line":9,"column":19},"end":{"line":14,"column":1}},"6":{"start":{"line":18,"column":4},"end":{"line":18,"column":12}},"7":{"start":{"line":19,"column":4},"end":{"line":19,"column":17}},"8":{"start":{"line":20,"column":4},"end":{"line":20,"column":27}},"9":{"start":{"line":21,"column":4},"end":{"line":21,"column":22}},"10":{"start":{"line":22,"column":4},"end":{"line":22,"column":26}},"11":{"start":{"line":23,"column":4},"end":{"line":23,"column":28}},"12":{"start":{"line":24,"column":4},"end":{"line":24,"column":29}},"13":{"start":{"line":25,"column":4},"end":{"line":25,"column":39}},"14":{"start":{"line":29,"column":4},"end":{"line":30,"column":19}},"15":{"start":{"line":30,"column":6},"end":{"line":30,"column":19}},"16":{"start":{"line":32,"column":4},"end":{"line":33,"column":19}},"17":{"start":{"line":33,"column":6},"end":{"line":33,"column":19}},"18":{"start":{"line":35,"column":4},"end":{"line":36,"column":34}},"19":{"start":{"line":36,"column":6},"end":{"line":36,"column":34}},"20":{"start":{"line":38,"column":4},"end":{"line":38,"column":38}},"21":{"start":{"line":39,"column":4},"end":{"line":39,"column":51}},"22":{"start":{"line":40,"column":4},"end":{"line":40,"column":27}},"23":{"start":{"line":41,"column":4},"end":{"line":41,"column":16}},"24":{"start":{"line":45,"column":4},"end":{"line":46,"column":19}},"25":{"start":{"line":45,"column":35},"end":{"line":45,"column":60}},"26":{"start":{"line":46,"column":6},"end":{"line":46,"column":19}},"27":{"start":{"line":48,"column":26},"end":{"line":48,"column":78}},"28":{"start":{"line":48,"column":52},"end":{"line":48,"column":77}},"29":{"start":{"line":49,"column":4},"end":{"line":49,"column":52}},"30":{"start":{"line":51,"column":4},"end":{"line":51,"column":74}},"31":{"start":{"line":51,"column":47},"end":{"line":51,"column":72}},"32":{"start":{"line":53,"column":4},"end":{"line":54,"column":31}},"33":{"start":{"line":54,"column":6},"end":{"line":54,"column":31}},"34":{"start":{"line":56,"column":4},"end":{"line":56,"column":27}},"35":{"start":{"line":57,"column":4},"end":{"line":57,"column":16}},"36":{"start":{"line":61,"column":4},"end":{"line":63,"column":6}},"37":{"start":{"line":65,"column":4},"end":{"line":66,"column":50}},"38":{"start":{"line":66,"column":6},"end":{"line":66,"column":50}},"39":{"start":{"line":68,"column":19},"end":{"line":72,"column":5}},"40":{"start":{"line":74,"column":17},"end":{"line":74,"column":52}},"41":{"start":{"line":75,"column":4},"end":{"line":75,"column":60}},"42":{"start":{"line":76,"column":4},"end":{"line":76,"column":21}},"43":{"start":{"line":78,"column":4},"end":{"line":78,"column":25}},"44":{"start":{"line":79,"column":4},"end":{"line":79,"column":26}},"45":{"start":{"line":81,"column":4},"end":{"line":81,"column":44}},"46":{"start":{"line":85,"column":4},"end":{"line":85,"column":64}},"47":{"start":{"line":86,"column":4},"end":{"line":89,"column":5}},"48":{"start":{"line":87,"column":6},"end":{"line":87,"column":37}},"49":{"start":{"line":88,"column":6},"end":{"line":88,"column":52}},"50":{"start":{"line":93,"column":4},"end":{"line":93,"column":30}},"51":{"start":{"line":97,"column":4},"end":{"line":103,"column":6}},"52":{"start":{"line":101,"column":41},"end":{"line":101,"column":94}},"53":{"start":{"line":107,"column":4},"end":{"line":111,"column":6}},"54":{"start":{"line":109,"column":22},"end":{"line":109,"column":75}},"55":{"start":{"line":115,"column":4},"end":{"line":115,"column":60}},"56":{"start":{"line":119,"column":4},"end":{"line":123,"column":6}},"57":{"start":{"line":124,"column":4},"end":{"line":124,"column":79}},"58":{"start":{"line":125,"column":4},"end":{"line":125,"column":77}},"59":{"start":{"line":126,"column":4},"end":{"line":126,"column":70}},"60":{"start":{"line":130,"column":4},"end":{"line":130,"column":91}},"61":{"start":{"line":131,"column":4},"end":{"line":131,"column":89}},"62":{"start":{"line":132,"column":4},"end":{"line":132,"column":82}},"63":{"start":{"line":133,"column":4},"end":{"line":133,"column":37}},"64":{"start":{"line":137,"column":4},"end":{"line":137,"column":40}},"65":{"start":{"line":139,"column":4},"end":{"line":139,"column":27}},"66":{"start":{"line":140,"column":4},"end":{"line":140,"column":23}},"67":{"start":{"line":141,"column":4},"end":{"line":141,"column":27}},"68":{"start":{"line":142,"column":4},"end":{"line":142,"column":13}},"69":{"start":{"line":146,"column":4},"end":{"line":146,"column":60}},"70":{"start":{"line":147,"column":4},"end":{"line":147,"column":72}},"71":{"start":{"line":151,"column":4},"end":{"line":151,"column":66}},"72":{"start":{"line":152,"column":4},"end":{"line":152,"column":38}},"73":{"start":{"line":153,"column":4},"end":{"line":153,"column":31}},"74":{"start":{"line":157,"column":4},"end":{"line":157,"column":62}},"75":{"start":{"line":161,"column":4},"end":{"line":161,"column":38}},"76":{"start":{"line":165,"column":0},"end":{"line":165,"column":22}}},"fnMap":{"0":{"name":"(anonymous_0)","decl":{"start":{"line":17,"column":2},"end":{"line":17,"column":3}},"loc":{"start":{"line":17,"column":28},"end":{"line":26,"column":3}},"line":17},"1":{"name":"(anonymous_1)","decl":{"start":{"line":28,"column":2},"end":{"line":28,"column":3}},"loc":{"start":{"line":28,"column":27},"end":{"line":42,"column":3}},"line":28},"2":{"name":"(anonymous_2)","decl":{"start":{"line":44,"column":2},"end":{"line":44,"column":3}},"loc":{"start":{"line":44,"column":27},"end":{"line":58,"column":3}},"line":44},"3":{"name":"(anonymous_3)","decl":{"start":{"line":45,"column":27},"end":{"line":45,"column":28}},"loc":{"start":{"line":45,"column":35},"end":{"line":45,"column":60}},"line":45},"4":{"name":"(anonymous_4)","decl":{"start":{"line":48,"column":44},"end":{"line":48,"column":45}},"loc":{"start":{"line":48,"column":52},"end":{"line":48,"column":77}},"line":48},"5":{"name":"(anonymous_5)","decl":{"start":{"line":51,"column":39},"end":{"line":51,"column":40}},"loc":{"start":{"line":51,"column":47},"end":{"line":51,"column":72}},"line":51},"6":{"name":"(anonymous_6)","decl":{"start":{"line":60,"column":2},"end":{"line":60,"column":3}},"loc":{"start":{"line":60,"column":23},"end":{"line":82,"column":3}},"line":60},"7":{"name":"(anonymous_7)","decl":{"start":{"line":84,"column":2},"end":{"line":84,"column":3}},"loc":{"start":{"line":84,"column":27},"end":{"line":90,"column":3}},"line":84},"8":{"name":"(anonymous_8)","decl":{"start":{"line":92,"column":2},"end":{"line":92,"column":3}},"loc":{"start":{"line":92,"column":16},"end":{"line":94,"column":3}},"line":92},"9":{"name":"(anonymous_9)","decl":{"start":{"line":96,"column":2},"end":{"line":96,"column":3}},"loc":{"start":{"line":96,"column":16},"end":{"line":104,"column":3}},"line":96},"10":{"name":"(anonymous_10)","decl":{"start":{"line":101,"column":32},"end":{"line":101,"column":33}},"loc":{"start":{"line":101,"column":41},"end":{"line":101,"column":94}},"line":101},"11":{"name":"(anonymous_11)","decl":{"start":{"line":106,"column":2},"end":{"line":106,"column":3}},"loc":{"start":{"line":106,"column":31},"end":{"line":112,"column":3}},"line":106},"12":{"name":"(anonymous_12)","decl":{"start":{"line":109,"column":14},"end":{"line":109,"column":15}},"loc":{"start":{"line":109,"column":22},"end":{"line":109,"column":75}},"line":109},"13":{"name":"(anonymous_13)","decl":{"start":{"line":114,"column":2},"end":{"line":114,"column":3}},"loc":{"start":{"line":114,"column":20},"end":{"line":116,"column":3}},"line":114},"14":{"name":"(anonymous_14)","decl":{"start":{"line":118,"column":2},"end":{"line":118,"column":3}},"loc":{"start":{"line":118,"column":36},"end":{"line":127,"column":3}},"line":118},"15":{"name":"(anonymous_15)","decl":{"start":{"line":129,"column":2},"end":{"line":129,"column":3}},"loc":{"start":{"line":129,"column":38},"end":{"line":134,"column":3}},"line":129},"16":{"name":"(anonymous_16)","decl":{"start":{"line":136,"column":2},"end":{"line":136,"column":3}},"loc":{"start":{"line":136,"column":24},"end":{"line":143,"column":3}},"line":136},"17":{"name":"(anonymous_17)","decl":{"start":{"line":145,"column":2},"end":{"line":145,"column":3}},"loc":{"start":{"line":145,"column":22},"end":{"line":148,"column":3}},"line":145},"18":{"name":"(anonymous_18)","decl":{"start":{"line":150,"column":2},"end":{"line":150,"column":3}},"loc":{"start":{"line":150,"column":25},"end":{"line":154,"column":3}},"line":150},"19":{"name":"(anonymous_19)","decl":{"start":{"line":156,"column":2},"end":{"line":156,"column":3}},"loc":{"start":{"line":156,"column":16},"end":{"line":158,"column":3}},"line":156},"20":{"name":"(anonymous_20)","decl":{"start":{"line":160,"column":2},"end":{"line":160,"column":3}},"loc":{"start":{"line":160,"column":22},"end":{"line":162,"column":3}},"line":160}},"branchMap":{"0":{"loc":{"start":{"line":29,"column":4},"end":{"line":30,"column":19}},"type":"if","locations":[{"start":{"line":29,"column":4},"end":{"line":30,"column":19}},{"start":{"line":29,"column":4},"end":{"line":30,"column":19}}],"line":29},"1":{"loc":{"start":{"line":32,"column":4},"end":{"line":33,"column":19}},"type":"if","locations":[{"start":{"line":32,"column":4},"end":{"line":33,"column":19}},{"start":{"line":32,"column":4},"end":{"line":33,"column":19}}],"line":32},"2":{"loc":{"start":{"line":35,"column":4},"end":{"line":36,"column":34}},"type":"if","locations":[{"start":{"line":35,"column":4},"end":{"line":36,"column":34}},{"start":{"line":35,"column":4},"end":{"line":36,"column":34}}],"line":35},"3":{"loc":{"start":{"line":45,"column":4},"end":{"line":46,"column":19}},"type":"if","locations":[{"start":{"line":45,"column":4},"end":{"line":46,"column":19}},{"start":{"line":45,"column":4},"end":{"line":46,"column":19}}],"line":45},"4":{"loc":{"start":{"line":53,"column":4},"end":{"line":54,"column":31}},"type":"if","locations":[{"start":{"line":53,"column":4},"end":{"line":54,"column":31}},{"start":{"line":53,"column":4},"end":{"line":54,"column":31}}],"line":53},"5":{"loc":{"start":{"line":65,"column":4},"end":{"line":66,"column":50}},"type":"if","locations":[{"start":{"line":65,"column":4},"end":{"line":66,"column":50}},{"start":{"line":65,"column":4},"end":{"line":66,"column":50}}],"line":65},"6":{"loc":{"start":{"line":86,"column":4},"end":{"line":89,"column":5}},"type":"if","locations":[{"start":{"line":86,"column":4},"end":{"line":89,"column":5}},{"start":{"line":86,"column":4},"end":{"line":89,"column":5}}],"line":86},"7":{"loc":{"start":{"line":86,"column":8},"end":{"line":86,"column":85}},"type":"binary-expr","locations":[{"start":{"line":86,"column":8},"end":{"line":86,"column":23}},{"start":{"line":86,"column":27},"end":{"line":86,"column":40}},{"start":{"line":86,"column":44},"end":{"line":86,"column":85}}],"line":86},"8":{"loc":{"start":{"line":100,"column":16},"end":{"line":100,"column":63}},"type":"binary-expr","locations":[{"start":{"line":100,"column":17},"end":{"line":100,"column":32}},{"start":{"line":100,"column":36},"end":{"line":100,"column":54}},{"start":{"line":100,"column":59},"end":{"line":100,"column":63}}],"line":100},"9":{"loc":{"start":{"line":157,"column":4},"end":{"line":157,"column":61}},"type":"binary-expr","locations":[{"start":{"line":157,"column":4},"end":{"line":157,"column":26}},{"start":{"line":157,"column":30},"end":{"line":157,"column":61}}],"line":157}},"s":{"0":5,"1":5,"2":5,"3":5,"4":5,"5":5,"6":25,"7":25,"8":25,"9":25,"10":25,"11":25,"12":25,"13":25,"14":21,"15":1,"16":20,"17":0,"18":20,"19":12,"20":20,"21":20,"22":20,"23":20,"24":12,"25":11,"26":1,"27":11,"28":11,"29":11,"30":11,"31":21,"32":11,"33":7,"34":11,"35":11,"36":0,"37":0,"38":0,"39":0,"40":0,"41":0,"42":0,"43":0,"44":0,"45":0,"46":1,"47":1,"48":0,"49":0,"50":0,"51":1268,"52":742,"53":0,"54":0,"55":31,"56":20,"57":20,"58":20,"59":20,"60":11,"61":11,"62":11,"63":11,"64":0,"65":0,"66":0,"67":0,"68":0,"69":32,"70":32,"71":12,"72":12,"73":12,"74":0,"75":25,"76":5},"f":{"0":25,"1":21,"2":12,"3":11,"4":11,"5":21,"6":0,"7":1,"8":0,"9":1268,"10":742,"11":0,"12":0,"13":31,"14":20,"15":11,"16":0,"17":32,"18":12,"19":0,"20":25},"b":{"0":[1,20],"1":[0,20],"2":[12,8],"3":[1,11],"4":[7,4],"5":[0,0],"6":[0,1],"7":[1,1,0],"8":[1268,334,934],"9":[0,0]},"_coverageSchema":"332fd63041d2c1bcb487cc26dd0d5f7d97098a6c","hash":"7fe4797fdae4caffc36f3b40ef7c1f6f2ef5057a"}
,"/Users/elyahove/wdir/red_tetris/src/server/models/User.js": {"path":"/Users/elyahove/wdir/red_tetris/src/server/models/User.js","statementMap":{"0":{"start":{"line":3,"column":4},"end":{"line":3,"column":17}},"1":{"start":{"line":4,"column":4},"end":{"line":4,"column":20}},"2":{"start":{"line":8,"column":4},"end":{"line":10,"column":5}},"3":{"start":{"line":9,"column":6},"end":{"line":9,"column":25}},"4":{"start":{"line":14,"column":4},"end":{"line":14,"column":45}},"5":{"start":{"line":18,"column":0},"end":{"line":18,"column":22}}},"fnMap":{"0":{"name":"(anonymous_0)","decl":{"start":{"line":2,"column":2},"end":{"line":2,"column":3}},"loc":{"start":{"line":2,"column":18},"end":{"line":5,"column":3}},"line":2},"1":{"name":"(anonymous_1)","decl":{"start":{"line":7,"column":2},"end":{"line":7,"column":3}},"loc":{"start":{"line":7,"column":18},"end":{"line":11,"column":3}},"line":7},"2":{"name":"(anonymous_2)","decl":{"start":{"line":13,"column":2},"end":{"line":13,"column":3}},"loc":{"start":{"line":13,"column":13},"end":{"line":15,"column":3}},"line":13}},"branchMap":{"0":{"loc":{"start":{"line":8,"column":4},"end":{"line":10,"column":5}},"type":"if","locations":[{"start":{"line":8,"column":4},"end":{"line":10,"column":5}},{"start":{"line":8,"column":4},"end":{"line":10,"column":5}}],"line":8},"1":{"loc":{"start":{"line":14,"column":11},"end":{"line":14,"column":44}},"type":"cond-expr","locations":[{"start":{"line":14,"column":24},"end":{"line":14,"column":34}},{"start":{"line":14,"column":37},"end":{"line":14,"column":44}}],"line":14}},"s":{"0":104,"1":104,"2":5,"3":4,"4":748,"5":7},"f":{"0":104,"1":5,"2":748},"b":{"0":[4,1],"1":[747,1]},"_coverageSchema":"332fd63041d2c1bcb487cc26dd0d5f7d97098a6c","hash":"d42d5f9f63bee16dd32fc25950d9ac26f59354bb"}
,"/Users/elyahove/wdir/red_tetris/src/server/services/PieceService.js": {"path":"/Users/elyahove/wdir/red_tetris/src/server/services/PieceService.js","statementMap":{"0":{"start":{"line":1,"column":34},"end":{"line":1,"column":50}},"1":{"start":{"line":2,"column":19},"end":{"line":2,"column":57}},"2":{"start":{"line":3,"column":25},"end":{"line":3,"column":70}},"3":{"start":{"line":11,"column":4},"end":{"line":11,"column":43}},"4":{"start":{"line":15,"column":4},"end":{"line":15,"column":69}},"5":{"start":{"line":20,"column":0},"end":{"line":20,"column":36}}},"fnMap":{"0":{"name":"(anonymous_0)","decl":{"start":{"line":7,"column":2},"end":{"line":7,"column":3}},"loc":{"start":{"line":7,"column":16},"end":{"line":8,"column":3}},"line":7},"1":{"name":"(anonymous_1)","decl":{"start":{"line":10,"column":2},"end":{"line":10,"column":3}},"loc":{"start":{"line":10,"column":25},"end":{"line":12,"column":3}},"line":10},"2":{"name":"(anonymous_2)","decl":{"start":{"line":14,"column":2},"end":{"line":14,"column":3}},"loc":{"start":{"line":14,"column":24},"end":{"line":16,"column":3}},"line":14}},"branchMap":{},"s":{"0":6,"1":6,"2":6,"3":1,"4":8,"5":6},"f":{"0":6,"1":1,"2":8},"b":{},"_coverageSchema":"332fd63041d2c1bcb487cc26dd0d5f7d97098a6c","hash":"5977f3227ab8a178b736e592b51d299c609763b9"}
,"/Users/elyahove/wdir/red_tetris/src/server/services/UserService.js": {"path":"/Users/elyahove/wdir/red_tetris/src/server/services/UserService.js","statementMap":{"0":{"start":{"line":3,"column":15},"end":{"line":3,"column":32}},"1":{"start":{"line":4,"column":13},"end":{"line":4,"column":38}},"2":{"start":{"line":8,"column":4},"end":{"line":8,"column":20}},"3":{"start":{"line":12,"column":20},"end":{"line":12,"column":38}},"4":{"start":{"line":13,"column":4},"end":{"line":13,"column":37}},"5":{"start":{"line":14,"column":4},"end":{"line":14,"column":22}},"6":{"start":{"line":18,"column":4},"end":{"line":18,"column":26}},"7":{"start":{"line":22,"column":25},"end":{"line":22,"column":39}},"8":{"start":{"line":23,"column":4},"end":{"line":23,"column":30}},"9":{"start":{"line":23,"column":23},"end":{"line":23,"column":30}},"10":{"start":{"line":24,"column":4},"end":{"line":24,"column":26}},"11":{"start":{"line":29,"column":0},"end":{"line":29,"column":35}}},"fnMap":{"0":{"name":"(anonymous_0)","decl":{"start":{"line":7,"column":2},"end":{"line":7,"column":3}},"loc":{"start":{"line":7,"column":16},"end":{"line":9,"column":3}},"line":7},"1":{"name":"(anonymous_1)","decl":{"start":{"line":11,"column":2},"end":{"line":11,"column":3}},"loc":{"start":{"line":11,"column":15},"end":{"line":15,"column":3}},"line":11},"2":{"name":"(anonymous_2)","decl":{"start":{"line":17,"column":2},"end":{"line":17,"column":3}},"loc":{"start":{"line":17,"column":18},"end":{"line":19,"column":3}},"line":17},"3":{"name":"(anonymous_3)","decl":{"start":{"line":21,"column":2},"end":{"line":21,"column":3}},"loc":{"start":{"line":21,"column":17},"end":{"line":25,"column":3}},"line":21}},"branchMap":{"0":{"loc":{"start":{"line":23,"column":4},"end":{"line":23,"column":30}},"type":"if","locations":[{"start":{"line":23,"column":4},"end":{"line":23,"column":30}},{"start":{"line":23,"column":4},"end":{"line":23,"column":30}}],"line":23}},"s":{"0":6,"1":6,"2":6,"3":98,"4":98,"5":98,"6":824,"7":2,"8":2,"9":1,"10":1,"11":6},"f":{"0":6,"1":98,"2":824,"3":2},"b":{"0":[1,1]},"_coverageSchema":"332fd63041d2c1bcb487cc26dd0d5f7d97098a6c","hash":"73f8aa0fbc4a757b0a36b13545a0bfe3c059f934"}
}
