TN:
SF:/Users/elyahove/wdir/red_tetris/src/server/app.js
FN:12,(anonymous_0)
FNF:1
FNH:0
FNDA:0,(anonymous_0)
DA:1,1
DA:2,1
DA:3,1
DA:4,1
DA:6,1
DA:7,1
DA:11,1
DA:12,1
DA:14,1
LF:9
LH:9
BRF:0
BRH:0
end_of_record
TN:
SF:/Users/elyahove/wdir/red_tetris/src/server/index.js
FN:13,(anonymous_1)
FN:18,(anonymous_2)
FNF:2
FNH:0
FNDA:0,(anonymous_1)
FNDA:0,(anonymous_2)
DA:3,0
DA:4,0
DA:6,0
DA:7,0
DA:8,0
DA:10,0
DA:12,0
DA:13,0
DA:16,0
DA:18,0
LF:10
LH:0
BRDA:10,0,0,0
BRDA:10,0,1,0
BRDA:12,1,0,0
BRDA:12,1,1,0
BRF:4
BRH:0
end_of_record
TN:
SF:/Users/elyahove/wdir/red_tetris/src/server/logger.js
FN:5,(anonymous_0)
FNF:1
FNH:0
FNDA:0,(anonymous_0)
DA:3,7
DA:5,7
DA:6,7
DA:17,7
DA:19,7
LF:5
LH:5
BRDA:9,0,0,7
BRDA:9,0,1,0
BRF:2
BRH:1
end_of_record
TN:
SF:/Users/elyahove/wdir/red_tetris/src/server/controllers/GamesController.js
FN:8,(anonymous_0)
FN:10,(anonymous_1)
FN:13,(anonymous_2)
FN:20,(anonymous_3)
FN:24,(anonymous_4)
FNF:5
FNH:4
FNDA:5,(anonymous_0)
FNDA:0,(anonymous_1)
FNDA:9,(anonymous_2)
FNDA:3,(anonymous_3)
FNDA:2,(anonymous_4)
DA:3,5
DA:4,5
DA:5,5
DA:9,5
DA:10,5
DA:14,9
DA:15,9
DA:16,9
DA:17,9
DA:21,3
DA:25,2
DA:26,2
DA:27,1
DA:32,5
LF:14
LH:14
BRDA:13,0,0,8
BRDA:14,1,0,9
BRDA:14,1,1,1
BRDA:26,2,0,1
BRDA:26,2,1,1
BRF:5
BRH:5
end_of_record
TN:
SF:/Users/elyahove/wdir/red_tetris/src/server/controllers/MainController.js
FN:11,(anonymous_0)
FN:29,(anonymous_1)
FN:43,(anonymous_2)
FN:58,(anonymous_3)
FN:83,(anonymous_4)
FN:86,(anonymous_5)
FN:104,(anonymous_6)
FN:131,(anonymous_7)
FN:146,(anonymous_8)
FN:151,(anonymous_9)
FN:156,(anonymous_10)
FN:160,(anonymous_11)
FN:169,(anonymous_12)
FN:178,(anonymous_13)
FN:186,(anonymous_14)
FN:192,(anonymous_15)
FN:196,(anonymous_16)
FN:201,(anonymous_17)
FN:201,(anonymous_18)
FN:234,(anonymous_19)
FN:234,(anonymous_20)
FN:262,(anonymous_21)
FN:262,(anonymous_22)
FN:283,(anonymous_23)
FN:299,(anonymous_24)
FN:303,(anonymous_25)
FN:307,(anonymous_26)
FN:311,(anonymous_27)
FN:315,(anonymous_28)
FN:323,(anonymous_29)
FN:341,(anonymous_30)
FN:345,(anonymous_31)
FNF:32
FNH:13
FNDA:78,(anonymous_0)
FNDA:81,(anonymous_1)
FNDA:8,(anonymous_2)
FNDA:6,(anonymous_3)
FNDA:5,(anonymous_4)
FNDA:1,(anonymous_5)
FNDA:0,(anonymous_6)
FNDA:0,(anonymous_7)
FNDA:0,(anonymous_8)
FNDA:1140,(anonymous_9)
FNDA:50,(anonymous_10)
FNDA:8,(anonymous_11)
FNDA:8,(anonymous_12)
FNDA:20,(anonymous_13)
FNDA:0,(anonymous_14)
FNDA:0,(anonymous_15)
FNDA:0,(anonymous_16)
FNDA:0,(anonymous_17)
FNDA:0,(anonymous_18)
FNDA:0,(anonymous_19)
FNDA:0,(anonymous_20)
FNDA:0,(anonymous_21)
FNDA:0,(anonymous_22)
FNDA:0,(anonymous_23)
FNDA:0,(anonymous_24)
FNDA:0,(anonymous_25)
FNDA:0,(anonymous_26)
FNDA:0,(anonymous_27)
FNDA:0,(anonymous_28)
FNDA:0,(anonymous_29)
FNDA:13,(anonymous_30)
FNDA:8,(anonymous_31)
DA:3,5
DA:4,5
DA:5,5
DA:6,5
DA:7,5
DA:8,5
DA:12,78
DA:13,78
DA:14,78
DA:15,78
DA:16,78
DA:18,78
DA:21,78
DA:22,78
DA:24,78
DA:30,81
DA:31,81
DA:32,81
DA:33,81
DA:34,81
DA:35,81
DA:36,81
DA:37,81
DA:38,81
DA:39,81
DA:40,81
DA:44,8
DA:45,2
DA:46,2
DA:49,6
DA:50,6
DA:51,6
DA:59,6
DA:60,2
DA:61,2
DA:62,2
DA:65,4
DA:66,4
DA:67,4
DA:69,4
DA:71,4
DA:72,3
DA:73,3
DA:76,4
DA:84,5
DA:86,5
DA:88,5
DA:89,5
DA:91,5
DA:92,2
DA:93,2
DA:96,3
DA:97,3
DA:98,3
DA:100,0
DA:105,0
DA:107,0
DA:108,0
DA:109,0
DA:110,0
DA:111,0
DA:112,0
DA:113,0
DA:114,0
DA:115,0
DA:118,0
DA:121,0
DA:122,0
DA:123,0
DA:124,0
DA:126,0
DA:127,0
DA:132,0
DA:133,0
DA:134,0
DA:137,0
DA:138,0
DA:140,0
DA:142,0
DA:143,0
DA:147,0
DA:148,0
DA:152,1140
DA:153,1140
DA:157,50
DA:161,8
DA:162,8
DA:163,8
DA:164,4
DA:166,4
DA:170,8
DA:171,8
DA:172,4
DA:174,4
DA:175,4
DA:179,20
DA:182,20
DA:183,20
DA:187,0
DA:189,0
DA:193,0
DA:197,0
DA:198,0
DA:201,0
DA:202,0
DA:203,0
DA:204,0
DA:205,0
DA:208,0
DA:209,0
DA:210,0
DA:211,0
DA:214,0
DA:215,0
DA:216,0
DA:217,0
DA:218,0
DA:219,0
DA:220,0
DA:223,0
DA:224,0
DA:226,0
DA:227,0
DA:228,0
DA:231,0
DA:234,0
DA:235,0
DA:236,0
DA:237,0
DA:238,0
DA:241,0
DA:242,0
DA:243,0
DA:244,0
DA:247,0
DA:248,0
DA:249,0
DA:251,0
DA:252,0
DA:254,0
DA:255,0
DA:256,0
DA:259,0
DA:262,0
DA:263,0
DA:264,0
DA:265,0
DA:266,0
DA:269,0
DA:270,0
DA:272,0
DA:273,0
DA:275,0
DA:276,0
DA:277,0
DA:280,0
DA:284,0
DA:285,0
DA:287,0
DA:288,0
DA:290,0
DA:292,0
DA:300,0
DA:304,0
DA:308,0
DA:312,0
DA:316,0
DA:317,0
DA:319,0
DA:320,0
DA:324,0
DA:325,0
DA:326,0
DA:327,0
DA:328,0
DA:331,0
DA:332,0
DA:333,0
DA:334,0
DA:335,0
DA:336,0
DA:337,0
DA:342,13
DA:346,8
DA:350,5
LF:185
LH:73
BRDA:16,0,0,3
BRDA:16,0,1,75
BRDA:44,1,0,2
BRDA:44,1,1,6
BRDA:44,2,0,8
BRDA:44,2,1,7
BRDA:52,3,0,6
BRDA:52,3,1,0
BRDA:59,4,0,2
BRDA:59,4,1,4
BRDA:59,5,0,6
BRDA:59,5,1,5
BRDA:71,6,0,3
BRDA:71,6,1,1
BRDA:77,7,0,3
BRDA:77,7,1,1
BRDA:86,8,0,5
BRDA:86,8,1,1
BRDA:91,9,0,2
BRDA:91,9,1,3
BRDA:91,10,0,5
BRDA:91,10,1,4
BRDA:96,11,0,3
BRDA:96,11,1,0
BRDA:107,12,0,0
BRDA:107,12,1,0
BRDA:110,13,0,0
BRDA:110,13,1,0
BRDA:113,14,0,0
BRDA:113,14,1,0
BRDA:132,15,0,0
BRDA:132,15,1,0
BRDA:163,16,0,4
BRDA:163,16,1,4
BRDA:171,17,0,4
BRDA:171,17,1,4
BRDA:201,18,0,0
BRDA:202,19,0,0
BRDA:202,19,1,0
BRDA:202,20,0,0
BRDA:202,20,1,0
BRDA:208,21,0,0
BRDA:208,21,1,0
BRDA:216,22,0,0
BRDA:216,22,1,0
BRDA:226,23,0,0
BRDA:226,23,1,0
BRDA:234,24,0,0
BRDA:235,25,0,0
BRDA:235,25,1,0
BRDA:235,26,0,0
BRDA:235,26,1,0
BRDA:241,27,0,0
BRDA:241,27,1,0
BRDA:254,28,0,0
BRDA:254,28,1,0
BRDA:262,29,0,0
BRDA:263,30,0,0
BRDA:263,30,1,0
BRDA:275,31,0,0
BRDA:275,31,1,0
BRDA:284,32,0,0
BRDA:284,32,1,0
BRDA:326,33,0,0
BRDA:326,33,1,0
BRDA:331,34,0,0
BRDA:331,34,1,0
BRF:67
BRH:26
end_of_record
TN:
SF:/Users/elyahove/wdir/red_tetris/src/server/controllers/RoomsController.js
FN:15,(anonymous_0)
FN:19,(anonymous_1)
FN:24,(anonymous_2)
FN:31,(anonymous_3)
FN:39,(anonymous_4)
FN:43,(anonymous_5)
FN:44,(anonymous_6)
FN:47,(anonymous_7)
FN:55,(anonymous_8)
FN:63,(anonymous_9)
FN:69,(anonymous_10)
FN:73,(anonymous_11)
FN:81,(anonymous_12)
FNF:13
FNH:12
FNDA:5,(anonymous_0)
FNDA:0,(anonymous_1)
FNDA:25,(anonymous_2)
FNDA:3,(anonymous_3)
FNDA:6,(anonymous_4)
FNDA:142,(anonymous_5)
FNDA:1234,(anonymous_6)
FNDA:23,(anonymous_7)
FNDA:13,(anonymous_8)
FNDA:1,(anonymous_9)
FNDA:58,(anonymous_10)
FNDA:82,(anonymous_11)
FNDA:1,(anonymous_12)
DA:3,5
DA:4,5
DA:5,5
DA:6,5
DA:9,5
DA:16,5
DA:17,5
DA:18,5
DA:19,5
DA:20,0
DA:25,25
DA:26,25
DA:27,25
DA:28,25
DA:32,3
DA:33,3
DA:34,2
DA:35,2
DA:40,6
DA:44,1234
DA:48,23
DA:49,3
DA:51,20
DA:52,20
DA:56,13
DA:57,2
DA:59,11
DA:60,11
DA:64,1
DA:65,1
DA:70,58
DA:74,82
DA:75,82
DA:76,82
DA:82,1
DA:83,1
DA:89,5
LF:37
LH:36
BRDA:33,0,0,2
BRDA:33,0,1,1
BRDA:48,1,0,3
BRDA:48,1,1,20
BRDA:48,2,0,23
BRDA:48,2,1,21
BRDA:56,3,0,2
BRDA:56,3,1,11
BRDA:56,4,0,13
BRDA:56,4,1,12
BRDA:64,5,0,1
BRDA:64,5,1,0
BRF:12
BRH:11
end_of_record
TN:
SF:/Users/elyahove/wdir/red_tetris/src/server/controllers/ServerController.js
FN:9,(anonymous_0)
FN:15,(anonymous_1)
FN:27,(anonymous_2)
FNF:3
FNH:3
FNDA:1,(anonymous_0)
FNDA:3,(anonymous_1)
FNDA:1,(anonymous_2)
DA:4,1
DA:5,1
DA:6,1
DA:10,1
DA:11,1
DA:12,1
DA:16,3
DA:17,3
DA:18,3
DA:21,3
DA:23,3
DA:27,1
LF:12
LH:12
BRDA:17,0,0,3
BRDA:17,0,1,0
BRDA:17,1,0,3
BRDA:17,1,1,0
BRF:4
BRH:2
end_of_record
TN:
SF:/Users/elyahove/wdir/red_tetris/src/server/models/DefaultGameMode.js
FN:8,(anonymous_0)
FN:10,(anonymous_1)
FN:14,(anonymous_2)
FN:17,(anonymous_3)
FN:29,(anonymous_4)
FN:38,(anonymous_5)
FN:44,(anonymous_6)
FN:50,(anonymous_7)
FN:52,(anonymous_8)
FN:58,(anonymous_9)
FN:62,(anonymous_10)
FN:68,(anonymous_11)
FN:71,(anonymous_12)
FN:72,(anonymous_13)
FN:76,(anonymous_14)
FN:80,(anonymous_15)
FN:84,(anonymous_16)
FN:88,(anonymous_17)
FN:92,(anonymous_18)
FN:96,(anonymous_19)
FNF:20
FNH:19
FNDA:9,(anonymous_0)
FNDA:180,(anonymous_1)
FNDA:33,(anonymous_2)
FNDA:57,(anonymous_3)
FNDA:1,(anonymous_4)
FNDA:0,(anonymous_5)
FNDA:1,(anonymous_6)
FNDA:1,(anonymous_7)
FNDA:4,(anonymous_8)
FNDA:9,(anonymous_9)
FNDA:2,(anonymous_10)
FNDA:1,(anonymous_11)
FNDA:2,(anonymous_12)
FNDA:2,(anonymous_13)
FNDA:11,(anonymous_14)
FNDA:5,(anonymous_15)
FNDA:5,(anonymous_16)
FNDA:1,(anonymous_17)
FNDA:1,(anonymous_18)
FNDA:1,(anonymous_19)
DA:1,5
DA:2,5
DA:3,5
DA:4,5
DA:5,5
DA:9,9
DA:11,180
DA:15,33
DA:17,57
DA:30,1
DA:31,1
DA:33,1
DA:35,1
DA:37,0
DA:38,0
DA:39,0
DA:45,1
DA:46,1
DA:47,1
DA:53,4
DA:54,8
DA:59,9
DA:63,2
DA:64,4
DA:69,1
DA:70,1
DA:71,2
DA:72,2
DA:73,1
DA:77,11
DA:81,5
DA:85,5
DA:89,1
DA:93,1
DA:97,1
DA:101,5
LF:36
LH:33
BRDA:8,0,0,9
BRDA:8,1,0,9
BRDA:30,2,0,1
BRDA:30,2,1,1
BRDA:35,3,0,0
BRDA:35,3,1,1
BRF:6
BRH:5
end_of_record
TN:
SF:/Users/elyahove/wdir/red_tetris/src/server/models/Game.js
FN:26,(anonymous_0)
FN:46,(anonymous_1)
FN:50,(anonymous_2)
FN:54,(anonymous_3)
FN:58,(anonymous_4)
FN:68,(anonymous_5)
FN:87,(anonymous_6)
FN:88,(anonymous_7)
FN:91,(anonymous_8)
FN:104,(anonymous_9)
FN:110,(anonymous_10)
FN:116,(anonymous_11)
FN:122,(anonymous_12)
FN:129,(anonymous_13)
FN:134,(anonymous_14)
FN:139,(anonymous_15)
FN:144,(anonymous_16)
FN:149,(anonymous_17)
FN:151,(anonymous_18)
FN:153,(anonymous_19)
FN:157,(anonymous_20)
FN:161,(anonymous_21)
FN:185,(anonymous_22)
FN:198,(anonymous_23)
FN:202,(anonymous_24)
FN:203,(anonymous_25)
FN:206,(anonymous_26)
FN:212,(anonymous_27)
FN:217,(anonymous_28)
FN:222,(anonymous_29)
FN:226,(anonymous_30)
FN:230,(anonymous_31)
FN:231,(anonymous_32)
FN:243,(anonymous_33)
FN:247,(anonymous_34)
FNF:35
FNH:9
FNDA:21,(anonymous_0)
FNDA:0,(anonymous_1)
FNDA:0,(anonymous_2)
FNDA:0,(anonymous_3)
FNDA:0,(anonymous_4)
FNDA:0,(anonymous_5)
FNDA:0,(anonymous_6)
FNDA:0,(anonymous_7)
FNDA:0,(anonymous_8)
FNDA:9,(anonymous_9)
FNDA:4,(anonymous_10)
FNDA:4,(anonymous_11)
FNDA:10,(anonymous_12)
FNDA:0,(anonymous_13)
FNDA:0,(anonymous_14)
FNDA:0,(anonymous_15)
FNDA:0,(anonymous_16)
FNDA:0,(anonymous_17)
FNDA:0,(anonymous_18)
FNDA:0,(anonymous_19)
FNDA:0,(anonymous_20)
FNDA:33,(anonymous_21)
FNDA:0,(anonymous_22)
FNDA:12,(anonymous_23)
FNDA:0,(anonymous_24)
FNDA:0,(anonymous_25)
FNDA:0,(anonymous_26)
FNDA:0,(anonymous_27)
FNDA:0,(anonymous_28)
FNDA:0,(anonymous_29)
FNDA:33,(anonymous_30)
FNDA:0,(anonymous_31)
FNDA:0,(anonymous_32)
FNDA:9,(anonymous_33)
FNDA:0,(anonymous_34)
DA:1,5
DA:2,5
DA:3,5
DA:4,5
DA:5,5
DA:6,5
DA:7,5
DA:10,5
DA:27,21
DA:29,21
DA:31,21
DA:32,21
DA:33,21
DA:34,21
DA:35,21
DA:36,0
DA:38,21
DA:39,21
DA:40,21
DA:43,21
DA:47,0
DA:51,0
DA:55,0
DA:59,0
DA:60,0
DA:61,0
DA:63,0
DA:64,0
DA:69,0
DA:70,0
DA:71,0
DA:72,0
DA:73,0
DA:74,0
DA:75,0
DA:82,0
DA:83,0
DA:88,0
DA:89,0
DA:91,0
DA:92,0
DA:93,0
DA:96,0
DA:105,9
DA:106,7
DA:107,9
DA:111,4
DA:117,4
DA:123,10
DA:124,10
DA:130,0
DA:131,0
DA:135,0
DA:136,0
DA:140,0
DA:141,0
DA:145,0
DA:146,0
DA:150,0
DA:151,0
DA:152,0
DA:153,0
DA:154,0
DA:158,0
DA:162,33
DA:174,33
DA:175,33
DA:176,33
DA:177,33
DA:178,33
DA:179,33
DA:180,33
DA:181,33
DA:182,33
DA:186,0
DA:187,0
DA:188,0
DA:189,0
DA:190,0
DA:191,0
DA:192,0
DA:193,0
DA:194,0
DA:195,0
DA:199,12
DA:203,0
DA:207,0
DA:213,0
DA:214,0
DA:215,0
DA:217,0
DA:223,0
DA:227,33
DA:231,0
DA:244,9
DA:248,0
DA:249,0
DA:250,0
DA:251,0
DA:252,0
DA:257,5
LF:101
LH:40
BRDA:35,0,0,0
BRDA:35,0,1,21
BRDA:55,1,0,0
BRDA:55,1,1,0
BRDA:88,2,0,0
BRDA:88,2,1,0
BRDA:92,3,0,0
BRDA:92,3,1,0
BRDA:105,4,0,7
BRDA:105,4,1,2
BRDA:150,5,0,0
BRDA:150,5,1,0
BRDA:150,6,0,0
BRDA:150,6,1,0
BRDA:153,7,0,0
BRDA:153,7,1,0
BRDA:210,8,0,0
BRDA:210,8,1,0
BRDA:215,9,0,0
BRDA:215,9,1,0
BRF:20
BRH:3
end_of_record
TN:
SF:/Users/elyahove/wdir/red_tetris/src/server/models/GameMode.js
FN:5,(anonymous_0)
FN:10,(anonymous_1)
FN:18,(anonymous_2)
FN:25,(anonymous_3)
FN:29,(anonymous_4)
FN:33,(anonymous_5)
FN:37,(anonymous_6)
FN:43,(anonymous_7)
FNF:8
FNH:8
FNDA:39,(anonymous_0)
FNDA:2,(anonymous_1)
FNDA:1,(anonymous_2)
FNDA:1,(anonymous_3)
FNDA:1,(anonymous_4)
FNDA:1,(anonymous_5)
FNDA:1,(anonymous_6)
FNDA:2,(anonymous_7)
DA:1,6
DA:2,6
DA:6,39
DA:7,39
DA:11,2
DA:12,1
DA:13,1
DA:14,1
DA:15,1
DA:19,1
DA:20,1
DA:21,1
DA:22,1
DA:26,1
DA:30,1
DA:34,1
DA:38,1
DA:39,1
DA:40,1
DA:44,2
DA:45,1
DA:46,1
DA:47,1
DA:52,6
LF:24
LH:24
BRDA:11,0,0,1
BRDA:11,0,1,1
BRDA:44,1,0,1
BRDA:44,1,1,1
BRF:4
BRH:4
end_of_record
TN:
SF:/Users/elyahove/wdir/red_tetris/src/server/models/Player.js
FN:17,(anonymous_0)
FN:21,(anonymous_1)
FN:33,(anonymous_2)
FN:38,(anonymous_3)
FN:42,(anonymous_4)
FN:53,(anonymous_5)
FN:58,(anonymous_6)
FN:62,(anonymous_7)
FN:67,(anonymous_8)
FN:102,(anonymous_9)
FN:118,(anonymous_10)
FN:124,(anonymous_11)
FN:131,(anonymous_12)
FN:135,(anonymous_13)
FN:147,(anonymous_14)
FN:148,(anonymous_15)
FN:153,(anonymous_16)
FN:157,(anonymous_17)
FN:178,(anonymous_18)
FN:179,(anonymous_19)
FN:185,(anonymous_20)
FN:193,(anonymous_21)
FN:197,(anonymous_22)
FN:201,(anonymous_23)
FN:205,(anonymous_24)
FN:209,(anonymous_25)
FN:213,(anonymous_26)
FN:217,(anonymous_27)
FN:225,(anonymous_28)
FN:233,(anonymous_29)
FN:241,(anonymous_30)
FN:245,(anonymous_31)
FN:253,(anonymous_32)
FN:262,(anonymous_33)
FN:270,(anonymous_34)
FNF:35
FNH:11
FNDA:59,(anonymous_0)
FNDA:0,(anonymous_1)
FNDA:9,(anonymous_2)
FNDA:3,(anonymous_3)
FNDA:4,(anonymous_4)
FNDA:0,(anonymous_5)
FNDA:4,(anonymous_6)
FNDA:4,(anonymous_7)
FNDA:0,(anonymous_8)
FNDA:0,(anonymous_9)
FNDA:0,(anonymous_10)
FNDA:0,(anonymous_11)
FNDA:0,(anonymous_12)
FNDA:0,(anonymous_13)
FNDA:0,(anonymous_14)
FNDA:0,(anonymous_15)
FNDA:0,(anonymous_16)
FNDA:0,(anonymous_17)
FNDA:0,(anonymous_18)
FNDA:0,(anonymous_19)
FNDA:0,(anonymous_20)
FNDA:0,(anonymous_21)
FNDA:0,(anonymous_22)
FNDA:0,(anonymous_23)
FNDA:0,(anonymous_24)
FNDA:0,(anonymous_25)
FNDA:0,(anonymous_26)
FNDA:4,(anonymous_27)
FNDA:4,(anonymous_28)
FNDA:11,(anonymous_29)
FNDA:4,(anonymous_30)
FNDA:0,(anonymous_31)
FNDA:2,(anonymous_32)
FNDA:0,(anonymous_33)
FNDA:0,(anonymous_34)
DA:2,6
DA:3,6
DA:4,6
DA:5,6
DA:6,6
DA:7,6
DA:9,6
DA:18,59
DA:19,59
DA:20,59
DA:21,59
DA:22,59
DA:30,59
DA:34,9
DA:35,9
DA:39,3
DA:43,4
DA:48,4
DA:49,4
DA:50,4
DA:54,0
DA:55,0
DA:59,4
DA:63,4
DA:64,4
DA:68,0
DA:69,0
DA:71,0
DA:73,0
DA:74,0
DA:77,0
DA:83,0
DA:84,0
DA:85,0
DA:86,0
DA:87,0
DA:89,0
DA:92,0
DA:95,0
DA:96,0
DA:98,0
DA:99,0
DA:103,0
DA:104,0
DA:106,0
DA:108,0
DA:110,0
DA:111,0
DA:113,0
DA:114,0
DA:115,0
DA:119,0
DA:120,0
DA:122,0
DA:124,0
DA:125,0
DA:126,0
DA:128,0
DA:132,0
DA:136,0
DA:138,0
DA:139,0
DA:140,0
DA:141,0
DA:144,0
DA:148,0
DA:149,0
DA:154,0
DA:156,0
DA:157,0
DA:158,0
DA:159,0
DA:163,0
DA:164,0
DA:165,0
DA:166,0
DA:173,0
DA:174,0
DA:179,0
DA:180,0
DA:181,0
DA:186,0
DA:194,0
DA:198,0
DA:202,0
DA:206,0
DA:210,0
DA:214,0
DA:218,4
DA:226,4
DA:234,11
DA:242,4
DA:246,0
DA:247,0
DA:254,2
DA:255,2
DA:256,20
DA:258,2
DA:259,2
DA:263,0
DA:264,0
DA:271,0
DA:272,0
DA:279,6
LF:104
LH:33
BRDA:21,0,0,59
BRDA:21,0,1,0
BRDA:68,1,0,0
BRDA:68,1,1,0
BRDA:73,2,0,0
BRDA:73,2,1,0
BRDA:77,3,0,0
BRDA:77,3,1,0
BRDA:83,4,0,0
BRDA:83,4,1,0
BRDA:83,5,0,0
BRDA:83,5,1,0
BRDA:86,6,0,0
BRDA:86,6,1,0
BRDA:103,7,0,0
BRDA:103,7,1,0
BRDA:110,8,0,0
BRDA:110,8,1,0
BRDA:119,9,0,0
BRDA:119,9,1,0
BRDA:125,10,0,0
BRDA:125,10,1,0
BRDA:139,11,0,0
BRDA:139,11,1,0
BRDA:157,12,0,0
BRDA:157,12,1,0
BRDA:158,13,0,0
BRDA:158,13,1,0
BRDA:166,14,0,0
BRDA:166,14,1,0
BRDA:173,15,0,0
BRDA:173,15,1,0
BRDA:202,16,0,0
BRDA:202,16,1,0
BRDA:202,16,2,0
BRDA:218,17,0,4
BRDA:218,17,1,4
BRDA:226,18,0,4
BRDA:226,18,1,4
BRDA:234,19,0,11
BRDA:234,19,1,10
BRDA:247,20,0,0
BRDA:247,20,1,0
BRDA:264,21,0,0
BRDA:264,21,1,0
BRDA:272,22,0,0
BRDA:272,22,1,0
BRF:47
BRH:7
end_of_record
TN:
SF:/Users/elyahove/wdir/red_tetris/src/server/models/Room.js
FN:17,(anonymous_0)
FN:28,(anonymous_1)
FN:44,(anonymous_2)
FN:45,(anonymous_3)
FN:48,(anonymous_4)
FN:51,(anonymous_5)
FN:60,(anonymous_6)
FN:84,(anonymous_7)
FN:92,(anonymous_8)
FN:96,(anonymous_9)
FN:101,(anonymous_10)
FN:106,(anonymous_11)
FN:109,(anonymous_12)
FN:114,(anonymous_13)
FN:118,(anonymous_14)
FN:129,(anonymous_15)
FN:136,(anonymous_16)
FN:145,(anonymous_17)
FN:150,(anonymous_18)
FN:156,(anonymous_19)
FN:160,(anonymous_20)
FNF:21
FNH:15
FNDA:25,(anonymous_0)
FNDA:21,(anonymous_1)
FNDA:12,(anonymous_2)
FNDA:11,(anonymous_3)
FNDA:11,(anonymous_4)
FNDA:21,(anonymous_5)
FNDA:0,(anonymous_6)
FNDA:1,(anonymous_7)
FNDA:0,(anonymous_8)
FNDA:1268,(anonymous_9)
FNDA:742,(anonymous_10)
FNDA:0,(anonymous_11)
FNDA:0,(anonymous_12)
FNDA:31,(anonymous_13)
FNDA:20,(anonymous_14)
FNDA:11,(anonymous_15)
FNDA:0,(anonymous_16)
FNDA:32,(anonymous_17)
FNDA:12,(anonymous_18)
FNDA:0,(anonymous_19)
FNDA:25,(anonymous_20)
DA:3,5
DA:4,5
DA:5,5
DA:6,5
DA:7,5
DA:9,5
DA:18,25
DA:19,25
DA:20,25
DA:21,25
DA:22,25
DA:23,25
DA:24,25
DA:25,25
DA:29,21
DA:30,1
DA:32,20
DA:33,0
DA:35,20
DA:36,12
DA:38,20
DA:39,20
DA:40,20
DA:41,20
DA:45,12
DA:46,1
DA:48,11
DA:49,11
DA:51,21
DA:53,11
DA:54,7
DA:56,11
DA:57,11
DA:61,0
DA:65,0
DA:66,0
DA:68,0
DA:74,0
DA:75,0
DA:76,0
DA:78,0
DA:79,0
DA:81,0
DA:85,1
DA:86,1
DA:87,0
DA:88,0
DA:93,0
DA:97,1268
DA:101,742
DA:107,0
DA:109,0
DA:115,31
DA:119,20
DA:124,20
DA:125,20
DA:126,20
DA:130,11
DA:131,11
DA:132,11
DA:133,11
DA:137,0
DA:139,0
DA:140,0
DA:141,0
DA:142,0
DA:146,32
DA:147,32
DA:151,12
DA:152,12
DA:153,12
DA:157,0
DA:161,25
DA:165,5
LF:74
LH:52
BRDA:29,0,0,1
BRDA:29,0,1,20
BRDA:32,1,0,0
BRDA:32,1,1,20
BRDA:35,2,0,12
BRDA:35,2,1,8
BRDA:45,3,0,1
BRDA:45,3,1,11
BRDA:53,4,0,7
BRDA:53,4,1,4
BRDA:65,5,0,0
BRDA:65,5,1,0
BRDA:86,6,0,0
BRDA:86,6,1,1
BRDA:86,7,0,1
BRDA:86,7,1,1
BRDA:86,7,2,0
BRDA:100,8,0,1268
BRDA:100,8,1,334
BRDA:100,8,2,934
BRDA:157,9,0,0
BRDA:157,9,1,0
BRF:22
BRH:15
end_of_record
TN:
SF:/Users/elyahove/wdir/red_tetris/src/server/models/User.js
FN:2,(anonymous_0)
FN:7,(anonymous_1)
FN:13,(anonymous_2)
FNF:3
FNH:3
FNDA:104,(anonymous_0)
FNDA:5,(anonymous_1)
FNDA:748,(anonymous_2)
DA:3,104
DA:4,104
DA:8,5
DA:9,4
DA:14,748
DA:18,7
LF:6
LH:6
BRDA:8,0,0,4
BRDA:8,0,1,1
BRDA:14,1,0,747
BRDA:14,1,1,1
BRF:4
BRH:4
end_of_record
TN:
SF:/Users/elyahove/wdir/red_tetris/src/server/services/PieceService.js
FN:7,(anonymous_0)
FN:10,(anonymous_1)
FN:14,(anonymous_2)
FNF:3
FNH:3
FNDA:6,(anonymous_0)
FNDA:1,(anonymous_1)
FNDA:8,(anonymous_2)
DA:1,6
DA:2,6
DA:3,6
DA:11,1
DA:15,8
DA:20,6
LF:6
LH:6
BRF:0
BRH:0
end_of_record
TN:
SF:/Users/elyahove/wdir/red_tetris/src/server/services/UserService.js
FN:7,(anonymous_0)
FN:11,(anonymous_1)
FN:17,(anonymous_2)
FN:21,(anonymous_3)
FNF:4
FNH:4
FNDA:6,(anonymous_0)
FNDA:98,(anonymous_1)
FNDA:824,(anonymous_2)
FNDA:2,(anonymous_3)
DA:3,6
DA:4,6
DA:8,6
DA:12,98
DA:13,98
DA:14,98
DA:18,824
DA:22,2
DA:23,2
DA:24,1
DA:29,6
LF:11
LH:11
BRDA:23,0,0,1
BRDA:23,0,1,1
BRF:2
BRH:2
end_of_record
