<?xml version="1.0" encoding="UTF-8"?>
<coverage generated="1534671223989" clover="3.2.0">
  <project timestamp="1534671223989" name="All files">
    <metrics statements="1072" coveredstatements="348" conditionals="369" coveredconditionals="75" methods="321" coveredmethods="105" elements="1762" coveredelements="528" complexity="0" loc="1072" ncloc="1072" packages="19" files="71" classes="71">
      <package name="client">
        <metrics statements="20" coveredstatements="11" conditionals="5" coveredconditionals="0" methods="7" coveredmethods="3"/>
        <file name="history.js" path="/Users/ap/Projects/red-tetris/src/client/history.js">
          <metrics statements="1" coveredstatements="0" conditionals="0" coveredconditionals="0" methods="0" coveredmethods="0"/>
          <line num="1" count="0" type="stmt"/>
        </file>
        <file name="index.js" path="/Users/ap/Projects/red-tetris/src/client/index.js">
          <metrics statements="4" coveredstatements="0" conditionals="0" coveredconditionals="0" methods="0" coveredmethods="0"/>
          <line num="1" count="0" type="stmt"/>
          <line num="2" count="0" type="stmt"/>
          <line num="3" count="0" type="stmt"/>
          <line num="5" count="0" type="stmt"/>
        </file>
        <file name="socket.js" path="/Users/ap/Projects/red-tetris/src/client/socket.js">
          <metrics statements="3" coveredstatements="3" conditionals="0" coveredconditionals="0" methods="1" coveredmethods="0"/>
          <line num="6" count="1" type="stmt"/>
          <line num="7" count="1" type="stmt"/>
          <line num="9" count="1" type="stmt"/>
        </file>
        <file name="store.js" path="/Users/ap/Projects/red-tetris/src/client/store.js">
          <metrics statements="0" coveredstatements="0" conditionals="0" coveredconditionals="0" methods="0" coveredmethods="0"/>
        </file>
        <file name="utils.js" path="/Users/ap/Projects/red-tetris/src/client/utils.js">
          <metrics statements="12" coveredstatements="8" conditionals="5" coveredconditionals="0" methods="6" coveredmethods="3"/>
          <line num="4" count="1" type="cond" truecount="0" falsecount="1"/>
          <line num="5" count="2" type="stmt"/>
          <line num="6" count="2" type="stmt"/>
          <line num="9" count="2" type="stmt"/>
          <line num="11" count="1" type="stmt"/>
          <line num="12" count="0" type="stmt"/>
          <line num="17" count="0" type="stmt"/>
          <line num="18" count="0" type="cond" truecount="0" falsecount="2"/>
          <line num="20" count="0" type="cond" truecount="0" falsecount="2"/>
          <line num="25" count="1" type="stmt"/>
          <line num="27" count="1" type="stmt"/>
          <line num="28" count="2" type="stmt"/>
        </file>
      </package>
      <package name="client.App">
        <metrics statements="23" coveredstatements="0" conditionals="0" coveredconditionals="0" methods="5" coveredmethods="0"/>
        <file name="App.js" path="/Users/ap/Projects/red-tetris/src/client/App/App.js">
          <metrics statements="13" coveredstatements="0" conditionals="0" coveredconditionals="0" methods="1" coveredmethods="0"/>
          <line num="1" count="0" type="stmt"/>
          <line num="2" count="0" type="stmt"/>
          <line num="3" count="0" type="stmt"/>
          <line num="4" count="0" type="stmt"/>
          <line num="5" count="0" type="stmt"/>
          <line num="7" count="0" type="stmt"/>
          <line num="8" count="0" type="stmt"/>
          <line num="9" count="0" type="stmt"/>
          <line num="10" count="0" type="stmt"/>
          <line num="12" count="0" type="stmt"/>
          <line num="14" count="0" type="stmt"/>
          <line num="15" count="0" type="stmt"/>
          <line num="17" count="0" type="stmt"/>
        </file>
        <file name="ThemeProvider.js" path="/Users/ap/Projects/red-tetris/src/client/App/ThemeProvider.js">
          <metrics statements="4" coveredstatements="0" conditionals="0" coveredconditionals="0" methods="1" coveredmethods="0"/>
          <line num="1" count="0" type="stmt"/>
          <line num="2" count="0" type="stmt"/>
          <line num="3" count="0" type="stmt"/>
          <line num="5" count="0" type="stmt"/>
        </file>
        <file name="styled.js" path="/Users/ap/Projects/red-tetris/src/client/App/styled.js">
          <metrics statements="6" coveredstatements="0" conditionals="0" coveredconditionals="0" methods="3" coveredmethods="0"/>
          <line num="1" count="0" type="stmt"/>
          <line num="3" count="0" type="stmt"/>
          <line num="4" count="0" type="stmt"/>
          <line num="5" count="0" type="stmt"/>
          <line num="7" count="0" type="stmt"/>
          <line num="11" count="0" type="stmt"/>
        </file>
      </package>
      <package name="client.App.Game">
        <metrics statements="114" coveredstatements="21" conditionals="36" coveredconditionals="13" methods="40" coveredmethods="10"/>
        <file name="CenteredSpinner.js" path="/Users/ap/Projects/red-tetris/src/client/App/Game/CenteredSpinner.js">
          <metrics statements="2" coveredstatements="2" conditionals="0" coveredconditionals="0" methods="1" coveredmethods="1"/>
          <line num="4" count="1" type="stmt"/>
          <line num="5" count="1" type="stmt"/>
        </file>
        <file name="Game.js" path="/Users/ap/Projects/red-tetris/src/client/App/Game/Game.js">
          <metrics statements="5" coveredstatements="0" conditionals="2" coveredconditionals="0" methods="1" coveredmethods="0"/>
          <line num="2" count="0" type="stmt"/>
          <line num="3" count="0" type="stmt"/>
          <line num="4" count="0" type="stmt"/>
          <line num="5" count="0" type="stmt"/>
          <line num="12" count="0" type="cond" truecount="0" falsecount="2"/>
        </file>
        <file name="GameContainer.js" path="/Users/ap/Projects/red-tetris/src/client/App/Game/GameContainer.js">
          <metrics statements="40" coveredstatements="0" conditionals="4" coveredconditionals="0" methods="12" coveredmethods="0"/>
          <line num="1" count="0" type="stmt"/>
          <line num="9" count="0" type="stmt"/>
          <line num="11" count="0" type="stmt"/>
          <line num="12" count="0" type="stmt"/>
          <line num="13" count="0" type="stmt"/>
          <line num="14" count="0" type="stmt"/>
          <line num="15" count="0" type="stmt"/>
          <line num="16" count="0" type="stmt"/>
          <line num="17" count="0" type="stmt"/>
          <line num="18" count="0" type="stmt"/>
          <line num="19" count="0" type="stmt"/>
          <line num="20" count="0" type="stmt"/>
          <line num="21" count="0" type="stmt"/>
          <line num="23" count="0" type="stmt"/>
          <line num="28" count="0" type="stmt"/>
          <line num="30" count="0" type="stmt"/>
          <line num="35" count="0" type="stmt"/>
          <line num="49" count="0" type="stmt"/>
          <line num="53" count="0" type="stmt"/>
          <line num="61" count="0" type="stmt"/>
          <line num="62" count="0" type="stmt"/>
          <line num="63" count="0" type="cond" truecount="0" falsecount="2"/>
          <line num="66" count="0" type="stmt"/>
          <line num="68" count="0" type="stmt"/>
          <line num="72" count="0" type="stmt"/>
          <line num="73" count="0" type="stmt"/>
          <line num="76" count="0" type="stmt"/>
          <line num="77" count="0" type="stmt"/>
          <line num="78" count="0" type="stmt"/>
          <line num="80" count="0" type="stmt"/>
          <line num="83" count="0" type="stmt"/>
          <line num="85" count="0" type="stmt"/>
          <line num="86" count="0" type="stmt"/>
          <line num="88" count="0" type="stmt"/>
          <line num="90" count="0" type="stmt"/>
          <line num="91" count="0" type="stmt"/>
          <line num="92" count="0" type="stmt"/>
          <line num="93" count="0" type="stmt"/>
          <line num="98" count="0" type="stmt"/>
          <line num="102" count="0" type="stmt"/>
        </file>
        <file name="Spectres.js" path="/Users/ap/Projects/red-tetris/src/client/App/Game/Spectres.js">
          <metrics statements="8" coveredstatements="0" conditionals="4" coveredconditionals="0" methods="3" coveredmethods="0"/>
          <line num="1" count="0" type="stmt"/>
          <line num="2" count="0" type="stmt"/>
          <line num="3" count="0" type="stmt"/>
          <line num="5" count="0" type="stmt"/>
          <line num="9" count="0" type="stmt"/>
          <line num="12" count="0" type="stmt"/>
          <line num="16" count="0" type="cond" truecount="0" falsecount="2"/>
          <line num="19" count="0" type="cond" truecount="0" falsecount="2"/>
        </file>
        <file name="gamePropTypes.js" path="/Users/ap/Projects/red-tetris/src/client/App/Game/gamePropTypes.js">
          <metrics statements="1" coveredstatements="0" conditionals="0" coveredconditionals="0" methods="0" coveredmethods="0"/>
          <line num="1" count="0" type="stmt"/>
        </file>
        <file name="selectors.js" path="/Users/ap/Projects/red-tetris/src/client/App/Game/selectors.js">
          <metrics statements="26" coveredstatements="19" conditionals="26" coveredconditionals="13" methods="16" coveredmethods="9"/>
          <line num="5" count="1" type="stmt"/>
          <line num="6" count="2" type="cond" truecount="1" falsecount="1"/>
          <line num="8" count="2" type="stmt"/>
          <line num="9" count="2" type="stmt"/>
          <line num="11" count="151" type="cond" truecount="2" falsecount="0"/>
          <line num="14" count="50" type="cond" truecount="2" falsecount="0"/>
          <line num="15" count="188" type="cond" truecount="2" falsecount="0"/>
          <line num="24" count="1" type="stmt"/>
          <line num="25" count="2" type="stmt"/>
          <line num="29" count="32" type="cond" truecount="2" falsecount="0"/>
          <line num="41" count="1" type="stmt"/>
          <line num="42" count="0" type="cond" truecount="0" falsecount="4"/>
          <line num="43" count="0" type="stmt"/>
          <line num="47" count="1" type="stmt"/>
          <line num="48" count="0" type="cond" truecount="0" falsecount="2"/>
          <line num="49" count="0" type="cond" truecount="0" falsecount="2"/>
          <line num="51" count="0" type="cond" truecount="0" falsecount="4"/>
          <line num="52" count="0" type="stmt"/>
          <line num="54" count="0" type="stmt"/>
          <line num="67" count="1" type="stmt"/>
          <line num="68" count="60" type="stmt"/>
          <line num="69" count="3" type="stmt"/>
          <line num="70" count="30" type="stmt"/>
          <line num="71" count="30" type="stmt"/>
          <line num="72" count="600" type="cond" truecount="4" falsecount="0"/>
          <line num="75" count="3" type="stmt"/>
        </file>
        <file name="styled.js" path="/Users/ap/Projects/red-tetris/src/client/App/Game/styled.js">
          <metrics statements="6" coveredstatements="0" conditionals="0" coveredconditionals="0" methods="0" coveredmethods="0"/>
          <line num="1" count="0" type="stmt"/>
          <line num="2" count="0" type="stmt"/>
          <line num="4" count="0" type="stmt"/>
          <line num="11" count="0" type="stmt"/>
          <line num="16" count="0" type="stmt"/>
          <line num="21" count="0" type="stmt"/>
        </file>
        <file name="withRunningGameLogic.js" path="/Users/ap/Projects/red-tetris/src/client/App/Game/withRunningGameLogic.js">
          <metrics statements="26" coveredstatements="0" conditionals="0" coveredconditionals="0" methods="7" coveredmethods="0"/>
          <line num="1" count="0" type="stmt"/>
          <line num="2" count="0" type="stmt"/>
          <line num="3" count="0" type="stmt"/>
          <line num="4" count="0" type="stmt"/>
          <line num="5" count="0" type="stmt"/>
          <line num="8" count="0" type="stmt"/>
          <line num="9" count="0" type="stmt"/>
          <line num="10" count="0" type="stmt"/>
          <line num="11" count="0" type="stmt"/>
          <line num="12" count="0" type="stmt"/>
          <line num="14" count="0" type="stmt"/>
          <line num="21" count="0" type="stmt"/>
          <line num="22" count="0" type="stmt"/>
          <line num="28" count="0" type="stmt"/>
          <line num="31" count="0" type="stmt"/>
          <line num="39" count="0" type="stmt"/>
          <line num="40" count="0" type="stmt"/>
          <line num="45" count="0" type="stmt"/>
          <line num="46" count="0" type="stmt"/>
          <line num="54" count="0" type="stmt"/>
          <line num="55" count="0" type="stmt"/>
          <line num="56" count="0" type="stmt"/>
          <line num="59" count="0" type="stmt"/>
          <line num="60" count="0" type="stmt"/>
          <line num="61" count="0" type="stmt"/>
          <line num="62" count="0" type="stmt"/>
        </file>
      </package>
      <package name="client.App.Game.Board">
        <metrics statements="28" coveredstatements="0" conditionals="50" coveredconditionals="0" methods="5" coveredmethods="0"/>
        <file name="Board.js" path="/Users/ap/Projects/red-tetris/src/client/App/Game/Board/Board.js">
          <metrics statements="6" coveredstatements="0" conditionals="2" coveredconditionals="0" methods="3" coveredmethods="0"/>
          <line num="1" count="0" type="stmt"/>
          <line num="2" count="0" type="stmt"/>
          <line num="3" count="0" type="stmt"/>
          <line num="5" count="0" type="stmt"/>
          <line num="8" count="0" type="stmt"/>
          <line num="10" count="0" type="stmt"/>
        </file>
        <file name="styled.js" path="/Users/ap/Projects/red-tetris/src/client/App/Game/Board/styled.js">
          <metrics statements="22" coveredstatements="0" conditionals="48" coveredconditionals="0" methods="2" coveredmethods="0"/>
          <line num="1" count="0" type="stmt"/>
          <line num="3" count="0" type="stmt"/>
          <line num="8" count="0" type="stmt"/>
          <line num="14" count="0" type="cond" truecount="0" falsecount="2"/>
          <line num="17" count="0" type="stmt"/>
          <line num="22" count="0" type="stmt"/>
          <line num="23" count="0" type="cond" truecount="0" falsecount="2"/>
          <line num="24" count="0" type="cond" truecount="0" falsecount="2"/>
          <line num="25" count="0" type="cond" truecount="0" falsecount="2"/>
          <line num="31" count="0" type="stmt"/>
          <line num="32" count="0" type="cond" truecount="0" falsecount="2"/>
          <line num="38" count="0" type="stmt"/>
          <line num="39" count="0" type="cond" truecount="0" falsecount="2"/>
          <line num="45" count="0" type="stmt"/>
          <line num="46" count="0" type="cond" truecount="0" falsecount="2"/>
          <line num="52" count="0" type="stmt"/>
          <line num="53" count="0" type="cond" truecount="0" falsecount="2"/>
          <line num="59" count="0" type="stmt"/>
          <line num="60" count="0" type="cond" truecount="0" falsecount="2"/>
          <line num="66" count="0" type="stmt"/>
          <line num="67" count="0" type="cond" truecount="0" falsecount="2"/>
          <line num="73" count="0" type="stmt"/>
        </file>
      </package>
      <package name="client.App.Game.GameLobby">
        <metrics statements="36" coveredstatements="0" conditionals="6" coveredconditionals="0" methods="11" coveredmethods="0"/>
        <file name="GameLobby.js" path="/Users/ap/Projects/red-tetris/src/client/App/Game/GameLobby/GameLobby.js">
          <metrics statements="8" coveredstatements="0" conditionals="2" coveredconditionals="0" methods="1" coveredmethods="0"/>
          <line num="2" count="0" type="stmt"/>
          <line num="3" count="0" type="stmt"/>
          <line num="4" count="0" type="stmt"/>
          <line num="6" count="0" type="stmt"/>
          <line num="7" count="0" type="stmt"/>
          <line num="8" count="0" type="stmt"/>
          <line num="9" count="0" type="stmt"/>
          <line num="11" count="0" type="stmt"/>
        </file>
        <file name="GameLobbyContainer.js" path="/Users/ap/Projects/red-tetris/src/client/App/Game/GameLobby/GameLobbyContainer.js">
          <metrics statements="14" coveredstatements="0" conditionals="0" coveredconditionals="0" methods="8" coveredmethods="0"/>
          <line num="1" count="0" type="stmt"/>
          <line num="2" count="0" type="stmt"/>
          <line num="4" count="0" type="stmt"/>
          <line num="8" count="0" type="stmt"/>
          <line num="9" count="0" type="stmt"/>
          <line num="10" count="0" type="stmt"/>
          <line num="12" count="0" type="stmt"/>
          <line num="22" count="0" type="stmt"/>
          <line num="23" count="0" type="stmt"/>
          <line num="27" count="0" type="stmt"/>
          <line num="31" count="0" type="stmt"/>
          <line num="32" count="0" type="stmt"/>
          <line num="33" count="0" type="stmt"/>
          <line num="36" count="0" type="stmt"/>
        </file>
        <file name="PlayersList.js" path="/Users/ap/Projects/red-tetris/src/client/App/Game/GameLobby/PlayersList.js">
          <metrics statements="6" coveredstatements="0" conditionals="4" coveredconditionals="0" methods="2" coveredmethods="0"/>
          <line num="1" count="0" type="stmt"/>
          <line num="2" count="0" type="stmt"/>
          <line num="3" count="0" type="stmt"/>
          <line num="5" count="0" type="cond" truecount="0" falsecount="2"/>
          <line num="18" count="0" type="stmt"/>
          <line num="28" count="0" type="stmt"/>
        </file>
        <file name="styled.js" path="/Users/ap/Projects/red-tetris/src/client/App/Game/GameLobby/styled.js">
          <metrics statements="8" coveredstatements="0" conditionals="0" coveredconditionals="0" methods="0" coveredmethods="0"/>
          <line num="1" count="0" type="stmt"/>
          <line num="2" count="0" type="stmt"/>
          <line num="3" count="0" type="stmt"/>
          <line num="5" count="0" type="stmt"/>
          <line num="13" count="0" type="stmt"/>
          <line num="20" count="0" type="stmt"/>
          <line num="25" count="0" type="stmt"/>
          <line num="31" count="0" type="stmt"/>
        </file>
      </package>
      <package name="client.App.Game.GameLobby.GameChat">
        <metrics statements="63" coveredstatements="0" conditionals="10" coveredconditionals="0" methods="19" coveredmethods="0"/>
        <file name="GameChat.js" path="/Users/ap/Projects/red-tetris/src/client/App/Game/GameLobby/GameChat/GameChat.js">
          <metrics statements="7" coveredstatements="0" conditionals="2" coveredconditionals="0" methods="1" coveredmethods="0"/>
          <line num="1" count="0" type="stmt"/>
          <line num="2" count="0" type="stmt"/>
          <line num="4" count="0" type="stmt"/>
          <line num="5" count="0" type="stmt"/>
          <line num="6" count="0" type="stmt"/>
          <line num="8" count="0" type="stmt"/>
          <line num="25" count="0" type="stmt"/>
        </file>
        <file name="GameChatContainer.js" path="/Users/ap/Projects/red-tetris/src/client/App/Game/GameLobby/GameChat/GameChatContainer.js">
          <metrics statements="16" coveredstatements="0" conditionals="0" coveredconditionals="0" methods="7" coveredmethods="0"/>
          <line num="1" count="0" type="stmt"/>
          <line num="2" count="0" type="stmt"/>
          <line num="4" count="0" type="stmt"/>
          <line num="8" count="0" type="stmt"/>
          <line num="9" count="0" type="stmt"/>
          <line num="10" count="0" type="stmt"/>
          <line num="14" count="0" type="stmt"/>
          <line num="26" count="0" type="stmt"/>
          <line num="30" count="0" type="stmt"/>
          <line num="31" count="0" type="stmt"/>
          <line num="32" count="0" type="stmt"/>
          <line num="33" count="0" type="stmt"/>
          <line num="38" count="0" type="stmt"/>
          <line num="39" count="0" type="stmt"/>
          <line num="42" count="0" type="stmt"/>
          <line num="43" count="0" type="stmt"/>
        </file>
        <file name="MessageInput.js" path="/Users/ap/Projects/red-tetris/src/client/App/Game/GameLobby/GameChat/MessageInput.js">
          <metrics statements="13" coveredstatements="0" conditionals="0" coveredconditionals="0" methods="5" coveredmethods="0"/>
          <line num="1" count="0" type="stmt"/>
          <line num="2" count="0" type="stmt"/>
          <line num="3" count="0" type="stmt"/>
          <line num="4" count="0" type="stmt"/>
          <line num="6" count="0" type="stmt"/>
          <line num="8" count="0" type="stmt"/>
          <line num="10" count="0" type="stmt"/>
          <line num="14" count="0" type="stmt"/>
          <line num="16" count="0" type="stmt"/>
          <line num="22" count="0" type="stmt"/>
          <line num="28" count="0" type="stmt"/>
          <line num="37" count="0" type="stmt"/>
          <line num="45" count="0" type="stmt"/>
        </file>
        <file name="MessageList.js" path="/Users/ap/Projects/red-tetris/src/client/App/Game/GameLobby/GameChat/MessageList.js">
          <metrics statements="17" coveredstatements="0" conditionals="8" coveredconditionals="0" methods="3" coveredmethods="0"/>
          <line num="1" count="0" type="stmt"/>
          <line num="2" count="0" type="stmt"/>
          <line num="4" count="0" type="stmt"/>
          <line num="12" count="0" type="stmt"/>
          <line num="20" count="0" type="cond" truecount="0" falsecount="2"/>
          <line num="22" count="0" type="stmt"/>
          <line num="26" count="0" type="stmt"/>
          <line num="29" count="0" type="stmt"/>
          <line num="30" count="0" type="stmt"/>
          <line num="31" count="0" type="cond" truecount="0" falsecount="2"/>
          <line num="33" count="0" type="stmt"/>
          <line num="38" count="0" type="stmt"/>
          <line num="41" count="0" type="stmt"/>
          <line num="42" count="0" type="cond" truecount="0" falsecount="2"/>
          <line num="43" count="0" type="stmt"/>
          <line num="46" count="0" type="stmt"/>
          <line num="52" count="0" type="stmt"/>
        </file>
        <file name="styled.js" path="/Users/ap/Projects/red-tetris/src/client/App/Game/GameLobby/GameChat/styled.js">
          <metrics statements="10" coveredstatements="0" conditionals="0" coveredconditionals="0" methods="3" coveredmethods="0"/>
          <line num="1" count="0" type="stmt"/>
          <line num="2" count="0" type="stmt"/>
          <line num="4" count="0" type="stmt"/>
          <line num="9" count="0" type="stmt"/>
          <line num="19" count="0" type="stmt"/>
          <line num="25" count="0" type="stmt"/>
          <line num="29" count="0" type="stmt"/>
          <line num="34" count="0" type="stmt"/>
          <line num="40" count="0" type="stmt"/>
          <line num="45" count="0" type="stmt"/>
        </file>
      </package>
      <package name="client.App.Lobby">
        <metrics statements="25" coveredstatements="0" conditionals="6" coveredconditionals="0" methods="9" coveredmethods="0"/>
        <file name="Lobby.js" path="/Users/ap/Projects/red-tetris/src/client/App/Lobby/Lobby.js">
          <metrics statements="6" coveredstatements="0" conditionals="4" coveredconditionals="0" methods="1" coveredmethods="0"/>
          <line num="1" count="0" type="stmt"/>
          <line num="2" count="0" type="stmt"/>
          <line num="4" count="0" type="stmt"/>
          <line num="5" count="0" type="stmt"/>
          <line num="7" count="0" type="stmt"/>
          <line num="33" count="0" type="stmt"/>
        </file>
        <file name="LobbyContainer.js" path="/Users/ap/Projects/red-tetris/src/client/App/Lobby/LobbyContainer.js">
          <metrics statements="19" coveredstatements="0" conditionals="2" coveredconditionals="0" methods="8" coveredmethods="0"/>
          <line num="1" count="0" type="stmt"/>
          <line num="2" count="0" type="stmt"/>
          <line num="3" count="0" type="stmt"/>
          <line num="5" count="0" type="stmt"/>
          <line num="9" count="0" type="stmt"/>
          <line num="10" count="0" type="stmt"/>
          <line num="11" count="0" type="stmt"/>
          <line num="15" count="0" type="stmt"/>
          <line num="24" count="0" type="stmt"/>
          <line num="25" count="0" type="stmt"/>
          <line num="26" count="0" type="stmt"/>
          <line num="29" count="0" type="stmt"/>
          <line num="33" count="0" type="stmt"/>
          <line num="34" count="0" type="stmt"/>
          <line num="38" count="0" type="stmt"/>
          <line num="40" count="0" type="stmt"/>
          <line num="43" count="0" type="stmt"/>
          <line num="44" count="0" type="cond" truecount="0" falsecount="2"/>
          <line num="45" count="0" type="stmt"/>
        </file>
      </package>
      <package name="client.App.Lobby.LobbyGamesList">
        <metrics statements="18" coveredstatements="0" conditionals="8" coveredconditionals="0" methods="5" coveredmethods="0"/>
        <file name="GamesListItem.js" path="/Users/ap/Projects/red-tetris/src/client/App/Lobby/LobbyGamesList/GamesListItem.js">
          <metrics statements="12" coveredstatements="0" conditionals="8" coveredconditionals="0" methods="3" coveredmethods="0"/>
          <line num="1" count="0" type="stmt"/>
          <line num="2" count="0" type="stmt"/>
          <line num="3" count="0" type="stmt"/>
          <line num="4" count="0" type="stmt"/>
          <line num="6" count="0" type="stmt"/>
          <line num="8" count="0" type="stmt"/>
          <line num="10" count="0" type="stmt"/>
          <line num="15" count="0" type="stmt"/>
          <line num="18" count="0" type="stmt"/>
          <line num="24" count="0" type="stmt"/>
          <line num="45" count="0" type="stmt"/>
          <line num="54" count="0" type="stmt"/>
        </file>
        <file name="LobbyGamesList.js" path="/Users/ap/Projects/red-tetris/src/client/App/Lobby/LobbyGamesList/LobbyGamesList.js">
          <metrics statements="6" coveredstatements="0" conditionals="0" coveredconditionals="0" methods="2" coveredmethods="0"/>
          <line num="1" count="0" type="stmt"/>
          <line num="2" count="0" type="stmt"/>
          <line num="3" count="0" type="stmt"/>
          <line num="5" count="0" type="stmt"/>
          <line num="7" count="0" type="stmt"/>
          <line num="13" count="0" type="stmt"/>
        </file>
      </package>
      <package name="client.App.Lobby.LobbyHeader">
        <metrics statements="9" coveredstatements="0" conditionals="0" coveredconditionals="0" methods="1" coveredmethods="0"/>
        <file name="LobbyHeader.js" path="/Users/ap/Projects/red-tetris/src/client/App/Lobby/LobbyHeader/LobbyHeader.js">
          <metrics statements="9" coveredstatements="0" conditionals="0" coveredconditionals="0" methods="1" coveredmethods="0"/>
          <line num="1" count="0" type="stmt"/>
          <line num="2" count="0" type="stmt"/>
          <line num="3" count="0" type="stmt"/>
          <line num="5" count="0" type="stmt"/>
          <line num="6" count="0" type="stmt"/>
          <line num="7" count="0" type="stmt"/>
          <line num="9" count="0" type="stmt"/>
          <line num="18" count="0" type="stmt"/>
          <line num="34" count="0" type="stmt"/>
        </file>
      </package>
      <package name="client.actions">
        <metrics statements="15" coveredstatements="15" conditionals="0" coveredconditionals="0" methods="9" coveredmethods="0"/>
        <file name="boardsActions.js" path="/Users/ap/Projects/red-tetris/src/client/actions/boardsActions.js">
          <metrics statements="3" coveredstatements="3" conditionals="0" coveredconditionals="0" methods="2" coveredmethods="0"/>
          <line num="1" count="2" type="stmt"/>
          <line num="6" count="2" type="stmt"/>
          <line num="14" count="2" type="stmt"/>
        </file>
        <file name="currentGameInfoActions.js" path="/Users/ap/Projects/red-tetris/src/client/actions/currentGameInfoActions.js">
          <metrics statements="4" coveredstatements="4" conditionals="0" coveredconditionals="0" methods="3" coveredmethods="0"/>
          <line num="1" count="2" type="stmt"/>
          <line num="7" count="2" type="stmt"/>
          <line num="12" count="2" type="stmt"/>
          <line num="17" count="2" type="stmt"/>
        </file>
        <file name="gamesListActions.js" path="/Users/ap/Projects/red-tetris/src/client/actions/gamesListActions.js">
          <metrics statements="2" coveredstatements="2" conditionals="0" coveredconditionals="0" methods="1" coveredmethods="0"/>
          <line num="1" count="2" type="stmt"/>
          <line num="5" count="2" type="stmt"/>
        </file>
        <file name="pieceActions.js" path="/Users/ap/Projects/red-tetris/src/client/actions/pieceActions.js">
          <metrics statements="4" coveredstatements="4" conditionals="0" coveredconditionals="0" methods="2" coveredmethods="0"/>
          <line num="1" count="2" type="stmt"/>
          <line num="2" count="2" type="stmt"/>
          <line num="4" count="2" type="stmt"/>
          <line num="9" count="2" type="stmt"/>
        </file>
        <file name="userActions.js" path="/Users/ap/Projects/red-tetris/src/client/actions/userActions.js">
          <metrics statements="2" coveredstatements="2" conditionals="0" coveredconditionals="0" methods="1" coveredmethods="0"/>
          <line num="1" count="2" type="stmt"/>
          <line num="5" count="2" type="stmt"/>
        </file>
      </package>
      <package name="client.components">
        <metrics statements="20" coveredstatements="0" conditionals="0" coveredconditionals="0" methods="5" coveredmethods="0"/>
        <file name="Logo.js" path="/Users/ap/Projects/red-tetris/src/client/components/Logo.js">
          <metrics statements="6" coveredstatements="0" conditionals="0" coveredconditionals="0" methods="1" coveredmethods="0"/>
          <line num="1" count="0" type="stmt"/>
          <line num="2" count="0" type="stmt"/>
          <line num="4" count="0" type="stmt"/>
          <line num="9" count="0" type="stmt"/>
          <line num="10" count="0" type="stmt"/>
          <line num="13" count="0" type="stmt"/>
        </file>
        <file name="Panel.js" path="/Users/ap/Projects/red-tetris/src/client/components/Panel.js">
          <metrics statements="3" coveredstatements="0" conditionals="0" coveredconditionals="0" methods="1" coveredmethods="0"/>
          <line num="1" count="0" type="stmt"/>
          <line num="3" count="0" type="stmt"/>
          <line num="14" count="0" type="stmt"/>
        </file>
        <file name="Table.js" path="/Users/ap/Projects/red-tetris/src/client/components/Table.js">
          <metrics statements="11" coveredstatements="0" conditionals="0" coveredconditionals="0" methods="3" coveredmethods="0"/>
          <line num="1" count="0" type="stmt"/>
          <line num="3" count="0" type="stmt"/>
          <line num="7" count="0" type="stmt"/>
          <line num="11" count="0" type="stmt"/>
          <line num="13" count="0" type="stmt"/>
          <line num="16" count="0" type="stmt"/>
          <line num="20" count="0" type="stmt"/>
          <line num="25" count="0" type="stmt"/>
          <line num="26" count="0" type="stmt"/>
          <line num="31" count="0" type="stmt"/>
          <line num="32" count="0" type="stmt"/>
        </file>
      </package>
      <package name="client.components.Button">
        <metrics statements="20" coveredstatements="0" conditionals="12" coveredconditionals="0" methods="6" coveredmethods="0"/>
        <file name="Button.js" path="/Users/ap/Projects/red-tetris/src/client/components/Button/Button.js">
          <metrics statements="6" coveredstatements="0" conditionals="0" coveredconditionals="0" methods="1" coveredmethods="0"/>
          <line num="1" count="0" type="stmt"/>
          <line num="2" count="0" type="stmt"/>
          <line num="3" count="0" type="stmt"/>
          <line num="5" count="0" type="stmt"/>
          <line num="11" count="0" type="stmt"/>
          <line num="19" count="0" type="stmt"/>
        </file>
        <file name="styled.js" path="/Users/ap/Projects/red-tetris/src/client/components/Button/styled.js">
          <metrics statements="14" coveredstatements="0" conditionals="12" coveredconditionals="0" methods="5" coveredmethods="0"/>
          <line num="1" count="0" type="stmt"/>
          <line num="2" count="0" type="stmt"/>
          <line num="4" count="0" type="stmt"/>
          <line num="5" count="0" type="stmt"/>
          <line num="7" count="0" type="stmt"/>
          <line num="9" count="0" type="stmt"/>
          <line num="11" count="0" type="stmt"/>
          <line num="13" count="0" type="stmt"/>
          <line num="17" count="0" type="stmt"/>
          <line num="20" count="0" type="cond" truecount="0" falsecount="2"/>
          <line num="21" count="0" type="cond" truecount="0" falsecount="2"/>
          <line num="23" count="0" type="cond" truecount="0" falsecount="2"/>
          <line num="25" count="0" type="cond" truecount="0" falsecount="2"/>
          <line num="35" count="0" type="stmt"/>
        </file>
      </package>
      <package name="client.reducers">
        <metrics statements="24" coveredstatements="15" conditionals="19" coveredconditionals="10" methods="5" coveredmethods="5"/>
        <file name="boardsReducer.js" path="/Users/ap/Projects/red-tetris/src/client/reducers/boardsReducer.js">
          <metrics statements="5" coveredstatements="3" conditionals="4" coveredconditionals="2" methods="1" coveredmethods="1"/>
          <line num="3" count="2" type="cond" truecount="1" falsecount="0"/>
          <line num="4" count="7" type="cond" truecount="1" falsecount="2"/>
          <line num="6" count="0" type="stmt"/>
          <line num="11" count="0" type="stmt"/>
          <line num="13" count="7" type="stmt"/>
        </file>
        <file name="currentGameInfoReducer.js" path="/Users/ap/Projects/red-tetris/src/client/reducers/currentGameInfoReducer.js">
          <metrics statements="6" coveredstatements="3" conditionals="5" coveredconditionals="2" methods="1" coveredmethods="1"/>
          <line num="3" count="2" type="cond" truecount="1" falsecount="0"/>
          <line num="4" count="7" type="cond" truecount="1" falsecount="3"/>
          <line num="6" count="0" type="stmt"/>
          <line num="11" count="0" type="stmt"/>
          <line num="13" count="0" type="stmt"/>
          <line num="18" count="7" type="stmt"/>
        </file>
        <file name="gamesListReducer.js" path="/Users/ap/Projects/red-tetris/src/client/reducers/gamesListReducer.js">
          <metrics statements="4" coveredstatements="3" conditionals="3" coveredconditionals="2" methods="1" coveredmethods="1"/>
          <line num="3" count="2" type="cond" truecount="1" falsecount="0"/>
          <line num="4" count="7" type="cond" truecount="1" falsecount="1"/>
          <line num="6" count="0" type="stmt"/>
          <line num="8" count="7" type="stmt"/>
        </file>
        <file name="index.js" path="/Users/ap/Projects/red-tetris/src/client/reducers/index.js">
          <metrics statements="0" coveredstatements="0" conditionals="0" coveredconditionals="0" methods="0" coveredmethods="0"/>
        </file>
        <file name="pieceReducer.js" path="/Users/ap/Projects/red-tetris/src/client/reducers/pieceReducer.js">
          <metrics statements="5" coveredstatements="3" conditionals="4" coveredconditionals="2" methods="1" coveredmethods="1"/>
          <line num="3" count="2" type="cond" truecount="1" falsecount="0"/>
          <line num="4" count="7" type="cond" truecount="1" falsecount="2"/>
          <line num="6" count="0" type="stmt"/>
          <line num="10" count="0" type="stmt"/>
          <line num="14" count="7" type="stmt"/>
        </file>
        <file name="userReducer.js" path="/Users/ap/Projects/red-tetris/src/client/reducers/userReducer.js">
          <metrics statements="4" coveredstatements="3" conditionals="3" coveredconditionals="2" methods="1" coveredmethods="1"/>
          <line num="3" count="2" type="cond" truecount="1" falsecount="0"/>
          <line num="4" count="7" type="cond" truecount="1" falsecount="1"/>
          <line num="6" count="0" type="stmt"/>
          <line num="8" count="7" type="stmt"/>
        </file>
      </package>
      <package name="client.styles">
        <metrics statements="5" coveredstatements="0" conditionals="0" coveredconditionals="0" methods="1" coveredmethods="0"/>
        <file name="global.js" path="/Users/ap/Projects/red-tetris/src/client/styles/global.js">
          <metrics statements="3" coveredstatements="0" conditionals="0" coveredconditionals="0" methods="0" coveredmethods="0"/>
          <line num="1" count="0" type="stmt"/>
          <line num="2" count="0" type="stmt"/>
          <line num="4" count="0" type="stmt"/>
        </file>
        <file name="mixins.js" path="/Users/ap/Projects/red-tetris/src/client/styles/mixins.js">
          <metrics statements="2" coveredstatements="0" conditionals="0" coveredconditionals="0" methods="1" coveredmethods="0"/>
          <line num="1" count="0" type="stmt"/>
          <line num="3" count="0" type="stmt"/>
        </file>
      </package>
      <package name="server">
        <metrics statements="24" coveredstatements="5" conditionals="6" coveredconditionals="1" methods="4" coveredmethods="0"/>
        <file name="app.js" path="/Users/ap/Projects/red-tetris/src/server/app.js">
          <metrics statements="9" coveredstatements="0" conditionals="0" coveredconditionals="0" methods="1" coveredmethods="0"/>
          <line num="1" count="0" type="stmt"/>
          <line num="2" count="0" type="stmt"/>
          <line num="3" count="0" type="stmt"/>
          <line num="4" count="0" type="stmt"/>
          <line num="6" count="0" type="stmt"/>
          <line num="7" count="0" type="stmt"/>
          <line num="11" count="0" type="stmt"/>
          <line num="12" count="0" type="stmt"/>
          <line num="14" count="0" type="stmt"/>
        </file>
        <file name="index.js" path="/Users/ap/Projects/red-tetris/src/server/index.js">
          <metrics statements="10" coveredstatements="0" conditionals="4" coveredconditionals="0" methods="2" coveredmethods="0"/>
          <line num="3" count="0" type="stmt"/>
          <line num="4" count="0" type="stmt"/>
          <line num="6" count="0" type="stmt"/>
          <line num="7" count="0" type="stmt"/>
          <line num="8" count="0" type="stmt"/>
          <line num="10" count="0" type="cond" truecount="0" falsecount="2"/>
          <line num="12" count="0" type="cond" truecount="0" falsecount="2"/>
          <line num="13" count="0" type="stmt"/>
          <line num="16" count="0" type="stmt"/>
          <line num="18" count="0" type="stmt"/>
        </file>
        <file name="logger.js" path="/Users/ap/Projects/red-tetris/src/server/logger.js">
          <metrics statements="5" coveredstatements="5" conditionals="2" coveredconditionals="1" methods="1" coveredmethods="0"/>
          <line num="3" count="4" type="stmt"/>
          <line num="5" count="4" type="stmt"/>
          <line num="6" count="4" type="stmt"/>
          <line num="17" count="4" type="stmt"/>
          <line num="19" count="4" type="stmt"/>
        </file>
      </package>
      <package name="server.controllers">
        <metrics statements="249" coveredstatements="85" conditionals="86" coveredconditionals="16" methods="52" coveredmethods="20"/>
        <file name="GamesController.js" path="/Users/ap/Projects/red-tetris/src/server/controllers/GamesController.js">
          <metrics statements="14" coveredstatements="6" conditionals="5" coveredconditionals="0" methods="5" coveredmethods="1"/>
          <line num="3" count="2" type="stmt"/>
          <line num="4" count="2" type="stmt"/>
          <line num="5" count="2" type="stmt"/>
          <line num="9" count="2" type="stmt"/>
          <line num="10" count="2" type="stmt"/>
          <line num="14" count="0" type="cond" truecount="0" falsecount="2"/>
          <line num="15" count="0" type="stmt"/>
          <line num="16" count="0" type="stmt"/>
          <line num="17" count="0" type="stmt"/>
          <line num="21" count="0" type="stmt"/>
          <line num="25" count="0" type="stmt"/>
          <line num="26" count="0" type="cond" truecount="0" falsecount="2"/>
          <line num="27" count="0" type="stmt"/>
          <line num="32" count="2" type="stmt"/>
        </file>
        <file name="MainController.js" path="/Users/ap/Projects/red-tetris/src/server/controllers/MainController.js">
          <metrics statements="185" coveredstatements="43" conditionals="65" coveredconditionals="5" methods="32" coveredmethods="7"/>
          <line num="3" count="2" type="stmt"/>
          <line num="4" count="2" type="stmt"/>
          <line num="5" count="2" type="stmt"/>
          <line num="6" count="2" type="stmt"/>
          <line num="7" count="2" type="stmt"/>
          <line num="8" count="2" type="stmt"/>
          <line num="12" count="67" type="stmt"/>
          <line num="13" count="67" type="stmt"/>
          <line num="14" count="67" type="stmt"/>
          <line num="15" count="67" type="stmt"/>
          <line num="16" count="67" type="cond" truecount="1" falsecount="1"/>
          <line num="18" count="67" type="stmt"/>
          <line num="21" count="67" type="stmt"/>
          <line num="22" count="67" type="stmt"/>
          <line num="24" count="67" type="stmt"/>
          <line num="30" count="67" type="stmt"/>
          <line num="31" count="67" type="stmt"/>
          <line num="32" count="67" type="stmt"/>
          <line num="33" count="67" type="stmt"/>
          <line num="34" count="67" type="stmt"/>
          <line num="35" count="67" type="stmt"/>
          <line num="36" count="67" type="stmt"/>
          <line num="37" count="67" type="stmt"/>
          <line num="38" count="67" type="stmt"/>
          <line num="39" count="67" type="stmt"/>
          <line num="40" count="67" type="stmt"/>
          <line num="44" count="0" type="cond" truecount="0" falsecount="4"/>
          <line num="45" count="0" type="stmt"/>
          <line num="46" count="0" type="stmt"/>
          <line num="49" count="0" type="stmt"/>
          <line num="50" count="0" type="stmt"/>
          <line num="51" count="0" type="stmt"/>
          <line num="59" count="0" type="cond" truecount="0" falsecount="4"/>
          <line num="60" count="0" type="stmt"/>
          <line num="61" count="0" type="stmt"/>
          <line num="62" count="0" type="stmt"/>
          <line num="65" count="0" type="stmt"/>
          <line num="66" count="0" type="stmt"/>
          <line num="67" count="0" type="stmt"/>
          <line num="69" count="0" type="stmt"/>
          <line num="71" count="0" type="cond" truecount="0" falsecount="2"/>
          <line num="72" count="0" type="stmt"/>
          <line num="73" count="0" type="stmt"/>
          <line num="76" count="0" type="stmt"/>
          <line num="84" count="0" type="stmt"/>
          <line num="86" count="0" type="cond" truecount="0" falsecount="2"/>
          <line num="88" count="0" type="stmt"/>
          <line num="89" count="0" type="stmt"/>
          <line num="91" count="0" type="cond" truecount="0" falsecount="2"/>
          <line num="92" count="0" type="stmt"/>
          <line num="93" count="0" type="stmt"/>
          <line num="96" count="0" type="cond" truecount="0" falsecount="2"/>
          <line num="97" count="0" type="stmt"/>
          <line num="98" count="0" type="stmt"/>
          <line num="100" count="0" type="stmt"/>
          <line num="105" count="0" type="stmt"/>
          <line num="107" count="0" type="cond" truecount="0" falsecount="2"/>
          <line num="108" count="0" type="stmt"/>
          <line num="109" count="0" type="stmt"/>
          <line num="110" count="0" type="cond" truecount="0" falsecount="2"/>
          <line num="111" count="0" type="stmt"/>
          <line num="112" count="0" type="stmt"/>
          <line num="113" count="0" type="cond" truecount="0" falsecount="2"/>
          <line num="114" count="0" type="stmt"/>
          <line num="115" count="0" type="stmt"/>
          <line num="118" count="0" type="stmt"/>
          <line num="121" count="0" type="stmt"/>
          <line num="122" count="0" type="stmt"/>
          <line num="123" count="0" type="stmt"/>
          <line num="124" count="0" type="stmt"/>
          <line num="126" count="0" type="stmt"/>
          <line num="127" count="0" type="stmt"/>
          <line num="132" count="0" type="cond" truecount="0" falsecount="2"/>
          <line num="133" count="0" type="stmt"/>
          <line num="134" count="0" type="stmt"/>
          <line num="137" count="0" type="stmt"/>
          <line num="138" count="0" type="stmt"/>
          <line num="140" count="0" type="stmt"/>
          <line num="142" count="0" type="stmt"/>
          <line num="143" count="0" type="stmt"/>
          <line num="147" count="0" type="stmt"/>
          <line num="148" count="0" type="stmt"/>
          <line num="152" count="1117" type="stmt"/>
          <line num="153" count="1117" type="stmt"/>
          <line num="157" count="47" type="stmt"/>
          <line num="161" count="8" type="stmt"/>
          <line num="162" count="8" type="stmt"/>
          <line num="163" count="8" type="cond" truecount="2" falsecount="0"/>
          <line num="164" count="4" type="stmt"/>
          <line num="166" count="4" type="stmt"/>
          <line num="170" count="8" type="stmt"/>
          <line num="171" count="8" type="cond" truecount="2" falsecount="0"/>
          <line num="172" count="4" type="stmt"/>
          <line num="174" count="4" type="stmt"/>
          <line num="175" count="4" type="stmt"/>
          <line num="179" count="20" type="stmt"/>
          <line num="182" count="20" type="stmt"/>
          <line num="183" count="20" type="stmt"/>
          <line num="187" count="0" type="stmt"/>
          <line num="189" count="0" type="stmt"/>
          <line num="193" count="0" type="stmt"/>
          <line num="197" count="0" type="stmt"/>
          <line num="198" count="0" type="stmt"/>
          <line num="201" count="0" type="cond" truecount="0" falsecount="1"/>
          <line num="202" count="0" type="cond" truecount="0" falsecount="4"/>
          <line num="203" count="0" type="stmt"/>
          <line num="204" count="0" type="stmt"/>
          <line num="205" count="0" type="stmt"/>
          <line num="208" count="0" type="cond" truecount="0" falsecount="2"/>
          <line num="209" count="0" type="stmt"/>
          <line num="210" count="0" type="stmt"/>
          <line num="211" count="0" type="stmt"/>
          <line num="214" count="0" type="stmt"/>
          <line num="215" count="0" type="stmt"/>
          <line num="216" count="0" type="cond" truecount="0" falsecount="2"/>
          <line num="217" count="0" type="stmt"/>
          <line num="218" count="0" type="stmt"/>
          <line num="219" count="0" type="stmt"/>
          <line num="220" count="0" type="stmt"/>
          <line num="223" count="0" type="stmt"/>
          <line num="224" count="0" type="stmt"/>
          <line num="226" count="0" type="cond" truecount="0" falsecount="2"/>
          <line num="227" count="0" type="stmt"/>
          <line num="228" count="0" type="stmt"/>
          <line num="231" count="0" type="stmt"/>
          <line num="234" count="0" type="cond" truecount="0" falsecount="1"/>
          <line num="235" count="0" type="cond" truecount="0" falsecount="4"/>
          <line num="236" count="0" type="stmt"/>
          <line num="237" count="0" type="stmt"/>
          <line num="238" count="0" type="stmt"/>
          <line num="241" count="0" type="cond" truecount="0" falsecount="2"/>
          <line num="242" count="0" type="stmt"/>
          <line num="243" count="0" type="stmt"/>
          <line num="244" count="0" type="stmt"/>
          <line num="247" count="0" type="stmt"/>
          <line num="248" count="0" type="stmt"/>
          <line num="249" count="0" type="stmt"/>
          <line num="251" count="0" type="stmt"/>
          <line num="252" count="0" type="stmt"/>
          <line num="254" count="0" type="cond" truecount="0" falsecount="2"/>
          <line num="255" count="0" type="stmt"/>
          <line num="256" count="0" type="stmt"/>
          <line num="259" count="0" type="stmt"/>
          <line num="262" count="0" type="cond" truecount="0" falsecount="1"/>
          <line num="263" count="0" type="cond" truecount="0" falsecount="2"/>
          <line num="264" count="0" type="stmt"/>
          <line num="265" count="0" type="stmt"/>
          <line num="266" count="0" type="stmt"/>
          <line num="269" count="0" type="stmt"/>
          <line num="270" count="0" type="stmt"/>
          <line num="272" count="0" type="stmt"/>
          <line num="273" count="0" type="stmt"/>
          <line num="275" count="0" type="cond" truecount="0" falsecount="2"/>
          <line num="276" count="0" type="stmt"/>
          <line num="277" count="0" type="stmt"/>
          <line num="280" count="0" type="stmt"/>
          <line num="284" count="0" type="cond" truecount="0" falsecount="2"/>
          <line num="285" count="0" type="stmt"/>
          <line num="287" count="0" type="stmt"/>
          <line num="288" count="0" type="stmt"/>
          <line num="290" count="0" type="stmt"/>
          <line num="292" count="0" type="stmt"/>
          <line num="300" count="0" type="stmt"/>
          <line num="304" count="0" type="stmt"/>
          <line num="308" count="0" type="stmt"/>
          <line num="312" count="0" type="stmt"/>
          <line num="316" count="0" type="stmt"/>
          <line num="317" count="0" type="stmt"/>
          <line num="319" count="0" type="stmt"/>
          <line num="320" count="0" type="stmt"/>
          <line num="324" count="0" type="stmt"/>
          <line num="325" count="0" type="stmt"/>
          <line num="326" count="0" type="cond" truecount="0" falsecount="2"/>
          <line num="327" count="0" type="stmt"/>
          <line num="328" count="0" type="stmt"/>
          <line num="331" count="0" type="cond" truecount="0" falsecount="2"/>
          <line num="332" count="0" type="stmt"/>
          <line num="333" count="0" type="stmt"/>
          <line num="334" count="0" type="stmt"/>
          <line num="335" count="0" type="stmt"/>
          <line num="336" count="0" type="stmt"/>
          <line num="337" count="0" type="stmt"/>
          <line num="342" count="0" type="stmt"/>
          <line num="346" count="0" type="stmt"/>
          <line num="350" count="2" type="stmt"/>
        </file>
        <file name="RoomsController.js" path="/Users/ap/Projects/red-tetris/src/server/controllers/RoomsController.js">
          <metrics statements="37" coveredstatements="36" conditionals="12" coveredconditionals="11" methods="13" coveredmethods="12"/>
          <line num="3" count="2" type="stmt"/>
          <line num="4" count="2" type="stmt"/>
          <line num="5" count="2" type="stmt"/>
          <line num="6" count="2" type="stmt"/>
          <line num="9" count="2" type="stmt"/>
          <line num="16" count="2" type="stmt"/>
          <line num="17" count="2" type="stmt"/>
          <line num="18" count="2" type="stmt"/>
          <line num="19" count="2" type="stmt"/>
          <line num="20" count="0" type="stmt"/>
          <line num="25" count="19" type="stmt"/>
          <line num="26" count="19" type="stmt"/>
          <line num="27" count="19" type="stmt"/>
          <line num="28" count="19" type="stmt"/>
          <line num="32" count="3" type="stmt"/>
          <line num="33" count="3" type="cond" truecount="2" falsecount="0"/>
          <line num="34" count="2" type="stmt"/>
          <line num="35" count="2" type="stmt"/>
          <line num="40" count="3" type="stmt"/>
          <line num="44" count="1187" type="stmt"/>
          <line num="48" count="19" type="cond" truecount="4" falsecount="0"/>
          <line num="49" count="2" type="stmt"/>
          <line num="51" count="17" type="stmt"/>
          <line num="52" count="17" type="stmt"/>
          <line num="56" count="10" type="cond" truecount="4" falsecount="0"/>
          <line num="57" count="2" type="stmt"/>
          <line num="59" count="8" type="stmt"/>
          <line num="60" count="8" type="stmt"/>
          <line num="64" count="1" type="cond" truecount="1" falsecount="1"/>
          <line num="65" count="1" type="stmt"/>
          <line num="70" count="46" type="stmt"/>
          <line num="74" count="71" type="stmt"/>
          <line num="75" count="71" type="stmt"/>
          <line num="76" count="71" type="stmt"/>
          <line num="82" count="1" type="stmt"/>
          <line num="83" count="1" type="stmt"/>
          <line num="89" count="2" type="stmt"/>
        </file>
        <file name="ServerController.js" path="/Users/ap/Projects/red-tetris/src/server/controllers/ServerController.js">
          <metrics statements="13" coveredstatements="0" conditionals="4" coveredconditionals="0" methods="2" coveredmethods="0"/>
          <line num="4" count="0" type="stmt"/>
          <line num="5" count="0" type="stmt"/>
          <line num="6" count="0" type="stmt"/>
          <line num="9" count="0" type="stmt"/>
          <line num="10" count="0" type="stmt"/>
          <line num="11" count="0" type="stmt"/>
          <line num="12" count="0" type="stmt"/>
          <line num="16" count="0" type="stmt"/>
          <line num="17" count="0" type="cond" truecount="0" falsecount="4"/>
          <line num="18" count="0" type="stmt"/>
          <line num="21" count="0" type="stmt"/>
          <line num="23" count="0" type="stmt"/>
          <line num="27" count="0" type="stmt"/>
        </file>
      </package>
      <package name="server.models">
        <metrics statements="329" coveredstatements="182" conditionals="101" coveredconditionals="35" methods="119" coveredmethods="62"/>
        <file name="DefaultGameMode.js" path="/Users/ap/Projects/red-tetris/src/server/models/DefaultGameMode.js">
          <metrics statements="35" coveredstatements="32" conditionals="6" coveredconditionals="5" methods="19" coveredmethods="18"/>
          <line num="1" count="2" type="stmt"/>
          <line num="2" count="2" type="stmt"/>
          <line num="3" count="2" type="stmt"/>
          <line num="4" count="2" type="stmt"/>
          <line num="5" count="2" type="stmt"/>
          <line num="9" count="9" type="stmt"/>
          <line num="15" count="24" type="stmt"/>
          <line num="17" count="48" type="stmt"/>
          <line num="30" count="1" type="cond" truecount="2" falsecount="0"/>
          <line num="31" count="1" type="stmt"/>
          <line num="33" count="1" type="stmt"/>
          <line num="35" count="1" type="cond" truecount="1" falsecount="1"/>
          <line num="37" count="0" type="stmt"/>
          <line num="38" count="0" type="stmt"/>
          <line num="39" count="0" type="stmt"/>
          <line num="45" count="1" type="stmt"/>
          <line num="46" count="1" type="stmt"/>
          <line num="47" count="1" type="stmt"/>
          <line num="53" count="4" type="stmt"/>
          <line num="54" count="8" type="stmt"/>
          <line num="59" count="9" type="stmt"/>
          <line num="63" count="2" type="stmt"/>
          <line num="64" count="4" type="stmt"/>
          <line num="69" count="1" type="stmt"/>
          <line num="70" count="1" type="stmt"/>
          <line num="71" count="2" type="stmt"/>
          <line num="72" count="2" type="stmt"/>
          <line num="73" count="1" type="stmt"/>
          <line num="77" count="11" type="stmt"/>
          <line num="81" count="5" type="stmt"/>
          <line num="85" count="5" type="stmt"/>
          <line num="89" count="1" type="stmt"/>
          <line num="93" count="1" type="stmt"/>
          <line num="97" count="1" type="stmt"/>
          <line num="101" count="2" type="stmt"/>
        </file>
        <file name="Game.js" path="/Users/ap/Projects/red-tetris/src/server/models/Game.js">
          <metrics statements="86" coveredstatements="37" conditionals="18" coveredconditionals="3" methods="33" coveredmethods="8"/>
          <line num="1" count="2" type="stmt"/>
          <line num="2" count="2" type="stmt"/>
          <line num="3" count="2" type="stmt"/>
          <line num="4" count="2" type="stmt"/>
          <line num="5" count="2" type="stmt"/>
          <line num="6" count="2" type="stmt"/>
          <line num="7" count="2" type="stmt"/>
          <line num="10" count="2" type="stmt"/>
          <line num="27" count="12" type="stmt"/>
          <line num="29" count="12" type="stmt"/>
          <line num="31" count="12" type="stmt"/>
          <line num="32" count="12" type="stmt"/>
          <line num="33" count="12" type="stmt"/>
          <line num="34" count="12" type="stmt"/>
          <line num="35" count="12" type="cond" truecount="1" falsecount="1"/>
          <line num="36" count="0" type="stmt"/>
          <line num="38" count="12" type="stmt"/>
          <line num="39" count="12" type="stmt"/>
          <line num="42" count="12" type="stmt"/>
          <line num="46" count="0" type="stmt"/>
          <line num="50" count="0" type="stmt"/>
          <line num="54" count="0" type="cond" truecount="0" falsecount="2"/>
          <line num="58" count="0" type="stmt"/>
          <line num="59" count="0" type="stmt"/>
          <line num="60" count="0" type="stmt"/>
          <line num="62" count="0" type="stmt"/>
          <line num="63" count="0" type="stmt"/>
          <line num="68" count="0" type="stmt"/>
          <line num="69" count="0" type="stmt"/>
          <line num="70" count="0" type="stmt"/>
          <line num="71" count="0" type="stmt"/>
          <line num="72" count="0" type="stmt"/>
          <line num="73" count="0" type="stmt"/>
          <line num="74" count="0" type="stmt"/>
          <line num="81" count="0" type="stmt"/>
          <line num="82" count="0" type="stmt"/>
          <line num="87" count="0" type="cond" truecount="0" falsecount="2"/>
          <line num="88" count="0" type="stmt"/>
          <line num="90" count="0" type="stmt"/>
          <line num="98" count="9" type="cond" truecount="2" falsecount="0"/>
          <line num="99" count="7" type="stmt"/>
          <line num="100" count="9" type="stmt"/>
          <line num="104" count="4" type="stmt"/>
          <line num="110" count="4" type="stmt"/>
          <line num="116" count="10" type="stmt"/>
          <line num="117" count="10" type="stmt"/>
          <line num="123" count="0" type="stmt"/>
          <line num="124" count="0" type="stmt"/>
          <line num="128" count="0" type="stmt"/>
          <line num="129" count="0" type="stmt"/>
          <line num="133" count="0" type="stmt"/>
          <line num="134" count="0" type="stmt"/>
          <line num="138" count="0" type="stmt"/>
          <line num="139" count="0" type="stmt"/>
          <line num="143" count="0" type="cond" truecount="0" falsecount="4"/>
          <line num="144" count="0" type="stmt"/>
          <line num="145" count="0" type="stmt"/>
          <line num="146" count="0" type="cond" truecount="0" falsecount="2"/>
          <line num="147" count="0" type="stmt"/>
          <line num="151" count="0" type="stmt"/>
          <line num="155" count="24" type="stmt"/>
          <line num="156" count="24" type="stmt"/>
          <line num="157" count="24" type="stmt"/>
          <line num="158" count="24" type="stmt"/>
          <line num="159" count="24" type="stmt"/>
          <line num="160" count="24" type="stmt"/>
          <line num="161" count="24" type="stmt"/>
          <line num="162" count="24" type="stmt"/>
          <line num="163" count="24" type="stmt"/>
          <line num="167" count="12" type="stmt"/>
          <line num="171" count="0" type="stmt"/>
          <line num="175" count="0" type="stmt"/>
          <line num="181" count="0" type="stmt"/>
          <line num="182" count="0" type="stmt"/>
          <line num="183" count="0" type="cond" truecount="0" falsecount="2"/>
          <line num="185" count="0" type="stmt"/>
          <line num="191" count="0" type="stmt"/>
          <line num="195" count="24" type="stmt"/>
          <line num="199" count="0" type="stmt"/>
          <line num="212" count="0" type="stmt"/>
          <line num="216" count="0" type="stmt"/>
          <line num="217" count="0" type="stmt"/>
          <line num="218" count="0" type="stmt"/>
          <line num="219" count="0" type="stmt"/>
          <line num="220" count="0" type="stmt"/>
          <line num="225" count="2" type="stmt"/>
        </file>
        <file name="GameMode.js" path="/Users/ap/Projects/red-tetris/src/server/models/GameMode.js">
          <metrics statements="24" coveredstatements="24" conditionals="4" coveredconditionals="4" methods="8" coveredmethods="8"/>
          <line num="1" count="3" type="stmt"/>
          <line num="2" count="3" type="stmt"/>
          <line num="6" count="30" type="stmt"/>
          <line num="7" count="30" type="stmt"/>
          <line num="11" count="2" type="cond" truecount="2" falsecount="0"/>
          <line num="12" count="1" type="stmt"/>
          <line num="13" count="1" type="stmt"/>
          <line num="14" count="1" type="stmt"/>
          <line num="15" count="1" type="stmt"/>
          <line num="19" count="1" type="stmt"/>
          <line num="20" count="1" type="stmt"/>
          <line num="21" count="1" type="stmt"/>
          <line num="22" count="1" type="stmt"/>
          <line num="26" count="1" type="stmt"/>
          <line num="30" count="1" type="stmt"/>
          <line num="34" count="1" type="stmt"/>
          <line num="38" count="1" type="stmt"/>
          <line num="39" count="1" type="stmt"/>
          <line num="40" count="1" type="stmt"/>
          <line num="44" count="2" type="cond" truecount="2" falsecount="0"/>
          <line num="45" count="1" type="stmt"/>
          <line num="46" count="1" type="stmt"/>
          <line num="47" count="1" type="stmt"/>
          <line num="52" count="3" type="stmt"/>
        </file>
        <file name="Player.js" path="/Users/ap/Projects/red-tetris/src/server/models/Player.js">
          <metrics statements="104" coveredstatements="33" conditionals="47" coveredconditionals="7" methods="35" coveredmethods="11"/>
          <line num="2" count="3" type="stmt"/>
          <line num="3" count="3" type="stmt"/>
          <line num="4" count="3" type="stmt"/>
          <line num="5" count="3" type="stmt"/>
          <line num="6" count="3" type="stmt"/>
          <line num="7" count="3" type="stmt"/>
          <line num="9" count="3" type="stmt"/>
          <line num="18" count="50" type="stmt"/>
          <line num="19" count="50" type="stmt"/>
          <line num="20" count="50" type="stmt"/>
          <line num="21" count="50" type="cond" truecount="1" falsecount="1"/>
          <line num="22" count="50" type="stmt"/>
          <line num="30" count="50" type="stmt"/>
          <line num="34" count="9" type="stmt"/>
          <line num="35" count="9" type="stmt"/>
          <line num="39" count="3" type="stmt"/>
          <line num="43" count="4" type="stmt"/>
          <line num="48" count="4" type="stmt"/>
          <line num="49" count="4" type="stmt"/>
          <line num="50" count="4" type="stmt"/>
          <line num="54" count="0" type="stmt"/>
          <line num="55" count="0" type="stmt"/>
          <line num="59" count="4" type="stmt"/>
          <line num="63" count="4" type="stmt"/>
          <line num="64" count="4" type="stmt"/>
          <line num="68" count="0" type="cond" truecount="0" falsecount="2"/>
          <line num="69" count="0" type="stmt"/>
          <line num="71" count="0" type="stmt"/>
          <line num="73" count="0" type="cond" truecount="0" falsecount="2"/>
          <line num="74" count="0" type="stmt"/>
          <line num="77" count="0" type="cond" truecount="0" falsecount="2"/>
          <line num="83" count="0" type="cond" truecount="0" falsecount="4"/>
          <line num="84" count="0" type="stmt"/>
          <line num="85" count="0" type="stmt"/>
          <line num="86" count="0" type="cond" truecount="0" falsecount="2"/>
          <line num="87" count="0" type="stmt"/>
          <line num="89" count="0" type="stmt"/>
          <line num="92" count="0" type="stmt"/>
          <line num="95" count="0" type="stmt"/>
          <line num="96" count="0" type="stmt"/>
          <line num="98" count="0" type="stmt"/>
          <line num="99" count="0" type="stmt"/>
          <line num="103" count="0" type="cond" truecount="0" falsecount="2"/>
          <line num="104" count="0" type="stmt"/>
          <line num="106" count="0" type="stmt"/>
          <line num="108" count="0" type="stmt"/>
          <line num="110" count="0" type="cond" truecount="0" falsecount="2"/>
          <line num="111" count="0" type="stmt"/>
          <line num="113" count="0" type="stmt"/>
          <line num="114" count="0" type="stmt"/>
          <line num="115" count="0" type="stmt"/>
          <line num="119" count="0" type="cond" truecount="0" falsecount="2"/>
          <line num="120" count="0" type="stmt"/>
          <line num="122" count="0" type="stmt"/>
          <line num="124" count="0" type="stmt"/>
          <line num="125" count="0" type="cond" truecount="0" falsecount="2"/>
          <line num="126" count="0" type="stmt"/>
          <line num="128" count="0" type="stmt"/>
          <line num="132" count="0" type="stmt"/>
          <line num="136" count="0" type="stmt"/>
          <line num="138" count="0" type="stmt"/>
          <line num="139" count="0" type="cond" truecount="0" falsecount="2"/>
          <line num="140" count="0" type="stmt"/>
          <line num="141" count="0" type="stmt"/>
          <line num="144" count="0" type="stmt"/>
          <line num="148" count="0" type="stmt"/>
          <line num="149" count="0" type="stmt"/>
          <line num="154" count="0" type="stmt"/>
          <line num="156" count="0" type="stmt"/>
          <line num="157" count="0" type="cond" truecount="0" falsecount="2"/>
          <line num="158" count="0" type="cond" truecount="0" falsecount="2"/>
          <line num="159" count="0" type="stmt"/>
          <line num="163" count="0" type="stmt"/>
          <line num="164" count="0" type="stmt"/>
          <line num="165" count="0" type="stmt"/>
          <line num="166" count="0" type="cond" truecount="0" falsecount="2"/>
          <line num="173" count="0" type="cond" truecount="0" falsecount="2"/>
          <line num="174" count="0" type="stmt"/>
          <line num="179" count="0" type="stmt"/>
          <line num="180" count="0" type="stmt"/>
          <line num="181" count="0" type="stmt"/>
          <line num="186" count="0" type="stmt"/>
          <line num="194" count="0" type="stmt"/>
          <line num="198" count="0" type="stmt"/>
          <line num="202" count="0" type="cond" truecount="0" falsecount="3"/>
          <line num="206" count="0" type="stmt"/>
          <line num="210" count="0" type="stmt"/>
          <line num="214" count="0" type="stmt"/>
          <line num="218" count="4" type="cond" truecount="2" falsecount="0"/>
          <line num="226" count="4" type="cond" truecount="2" falsecount="0"/>
          <line num="234" count="11" type="cond" truecount="2" falsecount="0"/>
          <line num="242" count="4" type="stmt"/>
          <line num="246" count="0" type="stmt"/>
          <line num="247" count="0" type="cond" truecount="0" falsecount="2"/>
          <line num="254" count="2" type="stmt"/>
          <line num="255" count="2" type="stmt"/>
          <line num="256" count="20" type="stmt"/>
          <line num="258" count="2" type="stmt"/>
          <line num="259" count="2" type="stmt"/>
          <line num="263" count="0" type="stmt"/>
          <line num="264" count="0" type="cond" truecount="0" falsecount="2"/>
          <line num="271" count="0" type="stmt"/>
          <line num="272" count="0" type="cond" truecount="0" falsecount="2"/>
          <line num="279" count="3" type="stmt"/>
        </file>
        <file name="Room.js" path="/Users/ap/Projects/red-tetris/src/server/models/Room.js">
          <metrics statements="74" coveredstatements="52" conditionals="22" coveredconditionals="15" methods="21" coveredmethods="15"/>
          <line num="3" count="2" type="stmt"/>
          <line num="4" count="2" type="stmt"/>
          <line num="5" count="2" type="stmt"/>
          <line num="6" count="2" type="stmt"/>
          <line num="7" count="2" type="stmt"/>
          <line num="9" count="2" type="stmt"/>
          <line num="18" count="19" type="stmt"/>
          <line num="19" count="19" type="stmt"/>
          <line num="20" count="19" type="stmt"/>
          <line num="21" count="19" type="stmt"/>
          <line num="22" count="19" type="stmt"/>
          <line num="23" count="19" type="stmt"/>
          <line num="24" count="19" type="stmt"/>
          <line num="25" count="19" type="stmt"/>
          <line num="29" count="18" type="cond" truecount="2" falsecount="0"/>
          <line num="30" count="1" type="stmt"/>
          <line num="32" count="17" type="cond" truecount="1" falsecount="1"/>
          <line num="33" count="0" type="stmt"/>
          <line num="35" count="17" type="cond" truecount="2" falsecount="0"/>
          <line num="36" count="9" type="stmt"/>
          <line num="38" count="17" type="stmt"/>
          <line num="39" count="17" type="stmt"/>
          <line num="40" count="17" type="stmt"/>
          <line num="41" count="17" type="stmt"/>
          <line num="45" count="9" type="cond" truecount="2" falsecount="0"/>
          <line num="46" count="1" type="stmt"/>
          <line num="48" count="8" type="stmt"/>
          <line num="49" count="8" type="stmt"/>
          <line num="51" count="18" type="stmt"/>
          <line num="53" count="8" type="cond" truecount="2" falsecount="0"/>
          <line num="54" count="4" type="stmt"/>
          <line num="56" count="8" type="stmt"/>
          <line num="57" count="8" type="stmt"/>
          <line num="61" count="0" type="stmt"/>
          <line num="65" count="0" type="cond" truecount="0" falsecount="2"/>
          <line num="66" count="0" type="stmt"/>
          <line num="68" count="0" type="stmt"/>
          <line num="74" count="0" type="stmt"/>
          <line num="75" count="0" type="stmt"/>
          <line num="76" count="0" type="stmt"/>
          <line num="78" count="0" type="stmt"/>
          <line num="79" count="0" type="stmt"/>
          <line num="81" count="0" type="stmt"/>
          <line num="85" count="1" type="stmt"/>
          <line num="86" count="1" type="cond" truecount="3" falsecount="2"/>
          <line num="87" count="0" type="stmt"/>
          <line num="88" count="0" type="stmt"/>
          <line num="93" count="0" type="stmt"/>
          <line num="97" count="1212" type="stmt"/>
          <line num="101" count="733" type="stmt"/>
          <line num="107" count="0" type="stmt"/>
          <line num="109" count="0" type="stmt"/>
          <line num="115" count="25" type="stmt"/>
          <line num="119" count="17" type="stmt"/>
          <line num="124" count="17" type="stmt"/>
          <line num="125" count="17" type="stmt"/>
          <line num="126" count="17" type="stmt"/>
          <line num="130" count="8" type="stmt"/>
          <line num="131" count="8" type="stmt"/>
          <line num="132" count="8" type="stmt"/>
          <line num="133" count="8" type="stmt"/>
          <line num="137" count="0" type="stmt"/>
          <line num="139" count="0" type="stmt"/>
          <line num="140" count="0" type="stmt"/>
          <line num="141" count="0" type="stmt"/>
          <line num="142" count="0" type="stmt"/>
          <line num="146" count="23" type="stmt"/>
          <line num="147" count="23" type="stmt"/>
          <line num="151" count="9" type="stmt"/>
          <line num="152" count="9" type="stmt"/>
          <line num="153" count="9" type="stmt"/>
          <line num="157" count="0" type="cond" truecount="0" falsecount="2"/>
          <line num="161" count="19" type="stmt"/>
          <line num="165" count="2" type="stmt"/>
        </file>
        <file name="User.js" path="/Users/ap/Projects/red-tetris/src/server/models/User.js">
          <metrics statements="6" coveredstatements="4" conditionals="4" coveredconditionals="1" methods="3" coveredmethods="2"/>
          <line num="3" count="67" type="stmt"/>
          <line num="4" count="67" type="stmt"/>
          <line num="8" count="0" type="cond" truecount="0" falsecount="2"/>
          <line num="9" count="0" type="stmt"/>
          <line num="14" count="733" type="cond" truecount="1" falsecount="1"/>
          <line num="18" count="2" type="stmt"/>
        </file>
      </package>
      <package name="server.services">
        <metrics statements="20" coveredstatements="14" conditionals="4" coveredconditionals="0" methods="10" coveredmethods="5"/>
        <file name="PieceService.js" path="/Users/ap/Projects/red-tetris/src/server/services/PieceService.js">
          <metrics statements="9" coveredstatements="6" conditionals="2" coveredconditionals="0" methods="5" coveredmethods="2"/>
          <line num="1" count="2" type="stmt"/>
          <line num="2" count="2" type="stmt"/>
          <line num="3" count="2" type="stmt"/>
          <line num="8" count="2" type="stmt"/>
          <line num="12" count="0" type="stmt"/>
          <line num="16" count="7" type="stmt"/>
          <line num="20" count="0" type="stmt"/>
          <line num="23" count="0" type="cond" truecount="0" falsecount="2"/>
          <line num="28" count="2" type="stmt"/>
        </file>
        <file name="UserService.js" path="/Users/ap/Projects/red-tetris/src/server/services/UserService.js">
          <metrics statements="11" coveredstatements="8" conditionals="2" coveredconditionals="0" methods="5" coveredmethods="3"/>
          <line num="3" count="2" type="stmt"/>
          <line num="4" count="2" type="stmt"/>
          <line num="8" count="2" type="stmt"/>
          <line num="12" count="67" type="stmt"/>
          <line num="13" count="67" type="stmt"/>
          <line num="14" count="67" type="stmt"/>
          <line num="18" count="800" type="stmt"/>
          <line num="25" count="0" type="stmt"/>
          <line num="26" count="0" type="cond" truecount="0" falsecount="2"/>
          <line num="27" count="0" type="stmt"/>
          <line num="32" count="2" type="stmt"/>
        </file>
      </package>
      <package name="shared">
        <metrics statements="30" coveredstatements="0" conditionals="20" coveredconditionals="0" methods="8" coveredmethods="0"/>
        <file name="block-codes.js" path="/Users/ap/Projects/red-tetris/src/shared/block-codes.js">
          <metrics statements="1" coveredstatements="0" conditionals="0" coveredconditionals="0" methods="0" coveredmethods="0"/>
          <line num="1" count="0" type="stmt"/>
        </file>
        <file name="helpers.js" path="/Users/ap/Projects/red-tetris/src/shared/helpers.js">
          <metrics statements="10" coveredstatements="0" conditionals="8" coveredconditionals="0" methods="5" coveredmethods="0"/>
          <line num="1" count="0" type="stmt"/>
          <line num="3" count="0" type="cond" truecount="0" falsecount="4"/>
          <line num="4" count="0" type="stmt"/>
          <line num="5" count="0" type="stmt"/>
          <line num="8" count="0" type="stmt"/>
          <line num="10" count="0" type="stmt"/>
          <line num="14" count="0" type="stmt"/>
          <line num="27" count="0" type="stmt"/>
          <line num="32" count="0" type="cond" truecount="0" falsecount="2"/>
          <line num="34" count="0" type="stmt"/>
        </file>
        <file name="piece-codes.js" path="/Users/ap/Projects/red-tetris/src/shared/piece-codes.js">
          <metrics statements="1" coveredstatements="0" conditionals="0" coveredconditionals="0" methods="0" coveredmethods="0"/>
          <line num="1" count="0" type="stmt"/>
        </file>
        <file name="piece-rotation-map.js" path="/Users/ap/Projects/red-tetris/src/shared/piece-rotation-map.js">
          <metrics statements="1" coveredstatements="0" conditionals="0" coveredconditionals="0" methods="0" coveredmethods="0"/>
          <line num="1" count="0" type="stmt"/>
        </file>
        <file name="socket-events.js" path="/Users/ap/Projects/red-tetris/src/shared/socket-events.js">
          <metrics statements="1" coveredstatements="0" conditionals="0" coveredconditionals="0" methods="0" coveredmethods="0"/>
          <line num="1" count="0" type="stmt"/>
        </file>
        <file name="validator.js" path="/Users/ap/Projects/red-tetris/src/shared/validator.js">
          <metrics statements="16" coveredstatements="0" conditionals="12" coveredconditionals="0" methods="3" coveredmethods="0"/>
          <line num="1" count="0" type="stmt"/>
          <line num="2" count="0" type="stmt"/>
          <line num="4" count="0" type="stmt"/>
          <line num="6" count="0" type="stmt"/>
          <line num="13" count="0" type="stmt"/>
          <line num="14" count="0" type="cond" truecount="0" falsecount="2"/>
          <line num="19" count="0" type="stmt"/>
          <line num="20" count="0" type="stmt"/>
          <line num="21" count="0" type="stmt"/>
          <line num="22" count="0" type="cond" truecount="0" falsecount="2"/>
          <line num="23" count="0" type="stmt"/>
          <line num="26" count="0" type="stmt"/>
          <line num="28" count="0" type="stmt"/>
          <line num="29" count="0" type="stmt"/>
          <line num="30" count="0" type="stmt"/>
          <line num="31" count="0" type="stmt"/>
        </file>
      </package>
    </metrics>
  </project>
</coverage>
