{"/Users/ap/Projects/red-tetris/src/client/history.js": {"path":"/Users/ap/Projects/red-tetris/src/client/history.js","statementMap":{"0":{"start":{"line":1,"column":0},"end":{"line":null,"column":-1}}},"fnMap":{},"branchMap":{},"s":{"0":0},"f":{},"b":{}}
,"/Users/ap/Projects/red-tetris/src/client/index.js": {"path":"/Users/ap/Projects/red-tetris/src/client/index.js","statementMap":{"0":{"start":{"line":1,"column":0},"end":{"line":null,"column":-1}},"1":{"start":{"line":2,"column":0},"end":{"line":null,"column":-1}},"2":{"start":{"line":3,"column":0},"end":{"line":null,"column":-1}},"3":{"start":{"line":5,"column":0},"end":{"line":null,"column":-1}}},"fnMap":{},"branchMap":{},"s":{"0":0,"1":0,"2":0,"3":0},"f":{},"b":{}}
,"/Users/ap/Projects/red-tetris/src/client/socket.js": {"path":"/Users/ap/Projects/red-tetris/src/client/socket.js","statementMap":{"0":{"start":{"line":6,"column":15},"end":{"line":6,"column":51}},"1":{"start":{"line":7,"column":0},"end":{"line":7,"column":80}},"2":{"start":{"line":7,"column":45},"end":{"line":7,"column":78}},"3":{"start":{"line":9,"column":0},"end":{"line":9,"column":23}}},"fnMap":{"0":{"name":"(anonymous_0)","decl":{"start":{"line":7,"column":33},"end":{"line":7,"column":34}},"loc":{"start":{"line":7,"column":45},"end":{"line":7,"column":78}},"line":7}},"branchMap":{},"s":{"0":1,"1":1,"2":0,"3":1},"f":{"0":0},"b":{},"_coverageSchema":"332fd63041d2c1bcb487cc26dd0d5f7d97098a6c","hash":"fb12d8f2bc5c84a6f0820ccbf4f9cb21b1e978d0"}
,"/Users/ap/Projects/red-tetris/src/client/store.js": {"path":"/Users/ap/Projects/red-tetris/src/client/store.js","statementMap":{},"fnMap":{},"branchMap":{},"s":{},"f":{},"b":{},"_coverageSchema":"332fd63041d2c1bcb487cc26dd0d5f7d97098a6c","hash":"7d69cd0f3837144c82e64f9f9205c6dece3fcd55"}
,"/Users/ap/Projects/red-tetris/src/client/utils.js": {"path":"/Users/ap/Projects/red-tetris/src/client/utils.js","statementMap":{"0":{"start":{"line":4,"column":27},"end":{"line":7,"column":1}},"1":{"start":{"line":5,"column":20},"end":{"line":5,"column":39}},"2":{"start":{"line":6,"column":2},"end":{"line":6,"column":42}},"3":{"start":{"line":9,"column":35},"end":{"line":9,"column":65}},"4":{"start":{"line":9,"column":42},"end":{"line":9,"column":65}},"5":{"start":{"line":11,"column":31},"end":{"line":23,"column":2}},"6":{"start":{"line":12,"column":2},"end":{"line":22,"column":4}},"7":{"start":{"line":17,"column":20},"end":{"line":17,"column":34}},"8":{"start":{"line":18,"column":8},"end":{"line":18,"column":43}},"9":{"start":{"line":20,"column":19},"end":{"line":20,"column":45}},"10":{"start":{"line":25,"column":27},"end":{"line":25,"column":54}},"11":{"start":{"line":27,"column":29},"end":{"line":28,"column":57}},"12":{"start":{"line":28,"column":2},"end":{"line":28,"column":57}}},"fnMap":{"0":{"name":"(anonymous_0)","decl":{"start":{"line":4,"column":27},"end":{"line":4,"column":28}},"loc":{"start":{"line":4,"column":55},"end":{"line":7,"column":1}},"line":4},"1":{"name":"(anonymous_1)","decl":{"start":{"line":9,"column":35},"end":{"line":9,"column":36}},"loc":{"start":{"line":9,"column":42},"end":{"line":9,"column":65}},"line":9},"2":{"name":"(anonymous_2)","decl":{"start":{"line":11,"column":39},"end":{"line":11,"column":40}},"loc":{"start":{"line":11,"column":54},"end":{"line":23,"column":1}},"line":11},"3":{"name":"(anonymous_3)","decl":{"start":{"line":16,"column":11},"end":{"line":16,"column":12}},"loc":{"start":{"line":16,"column":18},"end":{"line":19,"column":7}},"line":16},"4":{"name":"(anonymous_4)","decl":{"start":{"line":20,"column":14},"end":{"line":20,"column":15}},"loc":{"start":{"line":20,"column":19},"end":{"line":20,"column":45}},"line":20},"5":{"name":"(anonymous_5)","decl":{"start":{"line":27,"column":29},"end":{"line":27,"column":30}},"loc":{"start":{"line":28,"column":2},"end":{"line":28,"column":57}},"line":28}},"branchMap":{"0":{"loc":{"start":{"line":4,"column":40},"end":{"line":4,"column":50}},"type":"default-arg","locations":[{"start":{"line":4,"column":49},"end":{"line":4,"column":50}}],"line":4},"1":{"loc":{"start":{"line":18,"column":15},"end":{"line":18,"column":42}},"type":"binary-expr","locations":[{"start":{"line":18,"column":15},"end":{"line":18,"column":18}},{"start":{"line":18,"column":22},"end":{"line":18,"column":42}}],"line":18},"2":{"loc":{"start":{"line":20,"column":19},"end":{"line":20,"column":45}},"type":"binary-expr","locations":[{"start":{"line":20,"column":19},"end":{"line":20,"column":29}},{"start":{"line":20,"column":33},"end":{"line":20,"column":45}}],"line":20}},"s":{"0":1,"1":2,"2":2,"3":1,"4":2,"5":1,"6":0,"7":0,"8":0,"9":0,"10":1,"11":1,"12":2},"f":{"0":2,"1":2,"2":0,"3":0,"4":0,"5":2},"b":{"0":[0],"1":[0,0],"2":[0,0]},"_coverageSchema":"332fd63041d2c1bcb487cc26dd0d5f7d97098a6c","hash":"7aecb6acff978e594d14b752ca4ab2ff7d12d6bd"}
,"/Users/ap/Projects/red-tetris/src/client/App/App.js": {"path":"/Users/ap/Projects/red-tetris/src/client/App/App.js","statementMap":{"0":{"start":{"line":1,"column":0},"end":{"line":null,"column":-1}},"1":{"start":{"line":2,"column":0},"end":{"line":null,"column":-1}},"2":{"start":{"line":3,"column":0},"end":{"line":null,"column":-1}},"3":{"start":{"line":4,"column":0},"end":{"line":null,"column":-1}},"4":{"start":{"line":5,"column":0},"end":{"line":null,"column":-1}},"5":{"start":{"line":7,"column":0},"end":{"line":null,"column":-1}},"6":{"start":{"line":8,"column":0},"end":{"line":null,"column":-1}},"7":{"start":{"line":9,"column":0},"end":{"line":null,"column":-1}},"8":{"start":{"line":10,"column":0},"end":{"line":null,"column":-1}},"9":{"start":{"line":12,"column":0},"end":{"line":null,"column":-1}},"10":{"start":{"line":14,"column":0},"end":{"line":null,"column":-1}},"11":{"start":{"line":15,"column":0},"end":{"line":null,"column":-1}},"12":{"start":{"line":17,"column":12},"end":{"line":17,"column":0}},"13":{"start":{"line":17,"column":12},"end":{"line":null,"column":-1}}},"fnMap":{"0":{"name":"App","decl":{"start":{"line":17,"column":6},"end":{"line":17,"column":12}},"loc":{"start":{"line":17,"column":12},"end":{"line":17,"column":0}}}},"branchMap":{},"s":{"0":0,"1":0,"2":0,"3":0,"4":0,"5":0,"6":0,"7":0,"8":0,"9":0,"10":0,"11":0,"12":0,"13":0},"f":{"0":0},"b":{}}
,"/Users/ap/Projects/red-tetris/src/client/App/ThemeProvider.js": {"path":"/Users/ap/Projects/red-tetris/src/client/App/ThemeProvider.js","statementMap":{"0":{"start":{"line":1,"column":0},"end":{"line":null,"column":-1}},"1":{"start":{"line":2,"column":0},"end":{"line":null,"column":-1}},"2":{"start":{"line":3,"column":0},"end":{"line":null,"column":-1}},"3":{"start":{"line":5,"column":13},"end":{"line":5,"column":7}},"4":{"start":{"line":5,"column":29},"end":{"line":5,"column":28}},"5":{"start":{"line":5,"column":29},"end":{"line":null,"column":-1}}},"fnMap":{"0":{"name":"ThemeProvider","decl":{"start":{"line":5,"column":13},"end":{"line":5,"column":29}},"loc":{"start":{"line":5,"column":29},"end":{"line":5,"column":7}}}},"branchMap":{},"s":{"0":0,"1":0,"2":0,"3":0,"4":0,"5":0},"f":{"0":0},"b":{}}
,"/Users/ap/Projects/red-tetris/src/client/App/styled.js": {"path":"/Users/ap/Projects/red-tetris/src/client/App/styled.js","statementMap":{"0":{"start":{"line":1,"column":0},"end":{"line":null,"column":-1}},"1":{"start":{"line":3,"column":13},"end":{"line":3,"column":7}},"2":{"start":{"line":4,"column":11},"end":{"line":4,"column":10}},"3":{"start":{"line":4,"column":11},"end":{"line":null,"column":-1}},"4":{"start":{"line":5,"column":22},"end":{"line":5,"column":21}},"5":{"start":{"line":5,"column":22},"end":{"line":null,"column":-1}},"6":{"start":{"line":7,"column":13},"end":{"line":7,"column":12}},"7":{"start":{"line":7,"column":13},"end":{"line":null,"column":-1}},"8":{"start":{"line":11,"column":13},"end":{"line":11,"column":7}}},"fnMap":{"0":{"name":"(anonymous_2)","decl":{"start":{"line":4,"column":11},"end":{"line":null,"column":-1}},"loc":{"start":{"line":4,"column":11},"end":{"line":3,"column":13}}},"1":{"name":"(anonymous_3)","decl":{"start":{"line":5,"column":22},"end":{"line":null,"column":-1}},"loc":{"start":{"line":5,"column":22},"end":{"line":3,"column":13}}},"2":{"name":"(anonymous_4)","decl":{"start":{"line":7,"column":13},"end":{"line":null,"column":-1}},"loc":{"start":{"line":7,"column":13},"end":{"line":3,"column":13}}}},"branchMap":{},"s":{"0":0,"1":0,"2":0,"3":0,"4":0,"5":0,"6":0,"7":0,"8":0},"f":{"0":0,"1":0,"2":0},"b":{}}
,"/Users/ap/Projects/red-tetris/src/client/App/Game/CenteredSpinner.js": {"path":"/Users/ap/Projects/red-tetris/src/client/App/Game/CenteredSpinner.js","statementMap":{"0":{"start":{"line":4,"column":24},"end":{"line":15,"column":1}},"1":{"start":{"line":5,"column":2},"end":{"line":14,"column":8}}},"fnMap":{"0":{"name":"(anonymous_0)","decl":{"start":{"line":4,"column":24},"end":{"line":4,"column":25}},"loc":{"start":{"line":5,"column":2},"end":{"line":14,"column":8}},"line":5}},"branchMap":{},"s":{"0":1,"1":1},"f":{"0":1},"b":{},"_coverageSchema":"332fd63041d2c1bcb487cc26dd0d5f7d97098a6c","hash":"7e87ca1f9ff1bb6ad6e6883d9583f391a355b9aa"}
,"/Users/ap/Projects/red-tetris/src/client/App/Game/Game.js": {"path":"/Users/ap/Projects/red-tetris/src/client/App/Game/Game.js","statementMap":{"0":{"start":{"line":2,"column":0},"end":{"line":null,"column":-1}},"1":{"start":{"line":3,"column":0},"end":{"line":null,"column":-1}},"2":{"start":{"line":4,"column":0},"end":{"line":null,"column":-1}},"3":{"start":{"line":5,"column":0},"end":{"line":null,"column":-1}},"4":{"start":{"line":12,"column":13},"end":{"line":12,"column":0}},"5":{"start":{"line":12,"column":13},"end":{"line":12,"column":12}},"6":{"start":{"line":12,"column":13},"end":{"line":null,"column":-1}}},"fnMap":{"0":{"name":"Game","decl":{"start":{"line":12,"column":6},"end":{"line":12,"column":13}},"loc":{"start":{"line":12,"column":13},"end":{"line":12,"column":0}}}},"branchMap":{"0":{"loc":{"start":{"line":12,"column":28},"end":{"line":12,"column":13}},"type":"cond-expr","locations":[{"start":{"line":12,"column":28},"end":{"line":12,"column":13}},{"start":{"line":12,"column":13},"end":{"line":null,"column":-1}}]}},"s":{"0":0,"1":0,"2":0,"3":0,"4":0,"5":0,"6":0},"f":{"0":0},"b":{"0":[0,0]}}
,"/Users/ap/Projects/red-tetris/src/client/App/Game/GameContainer.js": {"path":"/Users/ap/Projects/red-tetris/src/client/App/Game/GameContainer.js","statementMap":{"0":{"start":{"line":1,"column":0},"end":{"line":null,"column":-1}},"1":{"start":{"line":9,"column":0},"end":{"line":null,"column":-1}},"2":{"start":{"line":11,"column":0},"end":{"line":null,"column":-1}},"3":{"start":{"line":12,"column":0},"end":{"line":null,"column":-1}},"4":{"start":{"line":13,"column":0},"end":{"line":null,"column":-1}},"5":{"start":{"line":14,"column":0},"end":{"line":null,"column":-1}},"6":{"start":{"line":15,"column":0},"end":{"line":null,"column":-1}},"7":{"start":{"line":16,"column":0},"end":{"line":null,"column":-1}},"8":{"start":{"line":17,"column":0},"end":{"line":null,"column":-1}},"9":{"start":{"line":18,"column":0},"end":{"line":null,"column":-1}},"10":{"start":{"line":19,"column":0},"end":{"line":null,"column":-1}},"11":{"start":{"line":20,"column":0},"end":{"line":null,"column":-1}},"12":{"start":{"line":21,"column":0},"end":{"line":null,"column":-1}},"13":{"start":{"line":23,"column":0},"end":{"line":null,"column":-1}},"14":{"start":{"line":28,"column":21},"end":{"line":28,"column":0}},"15":{"start":{"line":28,"column":21},"end":{"line":null,"column":-1}},"16":{"start":{"line":30,"column":22},"end":{"line":30,"column":0}},"17":{"start":{"line":30,"column":22},"end":{"line":null,"column":-1}},"18":{"start":{"line":35,"column":4},"end":{"line":null,"column":-1}},"19":{"start":{"line":49,"column":12},"end":{"line":49,"column":11}},"20":{"start":{"line":49,"column":12},"end":{"line":null,"column":-1}},"21":{"start":{"line":61,"column":10},"end":{"line":53,"column":24}},"22":{"start":{"line":53,"column":24},"end":{"line":53,"column":23}},"23":{"start":{"line":62,"column":6},"end":{"line":null,"column":-1}},"24":{"start":{"line":62,"column":66},"end":{"line":62,"column":65}},"25":{"start":{"line":63,"column":8},"end":{"line":67,"column":9}},"26":{"start":{"line":66,"column":10},"end":{"line":null,"column":-1}},"27":{"start":{"line":68,"column":8},"end":{"line":null,"column":-1}},"28":{"start":{"line":72,"column":6},"end":{"line":null,"column":-1}},"29":{"start":{"line":73,"column":6},"end":{"line":null,"column":-1}},"30":{"start":{"line":73,"column":55},"end":{"line":73,"column":54}},"31":{"start":{"line":73,"column":55},"end":{"line":null,"column":-1}},"32":{"start":{"line":76,"column":6},"end":{"line":null,"column":-1}},"33":{"start":{"line":77,"column":8},"end":{"line":null,"column":-1}},"34":{"start":{"line":78,"column":8},"end":{"line":null,"column":-1}},"35":{"start":{"line":80,"column":6},"end":{"line":null,"column":-1}},"36":{"start":{"line":80,"column":55},"end":{"line":null,"column":-1}},"37":{"start":{"line":83,"column":6},"end":{"line":null,"column":-1}},"38":{"start":{"line":86,"column":45},"end":{"line":85,"column":27}},"39":{"start":{"line":85,"column":27},"end":{"line":85,"column":26}},"40":{"start":{"line":88,"column":6},"end":{"line":null,"column":-1}},"41":{"start":{"line":90,"column":6},"end":{"line":null,"column":-1}},"42":{"start":{"line":91,"column":6},"end":{"line":null,"column":-1}},"43":{"start":{"line":92,"column":6},"end":{"line":null,"column":-1}},"44":{"start":{"line":93,"column":6},"end":{"line":null,"column":-1}},"45":{"start":{"line":98,"column":4},"end":{"line":98,"column":3}},"46":{"start":{"line":98,"column":4},"end":{"line":null,"column":-1}},"47":{"start":{"line":102,"column":4},"end":{"line":102,"column":3}},"48":{"start":{"line":102,"column":4},"end":{"line":null,"column":-1}}},"fnMap":{"0":{"name":"emitGameJoin","decl":{"start":{"line":28,"column":6},"end":{"line":28,"column":21}},"loc":{"start":{"line":28,"column":21},"end":{"line":28,"column":0}}},"1":{"name":"emitGameLeave","decl":{"start":{"line":30,"column":6},"end":{"line":30,"column":22}},"loc":{"start":{"line":30,"column":22},"end":{"line":30,"column":0}}},"2":{"name":"(anonymous_4)","decl":{"start":{"line":35,"column":4},"end":{"line":null,"column":-1}},"loc":{"start":{"line":35,"column":4},"end":{"line":34,"column":2}}},"3":{"name":"(anonymous_5)","decl":{"start":{"line":49,"column":12},"end":{"line":null,"column":-1}},"loc":{"start":{"line":49,"column":12},"end":{"line":49,"column":2}}},"4":{"name":"componentDidMount","decl":{"start":{"line":52,"column":12},"end":{"line":53,"column":23}},"loc":{"start":{"line":53,"column":24},"end":{"line":52,"column":12}}},"5":{"name":"(anonymous_7)","decl":{"start":{"line":62,"column":27},"end":{"line":62,"column":65}},"loc":{"start":{"line":62,"column":66},"end":{"line":62,"column":6}}},"6":{"name":"(anonymous_8)","decl":{"start":{"line":73,"column":55},"end":{"line":null,"column":-1}},"loc":{"start":{"line":73,"column":55},"end":{"line":73,"column":6}}},"7":{"name":"(anonymous_9)","decl":{"start":{"line":76,"column":52},"end":{"line":76,"column":59}},"loc":{"start":{"line":76,"column":60},"end":{"line":76,"column":6}}},"8":{"name":"(anonymous_10)","decl":{"start":{"line":80,"column":55},"end":{"line":null,"column":-1}},"loc":{"start":{"line":80,"column":55},"end":{"line":80,"column":6}}},"9":{"name":"componentWillUnmount","decl":{"start":{"line":52,"column":12},"end":{"line":85,"column":26}},"loc":{"start":{"line":85,"column":27},"end":{"line":94,"column":5}}},"10":{"name":"(anonymous_12)","decl":{"start":{"line":98,"column":4},"end":{"line":null,"column":-1}},"loc":{"start":{"line":98,"column":4},"end":{"line":97,"column":2}}},"11":{"name":"(anonymous_13)","decl":{"start":{"line":102,"column":4},"end":{"line":null,"column":-1}},"loc":{"start":{"line":102,"column":4},"end":{"line":101,"column":2}}}},"branchMap":{"0":{"loc":{"start":{"line":36,"column":14},"end":{"line":36,"column":13}},"type":"binary-expr","locations":[{"start":{"line":36,"column":14},"end":{"line":36,"column":13}},{"start":{"line":36,"column":28},"end":{"line":35,"column":14}}]},"1":{"loc":{"start":{"line":63,"column":8},"end":{"line":67,"column":9}},"type":"if","locations":[{"start":{"line":63,"column":8},"end":{"line":67,"column":9}},{"start":{"line":63,"column":8},"end":{"line":67,"column":9}}]}},"s":{"0":0,"1":0,"2":0,"3":0,"4":0,"5":0,"6":0,"7":0,"8":0,"9":0,"10":0,"11":0,"12":0,"13":0,"14":0,"15":0,"16":0,"17":0,"18":0,"19":0,"20":0,"21":0,"22":0,"23":0,"24":0,"25":0,"26":0,"27":0,"28":0,"29":0,"30":0,"31":0,"32":0,"33":0,"34":0,"35":0,"36":0,"37":0,"38":0,"39":0,"40":0,"41":0,"42":0,"43":0,"44":0,"45":0,"46":0,"47":0,"48":0},"f":{"0":0,"1":0,"2":0,"3":0,"4":0,"5":0,"6":0,"7":0,"8":0,"9":0,"10":0,"11":0},"b":{"0":[0,0],"1":[0,0]}}
,"/Users/ap/Projects/red-tetris/src/client/App/Game/Spectres.js": {"path":"/Users/ap/Projects/red-tetris/src/client/App/Game/Spectres.js","statementMap":{"0":{"start":{"line":1,"column":0},"end":{"line":null,"column":-1}},"1":{"start":{"line":2,"column":0},"end":{"line":null,"column":-1}},"2":{"start":{"line":3,"column":0},"end":{"line":null,"column":-1}},"3":{"start":{"line":5,"column":6},"end":{"line":5,"column":0}},"4":{"start":{"line":9,"column":11},"end":{"line":9,"column":10}},"5":{"start":{"line":9,"column":11},"end":{"line":null,"column":-1}},"6":{"start":{"line":12,"column":6},"end":{"line":12,"column":0}},"7":{"start":{"line":16,"column":15},"end":{"line":16,"column":14}},"8":{"start":{"line":16,"column":15},"end":{"line":null,"column":-1}},"9":{"start":{"line":19,"column":22},"end":{"line":null,"column":-1}},"10":{"start":{"line":19,"column":49},"end":{"line":19,"column":48}},"11":{"start":{"line":19,"column":49},"end":{"line":null,"column":-1}}},"fnMap":{"0":{"name":"(anonymous_2)","decl":{"start":{"line":9,"column":11},"end":{"line":null,"column":-1}},"loc":{"start":{"line":9,"column":11},"end":{"line":5,"column":6}}},"1":{"name":"(anonymous_4)","decl":{"start":{"line":19,"column":22},"end":{"line":19,"column":22}},"loc":{"start":{"line":19,"column":22},"end":{"line":19,"column":8}}},"2":{"name":"(anonymous_5)","decl":{"start":{"line":19,"column":49},"end":{"line":19,"column":66}},"loc":{"start":{"line":19,"column":49},"end":{"line":19,"column":8}}}},"branchMap":{"0":{"loc":{"start":{"line":16,"column":29},"end":{"line":16,"column":15}},"type":"cond-expr","locations":[{"start":{"line":16,"column":29},"end":{"line":16,"column":15}},{"start":{"line":16,"column":15},"end":{"line":null,"column":-1}}]},"1":{"loc":{"start":{"line":19,"column":8},"end":{"line":18,"column":5}},"type":"cond-expr","locations":[{"start":{"line":19,"column":8},"end":{"line":18,"column":5}},{"start":{"line":24,"column":8},"end":{"line":null,"column":-1}}]}},"s":{"0":0,"1":0,"2":0,"3":0,"4":0,"5":0,"6":0,"7":0,"8":0,"9":0,"10":0,"11":0},"f":{"0":0,"1":0,"2":0},"b":{"0":[0,0],"1":[0,0]}}
,"/Users/ap/Projects/red-tetris/src/client/App/Game/gamePropTypes.js": {"path":"/Users/ap/Projects/red-tetris/src/client/App/Game/gamePropTypes.js","statementMap":{"0":{"start":{"line":1,"column":0},"end":{"line":null,"column":-1}}},"fnMap":{},"branchMap":{},"s":{"0":0},"f":{},"b":{}}
,"/Users/ap/Projects/red-tetris/src/client/App/Game/selectors.js": {"path":"/Users/ap/Projects/red-tetris/src/client/App/Game/selectors.js","statementMap":{"0":{"start":{"line":5,"column":34},"end":{"line":22,"column":1}},"1":{"start":{"line":6,"column":2},"end":{"line":6,"column":27}},"2":{"start":{"line":6,"column":14},"end":{"line":6,"column":27}},"3":{"start":{"line":8,"column":21},"end":{"line":8,"column":46}},"4":{"start":{"line":9,"column":2},"end":{"line":21,"column":4}},"5":{"start":{"line":11,"column":6},"end":{"line":20,"column":13}},"6":{"start":{"line":11,"column":30},"end":{"line":11,"column":52}},"7":{"start":{"line":14,"column":14},"end":{"line":18,"column":29}},"8":{"start":{"line":15,"column":24},"end":{"line":15,"column":72}},"9":{"start":{"line":24,"column":29},"end":{"line":39,"column":5}},"10":{"start":{"line":25,"column":2},"end":{"line":39,"column":5}},"11":{"start":{"line":29,"column":8},"end":{"line":37,"column":15}},"12":{"start":{"line":41,"column":33},"end":{"line":45,"column":1}},"13":{"start":{"line":42,"column":11},"end":{"line":42,"column":76}},"14":{"start":{"line":43,"column":11},"end":{"line":43,"column":30}},"15":{"start":{"line":47,"column":32},"end":{"line":65,"column":1}},"16":{"start":{"line":48,"column":11},"end":{"line":48,"column":29}},"17":{"start":{"line":49,"column":11},"end":{"line":49,"column":38}},"18":{"start":{"line":51,"column":4},"end":{"line":64,"column":10}},"19":{"start":{"line":52,"column":38},"end":{"line":52,"column":50}},"20":{"start":{"line":54,"column":30},"end":{"line":60,"column":13}},"21":{"start":{"line":67,"column":32},"end":{"line":76,"column":1}},"22":{"start":{"line":68,"column":18},"end":{"line":68,"column":72}},"23":{"start":{"line":68,"column":50},"end":{"line":68,"column":71}},"24":{"start":{"line":69,"column":2},"end":{"line":74,"column":3}},"25":{"start":{"line":70,"column":22},"end":{"line":70,"column":23}},"26":{"start":{"line":71,"column":4},"end":{"line":73,"column":5}},"27":{"start":{"line":72,"column":6},"end":{"line":72,"column":73}},"28":{"start":{"line":75,"column":2},"end":{"line":75,"column":17}}},"fnMap":{"0":{"name":"(anonymous_0)","decl":{"start":{"line":5,"column":34},"end":{"line":5,"column":35}},"loc":{"start":{"line":5,"column":52},"end":{"line":22,"column":1}},"line":5},"1":{"name":"(anonymous_1)","decl":{"start":{"line":10,"column":4},"end":{"line":10,"column":5}},"loc":{"start":{"line":11,"column":6},"end":{"line":20,"column":13}},"line":11},"2":{"name":"(anonymous_2)","decl":{"start":{"line":11,"column":22},"end":{"line":11,"column":23}},"loc":{"start":{"line":11,"column":30},"end":{"line":11,"column":52}},"line":11},"3":{"name":"(anonymous_3)","decl":{"start":{"line":13,"column":12},"end":{"line":13,"column":13}},"loc":{"start":{"line":14,"column":14},"end":{"line":18,"column":29}},"line":14},"4":{"name":"(anonymous_4)","decl":{"start":{"line":15,"column":16},"end":{"line":15,"column":17}},"loc":{"start":{"line":15,"column":24},"end":{"line":15,"column":72}},"line":15},"5":{"name":"(anonymous_5)","decl":{"start":{"line":24,"column":29},"end":{"line":24,"column":30}},"loc":{"start":{"line":25,"column":2},"end":{"line":39,"column":5}},"line":25},"6":{"name":"(anonymous_6)","decl":{"start":{"line":28,"column":6},"end":{"line":28,"column":7}},"loc":{"start":{"line":29,"column":8},"end":{"line":37,"column":15}},"line":29},"7":{"name":"(anonymous_7)","decl":{"start":{"line":42,"column":2},"end":{"line":42,"column":3}},"loc":{"start":{"line":42,"column":11},"end":{"line":42,"column":76}},"line":42},"8":{"name":"(anonymous_8)","decl":{"start":{"line":43,"column":2},"end":{"line":43,"column":3}},"loc":{"start":{"line":43,"column":11},"end":{"line":43,"column":30}},"line":43},"9":{"name":"(anonymous_9)","decl":{"start":{"line":48,"column":2},"end":{"line":48,"column":3}},"loc":{"start":{"line":48,"column":11},"end":{"line":48,"column":29}},"line":48},"10":{"name":"(anonymous_10)","decl":{"start":{"line":49,"column":2},"end":{"line":49,"column":3}},"loc":{"start":{"line":49,"column":11},"end":{"line":49,"column":38}},"line":49},"11":{"name":"(anonymous_11)","decl":{"start":{"line":50,"column":2},"end":{"line":50,"column":3}},"loc":{"start":{"line":51,"column":4},"end":{"line":64,"column":10}},"line":51},"12":{"name":"(anonymous_12)","decl":{"start":{"line":52,"column":27},"end":{"line":52,"column":28}},"loc":{"start":{"line":52,"column":38},"end":{"line":52,"column":50}},"line":52},"13":{"name":"(anonymous_13)","decl":{"start":{"line":54,"column":12},"end":{"line":54,"column":13}},"loc":{"start":{"line":54,"column":30},"end":{"line":60,"column":13}},"line":54},"14":{"name":"(anonymous_14)","decl":{"start":{"line":67,"column":32},"end":{"line":67,"column":33}},"loc":{"start":{"line":67,"column":41},"end":{"line":76,"column":1}},"line":67},"15":{"name":"(anonymous_15)","decl":{"start":{"line":68,"column":44},"end":{"line":68,"column":45}},"loc":{"start":{"line":68,"column":50},"end":{"line":68,"column":71}},"line":68}},"branchMap":{"0":{"loc":{"start":{"line":6,"column":2},"end":{"line":6,"column":27}},"type":"if","locations":[{"start":{"line":6,"column":2},"end":{"line":6,"column":27}},{"start":{"line":6,"column":2},"end":{"line":6,"column":27}}],"line":6},"1":{"loc":{"start":{"line":11,"column":6},"end":{"line":20,"column":13}},"type":"cond-expr","locations":[{"start":{"line":12,"column":10},"end":{"line":19,"column":11}},{"start":{"line":20,"column":10},"end":{"line":20,"column":13}}],"line":11},"2":{"loc":{"start":{"line":14,"column":14},"end":{"line":18,"column":29}},"type":"cond-expr","locations":[{"start":{"line":17,"column":18},"end":{"line":17,"column":28}},{"start":{"line":18,"column":18},"end":{"line":18,"column":29}}],"line":14},"3":{"loc":{"start":{"line":15,"column":24},"end":{"line":15,"column":72}},"type":"binary-expr","locations":[{"start":{"line":15,"column":24},"end":{"line":15,"column":46}},{"start":{"line":15,"column":50},"end":{"line":15,"column":72}}],"line":15},"4":{"loc":{"start":{"line":29,"column":8},"end":{"line":37,"column":15}},"type":"cond-expr","locations":[{"start":{"line":30,"column":12},"end":{"line":36,"column":13}},{"start":{"line":37,"column":12},"end":{"line":37,"column":15}}],"line":29},"5":{"loc":{"start":{"line":42,"column":11},"end":{"line":42,"column":76}},"type":"binary-expr","locations":[{"start":{"line":42,"column":12},"end":{"line":42,"column":24}},{"start":{"line":42,"column":28},"end":{"line":42,"column":38}},{"start":{"line":42,"column":42},"end":{"line":42,"column":69}},{"start":{"line":42,"column":74},"end":{"line":42,"column":76}}],"line":42},"6":{"loc":{"start":{"line":48,"column":11},"end":{"line":48,"column":29}},"type":"binary-expr","locations":[{"start":{"line":48,"column":11},"end":{"line":48,"column":23}},{"start":{"line":48,"column":27},"end":{"line":48,"column":29}}],"line":48},"7":{"loc":{"start":{"line":49,"column":11},"end":{"line":49,"column":38}},"type":"binary-expr","locations":[{"start":{"line":49,"column":11},"end":{"line":49,"column":21}},{"start":{"line":49,"column":25},"end":{"line":49,"column":38}}],"line":49},"8":{"loc":{"start":{"line":51,"column":4},"end":{"line":64,"column":10}},"type":"cond-expr","locations":[{"start":{"line":52,"column":8},"end":{"line":63,"column":17}},{"start":{"line":64,"column":8},"end":{"line":64,"column":10}}],"line":51},"9":{"loc":{"start":{"line":51,"column":4},"end":{"line":51,"column":20}},"type":"binary-expr","locations":[{"start":{"line":51,"column":4},"end":{"line":51,"column":10}},{"start":{"line":51,"column":14},"end":{"line":51,"column":20}}],"line":51},"10":{"loc":{"start":{"line":72,"column":22},"end":{"line":72,"column":72}},"type":"cond-expr","locations":[{"start":{"line":72,"column":67},"end":{"line":72,"column":68}},{"start":{"line":72,"column":71},"end":{"line":72,"column":72}}],"line":72},"11":{"loc":{"start":{"line":72,"column":37},"end":{"line":72,"column":63}},"type":"binary-expr","locations":[{"start":{"line":72,"column":37},"end":{"line":72,"column":48}},{"start":{"line":72,"column":52},"end":{"line":72,"column":63}}],"line":72}},"s":{"0":1,"1":2,"2":0,"3":2,"4":2,"5":40,"6":151,"7":50,"8":188,"9":1,"10":2,"11":32,"12":1,"13":0,"14":0,"15":1,"16":0,"17":0,"18":0,"19":0,"20":0,"21":1,"22":3,"23":60,"24":3,"25":30,"26":30,"27":600,"28":3},"f":{"0":2,"1":40,"2":151,"3":50,"4":188,"5":2,"6":32,"7":0,"8":0,"9":0,"10":0,"11":0,"12":0,"13":0,"14":3,"15":60},"b":{"0":[0,2],"1":[5,35],"2":[8,42],"3":[188,14],"4":[8,24],"5":[0,0,0,0],"6":[0,0],"7":[0,0],"8":[0,0],"9":[0,0],"10":[134,466],"11":[600,478]},"_coverageSchema":"332fd63041d2c1bcb487cc26dd0d5f7d97098a6c","hash":"985c24a5854a476a79bc5210f672d948f532ffaa"}
,"/Users/ap/Projects/red-tetris/src/client/App/Game/styled.js": {"path":"/Users/ap/Projects/red-tetris/src/client/App/Game/styled.js","statementMap":{"0":{"start":{"line":1,"column":0},"end":{"line":null,"column":-1}},"1":{"start":{"line":2,"column":0},"end":{"line":null,"column":-1}},"2":{"start":{"line":4,"column":13},"end":{"line":4,"column":7}},"3":{"start":{"line":11,"column":13},"end":{"line":11,"column":7}},"4":{"start":{"line":16,"column":13},"end":{"line":16,"column":7}},"5":{"start":{"line":21,"column":13},"end":{"line":21,"column":7}}},"fnMap":{},"branchMap":{},"s":{"0":0,"1":0,"2":0,"3":0,"4":0,"5":0},"f":{},"b":{}}
,"/Users/ap/Projects/red-tetris/src/client/App/Game/withRunningGameLogic.js": {"path":"/Users/ap/Projects/red-tetris/src/client/App/Game/withRunningGameLogic.js","statementMap":{"0":{"start":{"line":1,"column":0},"end":{"line":null,"column":-1}},"1":{"start":{"line":2,"column":0},"end":{"line":null,"column":-1}},"2":{"start":{"line":3,"column":0},"end":{"line":null,"column":-1}},"3":{"start":{"line":4,"column":0},"end":{"line":null,"column":-1}},"4":{"start":{"line":5,"column":0},"end":{"line":null,"column":-1}},"5":{"start":{"line":8,"column":13},"end":{"line":8,"column":0}},"6":{"start":{"line":9,"column":11},"end":{"line":9,"column":0}},"7":{"start":{"line":10,"column":14},"end":{"line":10,"column":0}},"8":{"start":{"line":11,"column":13},"end":{"line":11,"column":0}},"9":{"start":{"line":12,"column":14},"end":{"line":12,"column":0}},"10":{"start":{"line":14,"column":6},"end":{"line":14,"column":-1}},"11":{"start":{"line":21,"column":25},"end":{"line":21,"column":0}},"12":{"start":{"line":21,"column":25},"end":{"line":null,"column":-1}},"13":{"start":{"line":22,"column":29},"end":{"line":22,"column":0}},"14":{"start":{"line":22,"column":29},"end":{"line":null,"column":-1}},"15":{"start":{"line":28,"column":28},"end":{"line":28,"column":0}},"16":{"start":{"line":31,"column":4},"end":{"line":null,"column":-1}},"17":{"start":{"line":39,"column":28},"end":{"line":39,"column":0}},"18":{"start":{"line":40,"column":37},"end":{"line":null,"column":-1}},"19":{"start":{"line":45,"column":24},"end":{"line":45,"column":0}},"20":{"start":{"line":46,"column":40},"end":{"line":null,"column":-1}},"21":{"start":{"line":54,"column":6},"end":{"line":null,"column":-1}},"22":{"start":{"line":55,"column":6},"end":{"line":null,"column":-1}},"23":{"start":{"line":56,"column":6},"end":{"line":null,"column":-1}},"24":{"start":{"line":59,"column":6},"end":{"line":null,"column":-1}},"25":{"start":{"line":60,"column":6},"end":{"line":null,"column":-1}},"26":{"start":{"line":61,"column":6},"end":{"line":null,"column":-1}},"27":{"start":{"line":62,"column":6},"end":{"line":null,"column":-1}}},"fnMap":{"0":{"name":"withSomeThrottle","decl":{"start":{"line":21,"column":6},"end":{"line":21,"column":25}},"loc":{"start":{"line":21,"column":25},"end":{"line":21,"column":0}}},"1":{"name":"whenKeyCodeSatisfies","decl":{"start":{"line":22,"column":6},"end":{"line":22,"column":29}},"loc":{"start":{"line":22,"column":29},"end":{"line":22,"column":0}}},"2":{"name":"(anonymous_6)","decl":{"start":{"line":31,"column":4},"end":{"line":null,"column":-1}},"loc":{"start":{"line":31,"column":4},"end":{"line":29,"column":2}}},"3":{"name":"(anonymous_7)","decl":{"start":{"line":40,"column":37},"end":{"line":null,"column":-1}},"loc":{"start":{"line":40,"column":37},"end":{"line":40,"column":2}}},"4":{"name":"(anonymous_8)","decl":{"start":{"line":46,"column":40},"end":{"line":null,"column":-1}},"loc":{"start":{"line":46,"column":40},"end":{"line":46,"column":2}}},"5":{"name":"componentDidMount","decl":{"start":{"line":52,"column":12},"end":{"line":53,"column":23}},"loc":{"start":{"line":53,"column":24},"end":{"line":52,"column":12}}},"6":{"name":"componentWillUnmount","decl":{"start":{"line":52,"column":12},"end":{"line":58,"column":26}},"loc":{"start":{"line":58,"column":27},"end":{"line":63,"column":5}}}},"branchMap":{},"s":{"0":0,"1":0,"2":0,"3":0,"4":0,"5":0,"6":0,"7":0,"8":0,"9":0,"10":0,"11":0,"12":0,"13":0,"14":0,"15":0,"16":0,"17":0,"18":0,"19":0,"20":0,"21":0,"22":0,"23":0,"24":0,"25":0,"26":0,"27":0},"f":{"0":0,"1":0,"2":0,"3":0,"4":0,"5":0,"6":0},"b":{}}
,"/Users/ap/Projects/red-tetris/src/client/App/Game/Board/Board.js": {"path":"/Users/ap/Projects/red-tetris/src/client/App/Game/Board/Board.js","statementMap":{"0":{"start":{"line":1,"column":0},"end":{"line":null,"column":-1}},"1":{"start":{"line":2,"column":0},"end":{"line":null,"column":-1}},"2":{"start":{"line":3,"column":0},"end":{"line":null,"column":-1}},"3":{"start":{"line":5,"column":14},"end":{"line":5,"column":0}},"4":{"start":{"line":5,"column":14},"end":{"line":5,"column":13}},"5":{"start":{"line":5,"column":14},"end":{"line":null,"column":-1}},"6":{"start":{"line":8,"column":17},"end":{"line":null,"column":-1}},"7":{"start":{"line":10,"column":19},"end":{"line":null,"column":-1}}},"fnMap":{"0":{"name":"Board","decl":{"start":{"line":5,"column":6},"end":{"line":5,"column":14}},"loc":{"start":{"line":5,"column":14},"end":{"line":5,"column":0}}},"1":{"name":"(anonymous_3)","decl":{"start":{"line":8,"column":17},"end":{"line":8,"column":17}},"loc":{"start":{"line":8,"column":17},"end":{"line":8,"column":7}}},"2":{"name":"(anonymous_4)","decl":{"start":{"line":10,"column":19},"end":{"line":10,"column":19}},"loc":{"start":{"line":10,"column":19},"end":{"line":10,"column":11}}}},"branchMap":{"0":{"loc":{"start":{"line":6,"column":2},"end":{"line":7,"column":3}},"type":"binary-expr","locations":[{"start":{"line":6,"column":2},"end":{"line":7,"column":3}},{"start":{"line":7,"column":4},"end":{"line":5,"column":14}}]}},"s":{"0":0,"1":0,"2":0,"3":0,"4":0,"5":0,"6":0,"7":0},"f":{"0":0,"1":0,"2":0},"b":{"0":[0,0]}}
,"/Users/ap/Projects/red-tetris/src/client/App/Game/Board/styled.js": {"path":"/Users/ap/Projects/red-tetris/src/client/App/Game/Board/styled.js","statementMap":{"0":{"start":{"line":1,"column":0},"end":{"line":null,"column":-1}},"1":{"start":{"line":3,"column":6},"end":{"line":3,"column":0}},"2":{"start":{"line":8,"column":13},"end":{"line":8,"column":7}},"3":{"start":{"line":14,"column":4},"end":{"line":14,"column":3}},"4":{"start":{"line":14,"column":4},"end":{"line":null,"column":-1}},"5":{"start":{"line":17,"column":13},"end":{"line":17,"column":7}},"6":{"start":{"line":22,"column":35},"end":{"line":22,"column":34}},"7":{"start":{"line":23,"column":2},"end":{"line":23,"column":16}},"8":{"start":{"line":23,"column":16},"end":{"line":null,"column":-1}},"9":{"start":{"line":24,"column":2},"end":{"line":24,"column":21}},"10":{"start":{"line":24,"column":21},"end":{"line":null,"column":-1}},"11":{"start":{"line":25,"column":2},"end":{"line":31,"column":4}},"12":{"start":{"line":31,"column":4},"end":{"line":null,"column":-1}},"13":{"start":{"line":32,"column":2},"end":{"line":38,"column":4}},"14":{"start":{"line":38,"column":4},"end":{"line":null,"column":-1}},"15":{"start":{"line":39,"column":2},"end":{"line":45,"column":4}},"16":{"start":{"line":45,"column":4},"end":{"line":null,"column":-1}},"17":{"start":{"line":46,"column":2},"end":{"line":52,"column":4}},"18":{"start":{"line":52,"column":4},"end":{"line":null,"column":-1}},"19":{"start":{"line":53,"column":2},"end":{"line":59,"column":4}},"20":{"start":{"line":59,"column":4},"end":{"line":null,"column":-1}},"21":{"start":{"line":60,"column":2},"end":{"line":66,"column":4}},"22":{"start":{"line":66,"column":4},"end":{"line":null,"column":-1}},"23":{"start":{"line":67,"column":2},"end":{"line":73,"column":4}},"24":{"start":{"line":73,"column":4},"end":{"line":null,"column":-1}}},"fnMap":{"0":{"name":"(anonymous_2)","decl":{"start":{"line":14,"column":4},"end":{"line":null,"column":-1}},"loc":{"start":{"line":14,"column":4},"end":{"line":8,"column":13}}},"1":{"name":"getCellColor","decl":{"start":{"line":22,"column":9},"end":{"line":22,"column":0}},"loc":{"start":{"line":22,"column":35},"end":{"line":74,"column":1}}}},"branchMap":{"0":{"loc":{"start":{"line":14,"column":39},"end":{"line":14,"column":22}},"type":"cond-expr","locations":[{"start":{"line":14,"column":39},"end":{"line":14,"column":22}},{"start":{"line":14,"column":55},"end":{"line":14,"column":4}}]},"1":{"loc":{"start":{"line":23,"column":2},"end":{"line":23,"column":16}},"type":"if","locations":[{"start":{"line":23,"column":2},"end":{"line":23,"column":16}},{"start":{"line":23,"column":2},"end":{"line":23,"column":16}}]},"2":{"loc":{"start":{"line":24,"column":2},"end":{"line":24,"column":21}},"type":"if","locations":[{"start":{"line":24,"column":2},"end":{"line":24,"column":21}},{"start":{"line":24,"column":2},"end":{"line":24,"column":21}}]},"3":{"loc":{"start":{"line":25,"column":2},"end":{"line":31,"column":4}},"type":"if","locations":[{"start":{"line":25,"column":2},"end":{"line":31,"column":4}},{"start":{"line":25,"column":2},"end":{"line":31,"column":4}}]},"4":{"loc":{"start":{"line":26,"column":4},"end":{"line":26,"column":3}},"type":"binary-expr","locations":[{"start":{"line":26,"column":4},"end":{"line":26,"column":3}},{"start":{"line":27,"column":4},"end":{"line":26,"column":4}},{"start":{"line":28,"column":4},"end":{"line":26,"column":4}},{"start":{"line":29,"column":4},"end":{"line":25,"column":2}}]},"5":{"loc":{"start":{"line":32,"column":2},"end":{"line":38,"column":4}},"type":"if","locations":[{"start":{"line":32,"column":2},"end":{"line":38,"column":4}},{"start":{"line":32,"column":2},"end":{"line":38,"column":4}}]},"6":{"loc":{"start":{"line":33,"column":4},"end":{"line":33,"column":3}},"type":"binary-expr","locations":[{"start":{"line":33,"column":4},"end":{"line":33,"column":3}},{"start":{"line":34,"column":4},"end":{"line":33,"column":4}},{"start":{"line":35,"column":4},"end":{"line":33,"column":4}},{"start":{"line":36,"column":4},"end":{"line":32,"column":2}}]},"7":{"loc":{"start":{"line":39,"column":2},"end":{"line":45,"column":4}},"type":"if","locations":[{"start":{"line":39,"column":2},"end":{"line":45,"column":4}},{"start":{"line":39,"column":2},"end":{"line":45,"column":4}}]},"8":{"loc":{"start":{"line":40,"column":4},"end":{"line":40,"column":3}},"type":"binary-expr","locations":[{"start":{"line":40,"column":4},"end":{"line":40,"column":3}},{"start":{"line":41,"column":4},"end":{"line":40,"column":4}},{"start":{"line":42,"column":4},"end":{"line":40,"column":4}},{"start":{"line":43,"column":4},"end":{"line":39,"column":2}}]},"9":{"loc":{"start":{"line":46,"column":2},"end":{"line":52,"column":4}},"type":"if","locations":[{"start":{"line":46,"column":2},"end":{"line":52,"column":4}},{"start":{"line":46,"column":2},"end":{"line":52,"column":4}}]},"10":{"loc":{"start":{"line":47,"column":4},"end":{"line":47,"column":3}},"type":"binary-expr","locations":[{"start":{"line":47,"column":4},"end":{"line":47,"column":3}},{"start":{"line":48,"column":4},"end":{"line":47,"column":4}},{"start":{"line":49,"column":4},"end":{"line":47,"column":4}},{"start":{"line":50,"column":4},"end":{"line":46,"column":2}}]},"11":{"loc":{"start":{"line":53,"column":2},"end":{"line":59,"column":4}},"type":"if","locations":[{"start":{"line":53,"column":2},"end":{"line":59,"column":4}},{"start":{"line":53,"column":2},"end":{"line":59,"column":4}}]},"12":{"loc":{"start":{"line":54,"column":4},"end":{"line":54,"column":3}},"type":"binary-expr","locations":[{"start":{"line":54,"column":4},"end":{"line":54,"column":3}},{"start":{"line":55,"column":4},"end":{"line":54,"column":4}},{"start":{"line":56,"column":4},"end":{"line":54,"column":4}},{"start":{"line":57,"column":4},"end":{"line":53,"column":2}}]},"13":{"loc":{"start":{"line":60,"column":2},"end":{"line":66,"column":4}},"type":"if","locations":[{"start":{"line":60,"column":2},"end":{"line":66,"column":4}},{"start":{"line":60,"column":2},"end":{"line":66,"column":4}}]},"14":{"loc":{"start":{"line":61,"column":4},"end":{"line":61,"column":3}},"type":"binary-expr","locations":[{"start":{"line":61,"column":4},"end":{"line":61,"column":3}},{"start":{"line":62,"column":4},"end":{"line":61,"column":4}},{"start":{"line":63,"column":4},"end":{"line":61,"column":4}},{"start":{"line":64,"column":4},"end":{"line":60,"column":2}}]},"15":{"loc":{"start":{"line":67,"column":2},"end":{"line":73,"column":4}},"type":"if","locations":[{"start":{"line":67,"column":2},"end":{"line":73,"column":4}},{"start":{"line":67,"column":2},"end":{"line":73,"column":4}}]},"16":{"loc":{"start":{"line":68,"column":4},"end":{"line":68,"column":3}},"type":"binary-expr","locations":[{"start":{"line":68,"column":4},"end":{"line":68,"column":3}},{"start":{"line":69,"column":4},"end":{"line":68,"column":4}},{"start":{"line":70,"column":4},"end":{"line":68,"column":4}},{"start":{"line":71,"column":4},"end":{"line":67,"column":2}}]}},"s":{"0":0,"1":0,"2":0,"3":0,"4":0,"5":0,"6":0,"7":0,"8":0,"9":0,"10":0,"11":0,"12":0,"13":0,"14":0,"15":0,"16":0,"17":0,"18":0,"19":0,"20":0,"21":0,"22":0,"23":0,"24":0},"f":{"0":0,"1":0},"b":{"0":[0,0],"1":[0,0],"2":[0,0],"3":[0,0],"4":[0,0,0,0],"5":[0,0],"6":[0,0,0,0],"7":[0,0],"8":[0,0,0,0],"9":[0,0],"10":[0,0,0,0],"11":[0,0],"12":[0,0,0,0],"13":[0,0],"14":[0,0,0,0],"15":[0,0],"16":[0,0,0,0]}}
,"/Users/ap/Projects/red-tetris/src/client/App/Game/GameLobby/GameLobby.js": {"path":"/Users/ap/Projects/red-tetris/src/client/App/Game/GameLobby/GameLobby.js","statementMap":{"0":{"start":{"line":2,"column":0},"end":{"line":null,"column":-1}},"1":{"start":{"line":3,"column":0},"end":{"line":null,"column":-1}},"2":{"start":{"line":4,"column":0},"end":{"line":null,"column":-1}},"3":{"start":{"line":6,"column":0},"end":{"line":null,"column":-1}},"4":{"start":{"line":7,"column":0},"end":{"line":null,"column":-1}},"5":{"start":{"line":8,"column":0},"end":{"line":null,"column":-1}},"6":{"start":{"line":9,"column":0},"end":{"line":null,"column":-1}},"7":{"start":{"line":11,"column":18},"end":{"line":11,"column":0}},"8":{"start":{"line":11,"column":18},"end":{"line":11,"column":17}},"9":{"start":{"line":11,"column":18},"end":{"line":null,"column":-1}}},"fnMap":{"0":{"name":"GameLobby","decl":{"start":{"line":11,"column":6},"end":{"line":11,"column":18}},"loc":{"start":{"line":11,"column":18},"end":{"line":11,"column":0}}}},"branchMap":{"0":{"loc":{"start":{"line":39,"column":11},"end":{"line":39,"column":10}},"type":"binary-expr","locations":[{"start":{"line":39,"column":11},"end":{"line":39,"column":10}},{"start":{"line":40,"column":12},"end":{"line":null,"column":-1}}]}},"s":{"0":0,"1":0,"2":0,"3":0,"4":0,"5":0,"6":0,"7":0,"8":0,"9":0},"f":{"0":0},"b":{"0":[0,0]}}
,"/Users/ap/Projects/red-tetris/src/client/App/Game/GameLobby/GameLobbyContainer.js": {"path":"/Users/ap/Projects/red-tetris/src/client/App/Game/GameLobby/GameLobbyContainer.js","statementMap":{"0":{"start":{"line":1,"column":0},"end":{"line":null,"column":-1}},"1":{"start":{"line":2,"column":0},"end":{"line":null,"column":-1}},"2":{"start":{"line":4,"column":0},"end":{"line":null,"column":-1}},"3":{"start":{"line":8,"column":0},"end":{"line":null,"column":-1}},"4":{"start":{"line":9,"column":0},"end":{"line":null,"column":-1}},"5":{"start":{"line":10,"column":0},"end":{"line":null,"column":-1}},"6":{"start":{"line":12,"column":0},"end":{"line":null,"column":-1}},"7":{"start":{"line":22,"column":21},"end":{"line":null,"column":-1}},"8":{"start":{"line":23,"column":6},"end":{"line":null,"column":-1}},"9":{"start":{"line":23,"column":49},"end":{"line":null,"column":-1}},"10":{"start":{"line":27,"column":15},"end":{"line":null,"column":-1}},"11":{"start":{"line":27,"column":21},"end":{"line":null,"column":-1}},"12":{"start":{"line":31,"column":31},"end":{"line":30,"column":24}},"13":{"start":{"line":32,"column":6},"end":{"line":null,"column":-1}},"14":{"start":{"line":32,"column":49},"end":{"line":null,"column":-1}},"15":{"start":{"line":33,"column":6},"end":{"line":null,"column":-1}},"16":{"start":{"line":36,"column":6},"end":{"line":null,"column":-1}}},"fnMap":{"0":{"name":"handleGameStart","decl":{"start":{"line":22,"column":21},"end":{"line":null,"column":-1}},"loc":{"start":{"line":22,"column":21},"end":{"line":21,"column":15}}},"1":{"name":"(anonymous_3)","decl":{"start":{"line":22,"column":27},"end":{"line":22,"column":32}},"loc":{"start":{"line":22,"column":33},"end":{"line":22,"column":21}}},"2":{"name":"(anonymous_4)","decl":{"start":{"line":23,"column":49},"end":{"line":null,"column":-1}},"loc":{"start":{"line":23,"column":49},"end":{"line":23,"column":6}}},"3":{"name":"goToLobby","decl":{"start":{"line":27,"column":15},"end":{"line":null,"column":-1}},"loc":{"start":{"line":27,"column":15},"end":{"line":null,"column":-1}}},"4":{"name":"(anonymous_6)","decl":{"start":{"line":27,"column":21},"end":{"line":null,"column":-1}},"loc":{"start":{"line":27,"column":21},"end":{"line":27,"column":15}}},"5":{"name":"componentDidMount","decl":{"start":{"line":29,"column":12},"end":{"line":30,"column":23}},"loc":{"start":{"line":30,"column":24},"end":{"line":29,"column":12}}},"6":{"name":"(anonymous_8)","decl":{"start":{"line":32,"column":49},"end":{"line":null,"column":-1}},"loc":{"start":{"line":32,"column":49},"end":{"line":32,"column":6}}},"7":{"name":"componentWillUnmount","decl":{"start":{"line":29,"column":12},"end":{"line":35,"column":26}},"loc":{"start":{"line":35,"column":27},"end":{"line":37,"column":5}}}},"branchMap":{},"s":{"0":0,"1":0,"2":0,"3":0,"4":0,"5":0,"6":0,"7":0,"8":0,"9":0,"10":0,"11":0,"12":0,"13":0,"14":0,"15":0,"16":0},"f":{"0":0,"1":0,"2":0,"3":0,"4":0,"5":0,"6":0,"7":0},"b":{}}
,"/Users/ap/Projects/red-tetris/src/client/App/Game/GameLobby/PlayersList.js": {"path":"/Users/ap/Projects/red-tetris/src/client/App/Game/GameLobby/PlayersList.js","statementMap":{"0":{"start":{"line":1,"column":0},"end":{"line":null,"column":-1}},"1":{"start":{"line":2,"column":0},"end":{"line":null,"column":-1}},"2":{"start":{"line":3,"column":0},"end":{"line":null,"column":-1}},"3":{"start":{"line":5,"column":20},"end":{"line":5,"column":0}},"4":{"start":{"line":5,"column":20},"end":{"line":5,"column":19}},"5":{"start":{"line":5,"column":20},"end":{"line":null,"column":-1}},"6":{"start":{"line":18,"column":19},"end":{"line":18,"column":18}},"7":{"start":{"line":18,"column":19},"end":{"line":null,"column":-1}},"8":{"start":{"line":28,"column":0},"end":{"line":null,"column":-1}}},"fnMap":{"0":{"name":"PlayersList","decl":{"start":{"line":5,"column":6},"end":{"line":5,"column":20}},"loc":{"start":{"line":5,"column":20},"end":{"line":5,"column":0}}},"1":{"name":"(anonymous_3)","decl":{"start":{"line":18,"column":19},"end":{"line":null,"column":-1}},"loc":{"start":{"line":18,"column":19},"end":{"line":18,"column":7}}}},"branchMap":{"0":{"loc":{"start":{"line":5,"column":33},"end":{"line":5,"column":20}},"type":"cond-expr","locations":[{"start":{"line":5,"column":33},"end":{"line":5,"column":20}},{"start":{"line":5,"column":20},"end":{"line":null,"column":-1}}]},"1":{"loc":{"start":{"line":21,"column":17},"end":{"line":21,"column":16}},"type":"binary-expr","locations":[{"start":{"line":21,"column":17},"end":{"line":21,"column":16}},{"start":{"line":21,"column":39},"end":{"line":null,"column":-1}}]}},"s":{"0":0,"1":0,"2":0,"3":0,"4":0,"5":0,"6":0,"7":0,"8":0},"f":{"0":0,"1":0},"b":{"0":[0,0],"1":[0,0]}}
,"/Users/ap/Projects/red-tetris/src/client/App/Game/GameLobby/styled.js": {"path":"/Users/ap/Projects/red-tetris/src/client/App/Game/GameLobby/styled.js","statementMap":{"0":{"start":{"line":1,"column":0},"end":{"line":null,"column":-1}},"1":{"start":{"line":2,"column":0},"end":{"line":null,"column":-1}},"2":{"start":{"line":3,"column":0},"end":{"line":null,"column":-1}},"3":{"start":{"line":5,"column":13},"end":{"line":5,"column":7}},"4":{"start":{"line":13,"column":13},"end":{"line":13,"column":7}},"5":{"start":{"line":20,"column":13},"end":{"line":20,"column":7}},"6":{"start":{"line":25,"column":13},"end":{"line":25,"column":7}},"7":{"start":{"line":31,"column":13},"end":{"line":31,"column":7}}},"fnMap":{},"branchMap":{},"s":{"0":0,"1":0,"2":0,"3":0,"4":0,"5":0,"6":0,"7":0},"f":{},"b":{}}
,"/Users/ap/Projects/red-tetris/src/client/App/Game/GameLobby/GameChat/GameChat.js": {"path":"/Users/ap/Projects/red-tetris/src/client/App/Game/GameLobby/GameChat/GameChat.js","statementMap":{"0":{"start":{"line":1,"column":0},"end":{"line":null,"column":-1}},"1":{"start":{"line":2,"column":0},"end":{"line":null,"column":-1}},"2":{"start":{"line":4,"column":0},"end":{"line":null,"column":-1}},"3":{"start":{"line":5,"column":0},"end":{"line":null,"column":-1}},"4":{"start":{"line":6,"column":0},"end":{"line":null,"column":-1}},"5":{"start":{"line":8,"column":17},"end":{"line":8,"column":0}},"6":{"start":{"line":8,"column":17},"end":{"line":8,"column":16}},"7":{"start":{"line":8,"column":17},"end":{"line":null,"column":-1}},"8":{"start":{"line":25,"column":0},"end":{"line":null,"column":-1}}},"fnMap":{"0":{"name":"GameChat","decl":{"start":{"line":8,"column":6},"end":{"line":8,"column":17}},"loc":{"start":{"line":8,"column":17},"end":{"line":8,"column":0}}}},"branchMap":{"0":{"loc":{"start":{"line":9,"column":13},"end":{"line":8,"column":17}},"type":"cond-expr","locations":[{"start":{"line":9,"column":13},"end":{"line":8,"column":17}},{"start":{"line":8,"column":17},"end":{"line":null,"column":-1}}]}},"s":{"0":0,"1":0,"2":0,"3":0,"4":0,"5":0,"6":0,"7":0,"8":0},"f":{"0":0},"b":{"0":[0,0]}}
,"/Users/ap/Projects/red-tetris/src/client/App/Game/GameLobby/GameChat/GameChatContainer.js": {"path":"/Users/ap/Projects/red-tetris/src/client/App/Game/GameLobby/GameChat/GameChatContainer.js","statementMap":{"0":{"start":{"line":1,"column":0},"end":{"line":null,"column":-1}},"1":{"start":{"line":2,"column":0},"end":{"line":null,"column":-1}},"2":{"start":{"line":4,"column":0},"end":{"line":null,"column":-1}},"3":{"start":{"line":8,"column":0},"end":{"line":null,"column":-1}},"4":{"start":{"line":9,"column":0},"end":{"line":null,"column":-1}},"5":{"start":{"line":10,"column":0},"end":{"line":null,"column":-1}},"6":{"start":{"line":14,"column":4},"end":{"line":null,"column":-1}},"7":{"start":{"line":26,"column":25},"end":{"line":null,"column":-1}},"8":{"start":{"line":26,"column":31},"end":{"line":null,"column":-1}},"9":{"start":{"line":30,"column":26},"end":{"line":30,"column":25}},"10":{"start":{"line":30,"column":26},"end":{"line":null,"column":-1}},"11":{"start":{"line":31,"column":6},"end":{"line":null,"column":-1}},"12":{"start":{"line":32,"column":6},"end":{"line":null,"column":-1}},"13":{"start":{"line":33,"column":6},"end":{"line":30,"column":78}},"14":{"start":{"line":38,"column":33},"end":{"line":37,"column":24}},"15":{"start":{"line":39,"column":6},"end":{"line":null,"column":-1}},"16":{"start":{"line":42,"column":33},"end":{"line":41,"column":27}},"17":{"start":{"line":43,"column":6},"end":{"line":null,"column":-1}}},"fnMap":{"0":{"name":"(anonymous_2)","decl":{"start":{"line":14,"column":4},"end":{"line":null,"column":-1}},"loc":{"start":{"line":14,"column":4},"end":{"line":13,"column":2}}},"1":{"name":"setCurrentMessage","decl":{"start":{"line":26,"column":25},"end":{"line":null,"column":-1}},"loc":{"start":{"line":26,"column":25},"end":{"line":null,"column":-1}}},"2":{"name":"(anonymous_4)","decl":{"start":{"line":26,"column":31},"end":{"line":null,"column":-1}},"loc":{"start":{"line":26,"column":31},"end":{"line":26,"column":25}}},"3":{"name":"handleMessageSending","decl":{"start":{"line":30,"column":26},"end":{"line":null,"column":-1}},"loc":{"start":{"line":30,"column":26},"end":{"line":null,"column":-1}}},"4":{"name":"(anonymous_6)","decl":{"start":{"line":30,"column":69},"end":{"line":30,"column":77}},"loc":{"start":{"line":30,"column":78},"end":{"line":30,"column":26}}},"5":{"name":"componentDidMount","decl":{"start":{"line":36,"column":12},"end":{"line":37,"column":23}},"loc":{"start":{"line":37,"column":24},"end":{"line":36,"column":12}}},"6":{"name":"componentWillUnmount","decl":{"start":{"line":36,"column":12},"end":{"line":41,"column":26}},"loc":{"start":{"line":41,"column":27},"end":{"line":44,"column":5}}}},"branchMap":{},"s":{"0":0,"1":0,"2":0,"3":0,"4":0,"5":0,"6":0,"7":0,"8":0,"9":0,"10":0,"11":0,"12":0,"13":0,"14":0,"15":0,"16":0,"17":0},"f":{"0":0,"1":0,"2":0,"3":0,"4":0,"5":0,"6":0},"b":{}}
,"/Users/ap/Projects/red-tetris/src/client/App/Game/GameLobby/GameChat/MessageInput.js": {"path":"/Users/ap/Projects/red-tetris/src/client/App/Game/GameLobby/GameChat/MessageInput.js","statementMap":{"0":{"start":{"line":1,"column":0},"end":{"line":null,"column":-1}},"1":{"start":{"line":2,"column":0},"end":{"line":null,"column":-1}},"2":{"start":{"line":3,"column":0},"end":{"line":null,"column":-1}},"3":{"start":{"line":4,"column":0},"end":{"line":null,"column":-1}},"4":{"start":{"line":6,"column":0},"end":{"line":null,"column":-1}},"5":{"start":{"line":8,"column":6},"end":{"line":8,"column":0}},"6":{"start":{"line":10,"column":22},"end":{"line":10,"column":21}},"7":{"start":{"line":10,"column":22},"end":{"line":null,"column":-1}},"8":{"start":{"line":14,"column":19},"end":{"line":null,"column":-1}},"9":{"start":{"line":16,"column":6},"end":{"line":16,"column":0}},"10":{"start":{"line":22,"column":11},"end":{"line":22,"column":10}},"11":{"start":{"line":22,"column":11},"end":{"line":null,"column":-1}},"12":{"start":{"line":28,"column":21},"end":{"line":28,"column":0}},"13":{"start":{"line":28,"column":21},"end":{"line":28,"column":20}},"14":{"start":{"line":28,"column":21},"end":{"line":null,"column":-1}},"15":{"start":{"line":37,"column":16},"end":{"line":null,"column":-1}},"16":{"start":{"line":45,"column":0},"end":{"line":null,"column":-1}}},"fnMap":{"0":{"name":"(anonymous_2)","decl":{"start":{"line":10,"column":22},"end":{"line":null,"column":-1}},"loc":{"start":{"line":10,"column":22},"end":{"line":8,"column":6}}},"1":{"name":"(anonymous_3)","decl":{"start":{"line":14,"column":19},"end":{"line":null,"column":-1}},"loc":{"start":{"line":14,"column":19},"end":{"line":8,"column":6}}},"2":{"name":"(anonymous_4)","decl":{"start":{"line":22,"column":11},"end":{"line":null,"column":-1}},"loc":{"start":{"line":22,"column":11},"end":{"line":16,"column":6}}},"3":{"name":"MessageInput","decl":{"start":{"line":28,"column":6},"end":{"line":28,"column":21}},"loc":{"start":{"line":28,"column":21},"end":{"line":28,"column":0}}},"4":{"name":"onChange","decl":{"start":{"line":37,"column":16},"end":{"line":null,"column":-1}},"loc":{"start":{"line":37,"column":16},"end":{"line":null,"column":-1}}}},"branchMap":{},"s":{"0":0,"1":0,"2":0,"3":0,"4":0,"5":0,"6":0,"7":0,"8":0,"9":0,"10":0,"11":0,"12":0,"13":0,"14":0,"15":0,"16":0},"f":{"0":0,"1":0,"2":0,"3":0,"4":0},"b":{}}
,"/Users/ap/Projects/red-tetris/src/client/App/Game/GameLobby/GameChat/MessageList.js": {"path":"/Users/ap/Projects/red-tetris/src/client/App/Game/GameLobby/GameChat/MessageList.js","statementMap":{"0":{"start":{"line":1,"column":0},"end":{"line":null,"column":-1}},"1":{"start":{"line":2,"column":0},"end":{"line":null,"column":-1}},"2":{"start":{"line":4,"column":0},"end":{"line":null,"column":-1}},"3":{"start":{"line":12,"column":20},"end":{"line":12,"column":0}},"4":{"start":{"line":12,"column":20},"end":{"line":12,"column":19}},"5":{"start":{"line":12,"column":20},"end":{"line":null,"column":-1}},"6":{"start":{"line":20,"column":21},"end":{"line":null,"column":-1}},"7":{"start":{"line":22,"column":4},"end":{"line":null,"column":-1}},"8":{"start":{"line":26,"column":4},"end":{"line":null,"column":-1}},"9":{"start":{"line":29,"column":49},"end":{"line":29,"column":48}},"10":{"start":{"line":30,"column":25},"end":{"line":29,"column":49}},"11":{"start":{"line":31,"column":4},"end":{"line":34,"column":5}},"12":{"start":{"line":33,"column":6},"end":{"line":null,"column":-1}},"13":{"start":{"line":38,"column":4},"end":{"line":null,"column":-1}},"14":{"start":{"line":42,"column":30},"end":{"line":41,"column":11}},"15":{"start":{"line":41,"column":11},"end":{"line":null,"column":-1}},"16":{"start":{"line":43,"column":4},"end":{"line":null,"column":-1}},"17":{"start":{"line":46,"column":23},"end":{"line":null,"column":-1}},"18":{"start":{"line":52,"column":0},"end":{"line":null,"column":-1}}},"fnMap":{"0":{"name":"MessageItem","decl":{"start":{"line":12,"column":6},"end":{"line":12,"column":20}},"loc":{"start":{"line":12,"column":20},"end":{"line":12,"column":0}}},"1":{"name":"MessageList","decl":{"start":{"line":20,"column":2},"end":{"line":20,"column":13}},"loc":{"start":{"line":20,"column":21},"end":{"line":23,"column":3}}},"2":{"name":"(anonymous_16)","decl":{"start":{"line":46,"column":23},"end":{"line":46,"column":23}},"loc":{"start":{"line":46,"column":23},"end":{"line":46,"column":10}}}},"branchMap":{"0":{"loc":{"start":{"line":20,"column":21},"end":{"line":21,"column":9}},"type":"binary-expr","locations":[{"start":{"line":20,"column":21},"end":{"line":21,"column":9}},{"start":{"line":20,"column":21},"end":{"line":21,"column":9}}]},"1":{"loc":{"start":{"line":31,"column":4},"end":{"line":34,"column":5}},"type":"if","locations":[{"start":{"line":31,"column":4},"end":{"line":34,"column":5}},{"start":{"line":31,"column":4},"end":{"line":34,"column":5}}]},"2":{"loc":{"start":{"line":42,"column":23},"end":{"line":41,"column":11}},"type":"cond-expr","locations":[{"start":{"line":42,"column":23},"end":{"line":41,"column":11}},{"start":{"line":41,"column":11},"end":{"line":null,"column":-1}}]},"3":{"loc":{"start":{"line":45,"column":9},"end":{"line":45,"column":8}},"type":"binary-expr","locations":[{"start":{"line":45,"column":9},"end":{"line":45,"column":8}},{"start":{"line":46,"column":10},"end":{"line":null,"column":-1}}]}},"s":{"0":0,"1":0,"2":0,"3":0,"4":0,"5":0,"6":0,"7":0,"8":0,"9":0,"10":0,"11":0,"12":0,"13":0,"14":0,"15":0,"16":0,"17":0,"18":0},"f":{"0":0,"1":0,"2":0},"b":{"0":[0,0],"1":[0,0],"2":[0,0],"3":[0,0]}}
,"/Users/ap/Projects/red-tetris/src/client/App/Game/GameLobby/GameChat/styled.js": {"path":"/Users/ap/Projects/red-tetris/src/client/App/Game/GameLobby/GameChat/styled.js","statementMap":{"0":{"start":{"line":1,"column":0},"end":{"line":null,"column":-1}},"1":{"start":{"line":2,"column":0},"end":{"line":null,"column":-1}},"2":{"start":{"line":4,"column":13},"end":{"line":4,"column":7}},"3":{"start":{"line":9,"column":13},"end":{"line":9,"column":7}},"4":{"start":{"line":19,"column":15},"end":{"line":null,"column":-1}},"5":{"start":{"line":25,"column":13},"end":{"line":25,"column":7}},"6":{"start":{"line":29,"column":13},"end":{"line":29,"column":7}},"7":{"start":{"line":34,"column":22},"end":{"line":null,"column":-1}},"8":{"start":{"line":40,"column":13},"end":{"line":40,"column":7}},"9":{"start":{"line":45,"column":22},"end":{"line":null,"column":-1}}},"fnMap":{"0":{"name":"(anonymous_2)","decl":{"start":{"line":19,"column":15},"end":{"line":null,"column":-1}},"loc":{"start":{"line":19,"column":15},"end":{"line":9,"column":13}}},"1":{"name":"(anonymous_3)","decl":{"start":{"line":34,"column":22},"end":{"line":null,"column":-1}},"loc":{"start":{"line":34,"column":22},"end":{"line":29,"column":13}}},"2":{"name":"(anonymous_4)","decl":{"start":{"line":45,"column":22},"end":{"line":null,"column":-1}},"loc":{"start":{"line":45,"column":22},"end":{"line":40,"column":13}}}},"branchMap":{},"s":{"0":0,"1":0,"2":0,"3":0,"4":0,"5":0,"6":0,"7":0,"8":0,"9":0},"f":{"0":0,"1":0,"2":0},"b":{}}
,"/Users/ap/Projects/red-tetris/src/client/App/Lobby/Lobby.js": {"path":"/Users/ap/Projects/red-tetris/src/client/App/Lobby/Lobby.js","statementMap":{"0":{"start":{"line":1,"column":0},"end":{"line":null,"column":-1}},"1":{"start":{"line":2,"column":0},"end":{"line":null,"column":-1}},"2":{"start":{"line":4,"column":0},"end":{"line":null,"column":-1}},"3":{"start":{"line":5,"column":0},"end":{"line":null,"column":-1}},"4":{"start":{"line":7,"column":14},"end":{"line":7,"column":0}},"5":{"start":{"line":7,"column":14},"end":{"line":7,"column":13}},"6":{"start":{"line":7,"column":14},"end":{"line":null,"column":-1}},"7":{"start":{"line":33,"column":0},"end":{"line":null,"column":-1}}},"fnMap":{"0":{"name":"Lobby","decl":{"start":{"line":7,"column":6},"end":{"line":7,"column":14}},"loc":{"start":{"line":7,"column":14},"end":{"line":7,"column":0}}}},"branchMap":{"0":{"loc":{"start":{"line":17,"column":6},"end":{"line":16,"column":5}},"type":"cond-expr","locations":[{"start":{"line":17,"column":6},"end":{"line":16,"column":5}},{"start":{"line":19,"column":6},"end":{"line":null,"column":-1}}]},"1":{"loc":{"start":{"line":16,"column":5},"end":{"line":16,"column":17}},"type":"binary-expr","locations":[{"start":{"line":16,"column":5},"end":{"line":16,"column":17}},{"start":{"line":16,"column":18},"end":{"line":16,"column":5}}]}},"s":{"0":0,"1":0,"2":0,"3":0,"4":0,"5":0,"6":0,"7":0},"f":{"0":0},"b":{"0":[0,0],"1":[0,0]}}
,"/Users/ap/Projects/red-tetris/src/client/App/Lobby/LobbyContainer.js": {"path":"/Users/ap/Projects/red-tetris/src/client/App/Lobby/LobbyContainer.js","statementMap":{"0":{"start":{"line":1,"column":0},"end":{"line":null,"column":-1}},"1":{"start":{"line":2,"column":0},"end":{"line":null,"column":-1}},"2":{"start":{"line":3,"column":0},"end":{"line":null,"column":-1}},"3":{"start":{"line":5,"column":0},"end":{"line":null,"column":-1}},"4":{"start":{"line":9,"column":0},"end":{"line":null,"column":-1}},"5":{"start":{"line":10,"column":0},"end":{"line":null,"column":-1}},"6":{"start":{"line":11,"column":0},"end":{"line":null,"column":-1}},"7":{"start":{"line":15,"column":4},"end":{"line":null,"column":-1}},"8":{"start":{"line":24,"column":26},"end":{"line":23,"column":24}},"9":{"start":{"line":25,"column":6},"end":{"line":null,"column":-1}},"10":{"start":{"line":26,"column":6},"end":{"line":null,"column":-1}},"11":{"start":{"line":29,"column":6},"end":{"line":null,"column":-1}},"12":{"start":{"line":33,"column":22},"end":{"line":null,"column":-1}},"13":{"start":{"line":34,"column":20},"end":{"line":null,"column":-1}},"14":{"start":{"line":38,"column":27},"end":{"line":38,"column":0}},"15":{"start":{"line":38,"column":27},"end":{"line":null,"column":-1}},"16":{"start":{"line":40,"column":23},"end":{"line":40,"column":0}},"17":{"start":{"line":40,"column":23},"end":{"line":null,"column":-1}},"18":{"start":{"line":43,"column":33},"end":{"line":43,"column":0}},"19":{"start":{"line":43,"column":57},"end":{"line":43,"column":56}},"20":{"start":{"line":44,"column":2},"end":{"line":44,"column":28}},"21":{"start":{"line":44,"column":28},"end":{"line":null,"column":-1}},"22":{"start":{"line":45,"column":2},"end":{"line":null,"column":-1}}},"fnMap":{"0":{"name":"(anonymous_2)","decl":{"start":{"line":15,"column":4},"end":{"line":null,"column":-1}},"loc":{"start":{"line":15,"column":4},"end":{"line":14,"column":2}}},"1":{"name":"componentDidMount","decl":{"start":{"line":22,"column":12},"end":{"line":23,"column":23}},"loc":{"start":{"line":23,"column":24},"end":{"line":22,"column":12}}},"2":{"name":"componentWillUnmount","decl":{"start":{"line":22,"column":12},"end":{"line":28,"column":26}},"loc":{"start":{"line":28,"column":27},"end":{"line":30,"column":5}}},"3":{"name":"handleGameCreate","decl":{"start":{"line":33,"column":22},"end":{"line":null,"column":-1}},"loc":{"start":{"line":33,"column":22},"end":{"line":32,"column":15}}},"4":{"name":"handleGameJoin","decl":{"start":{"line":34,"column":20},"end":{"line":null,"column":-1}},"loc":{"start":{"line":34,"column":20},"end":{"line":null,"column":-1}}},"5":{"name":"navigateToGamePage","decl":{"start":{"line":38,"column":6},"end":{"line":38,"column":27}},"loc":{"start":{"line":38,"column":27},"end":{"line":38,"column":0}}},"6":{"name":"emitGameCreate","decl":{"start":{"line":40,"column":6},"end":{"line":40,"column":23}},"loc":{"start":{"line":40,"column":23},"end":{"line":40,"column":0}}},"7":{"name":"handleGameCreateResponse","decl":{"start":{"line":43,"column":6},"end":{"line":43,"column":33}},"loc":{"start":{"line":43,"column":57},"end":{"line":43,"column":0}}}},"branchMap":{"0":{"loc":{"start":{"line":44,"column":2},"end":{"line":44,"column":28}},"type":"if","locations":[{"start":{"line":44,"column":2},"end":{"line":44,"column":28}},{"start":{"line":44,"column":2},"end":{"line":44,"column":28}}]}},"s":{"0":0,"1":0,"2":0,"3":0,"4":0,"5":0,"6":0,"7":0,"8":0,"9":0,"10":0,"11":0,"12":0,"13":0,"14":0,"15":0,"16":0,"17":0,"18":0,"19":0,"20":0,"21":0,"22":0},"f":{"0":0,"1":0,"2":0,"3":0,"4":0,"5":0,"6":0,"7":0},"b":{"0":[0,0]}}
,"/Users/ap/Projects/red-tetris/src/client/App/Lobby/LobbyGamesList/GamesListItem.js": {"path":"/Users/ap/Projects/red-tetris/src/client/App/Lobby/LobbyGamesList/GamesListItem.js","statementMap":{"0":{"start":{"line":1,"column":0},"end":{"line":null,"column":-1}},"1":{"start":{"line":2,"column":0},"end":{"line":null,"column":-1}},"2":{"start":{"line":3,"column":0},"end":{"line":null,"column":-1}},"3":{"start":{"line":4,"column":0},"end":{"line":null,"column":-1}},"4":{"start":{"line":6,"column":0},"end":{"line":null,"column":-1}},"5":{"start":{"line":8,"column":0},"end":{"line":null,"column":-1}},"6":{"start":{"line":10,"column":6},"end":{"line":10,"column":0}},"7":{"start":{"line":15,"column":19},"end":{"line":null,"column":-1}},"8":{"start":{"line":18,"column":6},"end":{"line":18,"column":0}},"9":{"start":{"line":24,"column":22},"end":{"line":24,"column":0}},"10":{"start":{"line":24,"column":22},"end":{"line":24,"column":21}},"11":{"start":{"line":24,"column":22},"end":{"line":null,"column":-1}},"12":{"start":{"line":45,"column":19},"end":{"line":null,"column":-1}},"13":{"start":{"line":54,"column":0},"end":{"line":null,"column":-1}}},"fnMap":{"0":{"name":"(anonymous_2)","decl":{"start":{"line":15,"column":19},"end":{"line":null,"column":-1}},"loc":{"start":{"line":15,"column":19},"end":{"line":10,"column":6}}},"1":{"name":"GamesListItem","decl":{"start":{"line":24,"column":6},"end":{"line":24,"column":22}},"loc":{"start":{"line":24,"column":22},"end":{"line":24,"column":0}}},"2":{"name":"onClick","decl":{"start":{"line":45,"column":19},"end":{"line":null,"column":-1}},"loc":{"start":{"line":45,"column":19},"end":{"line":null,"column":-1}}}},"branchMap":{"0":{"loc":{"start":{"line":27,"column":23},"end":{"line":27,"column":11}},"type":"cond-expr","locations":[{"start":{"line":27,"column":23},"end":{"line":27,"column":11}},{"start":{"line":27,"column":35},"end":{"line":null,"column":-1}}]},"1":{"loc":{"start":{"line":30,"column":10},"end":{"line":29,"column":7}},"type":"cond-expr","locations":[{"start":{"line":30,"column":10},"end":{"line":29,"column":7}},{"start":{"line":31,"column":10},"end":{"line":null,"column":-1}}]},"2":{"loc":{"start":{"line":29,"column":7},"end":{"line":29,"column":17}},"type":"binary-expr","locations":[{"start":{"line":29,"column":7},"end":{"line":29,"column":17}},{"start":{"line":29,"column":18},"end":{"line":29,"column":7}}]},"3":{"loc":{"start":{"line":40,"column":7},"end":{"line":40,"column":6}},"type":"binary-expr","locations":[{"start":{"line":40,"column":7},"end":{"line":40,"column":6}},{"start":{"line":41,"column":8},"end":{"line":null,"column":-1}}]}},"s":{"0":0,"1":0,"2":0,"3":0,"4":0,"5":0,"6":0,"7":0,"8":0,"9":0,"10":0,"11":0,"12":0,"13":0},"f":{"0":0,"1":0,"2":0},"b":{"0":[0,0],"1":[0,0],"2":[0,0],"3":[0,0]}}
,"/Users/ap/Projects/red-tetris/src/client/App/Lobby/LobbyGamesList/LobbyGamesList.js": {"path":"/Users/ap/Projects/red-tetris/src/client/App/Lobby/LobbyGamesList/LobbyGamesList.js","statementMap":{"0":{"start":{"line":1,"column":0},"end":{"line":null,"column":-1}},"1":{"start":{"line":2,"column":0},"end":{"line":null,"column":-1}},"2":{"start":{"line":3,"column":0},"end":{"line":null,"column":-1}},"3":{"start":{"line":5,"column":23},"end":{"line":5,"column":0}},"4":{"start":{"line":5,"column":23},"end":{"line":5,"column":22}},"5":{"start":{"line":5,"column":23},"end":{"line":null,"column":-1}},"6":{"start":{"line":7,"column":19},"end":{"line":null,"column":-1}},"7":{"start":{"line":13,"column":0},"end":{"line":null,"column":-1}}},"fnMap":{"0":{"name":"LobbyGamesList","decl":{"start":{"line":5,"column":6},"end":{"line":5,"column":23}},"loc":{"start":{"line":5,"column":23},"end":{"line":5,"column":0}}},"1":{"name":"(anonymous_4)","decl":{"start":{"line":7,"column":19},"end":{"line":null,"column":-1}},"loc":{"start":{"line":7,"column":19},"end":{"line":7,"column":5}}}},"branchMap":{},"s":{"0":0,"1":0,"2":0,"3":0,"4":0,"5":0,"6":0,"7":0},"f":{"0":0,"1":0},"b":{}}
,"/Users/ap/Projects/red-tetris/src/client/App/Lobby/LobbyHeader/LobbyHeader.js": {"path":"/Users/ap/Projects/red-tetris/src/client/App/Lobby/LobbyHeader/LobbyHeader.js","statementMap":{"0":{"start":{"line":1,"column":0},"end":{"line":null,"column":-1}},"1":{"start":{"line":2,"column":0},"end":{"line":null,"column":-1}},"2":{"start":{"line":3,"column":0},"end":{"line":null,"column":-1}},"3":{"start":{"line":5,"column":0},"end":{"line":null,"column":-1}},"4":{"start":{"line":6,"column":0},"end":{"line":null,"column":-1}},"5":{"start":{"line":7,"column":0},"end":{"line":null,"column":-1}},"6":{"start":{"line":9,"column":6},"end":{"line":9,"column":0}},"7":{"start":{"line":18,"column":20},"end":{"line":18,"column":0}},"8":{"start":{"line":18,"column":20},"end":{"line":18,"column":19}},"9":{"start":{"line":18,"column":20},"end":{"line":null,"column":-1}},"10":{"start":{"line":34,"column":0},"end":{"line":null,"column":-1}}},"fnMap":{"0":{"name":"LobbyHeader","decl":{"start":{"line":18,"column":6},"end":{"line":18,"column":20}},"loc":{"start":{"line":18,"column":20},"end":{"line":18,"column":0}}}},"branchMap":{},"s":{"0":0,"1":0,"2":0,"3":0,"4":0,"5":0,"6":0,"7":0,"8":0,"9":0,"10":0},"f":{"0":0},"b":{}}
,"/Users/ap/Projects/red-tetris/src/client/actions/boardsActions.js": {"path":"/Users/ap/Projects/red-tetris/src/client/actions/boardsActions.js","statementMap":{"0":{"start":{"line":1,"column":27},"end":{"line":4,"column":1}},"1":{"start":{"line":6,"column":24},"end":{"line":12,"column":2}},"2":{"start":{"line":6,"column":46},"end":{"line":12,"column":1}},"3":{"start":{"line":14,"column":27},"end":{"line":16,"column":2}},"4":{"start":{"line":14,"column":34},"end":{"line":16,"column":1}}},"fnMap":{"0":{"name":"(anonymous_0)","decl":{"start":{"line":6,"column":24},"end":{"line":6,"column":25}},"loc":{"start":{"line":6,"column":46},"end":{"line":12,"column":1}},"line":6},"1":{"name":"(anonymous_1)","decl":{"start":{"line":14,"column":27},"end":{"line":14,"column":28}},"loc":{"start":{"line":14,"column":34},"end":{"line":16,"column":1}},"line":14}},"branchMap":{},"s":{"0":2,"1":2,"2":0,"3":2,"4":0},"f":{"0":0,"1":0},"b":{},"_coverageSchema":"332fd63041d2c1bcb487cc26dd0d5f7d97098a6c","hash":"2c32015e12932eb66b80dc10c51d36857c585f1b"}
,"/Users/ap/Projects/red-tetris/src/client/actions/currentGameInfoActions.js": {"path":"/Users/ap/Projects/red-tetris/src/client/actions/currentGameInfoActions.js","statementMap":{"0":{"start":{"line":1,"column":27},"end":{"line":5,"column":1}},"1":{"start":{"line":7,"column":30},"end":{"line":10,"column":2}},"2":{"start":{"line":7,"column":42},"end":{"line":10,"column":1}},"3":{"start":{"line":12,"column":23},"end":{"line":15,"column":2}},"4":{"start":{"line":12,"column":32},"end":{"line":15,"column":1}},"5":{"start":{"line":17,"column":28},"end":{"line":20,"column":2}},"6":{"start":{"line":17,"column":38},"end":{"line":20,"column":1}}},"fnMap":{"0":{"name":"(anonymous_0)","decl":{"start":{"line":7,"column":30},"end":{"line":7,"column":31}},"loc":{"start":{"line":7,"column":42},"end":{"line":10,"column":1}},"line":7},"1":{"name":"(anonymous_1)","decl":{"start":{"line":12,"column":23},"end":{"line":12,"column":24}},"loc":{"start":{"line":12,"column":32},"end":{"line":15,"column":1}},"line":12},"2":{"name":"(anonymous_2)","decl":{"start":{"line":17,"column":28},"end":{"line":17,"column":29}},"loc":{"start":{"line":17,"column":38},"end":{"line":20,"column":1}},"line":17}},"branchMap":{},"s":{"0":2,"1":2,"2":0,"3":2,"4":0,"5":2,"6":0},"f":{"0":0,"1":0,"2":0},"b":{},"_coverageSchema":"332fd63041d2c1bcb487cc26dd0d5f7d97098a6c","hash":"9244673322e85b45dabd0c7011fb990bb6c6cd5b"}
,"/Users/ap/Projects/red-tetris/src/client/actions/gamesListActions.js": {"path":"/Users/ap/Projects/red-tetris/src/client/actions/gamesListActions.js","statementMap":{"0":{"start":{"line":1,"column":27},"end":{"line":3,"column":1}},"1":{"start":{"line":5,"column":23},"end":{"line":8,"column":2}},"2":{"start":{"line":5,"column":32},"end":{"line":8,"column":1}}},"fnMap":{"0":{"name":"(anonymous_0)","decl":{"start":{"line":5,"column":23},"end":{"line":5,"column":24}},"loc":{"start":{"line":5,"column":32},"end":{"line":8,"column":1}},"line":5}},"branchMap":{},"s":{"0":2,"1":2,"2":0},"f":{"0":0},"b":{},"_coverageSchema":"332fd63041d2c1bcb487cc26dd0d5f7d97098a6c","hash":"81af505b45f3930da44fa7e150eab0a409595236"}
,"/Users/ap/Projects/red-tetris/src/client/actions/pieceActions.js": {"path":"/Users/ap/Projects/red-tetris/src/client/actions/pieceActions.js","statementMap":{"0":{"start":{"line":1,"column":33},"end":{"line":1,"column":58}},"1":{"start":{"line":2,"column":30},"end":{"line":2,"column":52}},"2":{"start":{"line":4,"column":31},"end":{"line":7,"column":2}},"3":{"start":{"line":4,"column":41},"end":{"line":7,"column":1}},"4":{"start":{"line":9,"column":28},"end":{"line":12,"column":2}},"5":{"start":{"line":9,"column":38},"end":{"line":12,"column":1}}},"fnMap":{"0":{"name":"(anonymous_0)","decl":{"start":{"line":4,"column":31},"end":{"line":4,"column":32}},"loc":{"start":{"line":4,"column":41},"end":{"line":7,"column":1}},"line":4},"1":{"name":"(anonymous_1)","decl":{"start":{"line":9,"column":28},"end":{"line":9,"column":29}},"loc":{"start":{"line":9,"column":38},"end":{"line":12,"column":1}},"line":9}},"branchMap":{},"s":{"0":2,"1":2,"2":2,"3":0,"4":2,"5":0},"f":{"0":0,"1":0},"b":{},"_coverageSchema":"332fd63041d2c1bcb487cc26dd0d5f7d97098a6c","hash":"2a25b12a49ac878fb1c068ef1bb9db13303d59ae"}
,"/Users/ap/Projects/red-tetris/src/client/actions/userActions.js": {"path":"/Users/ap/Projects/red-tetris/src/client/actions/userActions.js","statementMap":{"0":{"start":{"line":1,"column":27},"end":{"line":3,"column":1}},"1":{"start":{"line":5,"column":23},"end":{"line":8,"column":2}},"2":{"start":{"line":5,"column":32},"end":{"line":8,"column":1}}},"fnMap":{"0":{"name":"(anonymous_0)","decl":{"start":{"line":5,"column":23},"end":{"line":5,"column":24}},"loc":{"start":{"line":5,"column":32},"end":{"line":8,"column":1}},"line":5}},"branchMap":{},"s":{"0":2,"1":2,"2":0},"f":{"0":0},"b":{},"_coverageSchema":"332fd63041d2c1bcb487cc26dd0d5f7d97098a6c","hash":"dc2f8798d7774ba0d1410a124d46f84b8281309e"}
,"/Users/ap/Projects/red-tetris/src/client/components/Logo.js": {"path":"/Users/ap/Projects/red-tetris/src/client/components/Logo.js","statementMap":{"0":{"start":{"line":1,"column":0},"end":{"line":null,"column":-1}},"1":{"start":{"line":2,"column":0},"end":{"line":null,"column":-1}},"2":{"start":{"line":4,"column":6},"end":{"line":4,"column":0}},"3":{"start":{"line":9,"column":6},"end":{"line":9,"column":0}},"4":{"start":{"line":10,"column":11},"end":{"line":10,"column":10}},"5":{"start":{"line":10,"column":11},"end":{"line":null,"column":-1}},"6":{"start":{"line":13,"column":15},"end":{"line":null,"column":-1}}},"fnMap":{"0":{"name":"(anonymous_2)","decl":{"start":{"line":10,"column":11},"end":{"line":null,"column":-1}},"loc":{"start":{"line":10,"column":11},"end":{"line":9,"column":6}}}},"branchMap":{},"s":{"0":0,"1":0,"2":0,"3":0,"4":0,"5":0,"6":0},"f":{"0":0},"b":{}}
,"/Users/ap/Projects/red-tetris/src/client/components/Panel.js": {"path":"/Users/ap/Projects/red-tetris/src/client/components/Panel.js","statementMap":{"0":{"start":{"line":1,"column":0},"end":{"line":null,"column":-1}},"1":{"start":{"line":3,"column":13},"end":{"line":3,"column":7}},"2":{"start":{"line":3,"column":24},"end":{"line":3,"column":23}},"3":{"start":{"line":3,"column":24},"end":{"line":null,"column":-1}},"4":{"start":{"line":14,"column":13},"end":{"line":14,"column":7}}},"fnMap":{"0":{"name":"panelCss","decl":{"start":{"line":3,"column":13},"end":{"line":3,"column":24}},"loc":{"start":{"line":3,"column":24},"end":{"line":3,"column":7}}}},"branchMap":{},"s":{"0":0,"1":0,"2":0,"3":0,"4":0},"f":{"0":0},"b":{}}
,"/Users/ap/Projects/red-tetris/src/client/components/Table.js": {"path":"/Users/ap/Projects/red-tetris/src/client/components/Table.js","statementMap":{"0":{"start":{"line":1,"column":0},"end":{"line":null,"column":-1}},"1":{"start":{"line":3,"column":13},"end":{"line":3,"column":7}},"2":{"start":{"line":7,"column":13},"end":{"line":7,"column":7}},"3":{"start":{"line":11,"column":13},"end":{"line":11,"column":7}},"4":{"start":{"line":13,"column":11},"end":{"line":13,"column":10}},"5":{"start":{"line":13,"column":11},"end":{"line":null,"column":-1}},"6":{"start":{"line":16,"column":13},"end":{"line":16,"column":7}},"7":{"start":{"line":20,"column":13},"end":{"line":20,"column":7}},"8":{"start":{"line":25,"column":38},"end":{"line":24,"column":30}},"9":{"start":{"line":26,"column":6},"end":{"line":null,"column":-1}},"10":{"start":{"line":31,"column":38},"end":{"line":30,"column":30}},"11":{"start":{"line":32,"column":6},"end":{"line":null,"column":-1}}},"fnMap":{"0":{"name":"(anonymous_2)","decl":{"start":{"line":13,"column":11},"end":{"line":null,"column":-1}},"loc":{"start":{"line":13,"column":11},"end":{"line":11,"column":13}}},"1":{"name":"(anonymous_3)","decl":{"start":{"line":24,"column":21},"end":{"line":24,"column":29}},"loc":{"start":{"line":24,"column":30},"end":{"line":20,"column":13}}},"2":{"name":"(anonymous_4)","decl":{"start":{"line":30,"column":21},"end":{"line":30,"column":29}},"loc":{"start":{"line":30,"column":30},"end":{"line":20,"column":13}}}},"branchMap":{},"s":{"0":0,"1":0,"2":0,"3":0,"4":0,"5":0,"6":0,"7":0,"8":0,"9":0,"10":0,"11":0},"f":{"0":0,"1":0,"2":0},"b":{}}
,"/Users/ap/Projects/red-tetris/src/client/components/Button/Button.js": {"path":"/Users/ap/Projects/red-tetris/src/client/components/Button/Button.js","statementMap":{"0":{"start":{"line":1,"column":0},"end":{"line":null,"column":-1}},"1":{"start":{"line":2,"column":0},"end":{"line":null,"column":-1}},"2":{"start":{"line":3,"column":0},"end":{"line":null,"column":-1}},"3":{"start":{"line":5,"column":15},"end":{"line":5,"column":0}},"4":{"start":{"line":5,"column":15},"end":{"line":5,"column":14}},"5":{"start":{"line":5,"column":15},"end":{"line":null,"column":-1}},"6":{"start":{"line":11,"column":0},"end":{"line":null,"column":-1}},"7":{"start":{"line":19,"column":0},"end":{"line":null,"column":-1}}},"fnMap":{"0":{"name":"Button","decl":{"start":{"line":5,"column":6},"end":{"line":5,"column":15}},"loc":{"start":{"line":5,"column":15},"end":{"line":5,"column":0}}}},"branchMap":{},"s":{"0":0,"1":0,"2":0,"3":0,"4":0,"5":0,"6":0,"7":0},"f":{"0":0},"b":{}}
[...]
)","decl":{"start":{"line":51,"column":39},"end":{"line":51,"column":40}},"loc":{"start":{"line":51,"column":47},"end":{"line":51,"column":72}},"line":51},"6":{"name":"(anonymous_6)","decl":{"start":{"line":60,"column":2},"end":{"line":60,"column":3}},"loc":{"start":{"line":60,"column":23},"end":{"line":82,"column":3}},"line":60},"7":{"name":"(anonymous_7)","decl":{"start":{"line":84,"column":2},"end":{"line":84,"column":3}},"loc":{"start":{"line":84,"column":27},"end":{"line":90,"column":3}},"line":84},"8":{"name":"(anonymous_8)","decl":{"start":{"line":92,"column":2},"end":{"line":92,"column":3}},"loc":{"start":{"line":92,"column":16},"end":{"line":94,"column":3}},"line":92},"9":{"name":"(anonymous_9)","decl":{"start":{"line":96,"column":2},"end":{"line":96,"column":3}},"loc":{"start":{"line":96,"column":16},"end":{"line":104,"column":3}},"line":96},"10":{"name":"(anonymous_10)","decl":{"start":{"line":101,"column":32},"end":{"line":101,"column":33}},"loc":{"start":{"line":101,"column":41},"end":{"line":101,"column":94}},"line":101},"11":{"name":"(anonymous_11)","decl":{"start":{"line":106,"column":2},"end":{"line":106,"column":3}},"loc":{"start":{"line":106,"column":31},"end":{"line":112,"column":3}},"line":106},"12":{"name":"(anonymous_12)","decl":{"start":{"line":109,"column":14},"end":{"line":109,"column":15}},"loc":{"start":{"line":109,"column":22},"end":{"line":109,"column":75}},"line":109},"13":{"name":"(anonymous_13)","decl":{"start":{"line":114,"column":2},"end":{"line":114,"column":3}},"loc":{"start":{"line":114,"column":20},"end":{"line":116,"column":3}},"line":114},"14":{"name":"(anonymous_14)","decl":{"start":{"line":118,"column":2},"end":{"line":118,"column":3}},"loc":{"start":{"line":118,"column":36},"end":{"line":127,"column":3}},"line":118},"15":{"name":"(anonymous_15)","decl":{"start":{"line":129,"column":2},"end":{"line":129,"column":3}},"loc":{"start":{"line":129,"column":38},"end":{"line":134,"column":3}},"line":129},"16":{"name":"(anonymous_16)","decl":{"start":{"line":136,"column":2},"end":{"line":136,"column":3}},"loc":{"start":{"line":136,"column":24},"end":{"line":143,"column":3}},"line":136},"17":{"name":"(anonymous_17)","decl":{"start":{"line":145,"column":2},"end":{"line":145,"column":3}},"loc":{"start":{"line":145,"column":22},"end":{"line":148,"column":3}},"line":145},"18":{"name":"(anonymous_18)","decl":{"start":{"line":150,"column":2},"end":{"line":150,"column":3}},"loc":{"start":{"line":150,"column":25},"end":{"line":154,"column":3}},"line":150},"19":{"name":"(anonymous_19)","decl":{"start":{"line":156,"column":2},"end":{"line":156,"column":3}},"loc":{"start":{"line":156,"column":16},"end":{"line":158,"column":3}},"line":156},"20":{"name":"(anonymous_20)","decl":{"start":{"line":160,"column":2},"end":{"line":160,"column":3}},"loc":{"start":{"line":160,"column":22},"end":{"line":162,"column":3}},"line":160}},"branchMap":{"0":{"loc":{"start":{"line":29,"column":4},"end":{"line":30,"column":19}},"type":"if","locations":[{"start":{"line":29,"column":4},"end":{"line":30,"column":19}},{"start":{"line":29,"column":4},"end":{"line":30,"column":19}}],"line":29},"1":{"loc":{"start":{"line":32,"column":4},"end":{"line":33,"column":19}},"type":"if","locations":[{"start":{"line":32,"column":4},"end":{"line":33,"column":19}},{"start":{"line":32,"column":4},"end":{"line":33,"column":19}}],"line":32},"2":{"loc":{"start":{"line":35,"column":4},"end":{"line":36,"column":34}},"type":"if","locations":[{"start":{"line":35,"column":4},"end":{"line":36,"column":34}},{"start":{"line":35,"column":4},"end":{"line":36,"column":34}}],"line":35},"3":{"loc":{"start":{"line":45,"column":4},"end":{"line":46,"column":19}},"type":"if","locations":[{"start":{"line":45,"column":4},"end":{"line":46,"column":19}},{"start":{"line":45,"column":4},"end":{"line":46,"column":19}}],"line":45},"4":{"loc":{"start":{"line":53,"column":4},"end":{"line":54,"column":30}},"type":"if","locations":[{"start":{"line":53,"column":4},"end":{"line":54,"column":30}},{"start":{"line":53,"column":4},"end":{"line":54,"column":30}}],"line":53},"5":{"loc":{"start":{"line":65,"column":4},"end":{"line":66,"column":50}},"type":"if","locations":[{"start":{"line":65,"column":4},"end":{"line":66,"column":50}},{"start":{"line":65,"column":4},"end":{"line":66,"column":50}}],"line":65},"6":{"loc":{"start":{"line":86,"column":4},"end":{"line":89,"column":5}},"type":"if","locations":[{"start":{"line":86,"column":4},"end":{"line":89,"column":5}},{"start":{"line":86,"column":4},"end":{"line":89,"column":5}}],"line":86},"7":{"loc":{"start":{"line":86,"column":8},"end":{"line":86,"column":85}},"type":"binary-expr","locations":[{"start":{"line":86,"column":8},"end":{"line":86,"column":23}},{"start":{"line":86,"column":27},"end":{"line":86,"column":40}},{"start":{"line":86,"column":44},"end":{"line":86,"column":85}}],"line":86},"8":{"loc":{"start":{"line":100,"column":16},"end":{"line":100,"column":63}},"type":"binary-expr","locations":[{"start":{"line":100,"column":17},"end":{"line":100,"column":32}},{"start":{"line":100,"column":36},"end":{"line":100,"column":54}},{"start":{"line":100,"column":59},"end":{"line":100,"column":63}}],"line":100},"9":{"loc":{"start":{"line":157,"column":4},"end":{"line":157,"column":61}},"type":"binary-expr","locations":[{"start":{"line":157,"column":4},"end":{"line":157,"column":26}},{"start":{"line":157,"column":30},"end":{"line":157,"column":61}}],"line":157}},"s":{"0":2,"1":2,"2":2,"3":2,"4":2,"5":2,"6":19,"7":19,"8":19,"9":19,"10":19,"11":19,"12":19,"13":19,"14":18,"15":1,"16":17,"17":0,"18":17,"19":9,"20":17,"21":17,"22":17,"23":17,"24":9,"25":8,"26":1,"27":8,"28":8,"29":8,"30":8,"31":18,"32":8,"33":4,"34":8,"35":8,"36":0,"37":0,"38":0,"39":0,"40":0,"41":0,"42":0,"43":0,"44":0,"45":0,"46":1,"47":1,"48":0,"49":0,"50":0,"51":1212,"52":733,"53":0,"54":0,"55":25,"56":17,"57":17,"58":17,"59":17,"60":8,"61":8,"62":8,"63":8,"64":0,"65":0,"66":0,"67":0,"68":0,"69":23,"70":23,"71":9,"72":9,"73":9,"74":0,"75":19,"76":2},"f":{"0":19,"1":18,"2":9,"3":8,"4":8,"5":18,"6":0,"7":1,"8":0,"9":1212,"10":733,"11":0,"12":0,"13":25,"14":17,"15":8,"16":0,"17":23,"18":9,"19":0,"20":19},"b":{"0":[1,17],"1":[0,17],"2":[9,8],"3":[1,8],"4":[4,4],"5":[0,0],"6":[0,1],"7":[1,1,0],"8":[1212,325,887],"9":[0,0]},"_coverageSchema":"332fd63041d2c1bcb487cc26dd0d5f7d97098a6c","hash":"95ed826e0225db311c311dcb456f54397ac98d25"}
,"/Users/ap/Projects/red-tetris/src/server/models/User.js": {"path":"/Users/ap/Projects/red-tetris/src/server/models/User.js","statementMap":{"0":{"start":{"line":3,"column":4},"end":{"line":3,"column":17}},"1":{"start":{"line":4,"column":4},"end":{"line":4,"column":20}},"2":{"start":{"line":8,"column":4},"end":{"line":10,"column":5}},"3":{"start":{"line":9,"column":6},"end":{"line":9,"column":25}},"4":{"start":{"line":14,"column":4},"end":{"line":14,"column":45}},"5":{"start":{"line":18,"column":0},"end":{"line":18,"column":22}}},"fnMap":{"0":{"name":"(anonymous_0)","decl":{"start":{"line":2,"column":2},"end":{"line":2,"column":3}},"loc":{"start":{"line":2,"column":18},"end":{"line":5,"column":3}},"line":2},"1":{"name":"(anonymous_1)","decl":{"start":{"line":7,"column":2},"end":{"line":7,"column":3}},"loc":{"start":{"line":7,"column":18},"end":{"line":11,"column":3}},"line":7},"2":{"name":"(anonymous_2)","decl":{"start":{"line":13,"column":2},"end":{"line":13,"column":3}},"loc":{"start":{"line":13,"column":13},"end":{"line":15,"column":3}},"line":13}},"branchMap":{"0":{"loc":{"start":{"line":8,"column":4},"end":{"line":10,"column":5}},"type":"if","locations":[{"start":{"line":8,"column":4},"end":{"line":10,"column":5}},{"start":{"line":8,"column":4},"end":{"line":10,"column":5}}],"line":8},"1":{"loc":{"start":{"line":14,"column":11},"end":{"line":14,"column":44}},"type":"cond-expr","locations":[{"start":{"line":14,"column":24},"end":{"line":14,"column":34}},{"start":{"line":14,"column":37},"end":{"line":14,"column":44}}],"line":14}},"s":{"0":67,"1":67,"2":0,"3":0,"4":733,"5":2},"f":{"0":67,"1":0,"2":733},"b":{"0":[0,0],"1":[733,0]},"_coverageSchema":"332fd63041d2c1bcb487cc26dd0d5f7d97098a6c","hash":"82edfdfdad4917905a4989fb063cbce69fc72483"}
,"/Users/ap/Projects/red-tetris/src/server/services/PieceService.js": {"path":"/Users/ap/Projects/red-tetris/src/server/services/PieceService.js","statementMap":{"0":{"start":{"line":1,"column":34},"end":{"line":1,"column":50}},"1":{"start":{"line":2,"column":19},"end":{"line":2,"column":57}},"2":{"start":{"line":3,"column":25},"end":{"line":3,"column":70}},"3":{"start":{"line":8,"column":4},"end":{"line":8,"column":85}},"4":{"start":{"line":12,"column":4},"end":{"line":12,"column":43}},"5":{"start":{"line":16,"column":4},"end":{"line":16,"column":69}},"6":{"start":{"line":20,"column":4},"end":{"line":24,"column":15}},"7":{"start":{"line":23,"column":10},"end":{"line":23,"column":76}},"8":{"start":{"line":28,"column":0},"end":{"line":28,"column":36}}},"fnMap":{"0":{"name":"(anonymous_0)","decl":{"start":{"line":7,"column":2},"end":{"line":7,"column":3}},"loc":{"start":{"line":7,"column":16},"end":{"line":9,"column":3}},"line":7},"1":{"name":"(anonymous_1)","decl":{"start":{"line":11,"column":2},"end":{"line":11,"column":3}},"loc":{"start":{"line":11,"column":25},"end":{"line":13,"column":3}},"line":11},"2":{"name":"(anonymous_2)","decl":{"start":{"line":15,"column":2},"end":{"line":15,"column":3}},"loc":{"start":{"line":15,"column":24},"end":{"line":17,"column":3}},"line":15},"3":{"name":"(anonymous_3)","decl":{"start":{"line":19,"column":2},"end":{"line":19,"column":3}},"loc":{"start":{"line":19,"column":31},"end":{"line":25,"column":3}},"line":19},"4":{"name":"(anonymous_4)","decl":{"start":{"line":22,"column":14},"end":{"line":22,"column":15}},"loc":{"start":{"line":22,"column":32},"end":{"line":24,"column":9}},"line":22}},"branchMap":{"0":{"loc":{"start":{"line":23,"column":10},"end":{"line":23,"column":76}},"type":"cond-expr","locations":[{"start":{"line":23,"column":25},"end":{"line":23,"column":70}},{"start":{"line":23,"column":73},"end":{"line":23,"column":76}}],"line":23}},"s":{"0":2,"1":2,"2":2,"3":2,"4":0,"5":7,"6":0,"7":0,"8":2},"f":{"0":2,"1":0,"2":7,"3":0,"4":0},"b":{"0":[0,0]},"_coverageSchema":"332fd63041d2c1bcb487cc26dd0d5f7d97098a6c","hash":"c9fd8f62a40245399393da77537db8808e1775de"}
,"/Users/ap/Projects/red-tetris/src/server/services/UserService.js": {"path":"/Users/ap/Projects/red-tetris/src/server/services/UserService.js","statementMap":{"0":{"start":{"line":3,"column":15},"end":{"line":3,"column":32}},"1":{"start":{"line":4,"column":13},"end":{"line":4,"column":38}},"2":{"start":{"line":8,"column":4},"end":{"line":8,"column":20}},"3":{"start":{"line":12,"column":20},"end":{"line":12,"column":38}},"4":{"start":{"line":13,"column":4},"end":{"line":13,"column":37}},"5":{"start":{"line":14,"column":4},"end":{"line":14,"column":22}},"6":{"start":{"line":18,"column":4},"end":{"line":18,"column":26}},"7":{"start":{"line":25,"column":25},"end":{"line":25,"column":39}},"8":{"start":{"line":26,"column":4},"end":{"line":26,"column":30}},"9":{"start":{"line":26,"column":23},"end":{"line":26,"column":30}},"10":{"start":{"line":27,"column":4},"end":{"line":27,"column":26}},"11":{"start":{"line":32,"column":0},"end":{"line":32,"column":35}}},"fnMap":{"0":{"name":"(anonymous_0)","decl":{"start":{"line":7,"column":2},"end":{"line":7,"column":3}},"loc":{"start":{"line":7,"column":16},"end":{"line":9,"column":3}},"line":7},"1":{"name":"(anonymous_1)","decl":{"start":{"line":11,"column":2},"end":{"line":11,"column":3}},"loc":{"start":{"line":11,"column":15},"end":{"line":15,"column":3}},"line":11},"2":{"name":"(anonymous_2)","decl":{"start":{"line":17,"column":2},"end":{"line":17,"column":3}},"loc":{"start":{"line":17,"column":18},"end":{"line":19,"column":3}},"line":17},"3":{"name":"(anonymous_3)","decl":{"start":{"line":21,"column":2},"end":{"line":21,"column":3}},"loc":{"start":{"line":21,"column":29},"end":{"line":22,"column":3}},"line":21},"4":{"name":"(anonymous_4)","decl":{"start":{"line":24,"column":2},"end":{"line":24,"column":3}},"loc":{"start":{"line":24,"column":17},"end":{"line":28,"column":3}},"line":24}},"branchMap":{"0":{"loc":{"start":{"line":26,"column":4},"end":{"line":26,"column":30}},"type":"if","locations":[{"start":{"line":26,"column":4},"end":{"line":26,"column":30}},{"start":{"line":26,"column":4},"end":{"line":26,"column":30}}],"line":26}},"s":{"0":2,"1":2,"2":2,"3":67,"4":67,"5":67,"6":800,"7":0,"8":0,"9":0,"10":0,"11":2},"f":{"0":2,"1":67,"2":800,"3":0,"4":0},"b":{"0":[0,0]},"_coverageSchema":"332fd63041d2c1bcb487cc26dd0d5f7d97098a6c","hash":"a60c2d2a14c7c755acae2d48ddf8254f3630997c"}
,"/Users/ap/Projects/red-tetris/src/shared/block-codes.js": {"path":"/Users/ap/Projects/red-tetris/src/shared/block-codes.js","statementMap":{"0":{"start":{"line":1,"column":0},"end":{"line":null,"column":-1}}},"fnMap":{},"branchMap":{},"s":{"0":0},"f":{},"b":{}}
,"/Users/ap/Projects/red-tetris/src/shared/helpers.js": {"path":"/Users/ap/Projects/red-tetris/src/shared/helpers.js","statementMap":{"0":{"start":{"line":1,"column":17},"end":{"line":1,"column":0}},"1":{"start":{"line":3,"column":20},"end":{"line":3,"column":0}},"2":{"start":{"line":3,"column":57},"end":{"line":3,"column":56}},"3":{"start":{"line":4,"column":20},"end":{"line":4,"column":2}},"4":{"start":{"line":5,"column":2},"end":{"line":null,"column":-1}},"5":{"start":{"line":8,"column":28},"end":{"line":8,"column":0}},"6":{"start":{"line":8,"column":28},"end":{"line":null,"column":-1}},"7":{"start":{"line":10,"column":22},"end":{"line":10,"column":0}},"8":{"start":{"line":10,"column":22},"end":{"line":null,"column":-1}},"9":{"start":{"line":14,"column":6},"end":{"line":null,"column":-1}},"10":{"start":{"line":27,"column":30},"end":{"line":27,"column":0}},"11":{"start":{"line":32,"column":32},"end":{"line":32,"column":0}},"12":{"start":{"line":32,"column":32},"end":{"line":null,"column":-1}},"13":{"start":{"line":34,"column":0},"end":{"line":null,"column":-1}}},"fnMap":{"0":{"name":"numToString","decl":{"start":{"line":3,"column":6},"end":{"line":3,"column":20}},"loc":{"start":{"line":3,"column":57},"end":{"line":3,"column":0}}},"1":{"name":"numToBinary16String","decl":{"start":{"line":8,"column":6},"end":{"line":8,"column":28}},"loc":{"start":{"line":8,"column":28},"end":{"line":8,"column":0}}},"2":{"name":"getPieceCells","decl":{"start":{"line":10,"column":6},"end":{"line":10,"column":22}},"loc":{"start":{"line":10,"column":22},"end":{"line":10,"column":0}}},"3":{"name":"(anonymous_5)","decl":{"start":{"line":14,"column":6},"end":{"line":14,"column":6}},"loc":{"start":{"line":14,"column":6},"end":{"line":11,"column":2}}},"4":{"name":"stringToObjectDirection","decl":{"start":{"line":32,"column":6},"end":{"line":32,"column":32}},"loc":{"start":{"line":32,"column":32},"end":{"line":32,"column":0}}}},"branchMap":{"0":{"loc":{"start":{"line":3,"column":57},"end":{"line":3,"column":41}},"type":"cond-expr","locations":[{"start":{"line":3,"column":57},"end":{"line":3,"column":41}},{"start":{"line":3,"column":42},"end":{"line":3,"column":57}}]},"1":{"loc":{"start":{"line":3,"column":57},"end":{"line":3,"column":41}},"type":"binary-expr","locations":[{"start":{"line":3,"column":57},"end":{"line":3,"column":41}},{"start":{"line":3,"column":57},"end":{"line":3,"column":41}}]},"2":{"loc":{"start":{"line":15,"column":8},"end":{"line":23,"column":11}},"type":"cond-expr","locations":[{"start":{"line":15,"column":8},"end":{"line":23,"column":11}},{"start":{"line":23,"column":12},"end":{"line":14,"column":6}}]},"3":{"loc":{"start":{"line":32,"column":39},"end":{"line":32,"column":68}},"type":"binary-expr","locations":[{"start":{"line":32,"column":39},"end":{"line":32,"column":68}},{"start":{"line":32,"column":69},"end":{"line":32,"column":32}}]}},"s":{"0":0,"1":0,"2":0,"3":0,"4":0,"5":0,"6":0,"7":0,"8":0,"9":0,"10":0,"11":0,"12":0,"13":0},"f":{"0":0,"1":0,"2":0,"3":0,"4":0},"b":{"0":[0,0],"1":[0,0],"2":[0,0],"3":[0,0]}}
,"/Users/ap/Projects/red-tetris/src/shared/piece-codes.js": {"path":"/Users/ap/Projects/red-tetris/src/shared/piece-codes.js","statementMap":{"0":{"start":{"line":1,"column":0},"end":{"line":null,"column":-1}}},"fnMap":{},"branchMap":{},"s":{"0":0},"f":{},"b":{}}
,"/Users/ap/Projects/red-tetris/src/shared/piece-rotation-map.js": {"path":"/Users/ap/Projects/red-tetris/src/shared/piece-rotation-map.js","statementMap":{"0":{"start":{"line":1,"column":0},"end":{"line":null,"column":-1}}},"fnMap":{},"branchMap":{},"s":{"0":0},"f":{},"b":{}}
,"/Users/ap/Projects/red-tetris/src/shared/socket-events.js": {"path":"/Users/ap/Projects/red-tetris/src/shared/socket-events.js","statementMap":{"0":{"start":{"line":1,"column":0},"end":{"line":null,"column":-1}}},"fnMap":{},"branchMap":{},"s":{"0":0},"f":{},"b":{}}
,"/Users/ap/Projects/red-tetris/src/shared/validator.js": {"path":"/Users/ap/Projects/red-tetris/src/shared/validator.js","statementMap":{"0":{"start":{"line":1,"column":19},"end":{"line":1,"column":0}},"1":{"start":{"line":2,"column":16},"end":{"line":2,"column":0}},"2":{"start":{"line":4,"column":22},"end":{"line":4,"column":0}},"3":{"start":{"line":6,"column":29},"end":{"line":6,"column":0}},"4":{"start":{"line":13,"column":26},"end":{"line":13,"column":0}},"5":{"start":{"line":14,"column":2},"end":{"line":null,"column":-1}},"6":{"start":{"line":19,"column":0},"end":{"line":null,"column":-1}},"7":{"start":{"line":20,"column":21},"end":{"line":20,"column":2}},"8":{"start":{"line":21,"column":2},"end":{"line":null,"column":-1}},"9":{"start":{"line":22,"column":2},"end":{"line":24,"column":3}},"10":{"start":{"line":23,"column":4},"end":{"line":null,"column":-1}},"11":{"start":{"line":26,"column":23},"end":{"line":26,"column":2}},"12":{"start":{"line":28,"column":2},"end":{"line":null,"column":-1}},"13":{"start":{"line":28,"column":40},"end":{"line":28,"column":39}},"14":{"start":{"line":29,"column":17},"end":{"line":29,"column":4}},"15":{"start":{"line":30,"column":17},"end":{"line":30,"column":4}},"16":{"start":{"line":31,"column":4},"end":{"line":null,"column":-1}}},"fnMap":{"0":{"name":"directionToObject","decl":{"start":{"line":13,"column":6},"end":{"line":13,"column":26}},"loc":{"start":{"line":13,"column":39},"end":{"line":13,"column":0}}},"1":{"name":"(anonymous_4)","decl":{"start":{"line":19,"column":17},"end":{"line":19,"column":17}},"loc":{"start":{"line":19,"column":46},"end":{"line":19,"column":0}}},"2":{"name":"(anonymous_5)","decl":{"start":{"line":28,"column":26},"end":{"line":28,"column":39}},"loc":{"start":{"line":28,"column":40},"end":{"line":28,"column":9}}}},"branchMap":{"0":{"loc":{"start":{"line":15,"column":6},"end":{"line":14,"column":9}},"type":"cond-expr","locations":[{"start":{"line":15,"column":6},"end":{"line":14,"column":9}},{"start":{"line":16,"column":6},"end":{"line":14,"column":2}}]},"1":{"loc":{"start":{"line":14,"column":9},"end":{"line":14,"column":15}},"type":"cond-expr","locations":[{"start":{"line":14,"column":9},"end":{"line":14,"column":15}},{"start":{"line":14,"column":9},"end":{"line":14,"column":29}}]},"2":{"loc":{"start":{"line":22,"column":2},"end":{"line":24,"column":3}},"type":"if","locations":[{"start":{"line":22,"column":2},"end":{"line":24,"column":3}},{"start":{"line":22,"column":2},"end":{"line":24,"column":3}}]},"3":{"loc":{"start":{"line":32,"column":6},"end":{"line":32,"column":5}},"type":"binary-expr","locations":[{"start":{"line":32,"column":6},"end":{"line":32,"column":5}},{"start":{"line":33,"column":6},"end":{"line":32,"column":6}},{"start":{"line":34,"column":6},"end":{"line":32,"column":6}},{"start":{"line":35,"column":6},"end":{"line":32,"column":6}},{"start":{"line":36,"column":7},"end":{"line":36,"column":6}},{"start":{"line":36,"column":19},"end":{"line":32,"column":6}}]}},"s":{"0":0,"1":0,"2":0,"3":0,"4":0,"5":0,"6":0,"7":0,"8":0,"9":0,"10":0,"11":0,"12":0,"13":0,"14":0,"15":0,"16":0},"f":{"0":0,"1":0,"2":0},"b":{"0":[0,0],"1":[0,0],"2":[0,0],"3":[0,0,0,0,0,0]}}
}
