TN:
SF:/Users/ap/Projects/red-tetris/src/client/history.js
FNF:0
FNH:0
DA:1,0
LF:1
LH:0
BRF:0
BRH:0
end_of_record
TN:
SF:/Users/ap/Projects/red-tetris/src/client/index.js
FNF:0
FNH:0
DA:1,0
DA:2,0
DA:3,0
DA:5,0
LF:4
LH:0
BRF:0
BRH:0
end_of_record
TN:
SF:/Users/ap/Projects/red-tetris/src/client/socket.js
FN:7,(anonymous_0)
FNF:1
FNH:0
FNDA:0,(anonymous_0)
DA:6,1
DA:7,1
DA:9,1
LF:3
LH:3
BRF:0
BRH:0
end_of_record
TN:
SF:/Users/ap/Projects/red-tetris/src/client/store.js
FNF:0
FNH:0
LF:0
LH:0
BRF:0
BRH:0
end_of_record
TN:
SF:/Users/ap/Projects/red-tetris/src/client/utils.js
FN:4,(anonymous_0)
FN:9,(anonymous_1)
FN:11,(anonymous_2)
FN:16,(anonymous_3)
FN:20,(anonymous_4)
FN:27,(anonymous_5)
FNF:6
FNH:3
FNDA:2,(anonymous_0)
FNDA:2,(anonymous_1)
FNDA:0,(anonymous_2)
FNDA:0,(anonymous_3)
FNDA:0,(anonymous_4)
FNDA:2,(anonymous_5)
DA:4,1
DA:5,2
DA:6,2
DA:9,2
DA:11,1
DA:12,0
DA:17,0
DA:18,0
DA:20,0
DA:25,1
DA:27,1
DA:28,2
LF:12
LH:8
BRDA:4,0,0,0
BRDA:18,1,0,0
BRDA:18,1,1,0
BRDA:20,2,0,0
BRDA:20,2,1,0
BRF:5
BRH:0
end_of_record
TN:
SF:/Users/ap/Projects/red-tetris/src/client/App/App.js
FN:17,App
FNF:1
FNH:0
FNDA:0,App
DA:1,0
DA:2,0
DA:3,0
DA:4,0
DA:5,0
DA:7,0
DA:8,0
DA:9,0
DA:10,0
DA:12,0
DA:14,0
DA:15,0
DA:17,0
LF:13
LH:0
BRF:0
BRH:0
end_of_record
TN:
SF:/Users/ap/Projects/red-tetris/src/client/App/ThemeProvider.js
FN:5,ThemeProvider
FNF:1
FNH:0
FNDA:0,ThemeProvider
DA:1,0
DA:2,0
DA:3,0
DA:5,0
LF:4
LH:0
BRF:0
BRH:0
end_of_record
TN:
SF:/Users/ap/Projects/red-tetris/src/client/App/styled.js
FN:4,(anonymous_2)
FN:5,(anonymous_3)
FN:7,(anonymous_4)
FNF:3
FNH:0
FNDA:0,(anonymous_2)
FNDA:0,(anonymous_3)
FNDA:0,(anonymous_4)
DA:1,0
DA:3,0
DA:4,0
DA:5,0
DA:7,0
DA:11,0
LF:6
LH:0
BRF:0
BRH:0
end_of_record
TN:
SF:/Users/ap/Projects/red-tetris/src/client/App/Game/CenteredSpinner.js
FN:4,(anonymous_0)
FNF:1
FNH:1
FNDA:1,(anonymous_0)
DA:4,1
DA:5,1
LF:2
LH:2
BRF:0
BRH:0
end_of_record
TN:
SF:/Users/ap/Projects/red-tetris/src/client/App/Game/Game.js
FN:12,Game
FNF:1
FNH:0
FNDA:0,Game
DA:2,0
DA:3,0
DA:4,0
DA:5,0
DA:12,0
LF:5
LH:0
BRDA:12,0,0,0
BRDA:12,0,1,0
BRF:2
BRH:0
end_of_record
TN:
SF:/Users/ap/Projects/red-tetris/src/client/App/Game/GameContainer.js
FN:28,emitGameJoin
FN:30,emitGameLeave
FN:35,(anonymous_4)
FN:49,(anonymous_5)
FN:52,componentDidMount
FN:62,(anonymous_7)
FN:73,(anonymous_8)
FN:76,(anonymous_9)
FN:80,(anonymous_10)
FN:52,componentWillUnmount
FN:98,(anonymous_12)
FN:102,(anonymous_13)
FNF:12
FNH:0
FNDA:0,emitGameJoin
FNDA:0,emitGameLeave
FNDA:0,(anonymous_4)
FNDA:0,(anonymous_5)
FNDA:0,componentDidMount
FNDA:0,(anonymous_7)
FNDA:0,(anonymous_8)
FNDA:0,(anonymous_9)
FNDA:0,(anonymous_10)
FNDA:0,componentWillUnmount
FNDA:0,(anonymous_12)
FNDA:0,(anonymous_13)
DA:1,0
DA:9,0
DA:11,0
DA:12,0
DA:13,0
DA:14,0
DA:15,0
DA:16,0
DA:17,0
DA:18,0
DA:19,0
DA:20,0
DA:21,0
DA:23,0
DA:28,0
DA:30,0
DA:35,0
DA:49,0
DA:53,0
DA:61,0
DA:62,0
DA:63,0
DA:66,0
DA:68,0
DA:72,0
DA:73,0
DA:76,0
DA:77,0
DA:78,0
DA:80,0
DA:83,0
DA:85,0
DA:86,0
DA:88,0
DA:90,0
DA:91,0
DA:92,0
DA:93,0
DA:98,0
DA:102,0
LF:40
LH:0
BRDA:36,0,0,0
BRDA:36,0,1,0
BRDA:63,1,0,0
BRDA:63,1,1,0
BRF:4
BRH:0
end_of_record
TN:
SF:/Users/ap/Projects/red-tetris/src/client/App/Game/Spectres.js
FN:9,(anonymous_2)
FN:19,(anonymous_4)
FN:19,(anonymous_5)
FNF:3
FNH:0
FNDA:0,(anonymous_2)
FNDA:0,(anonymous_4)
FNDA:0,(anonymous_5)
DA:1,0
DA:2,0
DA:3,0
DA:5,0
DA:9,0
DA:12,0
DA:16,0
DA:19,0
LF:8
LH:0
BRDA:16,0,0,0
BRDA:16,0,1,0
BRDA:19,1,0,0
BRDA:19,1,1,0
BRF:4
BRH:0
end_of_record
TN:
SF:/Users/ap/Projects/red-tetris/src/client/App/Game/gamePropTypes.js
FNF:0
FNH:0
DA:1,0
LF:1
LH:0
BRF:0
BRH:0
end_of_record
TN:
SF:/Users/ap/Projects/red-tetris/src/client/App/Game/selectors.js
FN:5,(anonymous_0)
FN:10,(anonymous_1)
FN:11,(anonymous_2)
FN:13,(anonymous_3)
FN:15,(anonymous_4)
FN:24,(anonymous_5)
FN:28,(anonymous_6)
FN:42,(anonymous_7)
FN:43,(anonymous_8)
FN:48,(anonymous_9)
FN:49,(anonymous_10)
FN:50,(anonymous_11)
FN:52,(anonymous_12)
FN:54,(anonymous_13)
FN:67,(anonymous_14)
FN:68,(anonymous_15)
FNF:16
FNH:9
FNDA:2,(anonymous_0)
FNDA:40,(anonymous_1)
FNDA:151,(anonymous_2)
FNDA:50,(anonymous_3)
FNDA:188,(anonymous_4)
FNDA:2,(anonymous_5)
FNDA:32,(anonymous_6)
FNDA:0,(anonymous_7)
FNDA:0,(anonymous_8)
FNDA:0,(anonymous_9)
FNDA:0,(anonymous_10)
FNDA:0,(anonymous_11)
FNDA:0,(anonymous_12)
FNDA:0,(anonymous_13)
FNDA:3,(anonymous_14)
FNDA:60,(anonymous_15)
DA:5,1
DA:6,2
DA:8,2
DA:9,2
DA:11,151
DA:14,50
DA:15,188
DA:24,1
DA:25,2
DA:29,32
DA:41,1
DA:42,0
DA:43,0
DA:47,1
DA:48,0
DA:49,0
DA:51,0
DA:52,0
DA:54,0
DA:67,1
DA:68,60
DA:69,3
DA:70,30
DA:71,30
DA:72,600
DA:75,3
LF:26
LH:19
BRDA:6,0,0,0
BRDA:6,0,1,2
BRDA:11,1,0,5
BRDA:11,1,1,35
BRDA:14,2,0,8
BRDA:14,2,1,42
BRDA:15,3,0,188
BRDA:15,3,1,14
BRDA:29,4,0,8
BRDA:29,4,1,24
BRDA:42,5,0,0
BRDA:42,5,1,0
BRDA:42,5,2,0
BRDA:42,5,3,0
BRDA:48,6,0,0
BRDA:48,6,1,0
BRDA:49,7,0,0
BRDA:49,7,1,0
BRDA:51,8,0,0
BRDA:51,8,1,0
BRDA:51,9,0,0
BRDA:51,9,1,0
BRDA:72,10,0,134
BRDA:72,10,1,466
BRDA:72,11,0,600
BRDA:72,11,1,478
BRF:26
BRH:13
end_of_record
TN:
SF:/Users/ap/Projects/red-tetris/src/client/App/Game/styled.js
FNF:0
FNH:0
DA:1,0
DA:2,0
DA:4,0
DA:11,0
DA:16,0
DA:21,0
LF:6
LH:0
BRF:0
BRH:0
end_of_record
TN:
SF:/Users/ap/Projects/red-tetris/src/client/App/Game/withRunningGameLogic.js
FN:21,withSomeThrottle
FN:22,whenKeyCodeSatisfies
FN:31,(anonymous_6)
FN:40,(anonymous_7)
FN:46,(anonymous_8)
FN:52,componentDidMount
FN:52,componentWillUnmount
FNF:7
FNH:0
FNDA:0,withSomeThrottle
FNDA:0,whenKeyCodeSatisfies
FNDA:0,(anonymous_6)
FNDA:0,(anonymous_7)
FNDA:0,(anonymous_8)
FNDA:0,componentDidMount
FNDA:0,componentWillUnmount
DA:1,0
DA:2,0
DA:3,0
DA:4,0
DA:5,0
DA:8,0
DA:9,0
DA:10,0
DA:11,0
DA:12,0
DA:14,0
DA:21,0
DA:22,0
DA:28,0
DA:31,0
DA:39,0
DA:40,0
DA:45,0
DA:46,0
DA:54,0
DA:55,0
DA:56,0
DA:59,0
DA:60,0
DA:61,0
DA:62,0
LF:26
LH:0
BRF:0
BRH:0
end_of_record
TN:
SF:/Users/ap/Projects/red-tetris/src/client/App/Game/Board/Board.js
FN:5,Board
FN:8,(anonymous_3)
FN:10,(anonymous_4)
FNF:3
FNH:0
FNDA:0,Board
FNDA:0,(anonymous_3)
FNDA:0,(anonymous_4)
DA:1,0
DA:2,0
DA:3,0
DA:5,0
DA:8,0
DA:10,0
LF:6
LH:0
BRDA:6,0,0,0
BRDA:6,0,1,0
BRF:2
BRH:0
end_of_record
TN:
SF:/Users/ap/Projects/red-tetris/src/client/App/Game/Board/styled.js
FN:14,(anonymous_2)
FN:22,getCellColor
FNF:2
FNH:0
FNDA:0,(anonymous_2)
FNDA:0,getCellColor
DA:1,0
DA:3,0
DA:8,0
DA:14,0
DA:17,0
DA:22,0
DA:23,0
DA:24,0
DA:25,0
DA:31,0
DA:32,0
DA:38,0
DA:39,0
DA:45,0
DA:46,0
DA:52,0
DA:53,0
DA:59,0
DA:60,0
DA:66,0
DA:67,0
DA:73,0
LF:22
LH:0
BRDA:14,0,0,0
BRDA:14,0,1,0
BRDA:23,1,0,0
BRDA:23,1,1,0
BRDA:24,2,0,0
BRDA:24,2,1,0
BRDA:25,3,0,0
BRDA:25,3,1,0
BRDA:26,4,0,0
BRDA:26,4,1,0
BRDA:26,4,2,0
BRDA:26,4,3,0
BRDA:32,5,0,0
BRDA:32,5,1,0
BRDA:33,6,0,0
BRDA:33,6,1,0
BRDA:33,6,2,0
BRDA:33,6,3,0
BRDA:39,7,0,0
BRDA:39,7,1,0
BRDA:40,8,0,0
BRDA:40,8,1,0
BRDA:40,8,2,0
BRDA:40,8,3,0
BRDA:46,9,0,0
BRDA:46,9,1,0
BRDA:47,10,0,0
BRDA:47,10,1,0
BRDA:47,10,2,0
BRDA:47,10,3,0
BRDA:53,11,0,0
BRDA:53,11,1,0
BRDA:54,12,0,0
BRDA:54,12,1,0
BRDA:54,12,2,0
BRDA:54,12,3,0
BRDA:60,13,0,0
BRDA:60,13,1,0
BRDA:61,14,0,0
BRDA:61,14,1,0
BRDA:61,14,2,0
BRDA:61,14,3,0
BRDA:67,15,0,0
BRDA:67,15,1,0
BRDA:68,16,0,0
BRDA:68,16,1,0
BRDA:68,16,2,0
BRDA:68,16,3,0
BRF:48
BRH:0
end_of_record
TN:
SF:/Users/ap/Projects/red-tetris/src/client/App/Game/GameLobby/GameLobby.js
FN:11,GameLobby
FNF:1
FNH:0
FNDA:0,GameLobby
DA:2,0
DA:3,0
DA:4,0
DA:6,0
DA:7,0
DA:8,0
DA:9,0
DA:11,0
LF:8
LH:0
BRDA:39,0,0,0
BRDA:39,0,1,0
BRF:2
BRH:0
end_of_record
TN:
SF:/Users/ap/Projects/red-tetris/src/client/App/Game/GameLobby/GameLobbyContainer.js
FN:22,handleGameStart
FN:22,(anonymous_3)
FN:23,(anonymous_4)
FN:27,goToLobby
FN:27,(anonymous_6)
FN:29,componentDidMount
FN:32,(anonymous_8)
FN:29,componentWillUnmount
FNF:8
FNH:0
FNDA:0,handleGameStart
FNDA:0,(anonymous_3)
FNDA:0,(anonymous_4)
FNDA:0,goToLobby
FNDA:0,(anonymous_6)
FNDA:0,componentDidMount
FNDA:0,(anonymous_8)
FNDA:0,componentWillUnmount
DA:1,0
DA:2,0
DA:4,0
DA:8,0
DA:9,0
DA:10,0
DA:12,0
DA:22,0
DA:23,0
DA:27,0
DA:31,0
DA:32,0
DA:33,0
DA:36,0
LF:14
LH:0
BRF:0
BRH:0
end_of_record
TN:
SF:/Users/ap/Projects/red-tetris/src/client/App/Game/GameLobby/PlayersList.js
FN:5,PlayersList
FN:18,(anonymous_3)
FNF:2
FNH:0
FNDA:0,PlayersList
FNDA:0,(anonymous_3)
DA:1,0
DA:2,0
DA:3,0
DA:5,0
DA:18,0
DA:28,0
LF:6
LH:0
BRDA:5,0,0,0
BRDA:5,0,1,0
BRDA:21,1,0,0
BRDA:21,1,1,0
BRF:4
BRH:0
end_of_record
TN:
SF:/Users/ap/Projects/red-tetris/src/client/App/Game/GameLobby/styled.js
FNF:0
FNH:0
DA:1,0
DA:2,0
DA:3,0
DA:5,0
DA:13,0
DA:20,0
DA:25,0
DA:31,0
LF:8
LH:0
BRF:0
BRH:0
end_of_record
TN:
SF:/Users/ap/Projects/red-tetris/src/client/App/Game/GameLobby/GameChat/GameChat.js
FN:8,GameChat
FNF:1
FNH:0
FNDA:0,GameChat
DA:1,0
DA:2,0
DA:4,0
DA:5,0
DA:6,0
DA:8,0
DA:25,0
LF:7
LH:0
BRDA:9,0,0,0
BRDA:9,0,1,0
BRF:2
BRH:0
end_of_record
TN:
SF:/Users/ap/Projects/red-tetris/src/client/App/Game/GameLobby/GameChat/GameChatContainer.js
FN:14,(anonymous_2)
FN:26,setCurrentMessage
FN:26,(anonymous_4)
FN:30,handleMessageSending
FN:30,(anonymous_6)
FN:36,componentDidMount
FN:36,componentWillUnmount
FNF:7
FNH:0
FNDA:0,(anonymous_2)
FNDA:0,setCurrentMessage
FNDA:0,(anonymous_4)
FNDA:0,handleMessageSending
FNDA:0,(anonymous_6)
FNDA:0,componentDidMount
FNDA:0,componentWillUnmount
DA:1,0
DA:2,0
DA:4,0
DA:8,0
DA:9,0
DA:10,0
DA:14,0
DA:26,0
DA:30,0
DA:31,0
DA:32,0
DA:33,0
DA:38,0
DA:39,0
DA:42,0
DA:43,0
LF:16
LH:0
BRF:0
BRH:0
end_of_record
TN:
SF:/Users/ap/Projects/red-tetris/src/client/App/Game/GameLobby/GameChat/MessageInput.js
FN:10,(anonymous_2)
FN:14,(anonymous_3)
FN:22,(anonymous_4)
FN:28,MessageInput
FN:37,onChange
FNF:5
FNH:0
FNDA:0,(anonymous_2)
FNDA:0,(anonymous_3)
FNDA:0,(anonymous_4)
FNDA:0,MessageInput
FNDA:0,onChange
DA:1,0
DA:2,0
DA:3,0
DA:4,0
DA:6,0
DA:8,0
DA:10,0
DA:14,0
DA:16,0
DA:22,0
DA:28,0
DA:37,0
DA:45,0
LF:13
LH:0
BRF:0
BRH:0
end_of_record
TN:
SF:/Users/ap/Projects/red-tetris/src/client/App/Game/GameLobby/GameChat/MessageList.js
FN:12,MessageItem
FN:20,MessageList
FN:46,(anonymous_16)
FNF:3
FNH:0
FNDA:0,MessageItem
FNDA:0,MessageList
FNDA:0,(anonymous_16)
DA:1,0
DA:2,0
DA:4,0
DA:12,0
DA:20,0
DA:22,0
DA:26,0
DA:29,0
DA:30,0
DA:31,0
DA:33,0
DA:38,0
DA:41,0
DA:42,0
DA:43,0
DA:46,0
DA:52,0
LF:17
LH:0
BRDA:20,0,0,0
BRDA:20,0,1,0
BRDA:31,1,0,0
BRDA:31,1,1,0
BRDA:42,2,0,0
BRDA:42,2,1,0
BRDA:45,3,0,0
BRDA:45,3,1,0
BRF:8
BRH:0
end_of_record
TN:
SF:/Users/ap/Projects/red-tetris/src/client/App/Game/GameLobby/GameChat/styled.js
FN:19,(anonymous_2)
FN:34,(anonymous_3)
FN:45,(anonymous_4)
FNF:3
FNH:0
FNDA:0,(anonymous_2)
FNDA:0,(anonymous_3)
FNDA:0,(anonymous_4)
DA:1,0
DA:2,0
DA:4,0
DA:9,0
DA:19,0
DA:25,0
DA:29,0
DA:34,0
DA:40,0
DA:45,0
LF:10
LH:0
BRF:0
BRH:0
end_of_record
TN:
SF:/Users/ap/Projects/red-tetris/src/client/App/Lobby/Lobby.js
FN:7,Lobby
FNF:1
FNH:0
FNDA:0,Lobby
DA:1,0
DA:2,0
DA:4,0
DA:5,0
DA:7,0
DA:33,0
LF:6
LH:0
BRDA:17,0,0,0
BRDA:17,0,1,0
BRDA:16,1,0,0
BRDA:16,1,1,0
BRF:4
BRH:0
end_of_record
TN:
SF:/Users/ap/Projects/red-tetris/src/client/App/Lobby/LobbyContainer.js
FN:15,(anonymous_2)
FN:22,componentDidMount
FN:22,componentWillUnmount
FN:33,handleGameCreate
FN:34,handleGameJoin
FN:38,navigateToGamePage
FN:40,emitGameCreate
FN:43,handleGameCreateResponse
FNF:8
FNH:0
FNDA:0,(anonymous_2)
FNDA:0,componentDidMount
FNDA:0,componentWillUnmount
FNDA:0,handleGameCreate
FNDA:0,handleGameJoin
FNDA:0,navigateToGamePage
FNDA:0,emitGameCreate
FNDA:0,handleGameCreateResponse
DA:1,0
DA:2,0
DA:3,0
DA:5,0
DA:9,0
DA:10,0
DA:11,0
DA:15,0
DA:24,0
DA:25,0
DA:26,0
DA:29,0
DA:33,0
DA:34,0
DA:38,0
DA:40,0
DA:43,0
DA:44,0
DA:45,0
LF:19
LH:0
BRDA:44,0,0,0
BRDA:44,0,1,0
BRF:2
BRH:0
end_of_record
TN:
SF:/Users/ap/Projects/red-tetris/src/client/App/Lobby/LobbyGamesList/GamesListItem.js
FN:15,(anonymous_2)
FN:24,GamesListItem
FN:45,onClick
FNF:3
FNH:0
FNDA:0,(anonymous_2)
FNDA:0,GamesListItem
FNDA:0,onClick
DA:1,0
DA:2,0
DA:3,0
DA:4,0
DA:6,0
DA:8,0
DA:10,0
DA:15,0
DA:18,0
DA:24,0
DA:45,0
DA:54,0
LF:12
LH:0
BRDA:27,0,0,0
BRDA:27,0,1,0
BRDA:30,1,0,0
BRDA:30,1,1,0
BRDA:29,2,0,0
BRDA:29,2,1,0
BRDA:40,3,0,0
BRDA:40,3,1,0
BRF:8
BRH:0
end_of_record
TN:
SF:/Users/ap/Projects/red-tetris/src/client/App/Lobby/LobbyGamesList/LobbyGamesList.js
FN:5,LobbyGamesList
FN:7,(anonymous_4)
FNF:2
FNH:0
FNDA:0,LobbyGamesList
FNDA:0,(anonymous_4)
DA:1,0
DA:2,0
DA:3,0
DA:5,0
DA:7,0
DA:13,0
LF:6
LH:0
BRF:0
BRH:0
end_of_record
TN:
SF:/Users/ap/Projects/red-tetris/src/client/App/Lobby/LobbyHeader/LobbyHeader.js
FN:18,LobbyHeader
FNF:1
FNH:0
FNDA:0,LobbyHeader
DA:1,0
DA:2,0
DA:3,0
DA:5,0
DA:6,0
DA:7,0
DA:9,0
DA:18,0
DA:34,0
LF:9
LH:0
BRF:0
BRH:0
end_of_record
TN:
SF:/Users/ap/Projects/red-tetris/src/client/actions/boardsActions.js
FN:6,(anonymous_0)
FN:14,(anonymous_1)
FNF:2
FNH:0
FNDA:0,(anonymous_0)
FNDA:0,(anonymous_1)
DA:1,2
DA:6,2
DA:14,2
LF:3
LH:3
BRF:0
BRH:0
end_of_record
TN:
SF:/Users/ap/Projects/red-tetris/src/client/actions/currentGameInfoActions.js
FN:7,(anonymous_0)
FN:12,(anonymous_1)
FN:17,(anonymous_2)
FNF:3
FNH:0
FNDA:0,(anonymous_0)
FNDA:0,(anonymous_1)
FNDA:0,(anonymous_2)
DA:1,2
DA:7,2
DA:12,2
DA:17,2
LF:4
LH:4
BRF:0
BRH:0
end_of_record
TN:
SF:/Users/ap/Projects/red-tetris/src/client/actions/gamesListActions.js
FN:5,(anonymous_0)
FNF:1
FNH:0
FNDA:0,(anonymous_0)
DA:1,2
DA:5,2
LF:2
LH:2
BRF:0
BRH:0
end_of_record
TN:
SF:/Users/ap/Projects/red-tetris/src/client/actions/pieceActions.js
FN:4,(anonymous_0)
FN:9,(anonymous_1)
FNF:2
FNH:0
FNDA:0,(anonymous_0)
FNDA:0,(anonymous_1)
DA:1,2
DA:2,2
DA:4,2
DA:9,2
LF:4
LH:4
BRF:0
BRH:0
end_of_record
TN:
SF:/Users/ap/Projects/red-tetris/src/client/actions/userActions.js
FN:5,(anonymous_0)
FNF:1
FNH:0
FNDA:0,(anonymous_0)
DA:1,2
DA:5,2
LF:2
LH:2
BRF:0
BRH:0
end_of_record
TN:
SF:/Users/ap/Projects/red-tetris/src/client/components/Logo.js
FN:10,(anonymous_2)
FNF:1
FNH:0
FNDA:0,(anonymous_2)
DA:1,0
DA:2,0
DA:4,0
DA:9,0
DA:10,0
DA:13,0
LF:6
LH:0
BRF:0
BRH:0
end_of_record
TN:
SF:/Users/ap/Projects/red-tetris/src/client/components/Panel.js
FN:3,panelCss
FNF:1
FNH:0
FNDA:0,panelCss
DA:1,0
DA:3,0
DA:14,0
LF:3
LH:0
BRF:0
BRH:0
end_of_record
TN:
SF:/Users/ap/Projects/red-tetris/src/client/components/Table.js
FN:13,(anonymous_2)
FN:24,(anonymous_3)
FN:30,(anonymous_4)
FNF:3
FNH:0
FNDA:0,(anonymous_2)
FNDA:0,(anonymous_3)
FNDA:0,(anonymous_4)
DA:1,0
DA:3,0
DA:7,0
DA:11,0
DA:13,0
DA:16,0
DA:20,0
DA:25,0
DA:26,0
DA:31,0
DA:32,0
LF:11
LH:0
BRF:0
BRH:0
end_of_record
TN:
SF:/Users/ap/Projects/red-tetris/src/client/components/Button/Button.js
FN:5,Button
FNF:1
FNH:0
FNDA:0,Button
DA:1,0
DA:2,0
DA:3,0
DA:5,0
DA:11,0
DA:19,0
LF:6
LH:0
BRF:0
BRH:0
end_of_record
TN:
SF:/Users/ap/Projects/red-tetris/src/client/components/Button/styled.js
FN:4,resolveSize
FN:20,(anonymous_3)
FN:21,(anonymous_4)
FN:23,(anonymous_5)
FN:25,(anonymous_6)
FNF:5
FNH:0
FNDA:0,resolveSize
FNDA:0,(anonymous_3)
FNDA:0,(anonymous_4)
FNDA:0,(anonymous_5)
FNDA:0,(anonymous_6)
DA:1,0
DA:2,0
DA:4,0
DA:5,0
DA:7,0
DA:9,0
DA:11,0
DA:13,0
DA:17,0
DA:20,0
DA:21,0
DA:23,0
DA:25,0
DA:35,0
LF:14
LH:0
BRDA:6,0,0,0
BRDA:6,0,1,0
BRDA:6,0,2,0
BRDA:6,0,3,0
BRDA:20,1,0,0
BRDA:20,1,1,0
BRDA:21,2,0,0
BRDA:21,2,1,0
BRDA:23,3,0,0
BRDA:23,3,1,0
BRDA:25,4,0,0
BRDA:25,4,1,0
BRF:12
BRH:0
end_of_record
TN:
SF:/Users/ap/Projects/red-tetris/src/client/reducers/boardsReducer.js
FN:3,(anonymous_0)
FNF:1
FNH:1
FNDA:7,(anonymous_0)
DA:3,2
DA:4,7
DA:6,0
DA:11,0
DA:13,7
LF:5
LH:3
BRDA:3,0,0,6
BRDA:4,1,0,0
BRDA:4,1,1,0
BRDA:4,1,2,7
BRF:4
BRH:2
end_of_record
TN:
SF:/Users/ap/Projects/red-tetris/src/client/reducers/currentGameInfoReducer.js
FN:3,(anonymous_0)
FNF:1
FNH:1
FNDA:7,(anonymous_0)
DA:3,2
DA:4,7
DA:6,0
DA:11,0
DA:13,0
DA:18,7
LF:6
LH:3
BRDA:3,0,0,6
BRDA:4,1,0,0
BRDA:4,1,1,0
BRDA:4,1,2,0
BRDA:4,1,3,7
BRF:5
BRH:2
end_of_record
TN:
SF:/Users/ap/Projects/red-tetris/src/client/reducers/gamesListReducer.js
FN:3,(anonymous_0)
FNF:1
FNH:1
FNDA:7,(anonymous_0)
DA:3,2
DA:4,7
DA:6,0
DA:8,7
LF:4
LH:3
BRDA:3,0,0,6
BRDA:4,1,0,0
BRDA:4,1,1,7
BRF:3
BRH:2
end_of_record
TN:
SF:/Users/ap/Projects/red-tetris/src/client/reducers/index.js
FNF:0
FNH:0
LF:0
LH:0
BRF:0
BRH:0
end_of_record
TN:
SF:/Users/ap/Projects/red-tetris/src/client/reducers/pieceReducer.js
FN:3,(anonymous_0)
FNF:1
FNH:1
FNDA:7,(anonymous_0)
DA:3,2
DA:4,7
DA:6,0
DA:10,0
DA:14,7
LF:5
LH:3
BRDA:3,0,0,6
BRDA:4,1,0,0
BRDA:4,1,1,0
BRDA:4,1,2,7
BRF:4
BRH:2
end_of_record
TN:
SF:/Users/ap/Projects/red-tetris/src/client/reducers/userReducer.js
FN:3,(anonymous_0)
FNF:1
FNH:1
FNDA:7,(anonymous_0)
DA:3,2
DA:4,7
DA:6,0
DA:8,7
LF:4
LH:3
BRDA:3,0,0,6
BRDA:4,1,0,0
BRDA:4,1,1,7
BRF:3
BRH:2
end_of_record
TN:
SF:/Users/ap/Projects/red-tetris/src/client/styles/global.js
FNF:0
FNH:0
DA:1,0
DA:2,0
DA:4,0
LF:3
LH:0
BRF:0
BRH:0
end_of_record
TN:
SF:/Users/ap/Projects/red-tetris/src/client/styles/mixins.js
FN:3,secondaryTextColor
FNF:1
FNH:0
FNDA:0,secondaryTextColor
DA:1,0
DA:3,0
LF:2
LH:0
BRF:0
BRH:0
end_of_record
TN:
SF:/Users/ap/Projects/red-tetris/src/server/app.js
FN:12,(anonymous_1)
FNF:1
FNH:0
FNDA:0,(anonymous_1)
DA:1,0
DA:2,0
DA:3,0
DA:4,0
DA:6,0
DA:7,0
DA:11,0
DA:12,0
DA:14,0
LF:9
LH:0
BRF:0
BRH:0
end_of_record
TN:
SF:/Users/ap/Projects/red-tetris/src/server/index.js
FN:13,(anonymous_1)
FN:18,(anonymous_2)
FNF:2
FNH:0
FNDA:0,(anonymous_1)
FNDA:0,(anonymous_2)
DA:3,0
DA:4,0
DA:6,0
DA:7,0
DA:8,0
DA:10,0
DA:12,0
DA:13,0
DA:16,0
DA:18,0
LF:10
LH:0
BRDA:10,0,0,0
BRDA:10,0,1,0
BRDA:12,1,0,0
BRDA:12,1,1,0
BRF:4
BRH:0
end_of_record
TN:
SF:/Users/ap/Projects/red-tetris/src/server/logger.js
FN:5,(anonymous_0)
FNF:1
FNH:0
FNDA:0,(anonymous_0)
DA:3,4
DA:5,4
DA:6,4
DA:17,4
DA:19,4
LF:5
LH:5
BRDA:9,0,0,4
BRDA:9,0,1,0
BRF:2
BRH:1
end_of_record
TN:
SF:/Users/ap/Projects/red-tetris/src/server/controllers/GamesController.js
FN:8,(anonymous_0)
FN:10,(anonymous_1)
FN:13,(anonymous_2)
FN:20,(anonymous_3)
FN:24,(anonymous_4)
FNF:5
FNH:1
FNDA:2,(anonymous_0)
FNDA:0,(anonymous_1)
FNDA:0,(anonymous_2)
FNDA:0,(anonymous_3)
FNDA:0,(anonymous_4)
DA:3,2
DA:4,2
DA:5,2
DA:9,2
DA:10,2
DA:14,0
DA:15,0
DA:16,0
DA:17,0
DA:21,0
DA:25,0
DA:26,0
DA:27,0
DA:32,2
LF:14
LH:6
BRDA:13,0,0,0
BRDA:14,1,0,0
BRDA:14,1,1,0
BRDA:26,2,0,0
BRDA:26,2,1,0
BRF:5
BRH:0
end_of_record
TN:
SF:/Users/ap/Projects/red-tetris/src/server/controllers/MainController.js
FN:11,(anonymous_0)
FN:29,(anonymous_1)
FN:43,(anonymous_2)
FN:58,(anonymous_3)
FN:83,(anonymous_4)
FN:86,(anonymous_5)
FN:104,(anonymous_6)
FN:131,(anonymous_7)
FN:146,(anonymous_8)
FN:151,(anonymous_9)
FN:156,(anonymous_10)
FN:160,(anonymous_11)
FN:169,(anonymous_12)
FN:178,(anonymous_13)
FN:186,(anonymous_14)
FN:192,(anonymous_15)
FN:196,(anonymous_16)
FN:201,(anonymous_17)
FN:201,(anonymous_18)
FN:234,(anonymous_19)
FN:234,(anonymous_20)
FN:262,(anonymous_21)
FN:262,(anonymous_22)
FN:283,(anonymous_23)
FN:299,(anonymous_24)
FN:303,(anonymous_25)
FN:307,(anonymous_26)
FN:311,(anonymous_27)
FN:315,(anonymous_28)
FN:323,(anonymous_29)
FN:341,(anonymous_30)
FN:345,(anonymous_31)
FNF:32
FNH:7
FNDA:67,(anonymous_0)
FNDA:67,(anonymous_1)
FNDA:0,(anonymous_2)
FNDA:0,(anonymous_3)
FNDA:0,(anonymous_4)
FNDA:0,(anonymous_5)
FNDA:0,(anonymous_6)
FNDA:0,(anonymous_7)
FNDA:0,(anonymous_8)
FNDA:1117,(anonymous_9)
FNDA:47,(anonymous_10)
FNDA:8,(anonymous_11)
FNDA:8,(anonymous_12)
FNDA:20,(anonymous_13)
FNDA:0,(anonymous_14)
FNDA:0,(anonymous_15)
FNDA:0,(anonymous_16)
FNDA:0,(anonymous_17)
FNDA:0,(anonymous_18)
FNDA:0,(anonymous_19)
FNDA:0,(anonymous_20)
FNDA:0,(anonymous_21)
FNDA:0,(anonymous_22)
FNDA:0,(anonymous_23)
FNDA:0,(anonymous_24)
FNDA:0,(anonymous_25)
FNDA:0,(anonymous_26)
FNDA:0,(anonymous_27)
FNDA:0,(anonymous_28)
FNDA:0,(anonymous_29)
FNDA:0,(anonymous_30)
FNDA:0,(anonymous_31)
DA:3,2
DA:4,2
DA:5,2
DA:6,2
DA:7,2
DA:8,2
DA:12,67
DA:13,67
DA:14,67
DA:15,67
DA:16,67
DA:18,67
DA:21,67
DA:22,67
DA:24,67
DA:30,67
DA:31,67
DA:32,67
DA:33,67
DA:34,67
DA:35,67
DA:36,67
DA:37,67
DA:38,67
DA:39,67
DA:40,67
DA:44,0
DA:45,0
DA:46,0
DA:49,0
DA:50,0
DA:51,0
DA:59,0
DA:60,0
DA:61,0
DA:62,0
DA:65,0
DA:66,0
DA:67,0
DA:69,0
DA:71,0
DA:72,0
DA:73,0
DA:76,0
DA:84,0
DA:86,0
DA:88,0
DA:89,0
DA:91,0
DA:92,0
DA:93,0
DA:96,0
DA:97,0
DA:98,0
DA:100,0
DA:105,0
DA:107,0
DA:108,0
DA:109,0
DA:110,0
DA:111,0
DA:112,0
DA:113,0
DA:114,0
DA:115,0
DA:118,0
DA:121,0
DA:122,0
DA:123,0
DA:124,0
DA:126,0
DA:127,0
DA:132,0
DA:133,0
DA:134,0
DA:137,0
DA:138,0
DA:140,0
DA:142,0
DA:143,0
DA:147,0
DA:148,0
DA:152,1117
DA:153,1117
DA:157,47
DA:161,8
DA:162,8
DA:163,8
DA:164,4
DA:166,4
DA:170,8
DA:171,8
DA:172,4
DA:174,4
DA:175,4
DA:179,20
DA:182,20
DA:183,20
DA:187,0
DA:189,0
DA:193,0
DA:197,0
DA:198,0
DA:201,0
DA:202,0
DA:203,0
DA:204,0
DA:205,0
DA:208,0
DA:209,0
DA:210,0
DA:211,0
DA:214,0
DA:215,0
DA:216,0
DA:217,0
DA:218,0
DA:219,0
DA:220,0
DA:223,0
DA:224,0
DA:226,0
DA:227,0
DA:228,0
DA:231,0
DA:234,0
DA:235,0
DA:236,0
DA:237,0
DA:238,0
DA:241,0
DA:242,0
DA:243,0
DA:244,0
DA:247,0
DA:248,0
DA:249,0
DA:251,0
DA:252,0
DA:254,0
DA:255,0
DA:256,0
DA:259,0
DA:262,0
DA:263,0
DA:264,0
DA:265,0
DA:266,0
DA:269,0
DA:270,0
DA:272,0
DA:273,0
DA:275,0
DA:276,0
DA:277,0
DA:280,0
DA:284,0
DA:285,0
DA:287,0
DA:288,0
DA:290,0
DA:292,0
DA:300,0
DA:304,0
DA:308,0
DA:312,0
DA:316,0
DA:317,0
DA:319,0
DA:320,0
DA:324,0
DA:325,0
DA:326,0
DA:327,0
DA:328,0
DA:331,0
DA:332,0
DA:333,0
DA:334,0
DA:335,0
DA:336,0
DA:337,0
DA:342,0
DA:346,0
DA:350,2
LF:185
LH:43
BRDA:16,0,0,0
BRDA:16,0,1,67
BRDA:44,1,0,0
BRDA:44,1,1,0
BRDA:44,2,0,0
BRDA:44,2,1,0
BRDA:52,3,0,0
BRDA:52,3,1,0
BRDA:59,4,0,0
BRDA:59,4,1,0
BRDA:59,5,0,0
BRDA:59,5,1,0
BRDA:71,6,0,0
BRDA:71,6,1,0
BRDA:77,7,0,0
BRDA:77,7,1,0
BRDA:86,8,0,0
BRDA:86,8,1,0
BRDA:91,9,0,0
BRDA:91,9,1,0
BRDA:96,10,0,0
BRDA:96,10,1,0
BRDA:107,11,0,0
BRDA:107,11,1,0
BRDA:110,12,0,0
BRDA:110,12,1,0
BRDA:113,13,0,0
BRDA:113,13,1,0
BRDA:132,14,0,0
BRDA:132,14,1,0
BRDA:163,15,0,4
BRDA:163,15,1,4
BRDA:171,16,0,4
BRDA:171,16,1,4
BRDA:201,17,0,0
BRDA:202,18,0,0
BRDA:202,18,1,0
BRDA:202,19,0,0
BRDA:202,19,1,0
BRDA:208,20,0,0
BRDA:208,20,1,0
BRDA:216,21,0,0
BRDA:216,21,1,0
BRDA:226,22,0,0
BRDA:226,22,1,0
BRDA:234,23,0,0
BRDA:235,24,0,0
BRDA:235,24,1,0
BRDA:235,25,0,0
BRDA:235,25,1,0
BRDA:241,26,0,0
BRDA:241,26,1,0
BRDA:254,27,0,0
BRDA:254,27,1,0
BRDA:262,28,0,0
BRDA:263,29,0,0
BRDA:263,29,1,0
BRDA:275,30,0,0
BRDA:275,30,1,0
BRDA:284,31,0,0
BRDA:284,31,1,0
BRDA:326,32,0,0
BRDA:326,32,1,0
BRDA:331,33,0,0
BRDA:331,33,1,0
BRF:65
BRH:5
end_of_record
TN:
SF:/Users/ap/Projects/red-tetris/src/server/controllers/RoomsController.js
FN:15,(anonymous_0)
FN:19,(anonymous_1)
FN:24,(anonymous_2)
FN:31,(anonymous_3)
FN:39,(anonymous_4)
FN:43,(anonymous_5)
FN:44,(anonymous_6)
FN:47,(anonymous_7)
FN:55,(anonymous_8)
FN:63,(anonymous_9)
FN:69,(anonymous_10)
FN:73,(anonymous_11)
FN:81,(anonymous_12)
FNF:13
FNH:12
FNDA:2,(anonymous_0)
FNDA:0,(anonymous_1)
FNDA:19,(anonymous_2)
FNDA:3,(anonymous_3)
FNDA:3,(anonymous_4)
FNDA:119,(anonymous_5)
FNDA:1187,(anonymous_6)
FNDA:19,(anonymous_7)
FNDA:10,(anonymous_8)
FNDA:1,(anonymous_9)
FNDA:46,(anonymous_10)
FNDA:71,(anonymous_11)
FNDA:1,(anonymous_12)
DA:3,2
DA:4,2
DA:5,2
DA:6,2
DA:9,2
DA:16,2
DA:17,2
DA:18,2
DA:19,2
DA:20,0
DA:25,19
DA:26,19
DA:27,19
DA:28,19
DA:32,3
DA:33,3
DA:34,2
DA:35,2
DA:40,3
DA:44,1187
DA:48,19
DA:49,2
DA:51,17
DA:52,17
DA:56,10
DA:57,2
DA:59,8
DA:60,8
DA:64,1
DA:65,1
DA:70,46
DA:74,71
DA:75,71
DA:76,71
DA:82,1
DA:83,1
DA:89,2
LF:37
LH:36
BRDA:33,0,0,2
BRDA:33,0,1,1
BRDA:48,1,0,2
BRDA:48,1,1,17
BRDA:48,2,0,19
BRDA:48,2,1,18
BRDA:56,3,0,2
BRDA:56,3,1,8
BRDA:56,4,0,10
BRDA:56,4,1,9
BRDA:64,5,0,1
BRDA:64,5,1,0
BRF:12
BRH:11
end_of_record
TN:
SF:/Users/ap/Projects/red-tetris/src/server/controllers/ServerController.js
FN:9,ServerController
FN:27,(anonymous_9)
FNF:2
FNH:0
FNDA:0,ServerController
FNDA:0,(anonymous_9)
DA:4,0
DA:5,0
DA:6,0
DA:9,0
DA:10,0
DA:11,0
DA:12,0
DA:16,0
DA:17,0
DA:18,0
DA:21,0
DA:23,0
DA:27,0
LF:13
LH:0
BRDA:17,0,0,0
BRDA:17,0,1,0
BRDA:17,1,0,0
BRDA:17,1,1,0
BRF:4
BRH:0
end_of_record
TN:
SF:/Users/ap/Projects/red-tetris/src/server/models/DefaultGameMode.js
FN:8,(anonymous_0)
FN:14,(anonymous_1)
FN:17,(anonymous_2)
FN:29,(anonymous_3)
FN:38,(anonymous_4)
FN:44,(anonymous_5)
FN:50,(anonymous_6)
FN:52,(anonymous_7)
FN:58,(anonymous_8)
FN:62,(anonymous_9)
FN:68,(anonymous_10)
FN:71,(anonymous_11)
FN:72,(anonymous_12)
FN:76,(anonymous_13)
FN:80,(anonymous_14)
FN:84,(anonymous_15)
FN:88,(anonymous_16)
FN:92,(anonymous_17)
FN:96,(anonymous_18)
FNF:19
FNH:18
FNDA:9,(anonymous_0)
FNDA:24,(anonymous_1)
FNDA:48,(anonymous_2)
FNDA:1,(anonymous_3)
FNDA:0,(anonymous_4)
FNDA:1,(anonymous_5)
FNDA:1,(anonymous_6)
FNDA:4,(anonymous_7)
FNDA:9,(anonymous_8)
FNDA:2,(anonymous_9)
FNDA:1,(anonymous_10)
FNDA:2,(anonymous_11)
FNDA:2,(anonymous_12)
FNDA:11,(anonymous_13)
FNDA:5,(anonymous_14)
FNDA:5,(anonymous_15)
FNDA:1,(anonymous_16)
FNDA:1,(anonymous_17)
FNDA:1,(anonymous_18)
DA:1,2
DA:2,2
DA:3,2
DA:4,2
DA:5,2
DA:9,9
DA:15,24
DA:17,48
DA:30,1
DA:31,1
DA:33,1
DA:35,1
DA:37,0
DA:38,0
DA:39,0
DA:45,1
DA:46,1
DA:47,1
DA:53,4
DA:54,8
DA:59,9
DA:63,2
DA:64,4
DA:69,1
DA:70,1
DA:71,2
DA:72,2
DA:73,1
DA:77,11
DA:81,5
DA:85,5
DA:89,1
DA:93,1
DA:97,1
DA:101,2
LF:35
LH:32
BRDA:8,0,0,9
BRDA:8,1,0,9
BRDA:30,2,0,1
BRDA:30,2,1,1
BRDA:35,3,0,0
BRDA:35,3,1,1
BRF:6
BRH:5
end_of_record
TN:
SF:/Users/ap/Projects/red-tetris/src/server/models/Game.js
FN:26,(anonymous_0)
FN:45,(anonymous_1)
FN:49,(anonymous_2)
FN:53,(anonymous_3)
FN:57,(anonymous_4)
FN:67,(anonymous_5)
FN:86,(anonymous_6)
FN:87,(anonymous_7)
FN:97,(anonymous_8)
FN:103,(anonymous_9)
FN:109,(anonymous_10)
FN:115,(anonymous_11)
FN:122,(anonymous_12)
FN:127,(anonymous_13)
FN:132,(anonymous_14)
FN:137,(anonymous_15)
FN:142,(anonymous_16)
FN:144,(anonymous_17)
FN:146,(anonymous_18)
FN:150,(anonymous_19)
FN:154,(anonymous_20)
FN:166,(anonymous_21)
FN:170,(anonymous_22)
FN:171,(anonymous_23)
FN:174,(anonymous_24)
FN:180,(anonymous_25)
FN:185,(anonymous_26)
FN:190,(anonymous_27)
FN:194,(anonymous_28)
FN:198,(anonymous_29)
FN:199,(anonymous_30)
FN:211,(anonymous_31)
FN:215,(anonymous_32)
FNF:33
FNH:8
FNDA:12,(anonymous_0)
FNDA:0,(anonymous_1)
FNDA:0,(anonymous_2)
FNDA:0,(anonymous_3)
FNDA:0,(anonymous_4)
FNDA:0,(anonymous_5)
FNDA:0,(anonymous_6)
FNDA:0,(anonymous_7)
FNDA:9,(anonymous_8)
FNDA:4,(anonymous_9)
FNDA:4,(anonymous_10)
FNDA:10,(anonymous_11)
FNDA:0,(anonymous_12)
FNDA:0,(anonymous_13)
FNDA:0,(anonymous_14)
FNDA:0,(anonymous_15)
FNDA:0,(anonymous_16)
FNDA:0,(anonymous_17)
FNDA:0,(anonymous_18)
FNDA:0,(anonymous_19)
FNDA:24,(anonymous_20)
FNDA:12,(anonymous_21)
FNDA:0,(anonymous_22)
FNDA:0,(anonymous_23)
FNDA:0,(anonymous_24)
FNDA:0,(anonymous_25)
FNDA:0,(anonymous_26)
FNDA:0,(anonymous_27)
FNDA:24,(anonymous_28)
FNDA:0,(anonymous_29)
FNDA:0,(anonymous_30)
FNDA:0,(anonymous_31)
FNDA:0,(anonymous_32)
DA:1,2
DA:2,2
DA:3,2
DA:4,2
DA:5,2
DA:6,2
DA:7,2
DA:10,2
DA:27,12
DA:29,12
DA:31,12
DA:32,12
DA:33,12
DA:34,12
DA:35,12
DA:36,0
DA:38,12
DA:39,12
DA:42,12
DA:46,0
DA:50,0
DA:54,0
DA:58,0
DA:59,0
DA:60,0
DA:62,0
DA:63,0
DA:68,0
DA:69,0
DA:70,0
DA:71,0
DA:72,0
DA:73,0
DA:74,0
DA:81,0
DA:82,0
DA:87,0
DA:88,0
DA:90,0
DA:98,9
DA:99,7
DA:100,9
DA:104,4
DA:110,4
DA:116,10
DA:117,10
DA:123,0
DA:124,0
DA:128,0
DA:129,0
DA:133,0
DA:134,0
DA:138,0
DA:139,0
DA:143,0
DA:144,0
DA:145,0
DA:146,0
DA:147,0
DA:151,0
DA:155,24
DA:156,24
DA:157,24
DA:158,24
DA:159,24
DA:160,24
DA:161,24
DA:162,24
DA:163,24
DA:167,12
DA:171,0
DA:175,0
DA:181,0
DA:182,0
DA:183,0
DA:185,0
DA:191,0
DA:195,24
DA:199,0
DA:212,0
DA:216,0
DA:217,0
DA:218,0
DA:219,0
DA:220,0
DA:225,2
LF:86
LH:37
BRDA:35,0,0,0
BRDA:35,0,1,12
BRDA:54,1,0,0
BRDA:54,1,1,0
BRDA:87,2,0,0
BRDA:87,2,1,0
BRDA:98,3,0,7
BRDA:98,3,1,2
BRDA:143,4,0,0
BRDA:143,4,1,0
BRDA:143,5,0,0
BRDA:143,5,1,0
BRDA:146,6,0,0
BRDA:146,6,1,0
BRDA:178,7,0,0
BRDA:178,7,1,0
BRDA:183,8,0,0
BRDA:183,8,1,0
BRF:18
BRH:3
end_of_record
TN:
SF:/Users/ap/Projects/red-tetris/src/server/models/GameMode.js
FN:5,(anonymous_0)
FN:10,(anonymous_1)
FN:18,(anonymous_2)
FN:25,(anonymous_3)
FN:29,(anonymous_4)
FN:33,(anonymous_5)
FN:37,(anonymous_6)
FN:43,(anonymous_7)
FNF:8
FNH:8
FNDA:30,(anonymous_0)
FNDA:2,(anonymous_1)
FNDA:1,(anonymous_2)
FNDA:1,(anonymous_3)
FNDA:1,(anonymous_4)
FNDA:1,(anonymous_5)
FNDA:1,(anonymous_6)
FNDA:2,(anonymous_7)
DA:1,3
DA:2,3
DA:6,30
DA:7,30
DA:11,2
DA:12,1
DA:13,1
DA:14,1
DA:15,1
DA:19,1
DA:20,1
DA:21,1
DA:22,1
DA:26,1
DA:30,1
DA:34,1
DA:38,1
DA:39,1
DA:40,1
DA:44,2
DA:45,1
DA:46,1
DA:47,1
DA:52,3
LF:24
LH:24
BRDA:11,0,0,1
BRDA:11,0,1,1
BRDA:44,1,0,1
BRDA:44,1,1,1
BRF:4
BRH:4
end_of_record
TN:
SF:/Users/ap/Projects/red-tetris/src/server/models/Player.js
FN:17,(anonymous_0)
FN:21,(anonymous_1)
FN:33,(anonymous_2)
FN:38,(anonymous_3)
FN:42,(anonymous_4)
FN:53,(anonymous_5)
FN:58,(anonymous_6)
FN:62,(anonymous_7)
FN:67,(anonymous_8)
FN:102,(anonymous_9)
FN:118,(anonymous_10)
FN:124,(anonymous_11)
FN:131,(anonymous_12)
FN:135,(anonymous_13)
FN:147,(anonymous_14)
FN:148,(anonymous_15)
FN:153,(anonymous_16)
FN:157,(anonymous_17)
FN:178,(anonymous_18)
FN:179,(anonymous_19)
FN:185,(anonymous_20)
FN:193,(anonymous_21)
FN:197,(anonymous_22)
FN:201,(anonymous_23)
FN:205,(anonymous_24)
FN:209,(anonymous_25)
FN:213,(anonymous_26)
FN:217,(anonymous_27)
FN:225,(anonymous_28)
FN:233,(anonymous_29)
FN:241,(anonymous_30)
FN:245,(anonymous_31)
FN:253,(anonymous_32)
FN:262,(anonymous_33)
FN:270,(anonymous_34)
FNF:35
FNH:11
FNDA:50,(anonymous_0)
FNDA:0,(anonymous_1)
FNDA:9,(anonymous_2)
FNDA:3,(anonymous_3)
FNDA:4,(anonymous_4)
FNDA:0,(anonymous_5)
FNDA:4,(anonymous_6)
FNDA:4,(anonymous_7)
FNDA:0,(anonymous_8)
FNDA:0,(anonymous_9)
FNDA:0,(anonymous_10)
FNDA:0,(anonymous_11)
FNDA:0,(anonymous_12)
FNDA:0,(anonymous_13)
FNDA:0,(anonymous_14)
FNDA:0,(anonymous_15)
FNDA:0,(anonymous_16)
FNDA:0,(anonymous_17)
FNDA:0,(anonymous_18)
FNDA:0,(anonymous_19)
FNDA:0,(anonymous_20)
FNDA:0,(anonymous_21)
FNDA:0,(anonymous_22)
FNDA:0,(anonymous_23)
FNDA:0,(anonymous_24)
FNDA:0,(anonymous_25)
FNDA:0,(anonymous_26)
FNDA:4,(anonymous_27)
FNDA:4,(anonymous_28)
FNDA:11,(anonymous_29)
FNDA:4,(anonymous_30)
FNDA:0,(anonymous_31)
FNDA:2,(anonymous_32)
FNDA:0,(anonymous_33)
FNDA:0,(anonymous_34)
DA:2,3
DA:3,3
DA:4,3
DA:5,3
DA:6,3
DA:7,3
DA:9,3
DA:18,50
DA:19,50
DA:20,50
DA:21,50
DA:22,50
DA:30,50
DA:34,9
DA:35,9
DA:39,3
DA:43,4
DA:48,4
DA:49,4
DA:50,4
DA:54,0
DA:55,0
DA:59,4
DA:63,4
DA:64,4
DA:68,0
DA:69,0
DA:71,0
DA:73,0
DA:74,0
DA:77,0
DA:83,0
DA:84,0
DA:85,0
DA:86,0
DA:87,0
DA:89,0
DA:92,0
DA:95,0
DA:96,0
DA:98,0
DA:99,0
DA:103,0
DA:104,0
DA:106,0
DA:108,0
DA:110,0
DA:111,0
DA:113,0
DA:114,0
DA:115,0
DA:119,0
DA:120,0
DA:122,0
DA:124,0
DA:125,0
DA:126,0
DA:128,0
DA:132,0
DA:136,0
DA:138,0
DA:139,0
DA:140,0
DA:141,0
DA:144,0
DA:148,0
DA:149,0
DA:154,0
DA:156,0
DA:157,0
DA:158,0
DA:159,0
DA:163,0
DA:164,0
DA:165,0
DA:166,0
DA:173,0
DA:174,0
DA:179,0
DA:180,0
DA:181,0
DA:186,0
DA:194,0
DA:198,0
DA:202,0
DA:206,0
DA:210,0
DA:214,0
DA:218,4
DA:226,4
DA:234,11
DA:242,4
DA:246,0
DA:247,0
DA:254,2
DA:255,2
DA:256,20
DA:258,2
DA:259,2
DA:263,0
DA:264,0
DA:271,0
DA:272,0
DA:279,3
LF:104
LH:33
BRDA:21,0,0,50
BRDA:21,0,1,0
BRDA:68,1,0,0
BRDA:68,1,1,0
BRDA:73,2,0,0
BRDA:73,2,1,0
BRDA:77,3,0,0
BRDA:77,3,1,0
BRDA:83,4,0,0
BRDA:83,4,1,0
BRDA:83,5,0,0
BRDA:83,5,1,0
BRDA:86,6,0,0
BRDA:86,6,1,0
BRDA:103,7,0,0
BRDA:103,7,1,0
BRDA:110,8,0,0
BRDA:110,8,1,0
BRDA:119,9,0,0
BRDA:119,9,1,0
BRDA:125,10,0,0
BRDA:125,10,1,0
BRDA:139,11,0,0
BRDA:139,11,1,0
BRDA:157,12,0,0
BRDA:157,12,1,0
BRDA:158,13,0,0
BRDA:158,13,1,0
BRDA:166,14,0,0
BRDA:166,14,1,0
BRDA:173,15,0,0
BRDA:173,15,1,0
BRDA:202,16,0,0
BRDA:202,16,1,0
BRDA:202,16,2,0
BRDA:218,17,0,4
BRDA:218,17,1,4
BRDA:226,18,0,4
BRDA:226,18,1,4
BRDA:234,19,0,11
BRDA:234,19,1,10
BRDA:247,20,0,0
BRDA:247,20,1,0
BRDA:264,21,0,0
BRDA:264,21,1,0
BRDA:272,22,0,0
BRDA:272,22,1,0
BRF:47
BRH:7
end_of_record
TN:
SF:/Users/ap/Projects/red-tetris/src/server/models/Room.js
FN:17,(anonymous_0)
FN:28,(anonymous_1)
FN:44,(anonymous_2)
FN:45,(anonymous_3)
FN:48,(anonymous_4)
FN:51,(anonymous_5)
FN:60,(anonymous_6)
FN:84,(anonymous_7)
FN:92,(anonymous_8)
FN:96,(anonymous_9)
FN:101,(anonymous_10)
FN:106,(anonymous_11)
FN:109,(anonymous_12)
FN:114,(anonymous_13)
FN:118,(anonymous_14)
FN:129,(anonymous_15)
FN:136,(anonymous_16)
FN:145,(anonymous_17)
FN:150,(anonymous_18)
FN:156,(anonymous_19)
FN:160,(anonymous_20)
FNF:21
FNH:15
FNDA:19,(anonymous_0)
FNDA:18,(anonymous_1)
FNDA:9,(anonymous_2)
FNDA:8,(anonymous_3)
FNDA:8,(anonymous_4)
FNDA:18,(anonymous_5)
FNDA:0,(anonymous_6)
FNDA:1,(anonymous_7)
FNDA:0,(anonymous_8)
FNDA:1212,(anonymous_9)
FNDA:733,(anonymous_10)
FNDA:0,(anonymous_11)
FNDA:0,(anonymous_12)
FNDA:25,(anonymous_13)
FNDA:17,(anonymous_14)
FNDA:8,(anonymous_15)
FNDA:0,(anonymous_16)
FNDA:23,(anonymous_17)
FNDA:9,(anonymous_18)
FNDA:0,(anonymous_19)
FNDA:19,(anonymous_20)
DA:3,2
DA:4,2
DA:5,2
DA:6,2
DA:7,2
DA:9,2
DA:18,19
DA:19,19
DA:20,19
DA:21,19
DA:22,19
DA:23,19
DA:24,19
DA:25,19
DA:29,18
DA:30,1
DA:32,17
DA:33,0
DA:35,17
DA:36,9
DA:38,17
DA:39,17
DA:40,17
DA:41,17
DA:45,9
DA:46,1
DA:48,8
DA:49,8
DA:51,18
DA:53,8
DA:54,4
DA:56,8
DA:57,8
DA:61,0
DA:65,0
DA:66,0
DA:68,0
DA:74,0
DA:75,0
DA:76,0
DA:78,0
DA:79,0
DA:81,0
DA:85,1
DA:86,1
DA:87,0
DA:88,0
DA:93,0
DA:97,1212
DA:101,733
DA:107,0
DA:109,0
DA:115,25
DA:119,17
DA:124,17
DA:125,17
DA:126,17
DA:130,8
DA:131,8
DA:132,8
DA:133,8
DA:137,0
DA:139,0
DA:140,0
DA:141,0
DA:142,0
DA:146,23
DA:147,23
DA:151,9
DA:152,9
DA:153,9
DA:157,0
DA:161,19
DA:165,2
LF:74
LH:52
BRDA:29,0,0,1
BRDA:29,0,1,17
BRDA:32,1,0,0
BRDA:32,1,1,17
BRDA:35,2,0,9
BRDA:35,2,1,8
BRDA:45,3,0,1
BRDA:45,3,1,8
BRDA:53,4,0,4
BRDA:53,4,1,4
BRDA:65,5,0,0
BRDA:65,5,1,0
BRDA:86,6,0,0
BRDA:86,6,1,1
BRDA:86,7,0,1
BRDA:86,7,1,1
BRDA:86,7,2,0
BRDA:100,8,0,1212
BRDA:100,8,1,325
BRDA:100,8,2,887
BRDA:157,9,0,0
BRDA:157,9,1,0
BRF:22
BRH:15
end_of_record
TN:
SF:/Users/ap/Projects/red-tetris/src/server/models/User.js
FN:2,(anonymous_0)
FN:7,(anonymous_1)
FN:13,(anonymous_2)
FNF:3
FNH:2
FNDA:67,(anonymous_0)
FNDA:0,(anonymous_1)
FNDA:733,(anonymous_2)
DA:3,67
DA:4,67
DA:8,0
DA:9,0
DA:14,733
DA:18,2
LF:6
LH:4
BRDA:8,0,0,0
BRDA:8,0,1,0
BRDA:14,1,0,733
BRDA:14,1,1,0
BRF:4
BRH:1
end_of_record
TN:
SF:/Users/ap/Projects/red-tetris/src/server/services/PieceService.js
FN:7,(anonymous_0)
FN:11,(anonymous_1)
FN:15,(anonymous_2)
FN:19,(anonymous_3)
FN:22,(anonymous_4)
FNF:5
FNH:2
FNDA:2,(anonymous_0)
FNDA:0,(anonymous_1)
FNDA:7,(anonymous_2)
FNDA:0,(anonymous_3)
FNDA:0,(anonymous_4)
DA:1,2
DA:2,2
DA:3,2
DA:8,2
DA:12,0
DA:16,7
DA:20,0
DA:23,0
DA:28,2
LF:9
LH:6
BRDA:23,0,0,0
BRDA:23,0,1,0
BRF:2
BRH:0
end_of_record
TN:
SF:/Users/ap/Projects/red-tetris/src/server/services/UserService.js
FN:7,(anonymous_0)
FN:11,(anonymous_1)
FN:17,(anonymous_2)
FN:21,(anonymous_3)
FN:24,(anonymous_4)
FNF:5
FNH:3
FNDA:2,(anonymous_0)
FNDA:67,(anonymous_1)
FNDA:800,(anonymous_2)
FNDA:0,(anonymous_3)
FNDA:0,(anonymous_4)
DA:3,2
DA:4,2
DA:8,2
DA:12,67
DA:13,67
DA:14,67
DA:18,800
DA:25,0
DA:26,0
DA:27,0
DA:32,2
LF:11
LH:8
BRDA:26,0,0,0
BRDA:26,0,1,0
BRF:2
BRH:0
end_of_record
TN:
SF:/Users/ap/Projects/red-tetris/src/shared/block-codes.js
FNF:0
FNH:0
DA:1,0
LF:1
LH:0
BRF:0
BRH:0
end_of_record
TN:
SF:/Users/ap/Projects/red-tetris/src/shared/helpers.js
FN:3,numToString
FN:8,numToBinary16String
FN:10,getPieceCells
FN:14,(anonymous_5)
FN:32,stringToObjectDirection
FNF:5
FNH:0
FNDA:0,numToString
FNDA:0,numToBinary16String
FNDA:0,getPieceCells
FNDA:0,(anonymous_5)
FNDA:0,stringToObjectDirection
DA:1,0
DA:3,0
DA:4,0
DA:5,0
DA:8,0
DA:10,0
DA:14,0
DA:27,0
DA:32,0
DA:34,0
LF:10
LH:0
BRDA:3,0,0,0
BRDA:3,0,1,0
BRDA:3,1,0,0
BRDA:3,1,1,0
BRDA:15,2,0,0
BRDA:15,2,1,0
BRDA:32,3,0,0
BRDA:32,3,1,0
BRF:8
BRH:0
end_of_record
TN:
SF:/Users/ap/Projects/red-tetris/src/shared/piece-codes.js
FNF:0
FNH:0
DA:1,0
LF:1
LH:0
BRF:0
BRH:0
end_of_record
TN:
SF:/Users/ap/Projects/red-tetris/src/shared/piece-rotation-map.js
FNF:0
FNH:0
DA:1,0
LF:1
LH:0
BRF:0
BRH:0
end_of_record
TN:
SF:/Users/ap/Projects/red-tetris/src/shared/socket-events.js
FNF:0
FNH:0
DA:1,0
LF:1
LH:0
BRF:0
BRH:0
end_of_record
TN:
SF:/Users/ap/Projects/red-tetris/src/shared/validator.js
FN:13,directionToObject
FN:19,(anonymous_4)
FN:28,(anonymous_5)
FNF:3
FNH:0
FNDA:0,directionToObject
FNDA:0,(anonymous_4)
FNDA:0,(anonymous_5)
DA:1,0
DA:2,0
DA:4,0
DA:6,0
DA:13,0
DA:14,0
DA:19,0
DA:20,0
DA:21,0
DA:22,0
DA:23,0
DA:26,0
DA:28,0
DA:29,0
DA:30,0
DA:31,0
LF:16
LH:0
BRDA:15,0,0,0
BRDA:15,0,1,0
BRDA:14,1,0,0
BRDA:14,1,1,0
BRDA:22,2,0,0
BRDA:22,2,1,0
BRDA:32,3,0,0
BRDA:32,3,1,0
BRDA:32,3,2,0
BRDA:32,3,3,0
BRDA:32,3,4,0
BRDA:32,3,5,0
BRF:12
BRH:0
end_of_record
